[2025-05-11 06:41:28] [0bb41b10c265534e3a6b8d245236c05d] confirm.php実行開始
[2025-05-11 06:41:28] [0bb41b10c265534e3a6b8d245236c05d] セッションID: 0bb41b10c265534e3a6b8d245236c05d
[2025-05-11 06:41:28] [0bb41b10c265534e3a6b8d245236c05d] POSTデータ: Array
(
    [company] => 株式会社クオートワークス
    [department] => 
    [position] => executive
    [name] => こんゆうき
    [email] => etll.1b.yyy@icloud.com
    [phone] => 09030146237
    [message] => 
    [privacy-agree] => agree
    [notice-agree] => agree
)

[2025-05-11 06:41:28] [0bb41b10c265534e3a6b8d245236c05d] セッションデータ: Array
(
    [value] => 1
    [form] => Array
        (
            [company] => Array
                (
                    [label] => 法人名
                    [value] => 株式会社クオートワークス
                    [output] => 株式会社クオートワークス
                )

            [department] => Array
                (
                    [label] => 所属部署名
                    [value] => 
                    [output] => 
                )

            [position] => Array
                (
                    [label] => 役職
                    [value] => executive
                    [output] => 会社役員
                )

            [name] => Array
                (
                    [label] => 担当者名
                    [value] => こんゆうき
                    [output] => こんゆうき
                )

            [email] => Array
                (
                    [label] => 会社用メールアドレス
                    [value] => etll.1b.yyy@icloud.com
                    [output] => etll.1b.yyy@icloud.com
                )

            [phone] => Array
                (
                    [label] => 電話番号
                    [value] => 09030146237
                    [output] => 09030146237
                )

            [message] => Array
                (
                    [label] => ご質問・ご要望など
                    [value] => 
                    [output] => 
                )

            [privacy-agree] => Array
                (
                    [label] => 個人情報の取り扱い
                    [value] => agree
                    [output] => agree
                )

            [notice-agree] => Array
                (
                    [label] => ご注意
                    [value] => agree
                    [output] => agree
                )

        )

    [form_token] => 0bb41b10c265534e3a6b8d245236c05d
    [contact_post_data] => Array
        (
            [form_action] => confirm
            [company] => 株式会社クオートワークス
            [inquiry-type] => service
            [name] => こんゆうき
            [email] => etll.1b.yyy@icloud.com
            [phone] => 09030146237
            [source] => Array
                (
                    [0] => search
                )

            [message] => あああ
            [privacy-agree] => agree
        )

)

[2025-05-11 06:42:23] [0bb41b10c265534e3a6b8d245236c05d] confirm.php実行開始
[2025-05-11 06:42:23] [0bb41b10c265534e3a6b8d245236c05d] セッションID: 0bb41b10c265534e3a6b8d245236c05d
[2025-05-11 06:42:23] [0bb41b10c265534e3a6b8d245236c05d] POSTデータ: Array
(
    [company] => 株式会社クオートワークス
    [department] => 
    [position] => executive
    [name] => こんゆうき
    [email] => etll.1b.yyy@icloud.com
    [phone] => 09030146237
    [message] => 
    [privacy-agree] => agree
    [notice-agree] => agree
)

[2025-05-11 06:42:23] [0bb41b10c265534e3a6b8d245236c05d] セッションデータ: Array
(
    [value] => 1
    [form] => Array
        (
            [company] => Array
                (
                    [label] => 法人名
                    [value] => 株式会社クオートワークス
                    [output] => 株式会社クオートワークス
                )

            [department] => Array
                (
                    [label] => 所属部署名
                    [value] => 
                    [output] => 
                )

            [position] => Array
                (
                    [label] => 役職
                    [value] => executive
                    [output] => 会社役員
                )

            [name] => Array
                (
                    [label] => 担当者名
                    [value] => こんゆうき
                    [output] => こんゆうき
                )

            [email] => Array
                (
                    [label] => 会社用メールアドレス
                    [value] => etll.1b.yyy@icloud.com
                    [output] => etll.1b.yyy@icloud.com
                )

            [phone] => Array
                (
                    [label] => 電話番号
                    [value] => 09030146237
                    [output] => 09030146237
                )

            [message] => Array
                (
                    [label] => ご質問・ご要望など
                    [value] => 
                    [output] => 
                )

            [privacy-agree] => Array
                (
                    [label] => 個人情報の取り扱い
                    [value] => agree
                    [output] => agree
                )

            [notice-agree] => Array
                (
                    [label] => ご注意
                    [value] => agree
                    [output] => agree
                )

        )

    [form_token] => 0bb41b10c265534e3a6b8d245236c05d
    [contact_post_data] => Array
        (
            [form_action] => confirm
            [company] => 株式会社クオートワークス
            [inquiry-type] => service
            [name] => こんゆうき
            [email] => etll.1b.yyy@icloud.com
            [phone] => 09030146237
            [source] => Array
                (
                    [0] => search
                )

            [message] => あああ
            [privacy-agree] => agree
        )

)

[2025-05-11 06:43:24] [0bb41b10c265534e3a6b8d245236c05d] confirm.php実行開始
[2025-05-11 06:43:24] [0bb41b10c265534e3a6b8d245236c05d] セッションID: 0bb41b10c265534e3a6b8d245236c05d
[2025-05-11 06:43:24] [0bb41b10c265534e3a6b8d245236c05d] POSTデータ: Array
(
    [form_action] => confirm
    [company] => 株式会社クオートワークス
    [inquiry-type] => service
    [contact_name] => こんゆうき
    [email] => etll.1b.yyy@icloud.com
    [phone] => 09030146237
    [source] => Array
        (
            [0] => magazine
            [1] => sns
        )

    [message] => あああ
    [privacy-agree] => agree
)

[2025-05-11 06:43:24] [0bb41b10c265534e3a6b8d245236c05d] セッションデータ: Array
(
    [value] => 1
    [form] => Array
        (
            [company] => Array
                (
                    [label] => 法人名
                    [value] => 株式会社クオートワークス
                    [output] => 株式会社クオートワークス
                )

            [department] => Array
                (
                    [label] => 所属部署名
                    [value] => 
                    [output] => 
                )

            [position] => Array
                (
                    [label] => 役職
                    [value] => executive
                    [output] => 会社役員
                )

            [name] => Array
                (
                    [label] => 担当者名
                    [value] => こんゆうき
                    [output] => こんゆうき
                )

            [email] => Array
                (
                    [label] => 会社用メールアドレス
                    [value] => etll.1b.yyy@icloud.com
                    [output] => etll.1b.yyy@icloud.com
                )

            [phone] => Array
                (
                    [label] => 電話番号
                    [value] => 09030146237
                    [output] => 09030146237
                )

            [message] => Array
                (
                    [label] => ご質問・ご要望など
                    [value] => 
                    [output] => 
                )

            [privacy-agree] => Array
                (
                    [label] => 個人情報の取り扱い
                    [value] => agree
                    [output] => agree
                )

            [notice-agree] => Array
                (
                    [label] => ご注意
                    [value] => agree
                    [output] => agree
                )

        )

    [form_token] => 0bb41b10c265534e3a6b8d245236c05d
    [contact_post_data] => Array
        (
            [form_action] => confirm
            [company] => 株式会社クオートワークス
            [inquiry-type] => service
            [contact_name] => こんゆうき
            [email] => etll.1b.yyy@icloud.com
            [phone] => 09030146237
            [source] => Array
                (
                    [0] => magazine
                    [1] => sns
                )

            [message] => あああ
            [privacy-agree] => agree
        )

)

[2025-05-11 08:11:15] [0bb41b10c265534e3a6b8d245236c05d] confirm.php実行開始
[2025-05-11 08:11:15] [0bb41b10c265534e3a6b8d245236c05d] セッションID: 0bb41b10c265534e3a6b8d245236c05d
[2025-05-11 08:11:15] [0bb41b10c265534e3a6b8d245236c05d] POSTデータ: Array
(
    [form_action] => confirm
    [company] => 株式会社クオートワークス
    [inquiry-type] => service
    [contact_name] => こんゆうき
    [email] => etll.1b.yyy@icloud.com
    [phone] => 09030146237
    [source] => Array
        (
            [0] => newspaper
        )

    [message] => あああ
    [privacy-agree] => agree
)

[2025-05-11 08:11:15] [0bb41b10c265534e3a6b8d245236c05d] セッションデータ: Array
(
    [value] => 1
    [contact_post_data] => Array
        (
            [form_action] => confirm
            [company] => 株式会社クオートワークス
            [inquiry-type] => service
            [contact_name] => こんゆうき
            [email] => etll.1b.yyy@icloud.com
            [phone] => 09030146237
            [source] => Array
                (
                    [0] => newspaper
                )

            [message] => あああ
            [privacy-agree] => agree
        )

)

