[2025-10-08 07:02:11] [a47da2e865ffea27f6c80e3948e173dd] confirm.php実行開始
[2025-10-08 07:02:11] [a47da2e865ffea27f6c80e3948e173dd] セッションID: a47da2e865ffea27f6c80e3948e173dd
[2025-10-08 07:02:11] [a47da2e865ffea27f6c80e3948e173dd] POSTデータ: Array
(
    [form_action] => confirm
    [company] => 株式会社クオートワークス
    [inquiry-type] => recruit
    [contact_name] => こんゆうき
    [email] => etll.1b.yyy@icloud.com
    [phone] => 09030146237
    [source] => Array
        (
            [0] => magazine
            [1] => web-article
            [2] => web-ad
        )

    [message] => あああああ
    [privacy-agree] => agree
)

[2025-10-08 07:02:11] [a47da2e865ffea27f6c80e3948e173dd] セッションデータ: Array
(
    [value] => 1
    [contact_post_data] => Array
        (
            [form_action] => confirm
            [company] => 株式会社クオートワークス
            [inquiry-type] => recruit
            [contact_name] => こんゆうき
            [email] => etll.1b.yyy@icloud.com
            [phone] => 09030146237
            [source] => Array
                (
                    [0] => magazine
                    [1] => web-article
                    [2] => web-ad
                )

            [message] => あああああ
            [privacy-agree] => agree
        )

)

[2025-10-08 07:02:16] [4795834fb97684f3cab63dce1a7b2328] confirm.php実行開始
[2025-10-08 07:02:16] [4795834fb97684f3cab63dce1a7b2328] セッションID: 4795834fb97684f3cab63dce1a7b2328
[2025-10-08 07:02:16] [4795834fb97684f3cab63dce1a7b2328] POSTデータ: Array
(
    [form_action] => confirm
    [company] => 株式会社クオートワークス
    [inquiry-type] => recruit
    [contact_name] => こんゆうき
    [email] => etll.1b.yyy@icloud.com
    [phone] => 09030146237
    [source] => Array
        (
            [0] => magazine
            [1] => web-article
            [2] => web-ad
        )

    [message] => あああああ
    [privacy-agree] => agree
)

[2025-10-08 07:02:16] [4795834fb97684f3cab63dce1a7b2328] セッションデータ: Array
(
    [value] => 1
    [contact_post_data] => Array
        (
            [form_action] => confirm
            [company] => 株式会社クオートワークス
            [inquiry-type] => recruit
            [contact_name] => こんゆうき
            [email] => etll.1b.yyy@icloud.com
            [phone] => 09030146237
            [source] => Array
                (
                    [0] => magazine
                    [1] => web-article
                    [2] => web-ad
                )

            [message] => あああああ
            [privacy-agree] => agree
        )

    [form] => Array
        (
            [company] => Array
                (
                    [label] => 法人名
                    [value] => 株式会社クオートワークス
                    [output] => 株式会社クオートワークス
                )

            [inquiry-type] => Array
                (
                    [label] => 問い合わせ種別
                    [value] => recruit
                    [output] => 採用について
                )

            [contact_name] => Array
                (
                    [label] => お名前
                    [value] => こんゆうき
                    [output] => こんゆうき
                )

            [email] => Array
                (
                    [label] => メールアドレス
                    [value] => etll.1b.yyy@icloud.com
                    [output] => etll.1b.yyy@icloud.com
                )

            [phone] => Array
                (
                    [label] => 電話番号
                    [value] => 09030146237
                    [output] => 09030146237
                )

            [source] => Array
                (
                    [label] => 最初に弊社を知ったきっかけ
                    [value] => Array
                        (
                            [0] => magazine
                            [1] => web-article
                            [2] => web-ad
                        )

                    [output] => magazineweb-articleweb-ad
                )

            [message] => Array
                (
                    [label] => お問い合わせ詳細
                    [value] => あああああ
                    [output] => あああああ
                )

            [privacy-agree] => Array
                (
                    [label] => 個人情報の取り扱い
                    [value] => agree
                    [output] => agree
                )

        )

    [form_token] => a47da2e865ffea27f6c80e3948e173dd
)

[2025-10-08 07:02:20] [8d86de56bc2688d0f095cee4f847e4f5] confirm.php実行開始
[2025-10-08 07:02:20] [8d86de56bc2688d0f095cee4f847e4f5] セッションID: 8d86de56bc2688d0f095cee4f847e4f5
[2025-10-08 07:02:20] [8d86de56bc2688d0f095cee4f847e4f5] POSTデータ: Array
(
    [form_action] => confirm
    [company] => 株式会社クオートワークス
    [inquiry-type] => recruit
    [contact_name] => こんゆうき
    [email] => etll.1b.yyy@icloud.com
    [phone] => 09030146237
    [source] => Array
        (
            [0] => magazine
            [1] => web-article
            [2] => web-ad
        )

    [message] => あああああ
    [privacy-agree] => agree
)

[2025-10-08 07:02:20] [8d86de56bc2688d0f095cee4f847e4f5] セッションデータ: Array
(
    [value] => 1
    [contact_post_data] => Array
        (
            [form_action] => confirm
            [company] => 株式会社クオートワークス
            [inquiry-type] => recruit
            [contact_name] => こんゆうき
            [email] => etll.1b.yyy@icloud.com
            [phone] => 09030146237
            [source] => Array
                (
                    [0] => magazine
                    [1] => web-article
                    [2] => web-ad
                )

            [message] => あああああ
            [privacy-agree] => agree
        )

    [form] => Array
        (
            [company] => Array
                (
                    [label] => 法人名
                    [value] => 株式会社クオートワークス
                    [output] => 株式会社クオートワークス
                )

            [inquiry-type] => Array
                (
                    [label] => 問い合わせ種別
                    [value] => recruit
                    [output] => 採用について
                )

            [contact_name] => Array
                (
                    [label] => お名前
                    [value] => こんゆうき
                    [output] => こんゆうき
                )

            [email] => Array
                (
                    [label] => メールアドレス
                    [value] => etll.1b.yyy@icloud.com
                    [output] => etll.1b.yyy@icloud.com
                )

            [phone] => Array
                (
                    [label] => 電話番号
                    [value] => 09030146237
                    [output] => 09030146237
                )

            [source] => Array
                (
                    [label] => 最初に弊社を知ったきっかけ
                    [value] => Array
                        (
                            [0] => magazine
                            [1] => web-article
                            [2] => web-ad
                        )

                    [output] => magazineweb-articleweb-ad
                )

            [message] => Array
                (
                    [label] => お問い合わせ詳細
                    [value] => あああああ
                    [output] => あああああ
                )

            [privacy-agree] => Array
                (
                    [label] => 個人情報の取り扱い
                    [value] => agree
                    [output] => agree
                )

        )

    [form_token] => 4795834fb97684f3cab63dce1a7b2328
)

[2025-10-08 07:03:07] [5cb3a5dfd7b5cbd758a695830d7a53e9] confirm.php実行開始
[2025-10-08 07:03:07] [5cb3a5dfd7b5cbd758a695830d7a53e9] セッションID: 5cb3a5dfd7b5cbd758a695830d7a53e9
[2025-10-08 07:03:07] [5cb3a5dfd7b5cbd758a695830d7a53e9] POSTデータ: Array
(
    [form_action] => confirm
    [company] => 株式会社クオートワークス
    [inquiry-type] => recruit
    [contact_name] => こんゆうき
    [email] => etll.1b.yyy@icloud.com
    [phone] => 09030146237
    [source] => Array
        (
            [0] => magazine
            [1] => web-article
            [2] => web-ad
        )

    [message] => あああああ
    [privacy-agree] => agree
)

[2025-10-08 07:03:07] [5cb3a5dfd7b5cbd758a695830d7a53e9] セッションデータ: Array
(
    [value] => 1
    [contact_post_data] => Array
        (
            [form_action] => confirm
            [company] => 株式会社クオートワークス
            [inquiry-type] => recruit
            [contact_name] => こんゆうき
            [email] => etll.1b.yyy@icloud.com
            [phone] => 09030146237
            [source] => Array
                (
                    [0] => magazine
                    [1] => web-article
                    [2] => web-ad
                )

            [message] => あああああ
            [privacy-agree] => agree
        )

    [form] => Array
        (
            [company] => Array
                (
                    [label] => 法人名
                    [value] => 株式会社クオートワークス
                    [output] => 株式会社クオートワークス
                )

            [inquiry-type] => Array
                (
                    [label] => 問い合わせ種別
                    [value] => recruit
                    [output] => 採用について
                )

            [contact_name] => Array
                (
                    [label] => お名前
                    [value] => こんゆうき
                    [output] => こんゆうき
                )

            [email] => Array
                (
                    [label] => メールアドレス
                    [value] => etll.1b.yyy@icloud.com
                    [output] => etll.1b.yyy@icloud.com
                )

            [phone] => Array
                (
                    [label] => 電話番号
                    [value] => 09030146237
                    [output] => 09030146237
                )

            [source] => Array
                (
                    [label] => 最初に弊社を知ったきっかけ
                    [value] => Array
                        (
                            [0] => magazine
                            [1] => web-article
                            [2] => web-ad
                        )

                    [output] => magazineweb-articleweb-ad
                )

            [message] => Array
                (
                    [label] => お問い合わせ詳細
                    [value] => あああああ
                    [output] => あああああ
                )

            [privacy-agree] => Array
                (
                    [label] => 個人情報の取り扱い
                    [value] => agree
                    [output] => agree
                )

        )

    [form_token] => 8d86de56bc2688d0f095cee4f847e4f5
)

[2025-10-08 07:03:11] [d93be50cd85071f178283b9af16c7c0c] confirm.php実行開始
[2025-10-08 07:03:11] [d93be50cd85071f178283b9af16c7c0c] セッションID: d93be50cd85071f178283b9af16c7c0c
[2025-10-08 07:03:11] [d93be50cd85071f178283b9af16c7c0c] POSTデータ: Array
(
    [form_action] => confirm
    [company] => 株式会社クオートワークス
    [inquiry-type] => recruit
    [contact_name] => こんゆうき
    [email] => etll.1b.yyy@icloud.com
    [phone] => 09030146237
    [source] => Array
        (
            [0] => magazine
            [1] => web-article
            [2] => web-ad
        )

    [message] => あああああ
    [privacy-agree] => agree
)

[2025-10-08 07:03:11] [d93be50cd85071f178283b9af16c7c0c] セッションデータ: Array
(
    [value] => 1
    [contact_post_data] => Array
        (
            [form_action] => confirm
            [company] => 株式会社クオートワークス
            [inquiry-type] => recruit
            [contact_name] => こんゆうき
            [email] => etll.1b.yyy@icloud.com
            [phone] => 09030146237
            [source] => Array
                (
                    [0] => magazine
                    [1] => web-article
                    [2] => web-ad
                )

            [message] => あああああ
            [privacy-agree] => agree
        )

    [form] => Array
        (
            [company] => Array
                (
                    [label] => 法人名
                    [value] => 株式会社クオートワークス
                    [output] => 株式会社クオートワークス
                )

            [inquiry-type] => Array
                (
                    [label] => 問い合わせ種別
                    [value] => recruit
                    [output] => 採用について
                )

            [contact_name] => Array
                (
                    [label] => お名前
                    [value] => こんゆうき
                    [output] => こんゆうき
                )

            [email] => Array
                (
                    [label] => メールアドレス
                    [value] => etll.1b.yyy@icloud.com
                    [output] => etll.1b.yyy@icloud.com
                )

            [phone] => Array
                (
                    [label] => 電話番号
                    [value] => 09030146237
                    [output] => 09030146237
                )

            [source] => Array
                (
                    [label] => 最初に弊社を知ったきっかけ
                    [value] => Array
                        (
                            [0] => magazine
                            [1] => web-article
                            [2] => web-ad
                        )

                    [output] => magazineweb-articleweb-ad
                )

            [message] => Array
                (
                    [label] => お問い合わせ詳細
                    [value] => あああああ
                    [output] => あああああ
                )

            [privacy-agree] => Array
                (
                    [label] => 個人情報の取り扱い
                    [value] => agree
                    [output] => agree
                )

        )

    [form_token] => 5cb3a5dfd7b5cbd758a695830d7a53e9
)

[2025-10-08 07:03:18] [b50dee55468fe4ef66b4a6b44f27fdbc] confirm.php実行開始
[2025-10-08 07:03:18] [b50dee55468fe4ef66b4a6b44f27fdbc] セッションID: b50dee55468fe4ef66b4a6b44f27fdbc
[2025-10-08 07:03:18] [b50dee55468fe4ef66b4a6b44f27fdbc] POSTデータ: Array
(
    [form_action] => confirm
    [company] => 株式会社クオートワークス
    [inquiry-type] => recruit
    [contact_name] => こんゆうき
    [email] => etll.1b.yyy@icloud.com
    [phone] => 09030146237
    [source] => Array
        (
            [0] => magazine
            [1] => web-article
            [2] => web-ad
        )

    [message] => あああああ
    [privacy-agree] => agree
)

[2025-10-08 07:03:18] [b50dee55468fe4ef66b4a6b44f27fdbc] セッションデータ: Array
(
    [value] => 1
    [contact_post_data] => Array
        (
            [form_action] => confirm
            [company] => 株式会社クオートワークス
            [inquiry-type] => recruit
            [contact_name] => こんゆうき
            [email] => etll.1b.yyy@icloud.com
            [phone] => 09030146237
            [source] => Array
                (
                    [0] => magazine
                    [1] => web-article
                    [2] => web-ad
                )

            [message] => あああああ
            [privacy-agree] => agree
        )

    [form] => Array
        (
            [company] => Array
                (
                    [label] => 法人名
                    [value] => 株式会社クオートワークス
                    [output] => 株式会社クオートワークス
                )

            [inquiry-type] => Array
                (
                    [label] => 問い合わせ種別
                    [value] => recruit
                    [output] => 採用について
                )

            [contact_name] => Array
                (
                    [label] => お名前
                    [value] => こんゆうき
                    [output] => こんゆうき
                )

            [email] => Array
                (
                    [label] => メールアドレス
                    [value] => etll.1b.yyy@icloud.com
                    [output] => etll.1b.yyy@icloud.com
                )

            [phone] => Array
                (
                    [label] => 電話番号
                    [value] => 09030146237
                    [output] => 09030146237
                )

            [source] => Array
                (
                    [label] => 最初に弊社を知ったきっかけ
                    [value] => Array
                        (
                            [0] => magazine
                            [1] => web-article
                            [2] => web-ad
                        )

                    [output] => magazineweb-articleweb-ad
                )

            [message] => Array
                (
                    [label] => お問い合わせ詳細
                    [value] => あああああ
                    [output] => あああああ
                )

            [privacy-agree] => Array
                (
                    [label] => 個人情報の取り扱い
                    [value] => agree
                    [output] => agree
                )

        )

    [form_token] => d93be50cd85071f178283b9af16c7c0c
)

[2025-10-08 07:03:29] [30e757b17a31d9a9cf695f9971e0b418] confirm.php実行開始
[2025-10-08 07:03:29] [30e757b17a31d9a9cf695f9971e0b418] セッションID: 30e757b17a31d9a9cf695f9971e0b418
[2025-10-08 07:03:29] [30e757b17a31d9a9cf695f9971e0b418] POSTデータ: Array
(
    [form_action] => confirm
    [company] => 株式会社クオートワークス
    [inquiry-type] => recruit
    [contact_name] => こんゆうき
    [email] => etll.1b.yyy@icloud.com
    [phone] => 09030146237
    [source] => Array
        (
            [0] => magazine
            [1] => web-article
            [2] => web-ad
        )

    [message] => あああああ
    [privacy-agree] => agree
)

[2025-10-08 07:03:29] [30e757b17a31d9a9cf695f9971e0b418] セッションデータ: Array
(
    [value] => 1
    [contact_post_data] => Array
        (
            [form_action] => confirm
            [company] => 株式会社クオートワークス
            [inquiry-type] => recruit
            [contact_name] => こんゆうき
            [email] => etll.1b.yyy@icloud.com
            [phone] => 09030146237
            [source] => Array
                (
                    [0] => magazine
                    [1] => web-article
                    [2] => web-ad
                )

            [message] => あああああ
            [privacy-agree] => agree
        )

    [form] => Array
        (
            [company] => Array
                (
                    [label] => 法人名
                    [value] => 株式会社クオートワークス
                    [output] => 株式会社クオートワークス
                )

            [inquiry-type] => Array
                (
                    [label] => 問い合わせ種別
                    [value] => recruit
                    [output] => 採用について
                )

            [contact_name] => Array
                (
                    [label] => お名前
                    [value] => こんゆうき
                    [output] => こんゆうき
                )

            [email] => Array
                (
                    [label] => メールアドレス
                    [value] => etll.1b.yyy@icloud.com
                    [output] => etll.1b.yyy@icloud.com
                )

            [phone] => Array
                (
                    [label] => 電話番号
                    [value] => 09030146237
                    [output] => 09030146237
                )

            [source] => Array
                (
                    [label] => 最初に弊社を知ったきっかけ
                    [value] => Array
                        (
                            [0] => magazine
                            [1] => web-article
                            [2] => web-ad
                        )

                    [output] => magazineweb-articleweb-ad
                )

            [message] => Array
                (
                    [label] => お問い合わせ詳細
                    [value] => あああああ
                    [output] => あああああ
                )

            [privacy-agree] => Array
                (
                    [label] => 個人情報の取り扱い
                    [value] => agree
                    [output] => agree
                )

        )

    [form_token] => b50dee55468fe4ef66b4a6b44f27fdbc
)

[2025-10-08 07:10:57] [3439b68ad8fe7fa4bb249839e6a0113a] confirm.php実行開始
[2025-10-08 07:10:57] [3439b68ad8fe7fa4bb249839e6a0113a] セッションID: 3439b68ad8fe7fa4bb249839e6a0113a
[2025-10-08 07:10:57] [3439b68ad8fe7fa4bb249839e6a0113a] POSTデータ: Array
(
    [form_action] => confirm
    [company] => 株式会社クオートワークス
    [inquiry-type] => recruit
    [contact_name] => こんゆうき
    [email] => etll.1b.yyy@icloud.com
    [phone] => 09030146237
    [source] => Array
        (
            [0] => magazine
            [1] => web-article
            [2] => web-ad
        )

    [message] => あああああ
    [privacy-agree] => agree
)

[2025-10-08 07:10:57] [3439b68ad8fe7fa4bb249839e6a0113a] セッションデータ: Array
(
    [value] => 1
    [contact_post_data] => Array
        (
            [form_action] => confirm
            [company] => 株式会社クオートワークス
            [inquiry-type] => recruit
            [contact_name] => こんゆうき
            [email] => etll.1b.yyy@icloud.com
            [phone] => 09030146237
            [source] => Array
                (
                    [0] => magazine
                    [1] => web-article
                    [2] => web-ad
                )

            [message] => あああああ
            [privacy-agree] => agree
        )

    [form] => Array
        (
            [company] => Array
                (
                    [label] => 法人名
                    [value] => 株式会社クオートワークス
                    [output] => 株式会社クオートワークス
                )

            [inquiry-type] => Array
                (
                    [label] => 問い合わせ種別
                    [value] => recruit
                    [output] => 採用について
                )

            [contact_name] => Array
                (
                    [label] => お名前
                    [value] => こんゆうき
                    [output] => こんゆうき
                )

            [email] => Array
                (
                    [label] => メールアドレス
                    [value] => etll.1b.yyy@icloud.com
                    [output] => etll.1b.yyy@icloud.com
                )

            [phone] => Array
                (
                    [label] => 電話番号
                    [value] => 09030146237
                    [output] => 09030146237
                )

            [source] => Array
                (
                    [label] => 最初に弊社を知ったきっかけ
                    [value] => Array
                        (
                            [0] => magazine
                            [1] => web-article
                            [2] => web-ad
                        )

                    [output] => magazineweb-articleweb-ad
                )

            [message] => Array
                (
                    [label] => お問い合わせ詳細
                    [value] => あああああ
                    [output] => あああああ
                )

            [privacy-agree] => Array
                (
                    [label] => 個人情報の取り扱い
                    [value] => agree
                    [output] => agree
                )

        )

    [form_token] => 30e757b17a31d9a9cf695f9971e0b418
)

[2025-10-08 07:14:36] [16148d121097aba135c164a5aa0cb243] confirm.php実行開始
[2025-10-08 07:14:36] [16148d121097aba135c164a5aa0cb243] セッションID: 16148d121097aba135c164a5aa0cb243
[2025-10-08 07:14:36] [16148d121097aba135c164a5aa0cb243] POSTデータ: Array
(
    [form_action] => confirm
    [company] => 株式会社クオートワークス
    [inquiry-type] => recruit
    [contact_name] => こんゆうき
    [email] => etll.1b.yyy@icloud.com
    [phone] => 09030146237
    [source] => Array
        (
            [0] => magazine
            [1] => web-article
            [2] => web-ad
        )

    [message] => あああああ
    [privacy-agree] => agree
)

[2025-10-08 07:14:36] [16148d121097aba135c164a5aa0cb243] セッションデータ: Array
(
    [value] => 1
    [contact_post_data] => Array
        (
            [form_action] => confirm
            [company] => 株式会社クオートワークス
            [inquiry-type] => recruit
            [contact_name] => こんゆうき
            [email] => etll.1b.yyy@icloud.com
            [phone] => 09030146237
            [source] => Array
                (
                    [0] => magazine
                    [1] => web-article
                    [2] => web-ad
                )

            [message] => あああああ
            [privacy-agree] => agree
        )

    [form] => Array
        (
            [company] => Array
                (
                    [label] => 法人名
                    [value] => 株式会社クオートワークス
                    [output] => 株式会社クオートワークス
                )

            [inquiry-type] => Array
                (
                    [label] => 問い合わせ種別
                    [value] => recruit
                    [output] => 採用について
                )

            [contact_name] => Array
                (
                    [label] => お名前
                    [value] => こんゆうき
                    [output] => こんゆうき
                )

            [email] => Array
                (
                    [label] => メールアドレス
                    [value] => etll.1b.yyy@icloud.com
                    [output] => etll.1b.yyy@icloud.com
                )

            [phone] => Array
                (
                    [label] => 電話番号
                    [value] => 09030146237
                    [output] => 09030146237
                )

            [source] => Array
                (
                    [label] => 最初に弊社を知ったきっかけ
                    [value] => Array
                        (
                            [0] => magazine
                            [1] => web-article
                            [2] => web-ad
                        )

                    [output] => magazineweb-articleweb-ad
                )

            [message] => Array
                (
                    [label] => お問い合わせ詳細
                    [value] => あああああ
                    [output] => あああああ
                )

            [privacy-agree] => Array
                (
                    [label] => 個人情報の取り扱い
                    [value] => agree
                    [output] => agree
                )

        )

    [form_token] => 3439b68ad8fe7fa4bb249839e6a0113a
)

[2025-10-08 07:14:46] [6cf8bc81d9ebceaeac8e396ecb10c74b] confirm.php実行開始
[2025-10-08 07:14:46] [6cf8bc81d9ebceaeac8e396ecb10c74b] セッションID: 6cf8bc81d9ebceaeac8e396ecb10c74b
[2025-10-08 07:14:46] [6cf8bc81d9ebceaeac8e396ecb10c74b] POSTデータ: Array
(
    [form_action] => confirm
    [company] => 株式会社クオートワークス
    [inquiry-type] => recruit
    [contact_name] => こんゆうき
    [email] => etll.1b.yyy@icloud.com
    [phone] => 09030146237
    [source] => Array
        (
            [0] => magazine
            [1] => web-article
            [2] => web-ad
        )

    [message] => あああああ
    [privacy-agree] => agree
)

[2025-10-08 07:14:46] [6cf8bc81d9ebceaeac8e396ecb10c74b] セッションデータ: Array
(
    [value] => 1
    [contact_post_data] => Array
        (
            [form_action] => confirm
            [company] => 株式会社クオートワークス
            [inquiry-type] => recruit
            [contact_name] => こんゆうき
            [email] => etll.1b.yyy@icloud.com
            [phone] => 09030146237
            [source] => Array
                (
                    [0] => magazine
                    [1] => web-article
                    [2] => web-ad
                )

            [message] => あああああ
            [privacy-agree] => agree
        )

    [form] => Array
        (
            [company] => Array
                (
                    [label] => 法人名
                    [value] => 株式会社クオートワークス
                    [output] => 株式会社クオートワークス
                )

            [inquiry-type] => Array
                (
                    [label] => 問い合わせ種別
                    [value] => recruit
                    [output] => 採用について
                )

            [contact_name] => Array
                (
                    [label] => お名前
                    [value] => こんゆうき
                    [output] => こんゆうき
                )

            [email] => Array
                (
                    [label] => メールアドレス
                    [value] => etll.1b.yyy@icloud.com
                    [output] => etll.1b.yyy@icloud.com
                )

            [phone] => Array
                (
                    [label] => 電話番号
                    [value] => 09030146237
                    [output] => 09030146237
                )

            [source] => Array
                (
                    [label] => 最初に弊社を知ったきっかけ
                    [value] => Array
                        (
                            [0] => magazine
                            [1] => web-article
                            [2] => web-ad
                        )

                    [output] => magazineweb-articleweb-ad
                )

            [message] => Array
                (
                    [label] => お問い合わせ詳細
                    [value] => あああああ
                    [output] => あああああ
                )

            [privacy-agree] => Array
                (
                    [label] => 個人情報の取り扱い
                    [value] => agree
                    [output] => agree
                )

        )

    [form_token] => 16148d121097aba135c164a5aa0cb243
)

[2025-10-08 07:14:49] [a211b3769f89c588c845439892f777ed] confirm.php実行開始
[2025-10-08 07:14:49] [a211b3769f89c588c845439892f777ed] セッションID: a211b3769f89c588c845439892f777ed
[2025-10-08 07:14:49] [a211b3769f89c588c845439892f777ed] POSTデータ: Array
(
    [form_action] => confirm
    [company] => 株式会社クオートワークス
    [inquiry-type] => recruit
    [contact_name] => こんゆうき
    [email] => etll.1b.yyy@icloud.com
    [phone] => 09030146237
    [source] => Array
        (
            [0] => magazine
            [1] => web-article
            [2] => web-ad
        )

    [message] => あああああ
    [privacy-agree] => agree
)

[2025-10-08 07:14:49] [a211b3769f89c588c845439892f777ed] セッションデータ: Array
(
    [value] => 1
    [contact_post_data] => Array
        (
            [form_action] => confirm
            [company] => 株式会社クオートワークス
            [inquiry-type] => recruit
            [contact_name] => こんゆうき
            [email] => etll.1b.yyy@icloud.com
            [phone] => 09030146237
            [source] => Array
                (
                    [0] => magazine
                    [1] => web-article
                    [2] => web-ad
                )

            [message] => あああああ
            [privacy-agree] => agree
        )

    [form] => Array
        (
            [company] => Array
                (
                    [label] => 法人名
                    [value] => 株式会社クオートワークス
                    [output] => 株式会社クオートワークス
                )

            [inquiry-type] => Array
                (
                    [label] => 問い合わせ種別
                    [value] => recruit
                    [output] => 採用について
                )

            [contact_name] => Array
                (
                    [label] => お名前
                    [value] => こんゆうき
                    [output] => こんゆうき
                )

            [email] => Array
                (
                    [label] => メールアドレス
                    [value] => etll.1b.yyy@icloud.com
                    [output] => etll.1b.yyy@icloud.com
                )

            [phone] => Array
                (
                    [label] => 電話番号
                    [value] => 09030146237
                    [output] => 09030146237
                )

            [source] => Array
                (
                    [label] => 最初に弊社を知ったきっかけ
                    [value] => Array
                        (
                            [0] => magazine
                            [1] => web-article
                            [2] => web-ad
                        )

                    [output] => magazineweb-articleweb-ad
                )

            [message] => Array
                (
                    [label] => お問い合わせ詳細
                    [value] => あああああ
                    [output] => あああああ
                )

            [privacy-agree] => Array
                (
                    [label] => 個人情報の取り扱い
                    [value] => agree
                    [output] => agree
                )

        )

    [form_token] => 6cf8bc81d9ebceaeac8e396ecb10c74b
)

[2025-10-08 07:14:57] [a400abcbbb09e5946934fe5d94ed768d] confirm.php実行開始
[2025-10-08 07:14:57] [a400abcbbb09e5946934fe5d94ed768d] セッションID: a400abcbbb09e5946934fe5d94ed768d
[2025-10-08 07:14:57] [a400abcbbb09e5946934fe5d94ed768d] POSTデータ: Array
(
    [form_action] => confirm
    [company] => 株式会社クオートワークス
    [inquiry-type] => recruit
    [contact_name] => こんゆうき
    [email] => etll.1b.yyy@icloud.com
    [phone] => 09030146237
    [source] => Array
        (
            [0] => magazine
            [1] => web-article
            [2] => web-ad
        )

    [message] => あああああ
    [privacy-agree] => agree
)

[2025-10-08 07:14:57] [a400abcbbb09e5946934fe5d94ed768d] セッションデータ: Array
(
    [value] => 1
    [contact_post_data] => Array
        (
            [form_action] => confirm
            [company] => 株式会社クオートワークス
            [inquiry-type] => recruit
            [contact_name] => こんゆうき
            [email] => etll.1b.yyy@icloud.com
            [phone] => 09030146237
            [source] => Array
                (
                    [0] => magazine
                    [1] => web-article
                    [2] => web-ad
                )

            [message] => あああああ
            [privacy-agree] => agree
        )

)

[2025-10-08 07:22:47] [33456c7098e4010a2c7e666902e984be] confirm.php実行開始
[2025-10-08 07:22:47] [33456c7098e4010a2c7e666902e984be] セッションID: 33456c7098e4010a2c7e666902e984be
[2025-10-08 07:22:47] [33456c7098e4010a2c7e666902e984be] POSTデータ: Array
(
    [form_action] => confirm
    [company] => 
    [inquiry-type] => other
    [contact_name] => こんゆうき
    [email] => etll.1b.yyy@icloud.com
    [phone] => 09030146237
    [source] => Array
        (
            [0] => newspaper
            [1] => web-ad
        )

    [message] => ああああ
    [privacy-agree] => agree
)

[2025-10-08 07:22:47] [33456c7098e4010a2c7e666902e984be] セッションデータ: Array
(
    [value] => 1
    [contact_post_data] => Array
        (
            [form_action] => confirm
            [company] => 
            [inquiry-type] => other
            [contact_name] => こんゆうき
            [email] => etll.1b.yyy@icloud.com
            [phone] => 09030146237
            [source] => Array
                (
                    [0] => newspaper
                    [1] => web-ad
                )

            [message] => ああああ
            [privacy-agree] => agree
        )

)

[2025-10-08 07:22:54] [43a8de3b2ab46ebc73a20772aeae5959] confirm.php実行開始
[2025-10-08 07:22:54] [43a8de3b2ab46ebc73a20772aeae5959] セッションID: 43a8de3b2ab46ebc73a20772aeae5959
[2025-10-08 07:22:54] [43a8de3b2ab46ebc73a20772aeae5959] POSTデータ: Array
(
    [form_action] => confirm
    [company] => 
    [inquiry-type] => other
    [contact_name] => こんゆうき
    [email] => etll.1b.yyy@icloud.com
    [phone] => 09030146237
    [source] => Array
        (
            [0] => newspaper
            [1] => web-ad
        )

    [message] => ああああ
    [privacy-agree] => agree
)

[2025-10-08 07:22:54] [43a8de3b2ab46ebc73a20772aeae5959] セッションデータ: Array
(
    [value] => 1
    [contact_post_data] => Array
        (
            [form_action] => confirm
            [company] => 
            [inquiry-type] => other
            [contact_name] => こんゆうき
            [email] => etll.1b.yyy@icloud.com
            [phone] => 09030146237
            [source] => Array
                (
                    [0] => newspaper
                    [1] => web-ad
                )

            [message] => ああああ
            [privacy-agree] => agree
        )

)

[2025-10-08 07:24:18] [fde29ced76a46f9433ac69a2cee4c111] confirm.php実行開始
[2025-10-08 07:24:18] [fde29ced76a46f9433ac69a2cee4c111] セッションID: fde29ced76a46f9433ac69a2cee4c111
[2025-10-08 07:24:18] [fde29ced76a46f9433ac69a2cee4c111] POSTデータ: Array
(
    [form_action] => confirm
    [company] => 株式会社クオートワークス
    [inquiry-type] => recruit
    [contact_name] => こんゆうき
    [email] => etll.1b.yyy@icloud.com
    [phone] => 09030146237
    [source] => Array
        (
            [0] => newspaper
            [1] => web-ad
        )

    [message] => ああああ
    [privacy-agree] => agree
)

[2025-10-08 07:24:18] [fde29ced76a46f9433ac69a2cee4c111] セッションデータ: Array
(
    [value] => 1
    [contact_post_data] => Array
        (
            [form_action] => confirm
            [company] => 株式会社クオートワークス
            [inquiry-type] => recruit
            [contact_name] => こんゆうき
            [email] => etll.1b.yyy@icloud.com
            [phone] => 09030146237
            [source] => Array
                (
                    [0] => newspaper
                    [1] => web-ad
                )

            [message] => ああああ
            [privacy-agree] => agree
        )

)

[2025-10-08 07:52:19] [e76daac7235bcad0b545ab44c8fb2b32] confirm.php実行開始
[2025-10-08 07:52:19] [e76daac7235bcad0b545ab44c8fb2b32] セッションID: e76daac7235bcad0b545ab44c8fb2b32
[2025-10-08 07:52:19] [e76daac7235bcad0b545ab44c8fb2b32] POSTデータ: Array
(
    [form_action] => confirm
    [company] => 株式会社クオートワークス
    [inquiry-type] => recruit
    [contact_name] => こんゆうき
    [email] => etll.1b.yyy@icloud.com
    [phone] => 09030146237
    [source] => Array
        (
            [0] => newspaper
            [1] => web-ad
        )

    [message] => ああああ
    [privacy-agree] => agree
)

[2025-10-08 07:52:19] [e76daac7235bcad0b545ab44c8fb2b32] セッションデータ: Array
(
    [value] => 1
    [contact_post_data] => Array
        (
            [form_action] => confirm
            [company] => 株式会社クオートワークス
            [inquiry-type] => recruit
            [contact_name] => こんゆうき
            [email] => etll.1b.yyy@icloud.com
            [phone] => 09030146237
            [source] => Array
                (
                    [0] => newspaper
                    [1] => web-ad
                )

            [message] => ああああ
            [privacy-agree] => agree
        )

)

[2025-10-08 07:52:52] [0d6a3937bec3b2d2e7ec157757db9d76] confirm.php実行開始
[2025-10-08 07:52:52] [0d6a3937bec3b2d2e7ec157757db9d76] セッションID: 0d6a3937bec3b2d2e7ec157757db9d76
[2025-10-08 07:52:52] [0d6a3937bec3b2d2e7ec157757db9d76] POSTデータ: Array
(
    [form_action] => confirm
    [company] => 株式会社クオートワークス
    [inquiry-type] => recruit
    [contact_name] => こんゆうき
    [email] => etll.1b.yyy@icloud.com
    [phone] => 09030146237
    [source] => Array
        (
            [0] => newspaper
            [1] => web-ad
        )

    [message] => ああああ
    [privacy-agree] => agree
)

[2025-10-08 07:52:52] [0d6a3937bec3b2d2e7ec157757db9d76] セッションデータ: Array
(
    [value] => 1
    [contact_post_data] => Array
        (
            [form_action] => confirm
            [company] => 株式会社クオートワークス
            [inquiry-type] => recruit
            [contact_name] => こんゆうき
            [email] => etll.1b.yyy@icloud.com
            [phone] => 09030146237
            [source] => Array
                (
                    [0] => newspaper
                    [1] => web-ad
                )

            [message] => ああああ
            [privacy-agree] => agree
        )

    [form] => Array
        (
            [company] => Array
                (
                    [label] => 法人名
                    [value] => 株式会社クオートワークス
                    [output] => 株式会社クオートワークス
                )

            [inquiry-type] => Array
                (
                    [label] => 問い合わせ種別
                    [value] => recruit
                    [output] => 採用について
                )

            [contact_name] => Array
                (
                    [label] => お名前
                    [value] => こんゆうき
                    [output] => こんゆうき
                )

            [email] => Array
                (
                    [label] => メールアドレス
                    [value] => etll.1b.yyy@icloud.com
                    [output] => etll.1b.yyy@icloud.com
                )

            [phone] => Array
                (
                    [label] => 電話番号
                    [value] => 09030146237
                    [output] => 09030146237
                )

            [source] => Array
                (
                    [label] => 最初に弊社を知ったきっかけ
                    [value] => Array
                        (
                            [0] => newspaper
                            [1] => web-ad
                        )

                    [output] => newspaperweb-ad
                )

            [message] => Array
                (
                    [label] => お問い合わせ詳細
                    [value] => ああああ
                    [output] => ああああ
                )

            [privacy-agree] => Array
                (
                    [label] => 個人情報の取り扱い
                    [value] => agree
                    [output] => agree
                )

        )

    [form_token] => e76daac7235bcad0b545ab44c8fb2b32
)

