[2025-10-09 04:02:58] [60b5b25c242e8c8f59ea7163290dd97d] confirm.php実行開始
[2025-10-09 04:02:58] [60b5b25c242e8c8f59ea7163290dd97d] セッションID: 60b5b25c242e8c8f59ea7163290dd97d
[2025-10-09 04:02:58] [60b5b25c242e8c8f59ea7163290dd97d] POSTデータ: Array
(
    [company] => 
    [department] => 
    [position] => manager
    [name] => こんゆうき
    [email] => etll.1b.yyy@icloud.com
    [phone] => 09030146237
    [message] => aaaa
    [privacy-agree] => agree
    [notice-agree] => agree
)

[2025-10-09 04:02:58] [60b5b25c242e8c8f59ea7163290dd97d] セッションデータ: Array
(
    [value] => 1
    [form] => Array
        (
            [company] => Array
                (
                    [label] => 法人名
                    [value] => 
                    [output] => 
                )

            [department] => Array
                (
                    [label] => 所属部署名
                    [value] => 
                    [output] => 
                )

            [position] => Array
                (
                    [label] => 役職
                    [value] => manager
                    [output] => 管理職
                )

            [name] => Array
                (
                    [label] => 担当者名
                    [value] => こんゆうき
                    [output] => こんゆうき
                )

            [email] => Array
                (
                    [label] => 会社用メールアドレス
                    [value] => etll.1b.yyy@icloud.com
                    [output] => etll.1b.yyy@icloud.com
                )

            [phone] => Array
                (
                    [label] => 電話番号
                    [value] => 09030146237
                    [output] => 09030146237
                )

            [message] => Array
                (
                    [label] => ご質問・ご要望など
                    [value] => aaaa
                    [output] => aaaa
                )

            [privacy-agree] => Array
                (
                    [label] => 個人情報の取り扱い
                    [value] => agree
                    [output] => agree
                )

            [notice-agree] => Array
                (
                    [label] => ご注意
                    [value] => agree
                    [output] => agree
                )

        )

    [form_token] => 60b5b25c242e8c8f59ea7163290dd97d
)

[2025-10-09 04:13:50] [37cee61c11c0565e0d3b4c4d7ecae709] confirm.php実行開始
[2025-10-09 04:13:50] [37cee61c11c0565e0d3b4c4d7ecae709] セッションID: 37cee61c11c0565e0d3b4c4d7ecae709
[2025-10-09 04:13:50] [37cee61c11c0565e0d3b4c4d7ecae709] POSTデータ: Array
(
    [company] => 
    [department] => 
    [position] => manager
    [name] => こんゆうき
    [email] => etll.1b.yyy@icloud.com
    [phone] => 09030146237
    [message] => ああああ
    [privacy-agree] => agree
    [notice-agree] => agree
)

[2025-10-09 04:13:50] [37cee61c11c0565e0d3b4c4d7ecae709] セッションデータ: Array
(
    [value] => 1
)

[2025-10-09 04:13:54] [6ae0602408f4178e8aace8655b843292] confirm.php実行開始
[2025-10-09 04:13:54] [6ae0602408f4178e8aace8655b843292] セッションID: 6ae0602408f4178e8aace8655b843292
[2025-10-09 04:13:54] [6ae0602408f4178e8aace8655b843292] POSTデータ: Array
(
    [company] => 
    [department] => 
    [position] => manager
    [name] => こんゆうき
    [email] => etll.1b.yyy@icloud.com
    [phone] => 09030146237
    [message] => ああああ
    [privacy-agree] => agree
    [notice-agree] => agree
)

[2025-10-09 04:13:54] [6ae0602408f4178e8aace8655b843292] セッションデータ: Array
(
    [value] => 1
    [form] => Array
        (
            [company] => Array
                (
                    [label] => 法人名
                    [value] => 
                    [output] => 
                )

            [department] => Array
                (
                    [label] => 所属部署名
                    [value] => 
                    [output] => 
                )

            [position] => Array
                (
                    [label] => 役職
                    [value] => manager
                    [output] => 管理職
                )

            [name] => Array
                (
                    [label] => 担当者名
                    [value] => こんゆうき
                    [output] => こんゆうき
                )

            [email] => Array
                (
                    [label] => 会社用メールアドレス
                    [value] => etll.1b.yyy@icloud.com
                    [output] => etll.1b.yyy@icloud.com
                )

            [phone] => Array
                (
                    [label] => 電話番号
                    [value] => 09030146237
                    [output] => 09030146237
                )

            [message] => Array
                (
                    [label] => ご質問・ご要望など
                    [value] => ああああ
                    [output] => ああああ
                )

            [privacy-agree] => Array
                (
                    [label] => 個人情報の取り扱い
                    [value] => agree
                    [output] => agree
                )

            [notice-agree] => Array
                (
                    [label] => ご注意
                    [value] => agree
                    [output] => agree
                )

        )

    [form_token] => 37cee61c11c0565e0d3b4c4d7ecae709
)

[2025-10-09 04:14:26] [05b5732536e1a6f365331364d467bab3] confirm.php実行開始
[2025-10-09 04:14:26] [05b5732536e1a6f365331364d467bab3] セッションID: 05b5732536e1a6f365331364d467bab3
[2025-10-09 04:14:26] [05b5732536e1a6f365331364d467bab3] POSTデータ: Array
(
    [company] => 
    [department] => 
    [position] => manager
    [name] => こんゆうき
    [email] => etll.1b.yyy@icloud.com
    [phone] => 09030146237
    [message] => ああああ
    [privacy-agree] => agree
    [notice-agree] => agree
)

[2025-10-09 04:14:26] [05b5732536e1a6f365331364d467bab3] セッションデータ: Array
(
    [value] => 1
    [form] => Array
        (
            [company] => Array
                (
                    [label] => 法人名
                    [value] => 
                    [output] => 
                )

            [department] => Array
                (
                    [label] => 所属部署名
                    [value] => 
                    [output] => 
                )

            [position] => Array
                (
                    [label] => 役職
                    [value] => manager
                    [output] => 管理職
                )

            [name] => Array
                (
                    [label] => 担当者名
                    [value] => こんゆうき
                    [output] => こんゆうき
                )

            [email] => Array
                (
                    [label] => 会社用メールアドレス
                    [value] => etll.1b.yyy@icloud.com
                    [output] => etll.1b.yyy@icloud.com
                )

            [phone] => Array
                (
                    [label] => 電話番号
                    [value] => 09030146237
                    [output] => 09030146237
                )

            [message] => Array
                (
                    [label] => ご質問・ご要望など
                    [value] => ああああ
                    [output] => ああああ
                )

            [privacy-agree] => Array
                (
                    [label] => 個人情報の取り扱い
                    [value] => agree
                    [output] => agree
                )

            [notice-agree] => Array
                (
                    [label] => ご注意
                    [value] => agree
                    [output] => agree
                )

        )

    [form_token] => 6ae0602408f4178e8aace8655b843292
)

[2025-10-09 04:14:33] [074bdd3bd76a532e5f4bc0d1e203e649] confirm.php実行開始
[2025-10-09 04:14:33] [074bdd3bd76a532e5f4bc0d1e203e649] セッションID: 074bdd3bd76a532e5f4bc0d1e203e649
[2025-10-09 04:14:33] [074bdd3bd76a532e5f4bc0d1e203e649] POSTデータ: Array
(
    [company] => 
    [department] => 
    [position] => manager
    [name] => こんゆうき
    [email] => etll.1b.yyy@icloud.com
    [phone] => 09030146237
    [message] => ああああ
    [privacy-agree] => agree
    [notice-agree] => agree
)

[2025-10-09 04:14:33] [074bdd3bd76a532e5f4bc0d1e203e649] セッションデータ: Array
(
    [value] => 1
    [form] => Array
        (
            [company] => Array
                (
                    [label] => 法人名
                    [value] => 
                    [output] => 
                )

            [department] => Array
                (
                    [label] => 所属部署名
                    [value] => 
                    [output] => 
                )

            [position] => Array
                (
                    [label] => 役職
                    [value] => manager
                    [output] => 管理職
                )

            [name] => Array
                (
                    [label] => 担当者名
                    [value] => こんゆうき
                    [output] => こんゆうき
                )

            [email] => Array
                (
                    [label] => 会社用メールアドレス
                    [value] => etll.1b.yyy@icloud.com
                    [output] => etll.1b.yyy@icloud.com
                )

            [phone] => Array
                (
                    [label] => 電話番号
                    [value] => 09030146237
                    [output] => 09030146237
                )

            [message] => Array
                (
                    [label] => ご質問・ご要望など
                    [value] => ああああ
                    [output] => ああああ
                )

            [privacy-agree] => Array
                (
                    [label] => 個人情報の取り扱い
                    [value] => agree
                    [output] => agree
                )

            [notice-agree] => Array
                (
                    [label] => ご注意
                    [value] => agree
                    [output] => agree
                )

        )

    [form_token] => 05b5732536e1a6f365331364d467bab3
)

[2025-10-09 04:14:36] [af2839af7056d5b18ceb593c0145a1bd] confirm.php実行開始
[2025-10-09 04:14:36] [af2839af7056d5b18ceb593c0145a1bd] セッションID: af2839af7056d5b18ceb593c0145a1bd
[2025-10-09 04:14:36] [af2839af7056d5b18ceb593c0145a1bd] POSTデータ: Array
(
    [company] => 
    [department] => 
    [position] => manager
    [name] => こんゆうき
    [email] => etll.1b.yyy@icloud.com
    [phone] => 09030146237
    [message] => ああああ
    [privacy-agree] => agree
    [notice-agree] => agree
)

[2025-10-09 04:14:36] [af2839af7056d5b18ceb593c0145a1bd] セッションデータ: Array
(
    [value] => 1
    [form] => Array
        (
            [company] => Array
                (
                    [label] => 法人名
                    [value] => 
                    [output] => 
                )

            [department] => Array
                (
                    [label] => 所属部署名
                    [value] => 
                    [output] => 
                )

            [position] => Array
                (
                    [label] => 役職
                    [value] => manager
                    [output] => 管理職
                )

            [name] => Array
                (
                    [label] => 担当者名
                    [value] => こんゆうき
                    [output] => こんゆうき
                )

            [email] => Array
                (
                    [label] => 会社用メールアドレス
                    [value] => etll.1b.yyy@icloud.com
                    [output] => etll.1b.yyy@icloud.com
                )

            [phone] => Array
                (
                    [label] => 電話番号
                    [value] => 09030146237
                    [output] => 09030146237
                )

            [message] => Array
                (
                    [label] => ご質問・ご要望など
                    [value] => ああああ
                    [output] => ああああ
                )

            [privacy-agree] => Array
                (
                    [label] => 個人情報の取り扱い
                    [value] => agree
                    [output] => agree
                )

            [notice-agree] => Array
                (
                    [label] => ご注意
                    [value] => agree
                    [output] => agree
                )

        )

    [form_token] => 074bdd3bd76a532e5f4bc0d1e203e649
)

[2025-10-09 04:14:43] [690052a08e3b80924ec8d17834e46147] confirm.php実行開始
[2025-10-09 04:14:43] [690052a08e3b80924ec8d17834e46147] セッションID: 690052a08e3b80924ec8d17834e46147
[2025-10-09 04:14:43] [690052a08e3b80924ec8d17834e46147] POSTデータ: Array
(
    [company] => 
    [department] => 
    [position] => manager
    [name] => こんゆうき
    [email] => etll.1b.yyy@icloud.com
    [phone] => 09030146237
    [message] => ああああ
    [privacy-agree] => agree
    [notice-agree] => agree
)

[2025-10-09 04:14:43] [690052a08e3b80924ec8d17834e46147] セッションデータ: Array
(
    [value] => 1
    [form] => Array
        (
            [company] => Array
                (
                    [label] => 法人名
                    [value] => 
                    [output] => 
                )

            [department] => Array
                (
                    [label] => 所属部署名
                    [value] => 
                    [output] => 
                )

            [position] => Array
                (
                    [label] => 役職
                    [value] => manager
                    [output] => 管理職
                )

            [name] => Array
                (
                    [label] => 担当者名
                    [value] => こんゆうき
                    [output] => こんゆうき
                )

            [email] => Array
                (
                    [label] => 会社用メールアドレス
                    [value] => etll.1b.yyy@icloud.com
                    [output] => etll.1b.yyy@icloud.com
                )

            [phone] => Array
                (
                    [label] => 電話番号
                    [value] => 09030146237
                    [output] => 09030146237
                )

            [message] => Array
                (
                    [label] => ご質問・ご要望など
                    [value] => ああああ
                    [output] => ああああ
                )

            [privacy-agree] => Array
                (
                    [label] => 個人情報の取り扱い
                    [value] => agree
                    [output] => agree
                )

            [notice-agree] => Array
                (
                    [label] => ご注意
                    [value] => agree
                    [output] => agree
                )

        )

    [form_token] => af2839af7056d5b18ceb593c0145a1bd
)

[2025-10-09 04:14:50] [c5701a1ab7d489270bf5284fc699d49d] confirm.php実行開始
[2025-10-09 04:14:50] [c5701a1ab7d489270bf5284fc699d49d] セッションID: c5701a1ab7d489270bf5284fc699d49d
[2025-10-09 04:14:50] [c5701a1ab7d489270bf5284fc699d49d] POSTデータ: Array
(
    [company] => 
    [department] => 
    [position] => manager
    [name] => こんゆうき
    [email] => etll.1b.yyy@icloud.com
    [phone] => 09030146237
    [message] => ああああ
    [privacy-agree] => agree
    [notice-agree] => agree
)

[2025-10-09 04:14:50] [c5701a1ab7d489270bf5284fc699d49d] セッションデータ: Array
(
    [value] => 1
)

[2025-10-09 04:21:06] [9c819553dadae2dcd6e66ee3a7ef8c48] confirm.php実行開始
[2025-10-09 04:21:06] [9c819553dadae2dcd6e66ee3a7ef8c48] セッションID: 9c819553dadae2dcd6e66ee3a7ef8c48
[2025-10-09 04:21:06] [9c819553dadae2dcd6e66ee3a7ef8c48] POSTデータ: Array
(
    [form_action] => confirm
    [company] => 株式会社クオートワークス
    [inquiry-type] => service
    [contact_name] => こんゆうき
    [email] => etll.1b.yyy@icloud.com
    [phone] => 09030146237
    [source] => Array
        (
            [0] => web-article
            [1] => press
        )

    [message] => ああああ
    [privacy-agree] => agree
)

[2025-10-09 04:21:06] [9c819553dadae2dcd6e66ee3a7ef8c48] セッションデータ: Array
(
    [value] => 1
    [contact_post_data] => Array
        (
            [form_action] => confirm
            [company] => 株式会社クオートワークス
            [inquiry-type] => service
            [contact_name] => こんゆうき
            [email] => etll.1b.yyy@icloud.com
            [phone] => 09030146237
            [source] => Array
                (
                    [0] => web-article
                    [1] => press
                )

            [message] => ああああ
            [privacy-agree] => agree
        )

)

