[2025-10-02 09:12:53] [3468f623a12d6071e6b472a390ac21e4] confirm.php実行開始
[2025-10-02 09:12:53] [3468f623a12d6071e6b472a390ac21e4] セッションID: 3468f623a12d6071e6b472a390ac21e4
[2025-10-02 09:12:53] [3468f623a12d6071e6b472a390ac21e4] POSTデータ: Array
(
    [form_action] => confirm
    [company] => 株式会社クオートワークス
    [inquiry-type] => service
    [contact_name] => こんゆうき
    [email] => kon@quoitworks.com
    [phone] => 09030146237
    [source] => Array
        (
            [0] => newspaper
            [1] => web-article
            [2] => press
            [3] => referral
            [4] => search
        )

    [message] => お問い合わせテスト
    [privacy-agree] => agree
)

[2025-10-02 09:12:53] [3468f623a12d6071e6b472a390ac21e4] セッションデータ: Array
(
    [value] => 1
    [contact_post_data] => Array
        (
            [form_action] => confirm
            [company] => 株式会社クオートワークス
            [inquiry-type] => service
            [contact_name] => こんゆうき
            [email] => kon@quoitworks.com
            [phone] => 09030146237
            [source] => Array
                (
                    [0] => newspaper
                    [1] => web-article
                    [2] => press
                    [3] => referral
                    [4] => search
                )

            [message] => お問い合わせテスト
            [privacy-agree] => agree
        )

)

[2025-10-02 09:13:28] [3468f623a12d6071e6b472a390ac21e4] confirm.php実行開始
[2025-10-02 09:13:28] [3468f623a12d6071e6b472a390ac21e4] セッションID: 3468f623a12d6071e6b472a390ac21e4
[2025-10-02 09:13:28] [3468f623a12d6071e6b472a390ac21e4] POSTデータ: Array
(
    [form_action] => confirm
    [company] => 株式会社クオートワークス
    [inquiry-type] => service
    [contact_name] => こんゆうき
    [email] => kon@quoitworks.com
    [phone] => 09030146237
    [source] => Array
        (
            [0] => newspaper
            [1] => web-article
            [2] => press
            [3] => referral
            [4] => search
        )

    [message] => お問い合わせテスト
    [privacy-agree] => agree
)

[2025-10-02 09:13:28] [3468f623a12d6071e6b472a390ac21e4] セッションデータ: Array
(
    [value] => 1
    [contact_post_data] => Array
        (
            [form_action] => confirm
            [company] => 株式会社クオートワークス
            [inquiry-type] => service
            [contact_name] => こんゆうき
            [email] => kon@quoitworks.com
            [phone] => 09030146237
            [source] => Array
                (
                    [0] => newspaper
                    [1] => web-article
                    [2] => press
                    [3] => referral
                    [4] => search
                )

            [message] => お問い合わせテスト
            [privacy-agree] => agree
        )

    [form] => Array
        (
            [company] => Array
                (
                    [label] => 法人名
                    [value] => 株式会社クオートワークス
                    [output] => 株式会社クオートワークス
                )

            [inquiry-type] => Array
                (
                    [label] => 問い合わせ種別
                    [value] => service
                    [output] => サービスについて
                )

            [contact_name] => Array
                (
                    [label] => お名前
                    [value] => こんゆうき
                    [output] => こんゆうき
                )

            [email] => Array
                (
                    [label] => メールアドレス
                    [value] => kon@quoitworks.com
                    [output] => kon@quoitworks.com
                )

            [phone] => Array
                (
                    [label] => 電話番号
                    [value] => 09030146237
                    [output] => 09030146237
                )

            [source] => Array
                (
                    [label] => 最初に弊社を知ったきっかけ
                    [value] => Array
                        (
                            [0] => newspaper
                            [1] => web-article
                            [2] => press
                            [3] => referral
                            [4] => search
                        )

                    [output] => newspaperweb-articlepressreferralsearch
                )

            [message] => Array
                (
                    [label] => お問い合わせ詳細
                    [value] => お問い合わせテスト
                    [output] => お問い合わせテスト
                )

            [privacy-agree] => Array
                (
                    [label] => 個人情報の取り扱い
                    [value] => agree
                    [output] => agree
                )

        )

    [form_token] => 3468f623a12d6071e6b472a390ac21e4
)

[2025-10-02 09:16:47] [3468f623a12d6071e6b472a390ac21e4] confirm.php実行開始
[2025-10-02 09:16:47] [3468f623a12d6071e6b472a390ac21e4] セッションID: 3468f623a12d6071e6b472a390ac21e4
[2025-10-02 09:16:47] [3468f623a12d6071e6b472a390ac21e4] POSTデータ: Array
(
    [form_action] => confirm
    [company] => 株式会社クオートワークス
    [inquiry-type] => recruit
    [contact_name] => こんゆうき
    [email] => etll.1b.yyy@icloud.com
    [phone] => 09030146237
    [source] => Array
        (
            [0] => sns
        )

    [message] => ああああ
    [privacy-agree] => agree
)

[2025-10-02 09:16:47] [3468f623a12d6071e6b472a390ac21e4] セッションデータ: Array
(
    [value] => 1
    [contact_post_data] => Array
        (
            [form_action] => confirm
            [company] => 株式会社クオートワークス
            [inquiry-type] => recruit
            [contact_name] => こんゆうき
            [email] => etll.1b.yyy@icloud.com
            [phone] => 09030146237
            [source] => Array
                (
                    [0] => sns
                )

            [message] => ああああ
            [privacy-agree] => agree
        )

)

