[2025-10-08 06:39:39] [da17c92b3a7a1c366e83ee63e1c4863f] ---------- フォーム処理開始 ----------
[2025-10-08 06:39:39] [da17c92b3a7a1c366e83ee63e1c4863f] リクエストURL: /contact
[2025-10-08 06:39:39] [da17c92b3a7a1c366e83ee63e1c4863f] リクエスト方法: GET
[2025-10-08 06:39:39] [da17c92b3a7a1c366e83ee63e1c4863f] REQUEST_METHOD: GET
[2025-10-08 06:39:39] [da17c92b3a7a1c366e83ee63e1c4863f] QUERY_STRING: 
[2025-10-08 06:39:39] [da17c92b3a7a1c366e83ee63e1c4863f] PATH_INFO: なし
[2025-10-08 06:39:39] [da17c92b3a7a1c366e83ee63e1c4863f] パースされたURL:
Array
(
    [path] => /contact
)

[2025-10-08 06:39:39] [da17c92b3a7a1c366e83ee63e1c4863f] 詳細リクエスト情報:
Array
(
    [リクエストURI] => /contact
    [投稿ID] => 17468
    [投稿スラグ] => contact
    [フォームモード] => 
    [クエリ変数] => Array
        (
            [page] => 0
            [pagename] => contact
            [error] => 
            [m] => 
            [p] => 0
            [post_parent] => 
            [subpost] => 
            [subpost_id] => 
            [attachment] => 
            [attachment_id] => 0
            [name] => contact
            [page_id] => 0
            [second] => 
            [minute] => 
            [hour] => 
            [day] => 0
            [monthnum] => 0
            [year] => 0
            [w] => 0
            [category_name] => 
            [tag] => 
            [cat] => 
            [tag_id] => 
            [author] => 
            [author_name] => 
            [feed] => 
            [tb] => 
            [paged] => 0
            [meta_key] => 
            [meta_value] => 
            [preview] => 
            [s] => 
            [sentence] => 
            [title] => 
            [fields] => 
            [menu_order] => 
            [embed] => 
            [category__in] => Array
                (
                )

            [category__not_in] => Array
                (
                )

            [category__and] => Array
                (
                )

            [post__in] => Array
                (
                )

            [post__not_in] => Array
                (
                )

            [post_name__in] => Array
                (
                )

            [tag__in] => Array
                (
                )

            [tag__not_in] => Array
                (
                )

            [tag__and] => Array
                (
                )

            [tag_slug__in] => Array
                (
                )

            [tag_slug__and] => Array
                (
                )

            [post_parent__in] => Array
                (
                )

            [post_parent__not_in] => Array
                (
                )

            [author__in] => Array
                (
                )

            [author__not_in] => Array
                (
                )

            [search_columns] => Array
                (
                )

            [ignore_sticky_posts] => 
            [suppress_filters] => 
            [cache_results] => 1
            [update_post_term_cache] => 1
            [update_menu_item_cache] => 
            [lazy_load_term_meta] => 1
            [update_post_meta_cache] => 1
            [post_type] => 
            [posts_per_page] => 1
            [nopaging] => 
            [comments_per_page] => 50
            [no_found_rows] => 
            [order] => DESC
        )

)

[2025-10-08 06:39:39] [da17c92b3a7a1c366e83ee63e1c4863f] リライトルール:
Array
(
    [materials/([^/]+)/(confirm|complete)/?$] => index.php?materials=$matches[1]&form_mode=$matches[2]
    [contact/(confirm|complete)/?$] => index.php?pagename=contact&form_mode=$matches[1]
    [^landi/landi_area/([^0-9]+)] => index.php?posttype=landi_area&taxonomy_landi_area=$matches[1]
    [landi/magazine/([^0-9]+)/?$] => index.php?taxonomy_magazine=$matches[1]&taxonomy=taxonomy_magazine
    [landi/magazine/([^0-9]+)/page/([^/]+)/?$] => index.php?taxonomy_magazine=$matches[1]&taxonomy=taxonomy_magazine&paged=$matches[2]
    [news/page/([0-9]{1,})/?$] => index.php?post_type=news&paged=$matches[1]
    [news/([^0-9]+)/?$] => index.php?posttype=news&taxonomy_news=$matches[1]
    [news/([^0-9]+)/page/?([0-9]{1,})/?$] => index.php?posttype=news&taxonomy_news=$matches[1]&paged=$matches[2]
    [news/?$] => index.php?post_type=news
    [news/feed/(feed|rdf|rss|rss2|atom)/?$] => index.php?post_type=news&feed=$matches[1]
)

[2025-10-08 06:39:39] [da17c92b3a7a1c366e83ee63e1c4863f] マッチしたリライトルール:
Array
(
    [パターン] => (.?.+?)(?:/([0-9]+))?/?$
    [リライト先] => index.php?pagename=$matches[1]&page=$matches[2]
)

[2025-10-08 06:39:39] [da17c92b3a7a1c366e83ee63e1c4863f] セッションID: da17c92b3a7a1c366e83ee63e1c4863f
[2025-10-08 06:39:39] [da17c92b3a7a1c366e83ee63e1c4863f] セッションデータ:
Array
(
    [value] => 1
)

[2025-10-08 06:39:39] [da17c92b3a7a1c366e83ee63e1c4863f] POSTデータなし
[2025-10-08 06:39:39] [da17c92b3a7a1c366e83ee63e1c4863f] Cookieデータ:
Array
(
    [_ga] => GA1.1.1960639743.1742698288
    [wp-settings-2] => libraryContent=browse
    [wp-settings-time-2] => 1742700202
    [_im_id_1014831] => abdd4d0ab0a3bcc5.1742703366.
    [_uetvid] => 97dfa900b82611ef9a5115826e82b459
    [_im_vid] => 01JQWJYHK52P57HG5B4A4BZG1T
    [__td_signed] => true
    [visitor_id391552] => 665005908
    [visitor_id391552-hash] => 36458ad4b727b563c95f144fdc046f508ee2f0e6746c338c10124517297657d40ab33b7dda69728d996a2a416cfc3869067738cf
    [wp-settings-time-46] => 1744684756
    [_td] => 96aed3ba-ffa5-4a06-af2d-7ba822672332
    [dc_cl_id] => YIhbHWAgGiFbyERg
    [_ga_LHFQ3HVR23] => GS2.1.s1748236455$o34$g1$t1748237383$j60$l0$h0$dTBtcBr5sQ0kJOhuhJ5BbQlu7Kl_5fOkSVg
    [_ga_FH7HFXM5YM] => GS2.1.s1748236455$o34$g1$t1748237383$j0$l0$h0
    [_ga_VNZNPM3FLK] => GS2.1.s1748307313$o2$g1$t1748309349$j11$l0$h1620517015$d0MxmLeawe8VstRzoY43d-shAkuvCME29iw
    [__gsas] => ID=55a138d7a3c44e94:T=1750723643:RT=1750723643:S=ALNI_MbUg96sp0EXzISjYrufShYXu4ZaIA
    [_gcl_au] => 1.1.13237739.1752474854
    [_ga_FE7EN9LJGZ] => GS2.1.s1753172349$o4$g1$t1753176611$j60$l0$h0
    [_ga_LDYXXBNDRG] => GS2.1.s1753952179$o3$g1$t1753952911$j60$l0$h0
    [wp-settings-1] => libraryContent=browse&editor=tinymce&mfold=o&posts_list_mode=excerpt
    [wp-settings-time-1] => 1755845252
    [_ga_QNX22F92KW] => GS2.1.s1756959412$o1$g1$t1756961194$j60$l0$h0
    [_ga_DYV83VWK9M] => GS2.1.s1756959411$o1$g1$t1756961354$j60$l0$h0
    [access_cookie] => access
    [_gid] => GA1.1.1451864304.1759824396
    [mw-wp-form-token] => bfd42f578e71a4d57bcf0aa58bea6a1618148084a030b1d3eab5316c3a88f22d
    [PHPSESSID] => da17c92b3a7a1c366e83ee63e1c4863f
    [_gat_UA-1606041-9] => 1
    [_clck] => 1y6goel^2^fzz^0^1908
    [_ga_KEGGXCNVVH] => GS2.1.s1759905577$o179$g0$t1759905577$j60$l0$h0
    [_im_ses_1014831] => 1
    [_clsk] => 1lhh8ag^1759905578426^1^1^h.clarity.ms/collect
)

[2025-10-08 06:39:39] [da17c92b3a7a1c366e83ee63e1c4863f] フォームモード: 
[2025-10-08 06:39:39] [da17c92b3a7a1c366e83ee63e1c4863f] フォーム設定:
Array
(
    [FORM_KIND_DIR] => /var/www/html/wp-content/themes/landi_renewal/form/contact
    [フォームパス] => /contact
)

[2025-10-08 06:39:39] [da17c92b3a7a1c366e83ee63e1c4863f] 必要なファイルを読み込みました
[2025-10-08 06:39:39] [da17c92b3a7a1c366e83ee63e1c4863f] 入力画面を表示します
[2025-10-08 06:39:39] [da17c92b3a7a1c366e83ee63e1c4863f] POSTデータあり、またはリファラーあり: セッションを維持
[2025-10-08 06:39:39] [da17c92b3a7a1c366e83ee63e1c4863f] 入力画面の処理が完了しました
[2025-10-08 06:39:39] [da17c92b3a7a1c366e83ee63e1c4863f] ---------- お問い合わせフォーム処理終了 ----------
[2025-10-08 06:40:08] [da17c92b3a7a1c366e83ee63e1c4863f] ---------- フォーム処理開始 ----------
[2025-10-08 06:40:08] [da17c92b3a7a1c366e83ee63e1c4863f] リクエストURL: /contact
[2025-10-08 06:40:08] [da17c92b3a7a1c366e83ee63e1c4863f] リクエスト方法: GET
[2025-10-08 06:40:08] [da17c92b3a7a1c366e83ee63e1c4863f] REQUEST_METHOD: GET
[2025-10-08 06:40:08] [da17c92b3a7a1c366e83ee63e1c4863f] QUERY_STRING: 
[2025-10-08 06:40:08] [da17c92b3a7a1c366e83ee63e1c4863f] PATH_INFO: なし
[2025-10-08 06:40:08] [da17c92b3a7a1c366e83ee63e1c4863f] パースされたURL:
Array
(
    [path] => /contact
)

[2025-10-08 06:40:08] [da17c92b3a7a1c366e83ee63e1c4863f] 詳細リクエスト情報:
Array
(
    [リクエストURI] => /contact
    [投稿ID] => 17468
    [投稿スラグ] => contact
    [フォームモード] => 
    [クエリ変数] => Array
        (
            [page] => 0
            [pagename] => contact
            [error] => 
            [m] => 
            [p] => 0
            [post_parent] => 
            [subpost] => 
            [subpost_id] => 
            [attachment] => 
            [attachment_id] => 0
            [name] => contact
            [page_id] => 0
            [second] => 
            [minute] => 
            [hour] => 
            [day] => 0
            [monthnum] => 0
            [year] => 0
            [w] => 0
            [category_name] => 
            [tag] => 
            [cat] => 
            [tag_id] => 
            [author] => 
            [author_name] => 
            [feed] => 
            [tb] => 
            [paged] => 0
            [meta_key] => 
            [meta_value] => 
            [preview] => 
            [s] => 
            [sentence] => 
            [title] => 
            [fields] => 
            [menu_order] => 
            [embed] => 
            [category__in] => Array
                (
                )

            [category__not_in] => Array
                (
                )

            [category__and] => Array
                (
                )

            [post__in] => Array
                (
                )

            [post__not_in] => Array
                (
                )

            [post_name__in] => Array
                (
                )

            [tag__in] => Array
                (
                )

            [tag__not_in] => Array
                (
                )

            [tag__and] => Array
                (
                )

            [tag_slug__in] => Array
                (
                )

            [tag_slug__and] => Array
                (
                )

            [post_parent__in] => Array
                (
                )

            [post_parent__not_in] => Array
                (
                )

            [author__in] => Array
                (
                )

            [author__not_in] => Array
                (
                )

            [search_columns] => Array
                (
                )

            [ignore_sticky_posts] => 
            [suppress_filters] => 
            [cache_results] => 1
            [update_post_term_cache] => 1
            [update_menu_item_cache] => 
            [lazy_load_term_meta] => 1
            [update_post_meta_cache] => 1
            [post_type] => 
            [posts_per_page] => 1
            [nopaging] => 
            [comments_per_page] => 50
            [no_found_rows] => 
            [order] => DESC
        )

)

[2025-10-08 06:40:08] [da17c92b3a7a1c366e83ee63e1c4863f] リライトルール:
Array
(
    [materials/([^/]+)/(confirm|complete)/?$] => index.php?materials=$matches[1]&form_mode=$matches[2]
    [contact/(confirm|complete)/?$] => index.php?pagename=contact&form_mode=$matches[1]
    [^landi/landi_area/([^0-9]+)] => index.php?posttype=landi_area&taxonomy_landi_area=$matches[1]
    [landi/magazine/([^0-9]+)/?$] => index.php?taxonomy_magazine=$matches[1]&taxonomy=taxonomy_magazine
    [landi/magazine/([^0-9]+)/page/([^/]+)/?$] => index.php?taxonomy_magazine=$matches[1]&taxonomy=taxonomy_magazine&paged=$matches[2]
    [news/page/([0-9]{1,})/?$] => index.php?post_type=news&paged=$matches[1]
    [news/([^0-9]+)/?$] => index.php?posttype=news&taxonomy_news=$matches[1]
    [news/([^0-9]+)/page/?([0-9]{1,})/?$] => index.php?posttype=news&taxonomy_news=$matches[1]&paged=$matches[2]
    [news/?$] => index.php?post_type=news
    [news/feed/(feed|rdf|rss|rss2|atom)/?$] => index.php?post_type=news&feed=$matches[1]
)

[2025-10-08 06:40:08] [da17c92b3a7a1c366e83ee63e1c4863f] マッチしたリライトルール:
Array
(
    [パターン] => (.?.+?)(?:/([0-9]+))?/?$
    [リライト先] => index.php?pagename=$matches[1]&page=$matches[2]
)

[2025-10-08 06:40:08] [da17c92b3a7a1c366e83ee63e1c4863f] セッションID: da17c92b3a7a1c366e83ee63e1c4863f
[2025-10-08 06:40:08] [da17c92b3a7a1c366e83ee63e1c4863f] セッションデータ:
Array
(
    [value] => 1
)

[2025-10-08 06:40:08] [da17c92b3a7a1c366e83ee63e1c4863f] POSTデータなし
[2025-10-08 06:40:08] [da17c92b3a7a1c366e83ee63e1c4863f] Cookieデータ:
Array
(
    [_ga] => GA1.1.1960639743.1742698288
    [wp-settings-2] => libraryContent=browse
    [wp-settings-time-2] => 1742700202
    [_im_id_1014831] => abdd4d0ab0a3bcc5.1742703366.
    [_uetvid] => 97dfa900b82611ef9a5115826e82b459
    [_im_vid] => 01JQWJYHK52P57HG5B4A4BZG1T
    [__td_signed] => true
    [visitor_id391552] => 665005908
    [visitor_id391552-hash] => 36458ad4b727b563c95f144fdc046f508ee2f0e6746c338c10124517297657d40ab33b7dda69728d996a2a416cfc3869067738cf
    [wp-settings-time-46] => 1744684756
    [_td] => 96aed3ba-ffa5-4a06-af2d-7ba822672332
    [dc_cl_id] => YIhbHWAgGiFbyERg
    [_ga_LHFQ3HVR23] => GS2.1.s1748236455$o34$g1$t1748237383$j60$l0$h0$dTBtcBr5sQ0kJOhuhJ5BbQlu7Kl_5fOkSVg
    [_ga_FH7HFXM5YM] => GS2.1.s1748236455$o34$g1$t1748237383$j0$l0$h0
    [_ga_VNZNPM3FLK] => GS2.1.s1748307313$o2$g1$t1748309349$j11$l0$h1620517015$d0MxmLeawe8VstRzoY43d-shAkuvCME29iw
    [__gsas] => ID=55a138d7a3c44e94:T=1750723643:RT=1750723643:S=ALNI_MbUg96sp0EXzISjYrufShYXu4ZaIA
    [_gcl_au] => 1.1.13237739.1752474854
    [_ga_FE7EN9LJGZ] => GS2.1.s1753172349$o4$g1$t1753176611$j60$l0$h0
    [_ga_LDYXXBNDRG] => GS2.1.s1753952179$o3$g1$t1753952911$j60$l0$h0
    [wp-settings-1] => libraryContent=browse&editor=tinymce&mfold=o&posts_list_mode=excerpt
    [wp-settings-time-1] => 1755845252
    [_ga_QNX22F92KW] => GS2.1.s1756959412$o1$g1$t1756961194$j60$l0$h0
    [_ga_DYV83VWK9M] => GS2.1.s1756959411$o1$g1$t1756961354$j60$l0$h0
    [access_cookie] => access
    [_gid] => GA1.1.1451864304.1759824396
    [mw-wp-form-token] => bfd42f578e71a4d57bcf0aa58bea6a1618148084a030b1d3eab5316c3a88f22d
    [PHPSESSID] => da17c92b3a7a1c366e83ee63e1c4863f
    [_gat_UA-1606041-9] => 1
    [_clck] => 1y6goel^2^fzz^0^1908
    [_im_ses_1014831] => 1
    [_ga_KEGGXCNVVH] => GS2.1.s1759905577$o179$g1$t1759905579$j58$l0$h0
    [_clsk] => 1lhh8ag^1759905579756^2^1^h.clarity.ms/collect
)

[2025-10-08 06:40:08] [da17c92b3a7a1c366e83ee63e1c4863f] フォームモード: 
[2025-10-08 06:40:08] [da17c92b3a7a1c366e83ee63e1c4863f] フォーム設定:
Array
(
    [FORM_KIND_DIR] => /var/www/html/wp-content/themes/landi_renewal/form/contact
    [フォームパス] => /contact
)

[2025-10-08 06:40:08] [da17c92b3a7a1c366e83ee63e1c4863f] 必要なファイルを読み込みました
[2025-10-08 06:40:08] [da17c92b3a7a1c366e83ee63e1c4863f] 入力画面を表示します
[2025-10-08 06:40:08] [da17c92b3a7a1c366e83ee63e1c4863f] POSTデータあり、またはリファラーあり: セッションを維持
[2025-10-08 06:40:08] [da17c92b3a7a1c366e83ee63e1c4863f] 入力画面の処理が完了しました
[2025-10-08 06:40:08] [da17c92b3a7a1c366e83ee63e1c4863f] ---------- お問い合わせフォーム処理終了 ----------
[2025-10-08 06:41:36] [da17c92b3a7a1c366e83ee63e1c4863f] ---------- フォーム処理開始 ----------
[2025-10-08 06:41:36] [da17c92b3a7a1c366e83ee63e1c4863f] リクエストURL: /contact
[2025-10-08 06:41:36] [da17c92b3a7a1c366e83ee63e1c4863f] リクエスト方法: GET
[2025-10-08 06:41:36] [da17c92b3a7a1c366e83ee63e1c4863f] REQUEST_METHOD: GET
[2025-10-08 06:41:36] [da17c92b3a7a1c366e83ee63e1c4863f] QUERY_STRING: 
[2025-10-08 06:41:36] [da17c92b3a7a1c366e83ee63e1c4863f] PATH_INFO: なし
[2025-10-08 06:41:36] [da17c92b3a7a1c366e83ee63e1c4863f] パースされたURL:
Array
(
    [path] => /contact
)

[2025-10-08 06:41:36] [da17c92b3a7a1c366e83ee63e1c4863f] 詳細リクエスト情報:
Array
(
    [リクエストURI] => /contact
    [投稿ID] => 17468
    [投稿スラグ] => contact
    [フォームモード] => 
    [クエリ変数] => Array
        (
            [page] => 0
            [pagename] => contact
            [error] => 
            [m] => 
            [p] => 0
            [post_parent] => 
            [subpost] => 
            [subpost_id] => 
            [attachment] => 
            [attachment_id] => 0
            [name] => contact
            [page_id] => 0
            [second] => 
            [minute] => 
            [hour] => 
            [day] => 0
            [monthnum] => 0
            [year] => 0
            [w] => 0
            [category_name] => 
            [tag] => 
            [cat] => 
            [tag_id] => 
            [author] => 
            [author_name] => 
            [feed] => 
            [tb] => 
            [paged] => 0
            [meta_key] => 
            [meta_value] => 
            [preview] => 
            [s] => 
            [sentence] => 
            [title] => 
            [fields] => 
            [menu_order] => 
            [embed] => 
            [category__in] => Array
                (
                )

            [category__not_in] => Array
                (
                )

            [category__and] => Array
                (
                )

            [post__in] => Array
                (
                )

            [post__not_in] => Array
                (
                )

            [post_name__in] => Array
                (
                )

            [tag__in] => Array
                (
                )

            [tag__not_in] => Array
                (
                )

            [tag__and] => Array
                (
                )

            [tag_slug__in] => Array
                (
                )

            [tag_slug__and] => Array
                (
                )

            [post_parent__in] => Array
                (
                )

            [post_parent__not_in] => Array
                (
                )

            [author__in] => Array
                (
                )

            [author__not_in] => Array
                (
                )

            [search_columns] => Array
                (
                )

            [ignore_sticky_posts] => 
            [suppress_filters] => 
            [cache_results] => 1
            [update_post_term_cache] => 1
            [update_menu_item_cache] => 
            [lazy_load_term_meta] => 1
            [update_post_meta_cache] => 1
            [post_type] => 
            [posts_per_page] => 1
            [nopaging] => 
            [comments_per_page] => 50
            [no_found_rows] => 
            [order] => DESC
        )

)

[2025-10-08 06:41:36] [da17c92b3a7a1c366e83ee63e1c4863f] リライトルール:
Array
(
    [materials/([^/]+)/(confirm|complete)/?$] => index.php?materials=$matches[1]&form_mode=$matches[2]
    [contact/(confirm|complete)/?$] => index.php?pagename=contact&form_mode=$matches[1]
    [^landi/landi_area/([^0-9]+)] => index.php?posttype=landi_area&taxonomy_landi_area=$matches[1]
    [landi/magazine/([^0-9]+)/?$] => index.php?taxonomy_magazine=$matches[1]&taxonomy=taxonomy_magazine
    [landi/magazine/([^0-9]+)/page/([^/]+)/?$] => index.php?taxonomy_magazine=$matches[1]&taxonomy=taxonomy_magazine&paged=$matches[2]
    [news/page/([0-9]{1,})/?$] => index.php?post_type=news&paged=$matches[1]
    [news/([^0-9]+)/?$] => index.php?posttype=news&taxonomy_news=$matches[1]
    [news/([^0-9]+)/page/?([0-9]{1,})/?$] => index.php?posttype=news&taxonomy_news=$matches[1]&paged=$matches[2]
    [news/?$] => index.php?post_type=news
    [news/feed/(feed|rdf|rss|rss2|atom)/?$] => index.php?post_type=news&feed=$matches[1]
)

[2025-10-08 06:41:36] [da17c92b3a7a1c366e83ee63e1c4863f] マッチしたリライトルール:
Array
(
    [パターン] => (.?.+?)(?:/([0-9]+))?/?$
    [リライト先] => index.php?pagename=$matches[1]&page=$matches[2]
)

[2025-10-08 06:41:36] [da17c92b3a7a1c366e83ee63e1c4863f] セッションID: da17c92b3a7a1c366e83ee63e1c4863f
[2025-10-08 06:41:36] [da17c92b3a7a1c366e83ee63e1c4863f] セッションデータ:
Array
(
    [value] => 1
)

[2025-10-08 06:41:36] [da17c92b3a7a1c366e83ee63e1c4863f] POSTデータなし
[2025-10-08 06:41:36] [da17c92b3a7a1c366e83ee63e1c4863f] Cookieデータ:
Array
(
    [_ga] => GA1.1.1960639743.1742698288
    [wp-settings-2] => libraryContent=browse
    [wp-settings-time-2] => 1742700202
    [_im_id_1014831] => abdd4d0ab0a3bcc5.1742703366.
    [_uetvid] => 97dfa900b82611ef9a5115826e82b459
    [_im_vid] => 01JQWJYHK52P57HG5B4A4BZG1T
    [__td_signed] => true
    [visitor_id391552] => 665005908
    [visitor_id391552-hash] => 36458ad4b727b563c95f144fdc046f508ee2f0e6746c338c10124517297657d40ab33b7dda69728d996a2a416cfc3869067738cf
    [wp-settings-time-46] => 1744684756
    [_td] => 96aed3ba-ffa5-4a06-af2d-7ba822672332
    [dc_cl_id] => YIhbHWAgGiFbyERg
    [_ga_LHFQ3HVR23] => GS2.1.s1748236455$o34$g1$t1748237383$j60$l0$h0$dTBtcBr5sQ0kJOhuhJ5BbQlu7Kl_5fOkSVg
    [_ga_FH7HFXM5YM] => GS2.1.s1748236455$o34$g1$t1748237383$j0$l0$h0
    [_ga_VNZNPM3FLK] => GS2.1.s1748307313$o2$g1$t1748309349$j11$l0$h1620517015$d0MxmLeawe8VstRzoY43d-shAkuvCME29iw
    [__gsas] => ID=55a138d7a3c44e94:T=1750723643:RT=1750723643:S=ALNI_MbUg96sp0EXzISjYrufShYXu4ZaIA
    [_gcl_au] => 1.1.13237739.1752474854
    [_ga_FE7EN9LJGZ] => GS2.1.s1753172349$o4$g1$t1753176611$j60$l0$h0
    [_ga_LDYXXBNDRG] => GS2.1.s1753952179$o3$g1$t1753952911$j60$l0$h0
    [wp-settings-1] => libraryContent=browse&editor=tinymce&mfold=o&posts_list_mode=excerpt
    [wp-settings-time-1] => 1755845252
    [_ga_QNX22F92KW] => GS2.1.s1756959412$o1$g1$t1756961194$j60$l0$h0
    [_ga_DYV83VWK9M] => GS2.1.s1756959411$o1$g1$t1756961354$j60$l0$h0
    [access_cookie] => access
    [_gid] => GA1.1.1451864304.1759824396
    [mw-wp-form-token] => bfd42f578e71a4d57bcf0aa58bea6a1618148084a030b1d3eab5316c3a88f22d
    [PHPSESSID] => da17c92b3a7a1c366e83ee63e1c4863f
    [_clck] => 1y6goel^2^fzz^0^1908
    [_im_ses_1014831] => 1
    [_ga_KEGGXCNVVH] => GS2.1.s1759905577$o179$g1$t1759905608$j29$l0$h0
    [_clsk] => 1lhh8ag^1759905609846^3^1^h.clarity.ms/collect
)

[2025-10-08 06:41:36] [da17c92b3a7a1c366e83ee63e1c4863f] フォームモード: 
[2025-10-08 06:41:36] [da17c92b3a7a1c366e83ee63e1c4863f] フォーム設定:
Array
(
    [FORM_KIND_DIR] => /var/www/html/wp-content/themes/landi_renewal/form/contact
    [フォームパス] => /contact
)

[2025-10-08 06:41:36] [da17c92b3a7a1c366e83ee63e1c4863f] 必要なファイルを読み込みました
[2025-10-08 06:41:36] [da17c92b3a7a1c366e83ee63e1c4863f] 入力画面を表示します
[2025-10-08 06:41:36] [da17c92b3a7a1c366e83ee63e1c4863f] POSTデータあり、またはリファラーあり: セッションを維持
[2025-10-08 06:41:36] [da17c92b3a7a1c366e83ee63e1c4863f] 入力画面の処理が完了しました
[2025-10-08 06:41:36] [da17c92b3a7a1c366e83ee63e1c4863f] ---------- お問い合わせフォーム処理終了 ----------
[2025-10-08 06:42:31] [da17c92b3a7a1c366e83ee63e1c4863f] ---------- フォーム処理開始 ----------
[2025-10-08 06:42:31] [da17c92b3a7a1c366e83ee63e1c4863f] リクエストURL: /contact
[2025-10-08 06:42:31] [da17c92b3a7a1c366e83ee63e1c4863f] リクエスト方法: GET
[2025-10-08 06:42:31] [da17c92b3a7a1c366e83ee63e1c4863f] REQUEST_METHOD: GET
[2025-10-08 06:42:31] [da17c92b3a7a1c366e83ee63e1c4863f] QUERY_STRING: 
[2025-10-08 06:42:31] [da17c92b3a7a1c366e83ee63e1c4863f] PATH_INFO: なし
[2025-10-08 06:42:31] [da17c92b3a7a1c366e83ee63e1c4863f] パースされたURL:
Array
(
    [path] => /contact
)

[2025-10-08 06:42:31] [da17c92b3a7a1c366e83ee63e1c4863f] 詳細リクエスト情報:
Array
(
    [リクエストURI] => /contact
    [投稿ID] => 17468
    [投稿スラグ] => contact
    [フォームモード] => 
    [クエリ変数] => Array
        (
            [page] => 0
            [pagename] => contact
            [error] => 
            [m] => 
            [p] => 0
            [post_parent] => 
            [subpost] => 
            [subpost_id] => 
            [attachment] => 
            [attachment_id] => 0
            [name] => contact
            [page_id] => 0
            [second] => 
            [minute] => 
            [hour] => 
            [day] => 0
            [monthnum] => 0
            [year] => 0
            [w] => 0
            [category_name] => 
            [tag] => 
            [cat] => 
            [tag_id] => 
            [author] => 
            [author_name] => 
            [feed] => 
            [tb] => 
            [paged] => 0
            [meta_key] => 
            [meta_value] => 
            [preview] => 
            [s] => 
            [sentence] => 
            [title] => 
            [fields] => 
            [menu_order] => 
            [embed] => 
            [category__in] => Array
                (
                )

            [category__not_in] => Array
                (
                )

            [category__and] => Array
                (
                )

            [post__in] => Array
                (
                )

            [post__not_in] => Array
                (
                )

            [post_name__in] => Array
                (
                )

            [tag__in] => Array
                (
                )

            [tag__not_in] => Array
                (
                )

            [tag__and] => Array
                (
                )

            [tag_slug__in] => Array
                (
                )

            [tag_slug__and] => Array
                (
                )

            [post_parent__in] => Array
                (
                )

            [post_parent__not_in] => Array
                (
                )

            [author__in] => Array
                (
                )

            [author__not_in] => Array
                (
                )

            [search_columns] => Array
                (
                )

            [ignore_sticky_posts] => 
            [suppress_filters] => 
            [cache_results] => 1
            [update_post_term_cache] => 1
            [update_menu_item_cache] => 
            [lazy_load_term_meta] => 1
            [update_post_meta_cache] => 1
            [post_type] => 
            [posts_per_page] => 1
            [nopaging] => 
            [comments_per_page] => 50
            [no_found_rows] => 
            [order] => DESC
        )

)

[2025-10-08 06:42:31] [da17c92b3a7a1c366e83ee63e1c4863f] リライトルール:
Array
(
    [materials/([^/]+)/(confirm|complete)/?$] => index.php?materials=$matches[1]&form_mode=$matches[2]
    [contact/(confirm|complete)/?$] => index.php?pagename=contact&form_mode=$matches[1]
    [^landi/landi_area/([^0-9]+)] => index.php?posttype=landi_area&taxonomy_landi_area=$matches[1]
    [landi/magazine/([^0-9]+)/?$] => index.php?taxonomy_magazine=$matches[1]&taxonomy=taxonomy_magazine
    [landi/magazine/([^0-9]+)/page/([^/]+)/?$] => index.php?taxonomy_magazine=$matches[1]&taxonomy=taxonomy_magazine&paged=$matches[2]
    [news/page/([0-9]{1,})/?$] => index.php?post_type=news&paged=$matches[1]
    [news/([^0-9]+)/?$] => index.php?posttype=news&taxonomy_news=$matches[1]
    [news/([^0-9]+)/page/?([0-9]{1,})/?$] => index.php?posttype=news&taxonomy_news=$matches[1]&paged=$matches[2]
    [news/?$] => index.php?post_type=news
    [news/feed/(feed|rdf|rss|rss2|atom)/?$] => index.php?post_type=news&feed=$matches[1]
)

[2025-10-08 06:42:31] [da17c92b3a7a1c366e83ee63e1c4863f] マッチしたリライトルール:
Array
(
    [パターン] => (.?.+?)(?:/([0-9]+))?/?$
    [リライト先] => index.php?pagename=$matches[1]&page=$matches[2]
)

[2025-10-08 06:42:31] [da17c92b3a7a1c366e83ee63e1c4863f] セッションID: da17c92b3a7a1c366e83ee63e1c4863f
[2025-10-08 06:42:31] [da17c92b3a7a1c366e83ee63e1c4863f] セッションデータ:
Array
(
    [value] => 1
)

[2025-10-08 06:42:31] [da17c92b3a7a1c366e83ee63e1c4863f] POSTデータなし
[2025-10-08 06:42:31] [da17c92b3a7a1c366e83ee63e1c4863f] Cookieデータ:
Array
(
    [_ga] => GA1.1.1960639743.1742698288
    [wp-settings-2] => libraryContent=browse
    [wp-settings-time-2] => 1742700202
    [_im_id_1014831] => abdd4d0ab0a3bcc5.1742703366.
    [_uetvid] => 97dfa900b82611ef9a5115826e82b459
    [_im_vid] => 01JQWJYHK52P57HG5B4A4BZG1T
    [__td_signed] => true
    [visitor_id391552] => 665005908
    [visitor_id391552-hash] => 36458ad4b727b563c95f144fdc046f508ee2f0e6746c338c10124517297657d40ab33b7dda69728d996a2a416cfc3869067738cf
    [wp-settings-time-46] => 1744684756
    [_td] => 96aed3ba-ffa5-4a06-af2d-7ba822672332
    [dc_cl_id] => YIhbHWAgGiFbyERg
    [_ga_LHFQ3HVR23] => GS2.1.s1748236455$o34$g1$t1748237383$j60$l0$h0$dTBtcBr5sQ0kJOhuhJ5BbQlu7Kl_5fOkSVg
    [_ga_FH7HFXM5YM] => GS2.1.s1748236455$o34$g1$t1748237383$j0$l0$h0
    [_ga_VNZNPM3FLK] => GS2.1.s1748307313$o2$g1$t1748309349$j11$l0$h1620517015$d0MxmLeawe8VstRzoY43d-shAkuvCME29iw
    [__gsas] => ID=55a138d7a3c44e94:T=1750723643:RT=1750723643:S=ALNI_MbUg96sp0EXzISjYrufShYXu4ZaIA
    [_gcl_au] => 1.1.13237739.1752474854
    [_ga_FE7EN9LJGZ] => GS2.1.s1753172349$o4$g1$t1753176611$j60$l0$h0
    [_ga_LDYXXBNDRG] => GS2.1.s1753952179$o3$g1$t1753952911$j60$l0$h0
    [wp-settings-1] => libraryContent=browse&editor=tinymce&mfold=o&posts_list_mode=excerpt
    [wp-settings-time-1] => 1755845252
    [_ga_QNX22F92KW] => GS2.1.s1756959412$o1$g1$t1756961194$j60$l0$h0
    [_ga_DYV83VWK9M] => GS2.1.s1756959411$o1$g1$t1756961354$j60$l0$h0
    [access_cookie] => access
    [_gid] => GA1.1.1451864304.1759824396
    [mw-wp-form-token] => bfd42f578e71a4d57bcf0aa58bea6a1618148084a030b1d3eab5316c3a88f22d
    [PHPSESSID] => da17c92b3a7a1c366e83ee63e1c4863f
    [_clck] => 1y6goel^2^fzz^0^1908
    [_im_ses_1014831] => 1
    [_gat_UA-1606041-9] => 1
    [_ga_KEGGXCNVVH] => GS2.1.s1759905577$o179$g1$t1759905696$j60$l0$h0
    [_clsk] => 1lhh8ag^1759905697807^4^1^h.clarity.ms/collect
)

[2025-10-08 06:42:31] [da17c92b3a7a1c366e83ee63e1c4863f] フォームモード: 
[2025-10-08 06:42:31] [da17c92b3a7a1c366e83ee63e1c4863f] フォーム設定:
Array
(
    [FORM_KIND_DIR] => /var/www/html/wp-content/themes/landi_renewal/form/contact
    [フォームパス] => /contact
)

[2025-10-08 06:42:31] [da17c92b3a7a1c366e83ee63e1c4863f] 必要なファイルを読み込みました
[2025-10-08 06:42:31] [da17c92b3a7a1c366e83ee63e1c4863f] 入力画面を表示します
[2025-10-08 06:42:31] [da17c92b3a7a1c366e83ee63e1c4863f] POSTデータあり、またはリファラーあり: セッションを維持
[2025-10-08 06:42:31] [da17c92b3a7a1c366e83ee63e1c4863f] 入力画面の処理が完了しました
[2025-10-08 06:42:31] [da17c92b3a7a1c366e83ee63e1c4863f] ---------- お問い合わせフォーム処理終了 ----------
[2025-10-08 07:15:00] [a400abcbbb09e5946934fe5d94ed768d] メール送信処理を開始
[2025-10-08 07:15:00] [a400abcbbb09e5946934fe5d94ed768d] デバッグモード: 管理者メール送信をスキップ
Array
(
    [To] => Array
        (
            [0] => info@quoitworks.com
        )

    [Subject] => 【お問い合わせ】ウェブサイトからのお問い合わせがありました
    [Body] => QUOITWORKSサイトから以下の通りお問い合わせを受け付けました。

-------------------------------------------------

【法人名】
株式会社クオートワークス

【問い合わせ種別】
採用について

【お名前】
こんゆうき

【メールアドレス】
etll.1b.yyy@icloud.com

【電話番号】
09030146237

【最初に弊社を知ったきっかけ】
magazineweb-articleweb-ad

【お問い合わせ詳細】
あああああ

【個人情報の取り扱い】
agree

-------------------------------------------------


)

[2025-10-08 07:15:00] [a400abcbbb09e5946934fe5d94ed768d] デバッグモード: ユーザーメール送信をスキップ
Array
(
    [To] => etll.1b.yyy@icloud.com
    [Subject] => お問い合わせを受け付けました
    [Body] => この度は、お問い合わせいただきまして誠にありがとうございます。
お問い合わせ内容を確認後、
2～3営業日以内に、担当よりメールにて返信いたします。
しばらくお待ち頂けますと、幸いです。

-------------------------------------------------

【法人名】
株式会社クオートワークス

【問い合わせ種別】
採用について

【お名前】
こんゆうき

【メールアドレス】
etll.1b.yyy@icloud.com

【電話番号】
09030146237

【最初に弊社を知ったきっかけ】
magazineweb-articleweb-ad

【お問い合わせ詳細】
あああああ

【個人情報の取り扱い】
agree

-------------------------------------------------

QUOITWORKS Inc. ／ 株式会社クオートワークス

〒154-0001 
東京都世田谷区池尻3丁目24ー18-101
mail:
info@quoitworks.com
)

[2025-10-08 07:15:00] [a400abcbbb09e5946934fe5d94ed768d] メール送信成功または、デバッグモードのためスキップ。完了画面を表示
[2025-10-08 07:22:57] [43a8de3b2ab46ebc73a20772aeae5959] メール送信処理を開始
[2025-10-08 07:22:57] [43a8de3b2ab46ebc73a20772aeae5959] デバッグモード: 管理者メール送信をスキップ
Array
(
    [To] => Array
        (
            [0] => info@quoitworks.com
        )

    [Subject] => 【お問い合わせ】ウェブサイトからのお問い合わせがありました
    [Body] => QUOITWORKSサイトから以下の通りお問い合わせを受け付けました。

-------------------------------------------------

【法人名】


【問い合わせ種別】
その他

【お名前】
こんゆうき

【メールアドレス】
etll.1b.yyy@icloud.com

【電話番号】
09030146237

【最初に弊社を知ったきっかけ】
newspaperweb-ad

【お問い合わせ詳細】
ああああ

【個人情報の取り扱い】
agree

-------------------------------------------------


)

[2025-10-08 07:22:57] [43a8de3b2ab46ebc73a20772aeae5959] デバッグモード: ユーザーメール送信をスキップ
Array
(
    [To] => etll.1b.yyy@icloud.com
    [Subject] => お問い合わせを受け付けました
    [Body] => この度は、お問い合わせいただきまして誠にありがとうございます。
お問い合わせ内容を確認後、
2～3営業日以内に、担当よりメールにて返信いたします。
しばらくお待ち頂けますと、幸いです。

-------------------------------------------------

【法人名】


【問い合わせ種別】
その他

【お名前】
こんゆうき

【メールアドレス】
etll.1b.yyy@icloud.com

【電話番号】
09030146237

【最初に弊社を知ったきっかけ】
newspaperweb-ad

【お問い合わせ詳細】
ああああ

【個人情報の取り扱い】
agree

-------------------------------------------------

QUOITWORKS Inc. ／ 株式会社クオートワークス

〒154-0001 
東京都世田谷区池尻3丁目24ー18-101
mail:
info@quoitworks.com
)

[2025-10-08 07:22:57] [43a8de3b2ab46ebc73a20772aeae5959] メール送信成功または、デバッグモードのためスキップ。完了画面を表示
