[2025-05-11 06:37:57] [0bb41b10c265534e3a6b8d245236c05d] ---------- フォーム処理開始 ----------
[2025-05-11 06:37:57] [0bb41b10c265534e3a6b8d245236c05d] リクエストURL: /contact
[2025-05-11 06:37:57] [0bb41b10c265534e3a6b8d245236c05d] リクエスト方法: GET
[2025-05-11 06:37:57] [0bb41b10c265534e3a6b8d245236c05d] REQUEST_METHOD: GET
[2025-05-11 06:37:57] [0bb41b10c265534e3a6b8d245236c05d] QUERY_STRING: 
[2025-05-11 06:37:57] [0bb41b10c265534e3a6b8d245236c05d] PATH_INFO: なし
[2025-05-11 06:37:57] [0bb41b10c265534e3a6b8d245236c05d] パースされたURL:
Array
(
    [path] => /contact
)

[2025-05-11 06:37:57] [0bb41b10c265534e3a6b8d245236c05d] 詳細リクエスト情報:
Array
(
    [リクエストURI] => /contact
    [投稿ID] => 17468
    [投稿スラグ] => contact
    [フォームモード] => 
    [クエリ変数] => Array
        (
            [page] => 0
            [pagename] => contact
            [error] => 
            [m] => 
            [p] => 0
            [post_parent] => 
            [subpost] => 
            [subpost_id] => 
            [attachment] => 
            [attachment_id] => 0
            [name] => contact
            [page_id] => 0
            [second] => 
            [minute] => 
            [hour] => 
            [day] => 0
            [monthnum] => 0
            [year] => 0
            [w] => 0
            [category_name] => 
            [tag] => 
            [cat] => 
            [tag_id] => 
            [author] => 
            [author_name] => 
            [feed] => 
            [tb] => 
            [paged] => 0
            [meta_key] => 
            [meta_value] => 
            [preview] => 
            [s] => 
            [sentence] => 
            [title] => 
            [fields] => 
            [menu_order] => 
            [embed] => 
            [category__in] => Array
                (
                )

            [category__not_in] => Array
                (
                )

            [category__and] => Array
                (
                )

            [post__in] => Array
                (
                )

            [post__not_in] => Array
                (
                )

            [post_name__in] => Array
                (
                )

            [tag__in] => Array
                (
                )

            [tag__not_in] => Array
                (
                )

            [tag__and] => Array
                (
                )

            [tag_slug__in] => Array
                (
                )

            [tag_slug__and] => Array
                (
                )

            [post_parent__in] => Array
                (
                )

            [post_parent__not_in] => Array
                (
                )

            [author__in] => Array
                (
                )

            [author__not_in] => Array
                (
                )

            [search_columns] => Array
                (
                )

            [ignore_sticky_posts] => 
            [suppress_filters] => 
            [cache_results] => 1
            [update_post_term_cache] => 1
            [update_menu_item_cache] => 
            [lazy_load_term_meta] => 1
            [update_post_meta_cache] => 1
            [post_type] => 
            [posts_per_page] => 1
            [nopaging] => 
            [comments_per_page] => 50
            [no_found_rows] => 
            [order] => DESC
        )

)

[2025-05-11 06:37:57] [0bb41b10c265534e3a6b8d245236c05d] リライトルール:
Array
(
    [materials/([^/]+)/(confirm|complete)/?$] => index.php?materials=$matches[1]&form_mode=$matches[2]
    [contact/(confirm|complete)/?$] => index.php?pagename=contact&form_mode=$matches[1]
    [^landi/landi_area/([^0-9]+)] => index.php?posttype=landi_area&taxonomy_landi_area=$matches[1]
    [landi/magazine/([^0-9]+)/?$] => index.php?taxonomy_magazine=$matches[1]&taxonomy=taxonomy_magazine
    [landi/magazine/([^0-9]+)/page/([^/]+)/?$] => index.php?taxonomy_magazine=$matches[1]&taxonomy=taxonomy_magazine&paged=$matches[2]
    [news/page/([0-9]{1,})/?$] => index.php?post_type=news&paged=$matches[1]
    [news/([^0-9]+)/?$] => index.php?posttype=news&taxonomy_news=$matches[1]
    [news/([^0-9]+)/page/?([0-9]{1,})/?$] => index.php?posttype=news&taxonomy_news=$matches[1]&paged=$matches[2]
    [case_study/page/([0-9]{1,})/?$] => index.php?post_type=case_study&paged=$matches[1]
    [case_study/([^0-9]+)/?$] => index.php?posttype=case_study&taxonomy_case_study=$matches[1]
)

[2025-05-11 06:37:57] [0bb41b10c265534e3a6b8d245236c05d] マッチしたリライトルール:
Array
(
    [パターン] => (.?.+?)(?:/([0-9]+))?/?$
    [リライト先] => index.php?pagename=$matches[1]&page=$matches[2]
)

[2025-05-11 06:37:57] [0bb41b10c265534e3a6b8d245236c05d] セッションID: 0bb41b10c265534e3a6b8d245236c05d
[2025-05-11 06:37:57] [0bb41b10c265534e3a6b8d245236c05d] セッションデータ:
Array
(
    [value] => 1
    [form] => Array
        (
            [company] => Array
                (
                    [label] => 法人名
                    [value] => 株式会社クオートワークス
                    [output] => 株式会社クオートワークス
                )

            [department] => Array
                (
                    [label] => 所属部署名
                    [value] => 
                    [output] => 
                )

            [position] => Array
                (
                    [label] => 役職
                    [value] => executive
                    [output] => 会社役員
                )

            [name] => Array
                (
                    [label] => 担当者名
                    [value] => こんゆうき
                    [output] => こんゆうき
                )

            [email] => Array
                (
                    [label] => 会社用メールアドレス
                    [value] => etll.1b.yyy@icloud.com
                    [output] => etll.1b.yyy@icloud.com
                )

            [phone] => Array
                (
                    [label] => 電話番号
                    [value] => 09030146237
                    [output] => 09030146237
                )

            [message] => Array
                (
                    [label] => ご質問・ご要望など
                    [value] => 
                    [output] => 
                )

            [privacy-agree] => Array
                (
                    [label] => 個人情報の取り扱い
                    [value] => agree
                    [output] => agree
                )

            [notice-agree] => Array
                (
                    [label] => ご注意
                    [value] => agree
                    [output] => agree
                )

        )

    [form_token] => 0bb41b10c265534e3a6b8d245236c05d
    [contact_post_data] => Array
        (
            [form_action] => confirm
            [company] => 株式会社クオートワークス
            [inquiry-type] => service
            [name] => こんゆうき
            [email] => etll.1b.yyy@icloud.com
            [phone] => 09030146237
            [source] => Array
                (
                    [0] => web-article
                )

            [message] => ああああ
            [privacy-agree] => agree
        )

)

[2025-05-11 06:37:57] [0bb41b10c265534e3a6b8d245236c05d] POSTデータなし
[2025-05-11 06:37:57] [0bb41b10c265534e3a6b8d245236c05d] Cookieデータ:
Array
(
    [_gcl_au] => 1.1.1740745081.1742698288
    [_ga] => GA1.1.1960639743.1742698288
    [wp-settings-2] => libraryContent=browse
    [wp-settings-time-2] => 1742700202
    [_im_id_1014831] => abdd4d0ab0a3bcc5.1742703366.
    [_uetvid] => 97dfa900b82611ef9a5115826e82b459
    [_fbp] => fb.0.1743642379740.60624780893455483
    [_im_vid] => 01JQWJYHK52P57HG5B4A4BZG1T
    [__td_signed] => true
    [visitor_id391552] => 665005908
    [visitor_id391552-hash] => 36458ad4b727b563c95f144fdc046f508ee2f0e6746c338c10124517297657d40ab33b7dda69728d996a2a416cfc3869067738cf
    [wp-settings-time-46] => 1744684756
    [pma_lang] => ja
    [wp-settings-time-1] => 1745393589
    [wp-settings-1] => libraryContent=browse&editor=tinymce&mfold=o&posts_list_mode=list
    [_ga_FE7EN9LJGZ] => GS1.1.1745808689.3.1.1745810685.60.0.0
    [_td] => 96aed3ba-ffa5-4a06-af2d-7ba822672332
    [dc_cl_id] => YIhbHWAgGiFbyERg
    [_ga_FH7HFXM5YM] => GS2.1.s1746778922$o19$g1$t1746779422$j0$l0$h0
    [_ga_LHFQ3HVR23] => GS2.1.s1746778922$o19$g1$t1746779422$j60$l0$h0
    [mw-wp-form-token] => 80eb6d3213e5ec97e9a7c513f0781c946d368788472601c2cb4bca2c7137903d
    [PHPSESSID] => 0bb41b10c265534e3a6b8d245236c05d
    [_gid] => GA1.1.1512652023.1746937907
    [_clck] => 1y6goel|2|fvt|0|1908
    [_im_ses_1014831] => 1
    [wordpress_test_cookie] => WP Cookie check
    [wordpress_logged_in_61be412601bd3d54d3a55dfa742df826] => landi|1747115731|JKCcZubI7emrhGXBoADVGgi2PrtWMvYSmFKj9cB7tvu|ff1aa3613a62d1fead9f101848219f37e3fcaf105eba1aaf76caadd5a124a879
    [_ga_KEGGXCNVVH] => GS2.1.s1746942399$o115$g1$t1746945334$j59$l0$h0
    [_clsk] => 45rvl|1746945336686|19|1|l.clarity.ms/collect
    [_gat_UA-1606041-9] => 1
)

[2025-05-11 06:37:57] [0bb41b10c265534e3a6b8d245236c05d] フォームモード: 
[2025-05-11 06:37:57] [0bb41b10c265534e3a6b8d245236c05d] フォーム設定:
Array
(
    [FORM_KIND_DIR] => /var/www/html/wp-content/themes/landi_renewal/form/contact
    [フォームパス] => /contact
)

[2025-05-11 06:37:57] [0bb41b10c265534e3a6b8d245236c05d] 必要なファイルを読み込みました
[2025-05-11 06:37:57] [0bb41b10c265534e3a6b8d245236c05d] 入力画面を表示します
[2025-05-11 06:37:57] [0bb41b10c265534e3a6b8d245236c05d] POSTデータあり、またはリファラーあり: セッションを維持
[2025-05-11 06:37:57] [0bb41b10c265534e3a6b8d245236c05d] 入力画面の処理が完了しました
[2025-05-11 06:37:57] [0bb41b10c265534e3a6b8d245236c05d] ---------- お問い合わせフォーム処理終了 ----------
[2025-05-11 06:41:28] [0bb41b10c265534e3a6b8d245236c05d] ---------- フォーム処理開始 ----------
[2025-05-11 06:41:28] [0bb41b10c265534e3a6b8d245236c05d] リクエストURL: /materials/materials-5922/confirm
[2025-05-11 06:41:28] [0bb41b10c265534e3a6b8d245236c05d] リクエスト方法: POST
[2025-05-11 06:41:28] [0bb41b10c265534e3a6b8d245236c05d] REQUEST_METHOD: POST
[2025-05-11 06:41:28] [0bb41b10c265534e3a6b8d245236c05d] QUERY_STRING: 
[2025-05-11 06:41:28] [0bb41b10c265534e3a6b8d245236c05d] PATH_INFO: なし
[2025-05-11 06:41:28] [0bb41b10c265534e3a6b8d245236c05d] パースされたURL:
Array
(
    [path] => /materials/materials-5922/confirm
)

[2025-05-11 06:41:28] [0bb41b10c265534e3a6b8d245236c05d] 詳細リクエスト情報:
Array
(
    [リクエストURI] => /materials/materials-5922/confirm
    [投稿ID] => 7888
    [投稿スラグ] => materials-5922
    [フォームモード] => confirm
    [クエリ変数] => Array
        (
            [name] => materials-5922
            [materials] => materials-5922
            [post_type] => materials
            [form_mode] => confirm
            [error] => 
            [m] => 
            [p] => 0
            [post_parent] => 
            [subpost] => 
            [subpost_id] => 
            [attachment] => 
            [attachment_id] => 0
            [pagename] => materials-5922
            [page_id] => 0
            [second] => 
            [minute] => 
            [hour] => 
            [day] => 0
            [monthnum] => 0
            [year] => 0
            [w] => 0
            [category_name] => 
            [tag] => 
            [cat] => 
            [tag_id] => 
            [author] => 
            [author_name] => 
            [feed] => 
            [tb] => 
            [paged] => 0
            [meta_key] => 
            [meta_value] => 
            [preview] => 
            [s] => 
            [sentence] => 
            [title] => 
            [fields] => 
            [menu_order] => 
            [embed] => 
            [category__in] => Array
                (
                )

            [category__not_in] => Array
                (
                )

            [category__and] => Array
                (
                )

            [post__in] => Array
                (
                )

            [post__not_in] => Array
                (
                )

            [post_name__in] => Array
                (
                )

            [tag__in] => Array
                (
                )

            [tag__not_in] => Array
                (
                )

            [tag__and] => Array
                (
                )

            [tag_slug__in] => Array
                (
                )

            [tag_slug__and] => Array
                (
                )

            [post_parent__in] => Array
                (
                )

            [post_parent__not_in] => Array
                (
                )

            [author__in] => Array
                (
                )

            [author__not_in] => Array
                (
                )

            [search_columns] => Array
                (
                )

            [ignore_sticky_posts] => 
            [suppress_filters] => 
            [cache_results] => 1
            [update_post_term_cache] => 1
            [update_menu_item_cache] => 
            [lazy_load_term_meta] => 1
            [update_post_meta_cache] => 1
            [posts_per_page] => 1
            [nopaging] => 
            [comments_per_page] => 50
            [no_found_rows] => 
            [order] => DESC
        )

)

[2025-05-11 06:41:28] [0bb41b10c265534e3a6b8d245236c05d] リライトルール:
Array
(
    [materials/([^/]+)/(confirm|complete)/?$] => index.php?materials=$matches[1]&form_mode=$matches[2]
    [contact/(confirm|complete)/?$] => index.php?pagename=contact&form_mode=$matches[1]
    [^landi/landi_area/([^0-9]+)] => index.php?posttype=landi_area&taxonomy_landi_area=$matches[1]
    [landi/magazine/([^0-9]+)/?$] => index.php?taxonomy_magazine=$matches[1]&taxonomy=taxonomy_magazine
    [landi/magazine/([^0-9]+)/page/([^/]+)/?$] => index.php?taxonomy_magazine=$matches[1]&taxonomy=taxonomy_magazine&paged=$matches[2]
    [news/page/([0-9]{1,})/?$] => index.php?post_type=news&paged=$matches[1]
    [news/([^0-9]+)/?$] => index.php?posttype=news&taxonomy_news=$matches[1]
    [news/([^0-9]+)/page/?([0-9]{1,})/?$] => index.php?posttype=news&taxonomy_news=$matches[1]&paged=$matches[2]
    [case_study/page/([0-9]{1,})/?$] => index.php?post_type=case_study&paged=$matches[1]
    [case_study/([^0-9]+)/?$] => index.php?posttype=case_study&taxonomy_case_study=$matches[1]
)

[2025-05-11 06:41:28] [0bb41b10c265534e3a6b8d245236c05d] マッチしたリライトルール:
Array
(
    [パターン] => (.?.+?)(?:/([0-9]+))?/?$
    [リライト先] => index.php?pagename=$matches[1]&page=$matches[2]
)

[2025-05-11 06:41:28] [0bb41b10c265534e3a6b8d245236c05d] セッションID: 0bb41b10c265534e3a6b8d245236c05d
[2025-05-11 06:41:28] [0bb41b10c265534e3a6b8d245236c05d] セッションデータ:
Array
(
    [value] => 1
    [form] => Array
        (
            [company] => Array
                (
                    [label] => 法人名
                    [value] => 株式会社クオートワークス
                    [output] => 株式会社クオートワークス
                )

            [department] => Array
                (
                    [label] => 所属部署名
                    [value] => 
                    [output] => 
                )

            [position] => Array
                (
                    [label] => 役職
                    [value] => executive
                    [output] => 会社役員
                )

            [name] => Array
                (
                    [label] => 担当者名
                    [value] => こんゆうき
                    [output] => こんゆうき
                )

            [email] => Array
                (
                    [label] => 会社用メールアドレス
                    [value] => etll.1b.yyy@icloud.com
                    [output] => etll.1b.yyy@icloud.com
                )

            [phone] => Array
                (
                    [label] => 電話番号
                    [value] => 09030146237
                    [output] => 09030146237
                )

            [message] => Array
                (
                    [label] => ご質問・ご要望など
                    [value] => 
                    [output] => 
                )

            [privacy-agree] => Array
                (
                    [label] => 個人情報の取り扱い
                    [value] => agree
                    [output] => agree
                )

            [notice-agree] => Array
                (
                    [label] => ご注意
                    [value] => agree
                    [output] => agree
                )

        )

    [form_token] => 0bb41b10c265534e3a6b8d245236c05d
    [contact_post_data] => Array
        (
            [form_action] => confirm
            [company] => 株式会社クオートワークス
            [inquiry-type] => service
            [name] => こんゆうき
            [email] => etll.1b.yyy@icloud.com
            [phone] => 09030146237
            [source] => Array
                (
                    [0] => search
                )

            [message] => あああ
            [privacy-agree] => agree
        )

)

[2025-05-11 06:41:28] [0bb41b10c265534e3a6b8d245236c05d] POSTデータ:
Array
(
    [company] => 株式会社クオートワークス
    [department] => 
    [position] => executive
    [name] => こんゆうき
    [email] => etll.1b.yyy@icloud.com
    [phone] => 09030146237
    [message] => 
    [privacy-agree] => agree
    [notice-agree] => agree
)

[2025-05-11 06:41:28] [0bb41b10c265534e3a6b8d245236c05d] Cookieデータ:
Array
(
    [_gcl_au] => 1.1.1740745081.1742698288
    [_ga] => GA1.1.1960639743.1742698288
    [wp-settings-2] => libraryContent=browse
    [wp-settings-time-2] => 1742700202
    [_im_id_1014831] => abdd4d0ab0a3bcc5.1742703366.
    [_uetvid] => 97dfa900b82611ef9a5115826e82b459
    [_fbp] => fb.0.1743642379740.60624780893455483
    [_im_vid] => 01JQWJYHK52P57HG5B4A4BZG1T
    [__td_signed] => true
    [visitor_id391552] => 665005908
    [visitor_id391552-hash] => 36458ad4b727b563c95f144fdc046f508ee2f0e6746c338c10124517297657d40ab33b7dda69728d996a2a416cfc3869067738cf
    [wp-settings-time-46] => 1744684756
    [pma_lang] => ja
    [wp-settings-time-1] => 1745393589
    [wp-settings-1] => libraryContent=browse&editor=tinymce&mfold=o&posts_list_mode=list
    [_ga_FE7EN9LJGZ] => GS1.1.1745808689.3.1.1745810685.60.0.0
    [_td] => 96aed3ba-ffa5-4a06-af2d-7ba822672332
    [dc_cl_id] => YIhbHWAgGiFbyERg
    [_ga_FH7HFXM5YM] => GS2.1.s1746778922$o19$g1$t1746779422$j0$l0$h0
    [_ga_LHFQ3HVR23] => GS2.1.s1746778922$o19$g1$t1746779422$j60$l0$h0
    [mw-wp-form-token] => 80eb6d3213e5ec97e9a7c513f0781c946d368788472601c2cb4bca2c7137903d
    [PHPSESSID] => 0bb41b10c265534e3a6b8d245236c05d
    [_gid] => GA1.1.1512652023.1746937907
    [_clck] => 1y6goel|2|fvt|0|1908
    [_im_ses_1014831] => 1
    [wordpress_test_cookie] => WP Cookie check
    [wordpress_logged_in_61be412601bd3d54d3a55dfa742df826] => landi|1747115731|JKCcZubI7emrhGXBoADVGgi2PrtWMvYSmFKj9cB7tvu|ff1aa3613a62d1fead9f101848219f37e3fcaf105eba1aaf76caadd5a124a879
    [_ga_KEGGXCNVVH] => GS2.1.s1746942399$o115$g1$t1746945486$j51$l0$h0
    [_clsk] => 45rvl|1746945487013|20|1|l.clarity.ms/collect
)

[2025-05-11 06:41:28] [0bb41b10c265534e3a6b8d245236c05d] フォームモード: confirm
[2025-05-11 06:41:28] [0bb41b10c265534e3a6b8d245236c05d] POSTデータあり、強制的にconfirmモードに設定
[2025-05-11 06:41:28] [0bb41b10c265534e3a6b8d245236c05d] フォーム設定:
Array
(
    [FORM_KIND_DIR] => /var/www/html/wp-content/themes/landi_renewal/form/material
    [スラグ] => materials-5922
    [フォームパス] => /materials/materials-5922
)

[2025-05-11 06:41:28] [0bb41b10c265534e3a6b8d245236c05d] 必要なファイルを読み込みました
[2025-05-11 06:41:28] [0bb41b10c265534e3a6b8d245236c05d] 確認画面を表示します
[2025-05-11 06:41:28] [0bb41b10c265534e3a6b8d245236c05d] 確認画面の処理が完了しました
[2025-05-11 06:41:28] [0bb41b10c265534e3a6b8d245236c05d] ---------- フォーム処理終了 ----------
[2025-05-11 06:42:23] [0bb41b10c265534e3a6b8d245236c05d] ---------- フォーム処理開始 ----------
[2025-05-11 06:42:23] [0bb41b10c265534e3a6b8d245236c05d] リクエストURL: /materials/materials-5922/confirm
[2025-05-11 06:42:23] [0bb41b10c265534e3a6b8d245236c05d] リクエスト方法: POST
[2025-05-11 06:42:23] [0bb41b10c265534e3a6b8d245236c05d] REQUEST_METHOD: POST
[2025-05-11 06:42:23] [0bb41b10c265534e3a6b8d245236c05d] QUERY_STRING: 
[2025-05-11 06:42:23] [0bb41b10c265534e3a6b8d245236c05d] PATH_INFO: なし
[2025-05-11 06:42:23] [0bb41b10c265534e3a6b8d245236c05d] パースされたURL:
Array
(
    [path] => /materials/materials-5922/confirm
)

[2025-05-11 06:42:23] [0bb41b10c265534e3a6b8d245236c05d] 詳細リクエスト情報:
Array
(
    [リクエストURI] => /materials/materials-5922/confirm
    [投稿ID] => 7888
    [投稿スラグ] => materials-5922
    [フォームモード] => confirm
    [クエリ変数] => Array
        (
            [name] => materials-5922
            [materials] => materials-5922
            [post_type] => materials
            [form_mode] => confirm
            [error] => 
            [m] => 
            [p] => 0
            [post_parent] => 
            [subpost] => 
            [subpost_id] => 
            [attachment] => 
            [attachment_id] => 0
            [pagename] => materials-5922
            [page_id] => 0
            [second] => 
            [minute] => 
            [hour] => 
            [day] => 0
            [monthnum] => 0
            [year] => 0
            [w] => 0
            [category_name] => 
            [tag] => 
            [cat] => 
            [tag_id] => 
            [author] => 
            [author_name] => 
            [feed] => 
            [tb] => 
            [paged] => 0
            [meta_key] => 
            [meta_value] => 
            [preview] => 
            [s] => 
            [sentence] => 
            [title] => 
            [fields] => 
            [menu_order] => 
            [embed] => 
            [category__in] => Array
                (
                )

            [category__not_in] => Array
                (
                )

            [category__and] => Array
                (
                )

            [post__in] => Array
                (
                )

            [post__not_in] => Array
                (
                )

            [post_name__in] => Array
                (
                )

            [tag__in] => Array
                (
                )

            [tag__not_in] => Array
                (
                )

            [tag__and] => Array
                (
                )

            [tag_slug__in] => Array
                (
                )

            [tag_slug__and] => Array
                (
                )

            [post_parent__in] => Array
                (
                )

            [post_parent__not_in] => Array
                (
                )

            [author__in] => Array
                (
                )

            [author__not_in] => Array
                (
                )

            [search_columns] => Array
                (
                )

            [ignore_sticky_posts] => 
            [suppress_filters] => 
            [cache_results] => 1
            [update_post_term_cache] => 1
            [update_menu_item_cache] => 
            [lazy_load_term_meta] => 1
            [update_post_meta_cache] => 1
            [posts_per_page] => 1
            [nopaging] => 
            [comments_per_page] => 50
            [no_found_rows] => 
            [order] => DESC
        )

)

[2025-05-11 06:42:23] [0bb41b10c265534e3a6b8d245236c05d] リライトルール:
Array
(
    [materials/([^/]+)/(confirm|complete)/?$] => index.php?materials=$matches[1]&form_mode=$matches[2]
    [contact/(confirm|complete)/?$] => index.php?pagename=contact&form_mode=$matches[1]
    [^landi/landi_area/([^0-9]+)] => index.php?posttype=landi_area&taxonomy_landi_area=$matches[1]
    [landi/magazine/([^0-9]+)/?$] => index.php?taxonomy_magazine=$matches[1]&taxonomy=taxonomy_magazine
    [landi/magazine/([^0-9]+)/page/([^/]+)/?$] => index.php?taxonomy_magazine=$matches[1]&taxonomy=taxonomy_magazine&paged=$matches[2]
    [news/page/([0-9]{1,})/?$] => index.php?post_type=news&paged=$matches[1]
    [news/([^0-9]+)/?$] => index.php?posttype=news&taxonomy_news=$matches[1]
    [news/([^0-9]+)/page/?([0-9]{1,})/?$] => index.php?posttype=news&taxonomy_news=$matches[1]&paged=$matches[2]
    [case_study/page/([0-9]{1,})/?$] => index.php?post_type=case_study&paged=$matches[1]
    [case_study/([^0-9]+)/?$] => index.php?posttype=case_study&taxonomy_case_study=$matches[1]
)

[2025-05-11 06:42:23] [0bb41b10c265534e3a6b8d245236c05d] マッチしたリライトルール:
Array
(
    [パターン] => (.?.+?)(?:/([0-9]+))?/?$
    [リライト先] => index.php?pagename=$matches[1]&page=$matches[2]
)

[2025-05-11 06:42:23] [0bb41b10c265534e3a6b8d245236c05d] セッションID: 0bb41b10c265534e3a6b8d245236c05d
[2025-05-11 06:42:23] [0bb41b10c265534e3a6b8d245236c05d] セッションデータ:
Array
(
    [value] => 1
    [form] => Array
        (
            [company] => Array
                (
                    [label] => 法人名
                    [value] => 株式会社クオートワークス
                    [output] => 株式会社クオートワークス
                )

            [department] => Array
                (
                    [label] => 所属部署名
                    [value] => 
                    [output] => 
                )

            [position] => Array
                (
                    [label] => 役職
                    [value] => executive
                    [output] => 会社役員
                )

            [name] => Array
                (
                    [label] => 担当者名
                    [value] => こんゆうき
                    [output] => こんゆうき
                )

            [email] => Array
                (
                    [label] => 会社用メールアドレス
                    [value] => etll.1b.yyy@icloud.com
                    [output] => etll.1b.yyy@icloud.com
                )

            [phone] => Array
                (
                    [label] => 電話番号
                    [value] => 09030146237
                    [output] => 09030146237
                )

            [message] => Array
                (
                    [label] => ご質問・ご要望など
                    [value] => 
                    [output] => 
                )

            [privacy-agree] => Array
                (
                    [label] => 個人情報の取り扱い
                    [value] => agree
                    [output] => agree
                )

            [notice-agree] => Array
                (
                    [label] => ご注意
                    [value] => agree
                    [output] => agree
                )

        )

    [form_token] => 0bb41b10c265534e3a6b8d245236c05d
    [contact_post_data] => Array
        (
            [form_action] => confirm
            [company] => 株式会社クオートワークス
            [inquiry-type] => service
            [name] => こんゆうき
            [email] => etll.1b.yyy@icloud.com
            [phone] => 09030146237
            [source] => Array
                (
                    [0] => search
                )

            [message] => あああ
            [privacy-agree] => agree
        )

)

[2025-05-11 06:42:23] [0bb41b10c265534e3a6b8d245236c05d] POSTデータ:
Array
(
    [company] => 株式会社クオートワークス
    [department] => 
    [position] => executive
    [name] => こんゆうき
    [email] => etll.1b.yyy@icloud.com
    [phone] => 09030146237
    [message] => 
    [privacy-agree] => agree
    [notice-agree] => agree
)

[2025-05-11 06:42:23] [0bb41b10c265534e3a6b8d245236c05d] Cookieデータ:
Array
(
    [_gcl_au] => 1.1.1740745081.1742698288
    [_ga] => GA1.1.1960639743.1742698288
    [wp-settings-2] => libraryContent=browse
    [wp-settings-time-2] => 1742700202
    [_im_id_1014831] => abdd4d0ab0a3bcc5.1742703366.
    [_uetvid] => 97dfa900b82611ef9a5115826e82b459
    [_fbp] => fb.0.1743642379740.60624780893455483
    [_im_vid] => 01JQWJYHK52P57HG5B4A4BZG1T
    [__td_signed] => true
    [visitor_id391552] => 665005908
    [visitor_id391552-hash] => 36458ad4b727b563c95f144fdc046f508ee2f0e6746c338c10124517297657d40ab33b7dda69728d996a2a416cfc3869067738cf
    [wp-settings-time-46] => 1744684756
    [pma_lang] => ja
    [wp-settings-time-1] => 1745393589
    [wp-settings-1] => libraryContent=browse&editor=tinymce&mfold=o&posts_list_mode=list
    [_ga_FE7EN9LJGZ] => GS1.1.1745808689.3.1.1745810685.60.0.0
    [_td] => 96aed3ba-ffa5-4a06-af2d-7ba822672332
    [dc_cl_id] => YIhbHWAgGiFbyERg
    [_ga_FH7HFXM5YM] => GS2.1.s1746778922$o19$g1$t1746779422$j0$l0$h0
    [_ga_LHFQ3HVR23] => GS2.1.s1746778922$o19$g1$t1746779422$j60$l0$h0
    [mw-wp-form-token] => 80eb6d3213e5ec97e9a7c513f0781c946d368788472601c2cb4bca2c7137903d
    [PHPSESSID] => 0bb41b10c265534e3a6b8d245236c05d
    [_gid] => GA1.1.1512652023.1746937907
    [_clck] => 1y6goel|2|fvt|0|1908
    [_im_ses_1014831] => 1
    [wordpress_test_cookie] => WP Cookie check
    [wordpress_logged_in_61be412601bd3d54d3a55dfa742df826] => landi|1747115731|JKCcZubI7emrhGXBoADVGgi2PrtWMvYSmFKj9cB7tvu|ff1aa3613a62d1fead9f101848219f37e3fcaf105eba1aaf76caadd5a124a879
    [_gat_UA-1606041-9] => 1
    [_ga_KEGGXCNVVH] => GS2.1.s1746942399$o115$g1$t1746945690$j58$l0$h0
    [_clsk] => 45rvl|1746945691479|21|1|l.clarity.ms/collect
)

[2025-05-11 06:42:23] [0bb41b10c265534e3a6b8d245236c05d] フォームモード: confirm
[2025-05-11 06:42:23] [0bb41b10c265534e3a6b8d245236c05d] POSTデータあり、強制的にconfirmモードに設定
[2025-05-11 06:42:23] [0bb41b10c265534e3a6b8d245236c05d] フォーム設定:
Array
(
    [FORM_KIND_DIR] => /var/www/html/wp-content/themes/landi_renewal/form/material
    [スラグ] => materials-5922
    [フォームパス] => /materials/materials-5922
)

[2025-05-11 06:42:23] [0bb41b10c265534e3a6b8d245236c05d] 必要なファイルを読み込みました
[2025-05-11 06:42:23] [0bb41b10c265534e3a6b8d245236c05d] 確認画面を表示します
[2025-05-11 06:42:23] [0bb41b10c265534e3a6b8d245236c05d] 確認画面の処理が完了しました
[2025-05-11 06:42:23] [0bb41b10c265534e3a6b8d245236c05d] ---------- フォーム処理終了 ----------
[2025-05-11 06:43:12] [0bb41b10c265534e3a6b8d245236c05d] ---------- フォーム処理開始 ----------
[2025-05-11 06:43:12] [0bb41b10c265534e3a6b8d245236c05d] リクエストURL: /contact
[2025-05-11 06:43:12] [0bb41b10c265534e3a6b8d245236c05d] リクエスト方法: GET
[2025-05-11 06:43:12] [0bb41b10c265534e3a6b8d245236c05d] REQUEST_METHOD: GET
[2025-05-11 06:43:12] [0bb41b10c265534e3a6b8d245236c05d] QUERY_STRING: 
[2025-05-11 06:43:12] [0bb41b10c265534e3a6b8d245236c05d] PATH_INFO: なし
[2025-05-11 06:43:12] [0bb41b10c265534e3a6b8d245236c05d] パースされたURL:
Array
(
    [path] => /contact
)

[2025-05-11 06:43:12] [0bb41b10c265534e3a6b8d245236c05d] 詳細リクエスト情報:
Array
(
    [リクエストURI] => /contact
    [投稿ID] => 17468
    [投稿スラグ] => contact
    [フォームモード] => 
    [クエリ変数] => Array
        (
            [page] => 0
            [pagename] => contact
            [error] => 
            [m] => 
            [p] => 0
            [post_parent] => 
            [subpost] => 
            [subpost_id] => 
            [attachment] => 
            [attachment_id] => 0
            [name] => contact
            [page_id] => 0
            [second] => 
            [minute] => 
            [hour] => 
            [day] => 0
            [monthnum] => 0
            [year] => 0
            [w] => 0
            [category_name] => 
            [tag] => 
            [cat] => 
            [tag_id] => 
            [author] => 
            [author_name] => 
            [feed] => 
            [tb] => 
            [paged] => 0
            [meta_key] => 
            [meta_value] => 
            [preview] => 
            [s] => 
            [sentence] => 
            [title] => 
            [fields] => 
            [menu_order] => 
            [embed] => 
            [category__in] => Array
                (
                )

            [category__not_in] => Array
                (
                )

            [category__and] => Array
                (
                )

            [post__in] => Array
                (
                )

            [post__not_in] => Array
                (
                )

            [post_name__in] => Array
                (
                )

            [tag__in] => Array
                (
                )

            [tag__not_in] => Array
                (
                )

            [tag__and] => Array
                (
                )

            [tag_slug__in] => Array
                (
                )

            [tag_slug__and] => Array
                (
                )

            [post_parent__in] => Array
                (
                )

            [post_parent__not_in] => Array
                (
                )

            [author__in] => Array
                (
                )

            [author__not_in] => Array
                (
                )

            [search_columns] => Array
                (
                )

            [ignore_sticky_posts] => 
            [suppress_filters] => 
            [cache_results] => 1
            [update_post_term_cache] => 1
            [update_menu_item_cache] => 
            [lazy_load_term_meta] => 1
            [update_post_meta_cache] => 1
            [post_type] => 
            [posts_per_page] => 1
            [nopaging] => 
            [comments_per_page] => 50
            [no_found_rows] => 
            [order] => DESC
        )

)

[2025-05-11 06:43:12] [0bb41b10c265534e3a6b8d245236c05d] リライトルール:
Array
(
    [materials/([^/]+)/(confirm|complete)/?$] => index.php?materials=$matches[1]&form_mode=$matches[2]
    [contact/(confirm|complete)/?$] => index.php?pagename=contact&form_mode=$matches[1]
    [^landi/landi_area/([^0-9]+)] => index.php?posttype=landi_area&taxonomy_landi_area=$matches[1]
    [landi/magazine/([^0-9]+)/?$] => index.php?taxonomy_magazine=$matches[1]&taxonomy=taxonomy_magazine
    [landi/magazine/([^0-9]+)/page/([^/]+)/?$] => index.php?taxonomy_magazine=$matches[1]&taxonomy=taxonomy_magazine&paged=$matches[2]
    [news/page/([0-9]{1,})/?$] => index.php?post_type=news&paged=$matches[1]
    [news/([^0-9]+)/?$] => index.php?posttype=news&taxonomy_news=$matches[1]
    [news/([^0-9]+)/page/?([0-9]{1,})/?$] => index.php?posttype=news&taxonomy_news=$matches[1]&paged=$matches[2]
    [case_study/page/([0-9]{1,})/?$] => index.php?post_type=case_study&paged=$matches[1]
    [case_study/([^0-9]+)/?$] => index.php?posttype=case_study&taxonomy_case_study=$matches[1]
)

[2025-05-11 06:43:12] [0bb41b10c265534e3a6b8d245236c05d] マッチしたリライトルール:
Array
(
    [パターン] => (.?.+?)(?:/([0-9]+))?/?$
    [リライト先] => index.php?pagename=$matches[1]&page=$matches[2]
)

[2025-05-11 06:43:12] [0bb41b10c265534e3a6b8d245236c05d] セッションID: 0bb41b10c265534e3a6b8d245236c05d
[2025-05-11 06:43:12] [0bb41b10c265534e3a6b8d245236c05d] セッションデータ:
Array
(
    [value] => 1
    [form] => Array
        (
            [company] => Array
                (
                    [label] => 法人名
                    [value] => 株式会社クオートワークス
                    [output] => 株式会社クオートワークス
                )

            [department] => Array
                (
                    [label] => 所属部署名
                    [value] => 
                    [output] => 
                )

            [position] => Array
                (
                    [label] => 役職
                    [value] => executive
                    [output] => 会社役員
                )

            [name] => Array
                (
                    [label] => 担当者名
                    [value] => こんゆうき
                    [output] => こんゆうき
                )

            [email] => Array
                (
                    [label] => 会社用メールアドレス
                    [value] => etll.1b.yyy@icloud.com
                    [output] => etll.1b.yyy@icloud.com
                )

            [phone] => Array
                (
                    [label] => 電話番号
                    [value] => 09030146237
                    [output] => 09030146237
                )

            [message] => Array
                (
                    [label] => ご質問・ご要望など
                    [value] => 
                    [output] => 
                )

            [privacy-agree] => Array
                (
                    [label] => 個人情報の取り扱い
                    [value] => agree
                    [output] => agree
                )

            [notice-agree] => Array
                (
                    [label] => ご注意
                    [value] => agree
                    [output] => agree
                )

        )

    [form_token] => 0bb41b10c265534e3a6b8d245236c05d
    [contact_post_data] => Array
        (
            [form_action] => confirm
            [company] => 株式会社クオートワークス
            [inquiry-type] => service
            [name] => こんゆうき
            [email] => etll.1b.yyy@icloud.com
            [phone] => 09030146237
            [source] => Array
                (
                    [0] => search
                )

            [message] => あああ
            [privacy-agree] => agree
        )

)

[2025-05-11 06:43:12] [0bb41b10c265534e3a6b8d245236c05d] POSTデータなし
[2025-05-11 06:43:12] [0bb41b10c265534e3a6b8d245236c05d] Cookieデータ:
Array
(
    [_gcl_au] => 1.1.1740745081.1742698288
    [_ga] => GA1.1.1960639743.1742698288
    [wp-settings-2] => libraryContent=browse
    [wp-settings-time-2] => 1742700202
    [_im_id_1014831] => abdd4d0ab0a3bcc5.1742703366.
    [_uetvid] => 97dfa900b82611ef9a5115826e82b459
    [_fbp] => fb.0.1743642379740.60624780893455483
    [_im_vid] => 01JQWJYHK52P57HG5B4A4BZG1T
    [__td_signed] => true
    [visitor_id391552] => 665005908
    [visitor_id391552-hash] => 36458ad4b727b563c95f144fdc046f508ee2f0e6746c338c10124517297657d40ab33b7dda69728d996a2a416cfc3869067738cf
    [wp-settings-time-46] => 1744684756
    [pma_lang] => ja
    [wp-settings-time-1] => 1745393589
    [wp-settings-1] => libraryContent=browse&editor=tinymce&mfold=o&posts_list_mode=list
    [_ga_FE7EN9LJGZ] => GS1.1.1745808689.3.1.1745810685.60.0.0
    [_td] => 96aed3ba-ffa5-4a06-af2d-7ba822672332
    [dc_cl_id] => YIhbHWAgGiFbyERg
    [_ga_FH7HFXM5YM] => GS2.1.s1746778922$o19$g1$t1746779422$j0$l0$h0
    [_ga_LHFQ3HVR23] => GS2.1.s1746778922$o19$g1$t1746779422$j60$l0$h0
    [mw-wp-form-token] => 80eb6d3213e5ec97e9a7c513f0781c946d368788472601c2cb4bca2c7137903d
    [PHPSESSID] => 0bb41b10c265534e3a6b8d245236c05d
    [_gid] => GA1.1.1512652023.1746937907
    [_clck] => 1y6goel|2|fvt|0|1908
    [_im_ses_1014831] => 1
    [wordpress_test_cookie] => WP Cookie check
    [wordpress_logged_in_61be412601bd3d54d3a55dfa742df826] => landi|1747115731|JKCcZubI7emrhGXBoADVGgi2PrtWMvYSmFKj9cB7tvu|ff1aa3613a62d1fead9f101848219f37e3fcaf105eba1aaf76caadd5a124a879
    [_ga_KEGGXCNVVH] => GS2.1.s1746942399$o115$g1$t1746945744$j4$l0$h0
    [_clsk] => 45rvl|1746945745654|22|1|l.clarity.ms/collect
    [_gat_UA-1606041-9] => 1
)

[2025-05-11 06:43:12] [0bb41b10c265534e3a6b8d245236c05d] フォームモード: 
[2025-05-11 06:43:12] [0bb41b10c265534e3a6b8d245236c05d] フォーム設定:
Array
(
    [FORM_KIND_DIR] => /var/www/html/wp-content/themes/landi_renewal/form/contact
    [フォームパス] => /contact
)

[2025-05-11 06:43:12] [0bb41b10c265534e3a6b8d245236c05d] 必要なファイルを読み込みました
[2025-05-11 06:43:12] [0bb41b10c265534e3a6b8d245236c05d] 入力画面を表示します
[2025-05-11 06:43:12] [0bb41b10c265534e3a6b8d245236c05d] POSTデータあり、またはリファラーあり: セッションを維持
[2025-05-11 06:43:12] [0bb41b10c265534e3a6b8d245236c05d] 入力画面の処理が完了しました
[2025-05-11 06:43:12] [0bb41b10c265534e3a6b8d245236c05d] ---------- お問い合わせフォーム処理終了 ----------
[2025-05-11 06:43:24] [0bb41b10c265534e3a6b8d245236c05d] ---------- フォーム処理開始 ----------
[2025-05-11 06:43:24] [0bb41b10c265534e3a6b8d245236c05d] リクエストURL: /contact/confirm
[2025-05-11 06:43:24] [0bb41b10c265534e3a6b8d245236c05d] リクエスト方法: POST
[2025-05-11 06:43:24] [0bb41b10c265534e3a6b8d245236c05d] REQUEST_METHOD: POST
[2025-05-11 06:43:24] [0bb41b10c265534e3a6b8d245236c05d] QUERY_STRING: 
[2025-05-11 06:43:24] [0bb41b10c265534e3a6b8d245236c05d] PATH_INFO: なし
[2025-05-11 06:43:24] [0bb41b10c265534e3a6b8d245236c05d] パースされたURL:
Array
(
    [path] => /contact/confirm
)

[2025-05-11 06:43:24] [0bb41b10c265534e3a6b8d245236c05d] 詳細リクエスト情報:
Array
(
    [リクエストURI] => /contact/confirm
    [投稿ID] => 17468
    [投稿スラグ] => contact
    [フォームモード] => confirm
    [クエリ変数] => Array
        (
            [pagename] => contact
            [form_mode] => confirm
            [error] => 
            [m] => 
            [p] => 0
            [post_parent] => 
            [subpost] => 
            [subpost_id] => 
            [attachment] => 
            [attachment_id] => 0
            [name] => contact
            [page_id] => 0
            [second] => 
            [minute] => 
            [hour] => 
            [day] => 0
            [monthnum] => 0
            [year] => 0
            [w] => 0
            [category_name] => 
            [tag] => 
            [cat] => 
            [tag_id] => 
            [author] => 
            [author_name] => 
            [feed] => 
            [tb] => 
            [paged] => 0
            [meta_key] => 
            [meta_value] => 
            [preview] => 
            [s] => 
            [sentence] => 
            [title] => 
            [fields] => 
            [menu_order] => 
            [embed] => 
            [category__in] => Array
                (
                )

            [category__not_in] => Array
                (
                )

            [category__and] => Array
                (
                )

            [post__in] => Array
                (
                )

            [post__not_in] => Array
                (
                )

            [post_name__in] => Array
                (
                )

            [tag__in] => Array
                (
                )

            [tag__not_in] => Array
                (
                )

            [tag__and] => Array
                (
                )

            [tag_slug__in] => Array
                (
                )

            [tag_slug__and] => Array
                (
                )

            [post_parent__in] => Array
                (
                )

            [post_parent__not_in] => Array
                (
                )

            [author__in] => Array
                (
                )

            [author__not_in] => Array
                (
                )

            [search_columns] => Array
                (
                )

            [ignore_sticky_posts] => 
            [suppress_filters] => 
            [cache_results] => 1
            [update_post_term_cache] => 1
            [update_menu_item_cache] => 
            [lazy_load_term_meta] => 1
            [update_post_meta_cache] => 1
            [post_type] => 
            [posts_per_page] => 1
            [nopaging] => 
            [comments_per_page] => 50
            [no_found_rows] => 
            [order] => DESC
        )

)

[2025-05-11 06:43:24] [0bb41b10c265534e3a6b8d245236c05d] リライトルール:
Array
(
    [materials/([^/]+)/(confirm|complete)/?$] => index.php?materials=$matches[1]&form_mode=$matches[2]
    [contact/(confirm|complete)/?$] => index.php?pagename=contact&form_mode=$matches[1]
    [^landi/landi_area/([^0-9]+)] => index.php?posttype=landi_area&taxonomy_landi_area=$matches[1]
    [landi/magazine/([^0-9]+)/?$] => index.php?taxonomy_magazine=$matches[1]&taxonomy=taxonomy_magazine
    [landi/magazine/([^0-9]+)/page/([^/]+)/?$] => index.php?taxonomy_magazine=$matches[1]&taxonomy=taxonomy_magazine&paged=$matches[2]
    [news/page/([0-9]{1,})/?$] => index.php?post_type=news&paged=$matches[1]
    [news/([^0-9]+)/?$] => index.php?posttype=news&taxonomy_news=$matches[1]
    [news/([^0-9]+)/page/?([0-9]{1,})/?$] => index.php?posttype=news&taxonomy_news=$matches[1]&paged=$matches[2]
    [case_study/page/([0-9]{1,})/?$] => index.php?post_type=case_study&paged=$matches[1]
    [case_study/([^0-9]+)/?$] => index.php?posttype=case_study&taxonomy_case_study=$matches[1]
)

[2025-05-11 06:43:24] [0bb41b10c265534e3a6b8d245236c05d] マッチしたリライトルール:
Array
(
    [パターン] => (.?.+?)(?:/([0-9]+))?/?$
    [リライト先] => index.php?pagename=$matches[1]&page=$matches[2]
)

[2025-05-11 06:43:24] [0bb41b10c265534e3a6b8d245236c05d] セッションID: 0bb41b10c265534e3a6b8d245236c05d
[2025-05-11 06:43:24] [0bb41b10c265534e3a6b8d245236c05d] セッションデータ:
Array
(
    [value] => 1
    [form] => Array
        (
            [company] => Array
                (
                    [label] => 法人名
                    [value] => 株式会社クオートワークス
                    [output] => 株式会社クオートワークス
                )

            [department] => Array
                (
                    [label] => 所属部署名
                    [value] => 
                    [output] => 
                )

            [position] => Array
                (
                    [label] => 役職
                    [value] => executive
                    [output] => 会社役員
                )

            [name] => Array
                (
                    [label] => 担当者名
                    [value] => こんゆうき
                    [output] => こんゆうき
                )

            [email] => Array
                (
                    [label] => 会社用メールアドレス
                    [value] => etll.1b.yyy@icloud.com
                    [output] => etll.1b.yyy@icloud.com
                )

            [phone] => Array
                (
                    [label] => 電話番号
                    [value] => 09030146237
                    [output] => 09030146237
                )

            [message] => Array
                (
                    [label] => ご質問・ご要望など
                    [value] => 
                    [output] => 
                )

            [privacy-agree] => Array
                (
                    [label] => 個人情報の取り扱い
                    [value] => agree
                    [output] => agree
                )

            [notice-agree] => Array
                (
                    [label] => ご注意
                    [value] => agree
                    [output] => agree
                )

        )

    [form_token] => 0bb41b10c265534e3a6b8d245236c05d
    [contact_post_data] => Array
        (
            [form_action] => confirm
            [company] => 株式会社クオートワークス
            [inquiry-type] => service
            [contact_name] => こんゆうき
            [email] => etll.1b.yyy@icloud.com
            [phone] => 09030146237
            [source] => Array
                (
                    [0] => magazine
                    [1] => sns
                )

            [message] => あああ
            [privacy-agree] => agree
        )

)

[2025-05-11 06:43:24] [0bb41b10c265534e3a6b8d245236c05d] POSTデータ:
Array
(
    [form_action] => confirm
    [company] => 株式会社クオートワークス
    [inquiry-type] => service
    [contact_name] => こんゆうき
    [email] => etll.1b.yyy@icloud.com
    [phone] => 09030146237
    [source] => Array
        (
            [0] => magazine
            [1] => sns
        )

    [message] => あああ
    [privacy-agree] => agree
)

[2025-05-11 06:43:24] [0bb41b10c265534e3a6b8d245236c05d] Cookieデータ:
Array
(
    [_gcl_au] => 1.1.1740745081.1742698288
    [_ga] => GA1.1.1960639743.1742698288
    [wp-settings-2] => libraryContent=browse
    [wp-settings-time-2] => 1742700202
    [_im_id_1014831] => abdd4d0ab0a3bcc5.1742703366.
    [_uetvid] => 97dfa900b82611ef9a5115826e82b459
    [_fbp] => fb.0.1743642379740.60624780893455483
    [_im_vid] => 01JQWJYHK52P57HG5B4A4BZG1T
    [__td_signed] => true
    [visitor_id391552] => 665005908
    [visitor_id391552-hash] => 36458ad4b727b563c95f144fdc046f508ee2f0e6746c338c10124517297657d40ab33b7dda69728d996a2a416cfc3869067738cf
    [wp-settings-time-46] => 1744684756
    [pma_lang] => ja
    [wp-settings-time-1] => 1745393589
    [wp-settings-1] => libraryContent=browse&editor=tinymce&mfold=o&posts_list_mode=list
    [_ga_FE7EN9LJGZ] => GS1.1.1745808689.3.1.1745810685.60.0.0
    [_td] => 96aed3ba-ffa5-4a06-af2d-7ba822672332
    [dc_cl_id] => YIhbHWAgGiFbyERg
    [_ga_FH7HFXM5YM] => GS2.1.s1746778922$o19$g1$t1746779422$j0$l0$h0
    [_ga_LHFQ3HVR23] => GS2.1.s1746778922$o19$g1$t1746779422$j60$l0$h0
    [mw-wp-form-token] => 80eb6d3213e5ec97e9a7c513f0781c946d368788472601c2cb4bca2c7137903d
    [PHPSESSID] => 0bb41b10c265534e3a6b8d245236c05d
    [_gid] => GA1.1.1512652023.1746937907
    [_clck] => 1y6goel|2|fvt|0|1908
    [_im_ses_1014831] => 1
    [wordpress_test_cookie] => WP Cookie check
    [wordpress_logged_in_61be412601bd3d54d3a55dfa742df826] => landi|1747115731|JKCcZubI7emrhGXBoADVGgi2PrtWMvYSmFKj9cB7tvu|ff1aa3613a62d1fead9f101848219f37e3fcaf105eba1aaf76caadd5a124a879
    [_clsk] => 45rvl|1746945745654|22|1|l.clarity.ms/collect
    [_gat_UA-1606041-9] => 1
    [_ga_KEGGXCNVVH] => GS2.1.s1746942399$o115$g1$t1746945804$j48$l0$h0
)

[2025-05-11 06:43:24] [0bb41b10c265534e3a6b8d245236c05d] フォームモード: confirm
[2025-05-11 06:43:24] [0bb41b10c265534e3a6b8d245236c05d] POSTデータあり、強制的にconfirmモードに設定
[2025-05-11 06:43:24] [0bb41b10c265534e3a6b8d245236c05d] フォーム設定:
Array
(
    [FORM_KIND_DIR] => /var/www/html/wp-content/themes/landi_renewal/form/contact
    [フォームパス] => /contact
)

[2025-05-11 06:43:24] [0bb41b10c265534e3a6b8d245236c05d] 必要なファイルを読み込みました
[2025-05-11 06:43:24] [0bb41b10c265534e3a6b8d245236c05d] 確認画面を表示します
[2025-05-11 06:43:24] [0bb41b10c265534e3a6b8d245236c05d] 確認画面を表示します - POSTデータ:
Array
(
    [form_action] => confirm
    [company] => 株式会社クオートワークス
    [inquiry-type] => service
    [contact_name] => こんゆうき
    [email] => etll.1b.yyy@icloud.com
    [phone] => 09030146237
    [source] => Array
        (
            [0] => magazine
            [1] => sns
        )

    [message] => あああ
    [privacy-agree] => agree
)

[2025-05-11 06:43:24] [0bb41b10c265534e3a6b8d245236c05d] 確認画面を表示します - REQUEST_URI: /contact/confirm
[2025-05-11 06:43:24] [0bb41b10c265534e3a6b8d245236c05d] 確認画面の処理が完了しました
[2025-05-11 06:43:24] [0bb41b10c265534e3a6b8d245236c05d] ---------- お問い合わせフォーム処理終了 ----------
[2025-05-11 06:43:30] [0bb41b10c265534e3a6b8d245236c05d] ---------- フォーム処理開始 ----------
[2025-05-11 06:43:30] [0bb41b10c265534e3a6b8d245236c05d] リクエストURL: /contact/complete
[2025-05-11 06:43:30] [0bb41b10c265534e3a6b8d245236c05d] リクエスト方法: GET
[2025-05-11 06:43:30] [0bb41b10c265534e3a6b8d245236c05d] REQUEST_METHOD: GET
[2025-05-11 06:43:30] [0bb41b10c265534e3a6b8d245236c05d] QUERY_STRING: 
[2025-05-11 06:43:30] [0bb41b10c265534e3a6b8d245236c05d] PATH_INFO: なし
[2025-05-11 06:43:30] [0bb41b10c265534e3a6b8d245236c05d] パースされたURL:
Array
(
    [path] => /contact/complete
)

[2025-05-11 06:43:30] [0bb41b10c265534e3a6b8d245236c05d] 詳細リクエスト情報:
Array
(
    [リクエストURI] => /contact/complete
    [投稿ID] => 17468
    [投稿スラグ] => contact
    [フォームモード] => complete
    [クエリ変数] => Array
        (
            [pagename] => contact
            [form_mode] => complete
            [error] => 
            [m] => 
            [p] => 0
            [post_parent] => 
            [subpost] => 
            [subpost_id] => 
            [attachment] => 
            [attachment_id] => 0
            [name] => contact
            [page_id] => 0
            [second] => 
            [minute] => 
            [hour] => 
            [day] => 0
            [monthnum] => 0
            [year] => 0
            [w] => 0
            [category_name] => 
            [tag] => 
            [cat] => 
            [tag_id] => 
            [author] => 
            [author_name] => 
            [feed] => 
            [tb] => 
            [paged] => 0
            [meta_key] => 
            [meta_value] => 
            [preview] => 
            [s] => 
            [sentence] => 
            [title] => 
            [fields] => 
            [menu_order] => 
            [embed] => 
            [category__in] => Array
                (
                )

            [category__not_in] => Array
                (
                )

            [category__and] => Array
                (
                )

            [post__in] => Array
                (
                )

            [post__not_in] => Array
                (
                )

            [post_name__in] => Array
                (
                )

            [tag__in] => Array
                (
                )

            [tag__not_in] => Array
                (
                )

            [tag__and] => Array
                (
                )

            [tag_slug__in] => Array
                (
                )

            [tag_slug__and] => Array
                (
                )

            [post_parent__in] => Array
                (
                )

            [post_parent__not_in] => Array
                (
                )

            [author__in] => Array
                (
                )

            [author__not_in] => Array
                (
                )

            [search_columns] => Array
                (
                )

            [ignore_sticky_posts] => 
            [suppress_filters] => 
            [cache_results] => 1
            [update_post_term_cache] => 1
            [update_menu_item_cache] => 
            [lazy_load_term_meta] => 1
            [update_post_meta_cache] => 1
            [post_type] => 
            [posts_per_page] => 1
            [nopaging] => 
            [comments_per_page] => 50
            [no_found_rows] => 
            [order] => DESC
        )

)

[2025-05-11 06:43:30] [0bb41b10c265534e3a6b8d245236c05d] リライトルール:
Array
(
    [materials/([^/]+)/(confirm|complete)/?$] => index.php?materials=$matches[1]&form_mode=$matches[2]
    [contact/(confirm|complete)/?$] => index.php?pagename=contact&form_mode=$matches[1]
    [^landi/landi_area/([^0-9]+)] => index.php?posttype=landi_area&taxonomy_landi_area=$matches[1]
    [landi/magazine/([^0-9]+)/?$] => index.php?taxonomy_magazine=$matches[1]&taxonomy=taxonomy_magazine
    [landi/magazine/([^0-9]+)/page/([^/]+)/?$] => index.php?taxonomy_magazine=$matches[1]&taxonomy=taxonomy_magazine&paged=$matches[2]
    [news/page/([0-9]{1,})/?$] => index.php?post_type=news&paged=$matches[1]
    [news/([^0-9]+)/?$] => index.php?posttype=news&taxonomy_news=$matches[1]
    [news/([^0-9]+)/page/?([0-9]{1,})/?$] => index.php?posttype=news&taxonomy_news=$matches[1]&paged=$matches[2]
    [case_study/page/([0-9]{1,})/?$] => index.php?post_type=case_study&paged=$matches[1]
    [case_study/([^0-9]+)/?$] => index.php?posttype=case_study&taxonomy_case_study=$matches[1]
)

[2025-05-11 06:43:30] [0bb41b10c265534e3a6b8d245236c05d] マッチしたリライトルール:
Array
(
    [パターン] => (.?.+?)(?:/([0-9]+))?/?$
    [リライト先] => index.php?pagename=$matches[1]&page=$matches[2]
)

[2025-05-11 06:43:30] [0bb41b10c265534e3a6b8d245236c05d] セッションID: 0bb41b10c265534e3a6b8d245236c05d
[2025-05-11 06:43:30] [0bb41b10c265534e3a6b8d245236c05d] セッションデータ:
Array
(
    [value] => 1
    [form] => Array
        (
            [company] => Array
                (
                    [label] => 法人名
                    [value] => 株式会社クオートワークス
                    [output] => 株式会社クオートワークス
                )

            [inquiry-type] => Array
                (
                    [label] => 問い合わせ種別
                    [value] => service
                    [output] => サービスについて
                )

            [contact_name] => Array
                (
                    [label] => お名前
                    [value] => こんゆうき
                    [output] => こんゆうき
                )

            [email] => Array
                (
                    [label] => メールアドレス
                    [value] => etll.1b.yyy@icloud.com
                    [output] => etll.1b.yyy@icloud.com
                )

            [phone] => Array
                (
                    [label] => 電話番号
                    [value] => 09030146237
                    [output] => 09030146237
                )

            [source] => Array
                (
                    [label] => 最初に弊社を知ったきっかけ
                    [value] => Array
                        (
                            [0] => magazine
                            [1] => sns
                        )

                    [output] => magazinesns
                )

            [message] => Array
                (
                    [label] => お問い合わせ詳細
                    [value] => あああ
                    [output] => あああ
                )

            [privacy-agree] => Array
                (
                    [label] => 個人情報の取り扱い
                    [value] => agree
                    [output] => agree
                )

        )

    [form_token] => 0bb41b10c265534e3a6b8d245236c05d
    [contact_post_data] => Array
        (
            [form_action] => confirm
            [company] => 株式会社クオートワークス
            [inquiry-type] => service
            [contact_name] => こんゆうき
            [email] => etll.1b.yyy@icloud.com
            [phone] => 09030146237
            [source] => Array
                (
                    [0] => magazine
                    [1] => sns
                )

            [message] => あああ
            [privacy-agree] => agree
        )

)

[2025-05-11 06:43:30] [0bb41b10c265534e3a6b8d245236c05d] POSTデータなし
[2025-05-11 06:43:30] [0bb41b10c265534e3a6b8d245236c05d] Cookieデータ:
Array
(
    [_gcl_au] => 1.1.1740745081.1742698288
    [_ga] => GA1.1.1960639743.1742698288
    [wp-settings-2] => libraryContent=browse
    [wp-settings-time-2] => 1742700202
    [_im_id_1014831] => abdd4d0ab0a3bcc5.1742703366.
    [_uetvid] => 97dfa900b82611ef9a5115826e82b459
    [_fbp] => fb.0.1743642379740.60624780893455483
    [_im_vid] => 01JQWJYHK52P57HG5B4A4BZG1T
    [__td_signed] => true
    [visitor_id391552] => 665005908
    [visitor_id391552-hash] => 36458ad4b727b563c95f144fdc046f508ee2f0e6746c338c10124517297657d40ab33b7dda69728d996a2a416cfc3869067738cf
    [wp-settings-time-46] => 1744684756
    [pma_lang] => ja
    [wp-settings-time-1] => 1745393589
    [wp-settings-1] => libraryContent=browse&editor=tinymce&mfold=o&posts_list_mode=list
    [_ga_FE7EN9LJGZ] => GS1.1.1745808689.3.1.1745810685.60.0.0
    [_td] => 96aed3ba-ffa5-4a06-af2d-7ba822672332
    [dc_cl_id] => YIhbHWAgGiFbyERg
    [_ga_FH7HFXM5YM] => GS2.1.s1746778922$o19$g1$t1746779422$j0$l0$h0
    [_ga_LHFQ3HVR23] => GS2.1.s1746778922$o19$g1$t1746779422$j60$l0$h0
    [mw-wp-form-token] => 80eb6d3213e5ec97e9a7c513f0781c946d368788472601c2cb4bca2c7137903d
    [PHPSESSID] => 0bb41b10c265534e3a6b8d245236c05d
    [_gid] => GA1.1.1512652023.1746937907
    [_clck] => 1y6goel|2|fvt|0|1908
    [_im_ses_1014831] => 1
    [wordpress_test_cookie] => WP Cookie check
    [wordpress_logged_in_61be412601bd3d54d3a55dfa742df826] => landi|1747115731|JKCcZubI7emrhGXBoADVGgi2PrtWMvYSmFKj9cB7tvu|ff1aa3613a62d1fead9f101848219f37e3fcaf105eba1aaf76caadd5a124a879
    [_gat_UA-1606041-9] => 1
    [_ga_KEGGXCNVVH] => GS2.1.s1746942399$o115$g1$t1746945805$j47$l0$h0
    [_clsk] => 45rvl|1746945805959|23|1|l.clarity.ms/collect
)

[2025-05-11 06:43:30] [0bb41b10c265534e3a6b8d245236c05d] フォームモード: complete
[2025-05-11 06:43:30] [0bb41b10c265534e3a6b8d245236c05d] フォーム設定:
Array
(
    [FORM_KIND_DIR] => /var/www/html/wp-content/themes/landi_renewal/form/contact
    [フォームパス] => /contact
)

[2025-05-11 06:43:30] [0bb41b10c265534e3a6b8d245236c05d] 必要なファイルを読み込みました
[2025-05-11 06:43:30] [0bb41b10c265534e3a6b8d245236c05d] 完了画面を表示します
[2025-05-11 06:43:30] [0bb41b10c265534e3a6b8d245236c05d] メール送信処理を開始
[2025-05-11 06:43:30] [0bb41b10c265534e3a6b8d245236c05d] デバッグモード: 管理者メール送信をスキップ
Array
(
    [To] => Array
        (
            [0] => info@quoitworks.com
        )

    [Subject] => 【お問い合わせ】ウェブサイトからのお問い合わせがありました
    [Body] => QUOITWORKSサイトから以下の通りお問い合わせを受け付けました。

-------------------------------------------------

【法人名】
株式会社クオートワークス

【問い合わせ種別】
サービスについて

【お名前】
こんゆうき

【メールアドレス】
etll.1b.yyy@icloud.com

【電話番号】
09030146237

【最初に弊社を知ったきっかけ】
magazinesns

【お問い合わせ詳細】
あああ

【個人情報の取り扱い】
agree

-------------------------------------------------


)

[2025-05-11 06:43:30] [0bb41b10c265534e3a6b8d245236c05d] デバッグモード: ユーザーメール送信をスキップ
Array
(
    [To] => etll.1b.yyy@icloud.com
    [Subject] => お問い合わせを受け付けました
    [Body] => この度は、お問い合わせいただきまして誠にありがとうございます。
お問い合わせ内容を確認後、
2～3営業日以内に、担当よりメールにて返信いたします。
しばらくお待ち頂けますと、幸いです。

-------------------------------------------------

【法人名】
株式会社クオートワークス

【問い合わせ種別】
サービスについて

【お名前】
こんゆうき

【メールアドレス】
etll.1b.yyy@icloud.com

【電話番号】
09030146237

【最初に弊社を知ったきっかけ】
magazinesns

【お問い合わせ詳細】
あああ

【個人情報の取り扱い】
agree

-------------------------------------------------

QUOITWORKS Inc. ／ 株式会社クオートワークス

〒154-0001 
東京都世田谷区池尻3丁目24ー18-101
mail:
info@quoitworks.com
)

[2025-05-11 06:43:30] [0bb41b10c265534e3a6b8d245236c05d] メール送信成功または、デバッグモードのためスキップ。完了画面を表示
[2025-05-11 06:43:30] [no-session] 完了画面の処理が完了しました
[2025-05-11 06:43:30] [no-session] ---------- お問い合わせフォーム処理終了 ----------
[2025-05-11 08:11:04] [0bb41b10c265534e3a6b8d245236c05d] ---------- フォーム処理開始 ----------
[2025-05-11 08:11:04] [0bb41b10c265534e3a6b8d245236c05d] リクエストURL: /contact
[2025-05-11 08:11:04] [0bb41b10c265534e3a6b8d245236c05d] リクエスト方法: GET
[2025-05-11 08:11:04] [0bb41b10c265534e3a6b8d245236c05d] REQUEST_METHOD: GET
[2025-05-11 08:11:04] [0bb41b10c265534e3a6b8d245236c05d] QUERY_STRING: 
[2025-05-11 08:11:04] [0bb41b10c265534e3a6b8d245236c05d] PATH_INFO: なし
[2025-05-11 08:11:04] [0bb41b10c265534e3a6b8d245236c05d] パースされたURL:
Array
(
    [path] => /contact
)

[2025-05-11 08:11:04] [0bb41b10c265534e3a6b8d245236c05d] 詳細リクエスト情報:
Array
(
    [リクエストURI] => /contact
    [投稿ID] => 17468
    [投稿スラグ] => contact
    [フォームモード] => 
    [クエリ変数] => Array
        (
            [page] => 0
            [pagename] => contact
            [error] => 
            [m] => 
            [p] => 0
            [post_parent] => 
            [subpost] => 
            [subpost_id] => 
            [attachment] => 
            [attachment_id] => 0
            [name] => contact
            [page_id] => 0
            [second] => 
            [minute] => 
            [hour] => 
            [day] => 0
            [monthnum] => 0
            [year] => 0
            [w] => 0
            [category_name] => 
            [tag] => 
            [cat] => 
            [tag_id] => 
            [author] => 
            [author_name] => 
            [feed] => 
            [tb] => 
            [paged] => 0
            [meta_key] => 
            [meta_value] => 
            [preview] => 
            [s] => 
            [sentence] => 
            [title] => 
            [fields] => 
            [menu_order] => 
            [embed] => 
            [category__in] => Array
                (
                )

            [category__not_in] => Array
                (
                )

            [category__and] => Array
                (
                )

            [post__in] => Array
                (
                )

            [post__not_in] => Array
                (
                )

            [post_name__in] => Array
                (
                )

            [tag__in] => Array
                (
                )

            [tag__not_in] => Array
                (
                )

            [tag__and] => Array
                (
                )

            [tag_slug__in] => Array
                (
                )

            [tag_slug__and] => Array
                (
                )

            [post_parent__in] => Array
                (
                )

            [post_parent__not_in] => Array
                (
                )

            [author__in] => Array
                (
                )

            [author__not_in] => Array
                (
                )

            [search_columns] => Array
                (
                )

            [ignore_sticky_posts] => 
            [suppress_filters] => 
            [cache_results] => 1
            [update_post_term_cache] => 1
            [update_menu_item_cache] => 
            [lazy_load_term_meta] => 1
            [update_post_meta_cache] => 1
            [post_type] => 
            [posts_per_page] => 1
            [nopaging] => 
            [comments_per_page] => 50
            [no_found_rows] => 
            [order] => DESC
        )

)

[2025-05-11 08:11:04] [0bb41b10c265534e3a6b8d245236c05d] リライトルール:
Array
(
    [materials/([^/]+)/(confirm|complete)/?$] => index.php?materials=$matches[1]&form_mode=$matches[2]
    [contact/(confirm|complete)/?$] => index.php?pagename=contact&form_mode=$matches[1]
    [^landi/landi_area/([^0-9]+)] => index.php?posttype=landi_area&taxonomy_landi_area=$matches[1]
    [landi/magazine/([^0-9]+)/?$] => index.php?taxonomy_magazine=$matches[1]&taxonomy=taxonomy_magazine
    [landi/magazine/([^0-9]+)/page/([^/]+)/?$] => index.php?taxonomy_magazine=$matches[1]&taxonomy=taxonomy_magazine&paged=$matches[2]
    [news/page/([0-9]{1,})/?$] => index.php?post_type=news&paged=$matches[1]
    [news/([^0-9]+)/?$] => index.php?posttype=news&taxonomy_news=$matches[1]
    [news/([^0-9]+)/page/?([0-9]{1,})/?$] => index.php?posttype=news&taxonomy_news=$matches[1]&paged=$matches[2]
    [case_study/page/([0-9]{1,})/?$] => index.php?post_type=case_study&paged=$matches[1]
    [case_study/([^0-9]+)/?$] => index.php?posttype=case_study&taxonomy_case_study=$matches[1]
)

[2025-05-11 08:11:04] [0bb41b10c265534e3a6b8d245236c05d] マッチしたリライトルール:
Array
(
    [パターン] => (.?.+?)(?:/([0-9]+))?/?$
    [リライト先] => index.php?pagename=$matches[1]&page=$matches[2]
)

[2025-05-11 08:11:04] [0bb41b10c265534e3a6b8d245236c05d] セッションID: 0bb41b10c265534e3a6b8d245236c05d
[2025-05-11 08:11:04] [0bb41b10c265534e3a6b8d245236c05d] セッションデータ:
Array
(
    [value] => 1
)

[2025-05-11 08:11:04] [0bb41b10c265534e3a6b8d245236c05d] POSTデータなし
[2025-05-11 08:11:04] [0bb41b10c265534e3a6b8d245236c05d] Cookieデータ:
Array
(
    [_gcl_au] => 1.1.1740745081.1742698288
    [_ga] => GA1.1.1960639743.1742698288
    [wp-settings-2] => libraryContent=browse
    [wp-settings-time-2] => 1742700202
    [_im_id_1014831] => abdd4d0ab0a3bcc5.1742703366.
    [_uetvid] => 97dfa900b82611ef9a5115826e82b459
    [_fbp] => fb.0.1743642379740.60624780893455483
    [_im_vid] => 01JQWJYHK52P57HG5B4A4BZG1T
    [__td_signed] => true
    [visitor_id391552] => 665005908
    [visitor_id391552-hash] => 36458ad4b727b563c95f144fdc046f508ee2f0e6746c338c10124517297657d40ab33b7dda69728d996a2a416cfc3869067738cf
    [wp-settings-time-46] => 1744684756
    [pma_lang] => ja
    [wp-settings-time-1] => 1745393589
    [wp-settings-1] => libraryContent=browse&editor=tinymce&mfold=o&posts_list_mode=list
    [_ga_FE7EN9LJGZ] => GS1.1.1745808689.3.1.1745810685.60.0.0
    [_td] => 96aed3ba-ffa5-4a06-af2d-7ba822672332
    [dc_cl_id] => YIhbHWAgGiFbyERg
    [_ga_FH7HFXM5YM] => GS2.1.s1746778922$o19$g1$t1746779422$j0$l0$h0
    [_ga_LHFQ3HVR23] => GS2.1.s1746778922$o19$g1$t1746779422$j60$l0$h0
    [mw-wp-form-token] => 80eb6d3213e5ec97e9a7c513f0781c946d368788472601c2cb4bca2c7137903d
    [PHPSESSID] => 0bb41b10c265534e3a6b8d245236c05d
    [_gid] => GA1.1.1512652023.1746937907
    [_clck] => 1y6goel|2|fvt|0|1908
    [wordpress_test_cookie] => WP Cookie check
    [wordpress_logged_in_61be412601bd3d54d3a55dfa742df826] => landi|1747115731|JKCcZubI7emrhGXBoADVGgi2PrtWMvYSmFKj9cB7tvu|ff1aa3613a62d1fead9f101848219f37e3fcaf105eba1aaf76caadd5a124a879
    [_ga_KEGGXCNVVH] => GS2.1.s1746942399$o115$g1$t1746945838$j14$l0$h0
    [_clsk] => 45rvl|1746945839109|24|1|l.clarity.ms/collect
    [_gat_UA-1606041-9] => 1
)

[2025-05-11 08:11:04] [0bb41b10c265534e3a6b8d245236c05d] フォームモード: 
[2025-05-11 08:11:04] [0bb41b10c265534e3a6b8d245236c05d] フォーム設定:
Array
(
    [FORM_KIND_DIR] => /var/www/html/wp-content/themes/landi_renewal/form/contact
    [フォームパス] => /contact
)

[2025-05-11 08:11:04] [0bb41b10c265534e3a6b8d245236c05d] 必要なファイルを読み込みました
[2025-05-11 08:11:04] [0bb41b10c265534e3a6b8d245236c05d] 入力画面を表示します
[2025-05-11 08:11:04] [0bb41b10c265534e3a6b8d245236c05d] POSTデータあり、またはリファラーあり: セッションを維持
[2025-05-11 08:11:04] [0bb41b10c265534e3a6b8d245236c05d] 入力画面の処理が完了しました
[2025-05-11 08:11:04] [0bb41b10c265534e3a6b8d245236c05d] ---------- お問い合わせフォーム処理終了 ----------
[2025-05-11 08:11:15] [0bb41b10c265534e3a6b8d245236c05d] ---------- フォーム処理開始 ----------
[2025-05-11 08:11:15] [0bb41b10c265534e3a6b8d245236c05d] リクエストURL: /contact/confirm
[2025-05-11 08:11:15] [0bb41b10c265534e3a6b8d245236c05d] リクエスト方法: POST
[2025-05-11 08:11:15] [0bb41b10c265534e3a6b8d245236c05d] REQUEST_METHOD: POST
[2025-05-11 08:11:15] [0bb41b10c265534e3a6b8d245236c05d] QUERY_STRING: 
[2025-05-11 08:11:15] [0bb41b10c265534e3a6b8d245236c05d] PATH_INFO: なし
[2025-05-11 08:11:15] [0bb41b10c265534e3a6b8d245236c05d] パースされたURL:
Array
(
    [path] => /contact/confirm
)

[2025-05-11 08:11:15] [0bb41b10c265534e3a6b8d245236c05d] 詳細リクエスト情報:
Array
(
    [リクエストURI] => /contact/confirm
    [投稿ID] => 17468
    [投稿スラグ] => contact
    [フォームモード] => confirm
    [クエリ変数] => Array
        (
            [pagename] => contact
            [form_mode] => confirm
            [error] => 
            [m] => 
            [p] => 0
            [post_parent] => 
            [subpost] => 
            [subpost_id] => 
            [attachment] => 
            [attachment_id] => 0
            [name] => contact
            [page_id] => 0
            [second] => 
            [minute] => 
            [hour] => 
            [day] => 0
            [monthnum] => 0
            [year] => 0
            [w] => 0
            [category_name] => 
            [tag] => 
            [cat] => 
            [tag_id] => 
            [author] => 
            [author_name] => 
            [feed] => 
            [tb] => 
            [paged] => 0
            [meta_key] => 
            [meta_value] => 
            [preview] => 
            [s] => 
            [sentence] => 
            [title] => 
            [fields] => 
            [menu_order] => 
            [embed] => 
            [category__in] => Array
                (
                )

            [category__not_in] => Array
                (
                )

            [category__and] => Array
                (
                )

            [post__in] => Array
                (
                )

            [post__not_in] => Array
                (
                )

            [post_name__in] => Array
                (
                )

            [tag__in] => Array
                (
                )

            [tag__not_in] => Array
                (
                )

            [tag__and] => Array
                (
                )

            [tag_slug__in] => Array
                (
                )

            [tag_slug__and] => Array
                (
                )

            [post_parent__in] => Array
                (
                )

            [post_parent__not_in] => Array
                (
                )

            [author__in] => Array
                (
                )

            [author__not_in] => Array
                (
                )

            [search_columns] => Array
                (
                )

            [ignore_sticky_posts] => 
            [suppress_filters] => 
            [cache_results] => 1
            [update_post_term_cache] => 1
            [update_menu_item_cache] => 
            [lazy_load_term_meta] => 1
            [update_post_meta_cache] => 1
            [post_type] => 
            [posts_per_page] => 1
            [nopaging] => 
            [comments_per_page] => 50
            [no_found_rows] => 
            [order] => DESC
        )

)

[2025-05-11 08:11:15] [0bb41b10c265534e3a6b8d245236c05d] リライトルール:
Array
(
    [materials/([^/]+)/(confirm|complete)/?$] => index.php?materials=$matches[1]&form_mode=$matches[2]
    [contact/(confirm|complete)/?$] => index.php?pagename=contact&form_mode=$matches[1]
    [^landi/landi_area/([^0-9]+)] => index.php?posttype=landi_area&taxonomy_landi_area=$matches[1]
    [landi/magazine/([^0-9]+)/?$] => index.php?taxonomy_magazine=$matches[1]&taxonomy=taxonomy_magazine
    [landi/magazine/([^0-9]+)/page/([^/]+)/?$] => index.php?taxonomy_magazine=$matches[1]&taxonomy=taxonomy_magazine&paged=$matches[2]
    [news/page/([0-9]{1,})/?$] => index.php?post_type=news&paged=$matches[1]
    [news/([^0-9]+)/?$] => index.php?posttype=news&taxonomy_news=$matches[1]
    [news/([^0-9]+)/page/?([0-9]{1,})/?$] => index.php?posttype=news&taxonomy_news=$matches[1]&paged=$matches[2]
    [case_study/page/([0-9]{1,})/?$] => index.php?post_type=case_study&paged=$matches[1]
    [case_study/([^0-9]+)/?$] => index.php?posttype=case_study&taxonomy_case_study=$matches[1]
)

[2025-05-11 08:11:15] [0bb41b10c265534e3a6b8d245236c05d] マッチしたリライトルール:
Array
(
    [パターン] => (.?.+?)(?:/([0-9]+))?/?$
    [リライト先] => index.php?pagename=$matches[1]&page=$matches[2]
)

[2025-05-11 08:11:15] [0bb41b10c265534e3a6b8d245236c05d] セッションID: 0bb41b10c265534e3a6b8d245236c05d
[2025-05-11 08:11:15] [0bb41b10c265534e3a6b8d245236c05d] セッションデータ:
Array
(
    [value] => 1
    [contact_post_data] => Array
        (
            [form_action] => confirm
            [company] => 株式会社クオートワークス
            [inquiry-type] => service
            [contact_name] => こんゆうき
            [email] => etll.1b.yyy@icloud.com
            [phone] => 09030146237
            [source] => Array
                (
                    [0] => newspaper
                )

            [message] => あああ
            [privacy-agree] => agree
        )

)

[2025-05-11 08:11:15] [0bb41b10c265534e3a6b8d245236c05d] POSTデータ:
Array
(
    [form_action] => confirm
    [company] => 株式会社クオートワークス
    [inquiry-type] => service
    [contact_name] => こんゆうき
    [email] => etll.1b.yyy@icloud.com
    [phone] => 09030146237
    [source] => Array
        (
            [0] => newspaper
        )

    [message] => あああ
    [privacy-agree] => agree
)

[2025-05-11 08:11:15] [0bb41b10c265534e3a6b8d245236c05d] Cookieデータ:
Array
(
    [_gcl_au] => 1.1.1740745081.1742698288
    [_ga] => GA1.1.1960639743.1742698288
    [wp-settings-2] => libraryContent=browse
    [wp-settings-time-2] => 1742700202
    [_im_id_1014831] => abdd4d0ab0a3bcc5.1742703366.
    [_uetvid] => 97dfa900b82611ef9a5115826e82b459
    [_fbp] => fb.0.1743642379740.60624780893455483
    [_im_vid] => 01JQWJYHK52P57HG5B4A4BZG1T
    [__td_signed] => true
    [visitor_id391552] => 665005908
    [visitor_id391552-hash] => 36458ad4b727b563c95f144fdc046f508ee2f0e6746c338c10124517297657d40ab33b7dda69728d996a2a416cfc3869067738cf
    [wp-settings-time-46] => 1744684756
    [pma_lang] => ja
    [wp-settings-time-1] => 1745393589
    [wp-settings-1] => libraryContent=browse&editor=tinymce&mfold=o&posts_list_mode=list
    [_ga_FE7EN9LJGZ] => GS1.1.1745808689.3.1.1745810685.60.0.0
    [_td] => 96aed3ba-ffa5-4a06-af2d-7ba822672332
    [dc_cl_id] => YIhbHWAgGiFbyERg
    [_ga_FH7HFXM5YM] => GS2.1.s1746778922$o19$g1$t1746779422$j0$l0$h0
    [_ga_LHFQ3HVR23] => GS2.1.s1746778922$o19$g1$t1746779422$j60$l0$h0
    [mw-wp-form-token] => 80eb6d3213e5ec97e9a7c513f0781c946d368788472601c2cb4bca2c7137903d
    [PHPSESSID] => 0bb41b10c265534e3a6b8d245236c05d
    [_gid] => GA1.1.1512652023.1746937907
    [_clck] => 1y6goel|2|fvt|0|1908
    [wordpress_test_cookie] => WP Cookie check
    [wordpress_logged_in_61be412601bd3d54d3a55dfa742df826] => landi|1747115731|JKCcZubI7emrhGXBoADVGgi2PrtWMvYSmFKj9cB7tvu|ff1aa3613a62d1fead9f101848219f37e3fcaf105eba1aaf76caadd5a124a879
    [_gat_UA-1606041-9] => 1
    [_clsk] => 4uwzv8|1746951065609|1|1|l.clarity.ms/collect
    [_im_ses_1014831] => 1
    [_ga_KEGGXCNVVH] => GS2.1.s1746951064$o116$g1$t1746951075$j49$l0$h0
)

[2025-05-11 08:11:15] [0bb41b10c265534e3a6b8d245236c05d] フォームモード: confirm
[2025-05-11 08:11:15] [0bb41b10c265534e3a6b8d245236c05d] POSTデータあり、強制的にconfirmモードに設定
[2025-05-11 08:11:15] [0bb41b10c265534e3a6b8d245236c05d] フォーム設定:
Array
(
    [FORM_KIND_DIR] => /var/www/html/wp-content/themes/landi_renewal/form/contact
    [フォームパス] => /contact
)

[2025-05-11 08:11:15] [0bb41b10c265534e3a6b8d245236c05d] 必要なファイルを読み込みました
[2025-05-11 08:11:15] [0bb41b10c265534e3a6b8d245236c05d] 確認画面を表示します
[2025-05-11 08:11:15] [0bb41b10c265534e3a6b8d245236c05d] 確認画面を表示します - POSTデータ:
Array
(
    [form_action] => confirm
    [company] => 株式会社クオートワークス
    [inquiry-type] => service
    [contact_name] => こんゆうき
    [email] => etll.1b.yyy@icloud.com
    [phone] => 09030146237
    [source] => Array
        (
            [0] => newspaper
        )

    [message] => あああ
    [privacy-agree] => agree
)

[2025-05-11 08:11:15] [0bb41b10c265534e3a6b8d245236c05d] 確認画面を表示します - REQUEST_URI: /contact/confirm
[2025-05-11 08:11:16] [0bb41b10c265534e3a6b8d245236c05d] 確認画面の処理が完了しました
[2025-05-11 08:11:16] [0bb41b10c265534e3a6b8d245236c05d] ---------- お問い合わせフォーム処理終了 ----------
[2025-05-11 08:11:21] [0bb41b10c265534e3a6b8d245236c05d] ---------- フォーム処理開始 ----------
[2025-05-11 08:11:21] [0bb41b10c265534e3a6b8d245236c05d] リクエストURL: /contact/complete
[2025-05-11 08:11:21] [0bb41b10c265534e3a6b8d245236c05d] リクエスト方法: GET
[2025-05-11 08:11:21] [0bb41b10c265534e3a6b8d245236c05d] REQUEST_METHOD: GET
[2025-05-11 08:11:21] [0bb41b10c265534e3a6b8d245236c05d] QUERY_STRING: 
[2025-05-11 08:11:21] [0bb41b10c265534e3a6b8d245236c05d] PATH_INFO: なし
[2025-05-11 08:11:21] [0bb41b10c265534e3a6b8d245236c05d] パースされたURL:
Array
(
    [path] => /contact/complete
)

[2025-05-11 08:11:21] [0bb41b10c265534e3a6b8d245236c05d] 詳細リクエスト情報:
Array
(
    [リクエストURI] => /contact/complete
    [投稿ID] => 17468
    [投稿スラグ] => contact
    [フォームモード] => complete
    [クエリ変数] => Array
        (
            [pagename] => contact
            [form_mode] => complete
            [error] => 
            [m] => 
            [p] => 0
            [post_parent] => 
            [subpost] => 
            [subpost_id] => 
            [attachment] => 
            [attachment_id] => 0
            [name] => contact
            [page_id] => 0
            [second] => 
            [minute] => 
            [hour] => 
            [day] => 0
            [monthnum] => 0
            [year] => 0
            [w] => 0
            [category_name] => 
            [tag] => 
            [cat] => 
            [tag_id] => 
            [author] => 
            [author_name] => 
            [feed] => 
            [tb] => 
            [paged] => 0
            [meta_key] => 
            [meta_value] => 
            [preview] => 
            [s] => 
            [sentence] => 
            [title] => 
            [fields] => 
            [menu_order] => 
            [embed] => 
            [category__in] => Array
                (
                )

            [category__not_in] => Array
                (
                )

            [category__and] => Array
                (
                )

            [post__in] => Array
                (
                )

            [post__not_in] => Array
                (
                )

            [post_name__in] => Array
                (
                )

            [tag__in] => Array
                (
                )

            [tag__not_in] => Array
                (
                )

            [tag__and] => Array
                (
                )

            [tag_slug__in] => Array
                (
                )

            [tag_slug__and] => Array
                (
                )

            [post_parent__in] => Array
                (
                )

            [post_parent__not_in] => Array
                (
                )

            [author__in] => Array
                (
                )

            [author__not_in] => Array
                (
                )

            [search_columns] => Array
                (
                )

            [ignore_sticky_posts] => 
            [suppress_filters] => 
            [cache_results] => 1
            [update_post_term_cache] => 1
            [update_menu_item_cache] => 
            [lazy_load_term_meta] => 1
            [update_post_meta_cache] => 1
            [post_type] => 
            [posts_per_page] => 1
            [nopaging] => 
            [comments_per_page] => 50
            [no_found_rows] => 
            [order] => DESC
        )

)

[2025-05-11 08:11:21] [0bb41b10c265534e3a6b8d245236c05d] リライトルール:
Array
(
    [materials/([^/]+)/(confirm|complete)/?$] => index.php?materials=$matches[1]&form_mode=$matches[2]
    [contact/(confirm|complete)/?$] => index.php?pagename=contact&form_mode=$matches[1]
    [^landi/landi_area/([^0-9]+)] => index.php?posttype=landi_area&taxonomy_landi_area=$matches[1]
    [landi/magazine/([^0-9]+)/?$] => index.php?taxonomy_magazine=$matches[1]&taxonomy=taxonomy_magazine
    [landi/magazine/([^0-9]+)/page/([^/]+)/?$] => index.php?taxonomy_magazine=$matches[1]&taxonomy=taxonomy_magazine&paged=$matches[2]
    [news/page/([0-9]{1,})/?$] => index.php?post_type=news&paged=$matches[1]
    [news/([^0-9]+)/?$] => index.php?posttype=news&taxonomy_news=$matches[1]
    [news/([^0-9]+)/page/?([0-9]{1,})/?$] => index.php?posttype=news&taxonomy_news=$matches[1]&paged=$matches[2]
    [case_study/page/([0-9]{1,})/?$] => index.php?post_type=case_study&paged=$matches[1]
    [case_study/([^0-9]+)/?$] => index.php?posttype=case_study&taxonomy_case_study=$matches[1]
)

[2025-05-11 08:11:21] [0bb41b10c265534e3a6b8d245236c05d] マッチしたリライトルール:
Array
(
    [パターン] => (.?.+?)(?:/([0-9]+))?/?$
    [リライト先] => index.php?pagename=$matches[1]&page=$matches[2]
)

[2025-05-11 08:11:21] [0bb41b10c265534e3a6b8d245236c05d] セッションID: 0bb41b10c265534e3a6b8d245236c05d
[2025-05-11 08:11:21] [0bb41b10c265534e3a6b8d245236c05d] セッションデータ:
Array
(
    [value] => 1
    [contact_post_data] => Array
        (
            [form_action] => confirm
            [company] => 株式会社クオートワークス
            [inquiry-type] => service
            [contact_name] => こんゆうき
            [email] => etll.1b.yyy@icloud.com
            [phone] => 09030146237
            [source] => Array
                (
                    [0] => newspaper
                )

            [message] => あああ
            [privacy-agree] => agree
        )

    [form] => Array
        (
            [company] => Array
                (
                    [label] => 法人名
                    [value] => 株式会社クオートワークス
                    [output] => 株式会社クオートワークス
                )

            [inquiry-type] => Array
                (
                    [label] => 問い合わせ種別
                    [value] => service
                    [output] => サービスについて
                )

            [contact_name] => Array
                (
                    [label] => お名前
                    [value] => こんゆうき
                    [output] => こんゆうき
                )

            [email] => Array
                (
                    [label] => メールアドレス
                    [value] => etll.1b.yyy@icloud.com
                    [output] => etll.1b.yyy@icloud.com
                )

            [phone] => Array
                (
                    [label] => 電話番号
                    [value] => 09030146237
                    [output] => 09030146237
                )

            [source] => Array
                (
                    [label] => 最初に弊社を知ったきっかけ
                    [value] => Array
                        (
                            [0] => newspaper
                        )

                    [output] => newspaper
                )

            [message] => Array
                (
                    [label] => お問い合わせ詳細
                    [value] => あああ
                    [output] => あああ
                )

            [privacy-agree] => Array
                (
                    [label] => 個人情報の取り扱い
                    [value] => agree
                    [output] => agree
                )

        )

    [form_token] => 0bb41b10c265534e3a6b8d245236c05d
)

[2025-05-11 08:11:21] [0bb41b10c265534e3a6b8d245236c05d] POSTデータなし
[2025-05-11 08:11:21] [0bb41b10c265534e3a6b8d245236c05d] Cookieデータ:
Array
(
    [_gcl_au] => 1.1.1740745081.1742698288
    [_ga] => GA1.1.1960639743.1742698288
    [wp-settings-2] => libraryContent=browse
    [wp-settings-time-2] => 1742700202
    [_im_id_1014831] => abdd4d0ab0a3bcc5.1742703366.
    [_uetvid] => 97dfa900b82611ef9a5115826e82b459
    [_fbp] => fb.0.1743642379740.60624780893455483
    [_im_vid] => 01JQWJYHK52P57HG5B4A4BZG1T
    [__td_signed] => true
    [visitor_id391552] => 665005908
    [visitor_id391552-hash] => 36458ad4b727b563c95f144fdc046f508ee2f0e6746c338c10124517297657d40ab33b7dda69728d996a2a416cfc3869067738cf
    [wp-settings-time-46] => 1744684756
    [pma_lang] => ja
    [wp-settings-time-1] => 1745393589
    [wp-settings-1] => libraryContent=browse&editor=tinymce&mfold=o&posts_list_mode=list
    [_ga_FE7EN9LJGZ] => GS1.1.1745808689.3.1.1745810685.60.0.0
    [_td] => 96aed3ba-ffa5-4a06-af2d-7ba822672332
    [dc_cl_id] => YIhbHWAgGiFbyERg
    [_ga_FH7HFXM5YM] => GS2.1.s1746778922$o19$g1$t1746779422$j0$l0$h0
    [_ga_LHFQ3HVR23] => GS2.1.s1746778922$o19$g1$t1746779422$j60$l0$h0
    [mw-wp-form-token] => 80eb6d3213e5ec97e9a7c513f0781c946d368788472601c2cb4bca2c7137903d
    [PHPSESSID] => 0bb41b10c265534e3a6b8d245236c05d
    [_gid] => GA1.1.1512652023.1746937907
    [_clck] => 1y6goel|2|fvt|0|1908
    [wordpress_test_cookie] => WP Cookie check
    [wordpress_logged_in_61be412601bd3d54d3a55dfa742df826] => landi|1747115731|JKCcZubI7emrhGXBoADVGgi2PrtWMvYSmFKj9cB7tvu|ff1aa3613a62d1fead9f101848219f37e3fcaf105eba1aaf76caadd5a124a879
    [_gat_UA-1606041-9] => 1
    [_im_ses_1014831] => 1
    [_ga_KEGGXCNVVH] => GS2.1.s1746951064$o116$g1$t1746951076$j48$l0$h0
    [_clsk] => 4uwzv8|1746951076798|2|1|l.clarity.ms/collect
)

[2025-05-11 08:11:21] [0bb41b10c265534e3a6b8d245236c05d] フォームモード: complete
[2025-05-11 08:11:21] [0bb41b10c265534e3a6b8d245236c05d] フォーム設定:
Array
(
    [FORM_KIND_DIR] => /var/www/html/wp-content/themes/landi_renewal/form/contact
    [フォームパス] => /contact
)

[2025-05-11 08:11:21] [0bb41b10c265534e3a6b8d245236c05d] 必要なファイルを読み込みました
[2025-05-11 08:11:21] [0bb41b10c265534e3a6b8d245236c05d] 完了画面を表示します
[2025-05-11 08:11:21] [0bb41b10c265534e3a6b8d245236c05d] メール送信処理を開始
[2025-05-11 08:11:21] [0bb41b10c265534e3a6b8d245236c05d] デバッグモード: 管理者メール送信をスキップ
Array
(
    [To] => Array
        (
            [0] => info@quoitworks.com
        )

    [Subject] => 【お問い合わせ】ウェブサイトからのお問い合わせがありました
    [Body] => QUOITWORKSサイトから以下の通りお問い合わせを受け付けました。

-------------------------------------------------

【法人名】
株式会社クオートワークス

【問い合わせ種別】
サービスについて

【お名前】
こんゆうき

【メールアドレス】
etll.1b.yyy@icloud.com

【電話番号】
09030146237

【最初に弊社を知ったきっかけ】
newspaper

【お問い合わせ詳細】
あああ

【個人情報の取り扱い】
agree

-------------------------------------------------


)

[2025-05-11 08:11:21] [0bb41b10c265534e3a6b8d245236c05d] デバッグモード: ユーザーメール送信をスキップ
Array
(
    [To] => etll.1b.yyy@icloud.com
    [Subject] => お問い合わせを受け付けました
    [Body] => この度は、お問い合わせいただきまして誠にありがとうございます。
お問い合わせ内容を確認後、
2～3営業日以内に、担当よりメールにて返信いたします。
しばらくお待ち頂けますと、幸いです。

-------------------------------------------------

【法人名】
株式会社クオートワークス

【問い合わせ種別】
サービスについて

【お名前】
こんゆうき

【メールアドレス】
etll.1b.yyy@icloud.com

【電話番号】
09030146237

【最初に弊社を知ったきっかけ】
newspaper

【お問い合わせ詳細】
あああ

【個人情報の取り扱い】
agree

-------------------------------------------------

QUOITWORKS Inc. ／ 株式会社クオートワークス

〒154-0001 
東京都世田谷区池尻3丁目24ー18-101
mail:
info@quoitworks.com
)

[2025-05-11 08:11:21] [0bb41b10c265534e3a6b8d245236c05d] メール送信成功または、デバッグモードのためスキップ。完了画面を表示
[2025-05-11 08:11:21] [no-session] 完了画面の処理が完了しました
[2025-05-11 08:11:21] [no-session] ---------- お問い合わせフォーム処理終了 ----------
[2025-05-11 08:11:41] [0bb41b10c265534e3a6b8d245236c05d] ---------- フォーム処理開始 ----------
[2025-05-11 08:11:41] [0bb41b10c265534e3a6b8d245236c05d] リクエストURL: /contact
[2025-05-11 08:11:41] [0bb41b10c265534e3a6b8d245236c05d] リクエスト方法: GET
[2025-05-11 08:11:41] [0bb41b10c265534e3a6b8d245236c05d] REQUEST_METHOD: GET
[2025-05-11 08:11:41] [0bb41b10c265534e3a6b8d245236c05d] QUERY_STRING: 
[2025-05-11 08:11:41] [0bb41b10c265534e3a6b8d245236c05d] PATH_INFO: なし
[2025-05-11 08:11:41] [0bb41b10c265534e3a6b8d245236c05d] パースされたURL:
Array
(
    [path] => /contact
)

[2025-05-11 08:11:41] [0bb41b10c265534e3a6b8d245236c05d] 詳細リクエスト情報:
Array
(
    [リクエストURI] => /contact
    [投稿ID] => 17468
    [投稿スラグ] => contact
    [フォームモード] => 
    [クエリ変数] => Array
        (
            [page] => 0
            [pagename] => contact
            [error] => 
            [m] => 
            [p] => 0
            [post_parent] => 
            [subpost] => 
            [subpost_id] => 
            [attachment] => 
            [attachment_id] => 0
            [name] => contact
            [page_id] => 0
            [second] => 
            [minute] => 
            [hour] => 
            [day] => 0
            [monthnum] => 0
            [year] => 0
            [w] => 0
            [category_name] => 
            [tag] => 
            [cat] => 
            [tag_id] => 
            [author] => 
            [author_name] => 
            [feed] => 
            [tb] => 
            [paged] => 0
            [meta_key] => 
            [meta_value] => 
            [preview] => 
            [s] => 
            [sentence] => 
            [title] => 
            [fields] => 
            [menu_order] => 
            [embed] => 
            [category__in] => Array
                (
                )

            [category__not_in] => Array
                (
                )

            [category__and] => Array
                (
                )

            [post__in] => Array
                (
                )

            [post__not_in] => Array
                (
                )

            [post_name__in] => Array
                (
                )

            [tag__in] => Array
                (
                )

            [tag__not_in] => Array
                (
                )

            [tag__and] => Array
                (
                )

            [tag_slug__in] => Array
                (
                )

            [tag_slug__and] => Array
                (
                )

            [post_parent__in] => Array
                (
                )

            [post_parent__not_in] => Array
                (
                )

            [author__in] => Array
                (
                )

            [author__not_in] => Array
                (
                )

            [search_columns] => Array
                (
                )

            [ignore_sticky_posts] => 
            [suppress_filters] => 
            [cache_results] => 1
            [update_post_term_cache] => 1
            [update_menu_item_cache] => 
            [lazy_load_term_meta] => 1
            [update_post_meta_cache] => 1
            [post_type] => 
            [posts_per_page] => 1
            [nopaging] => 
            [comments_per_page] => 50
            [no_found_rows] => 
            [order] => DESC
        )

)

[2025-05-11 08:11:41] [0bb41b10c265534e3a6b8d245236c05d] リライトルール:
Array
(
    [materials/([^/]+)/(confirm|complete)/?$] => index.php?materials=$matches[1]&form_mode=$matches[2]
    [contact/(confirm|complete)/?$] => index.php?pagename=contact&form_mode=$matches[1]
    [^landi/landi_area/([^0-9]+)] => index.php?posttype=landi_area&taxonomy_landi_area=$matches[1]
    [landi/magazine/([^0-9]+)/?$] => index.php?taxonomy_magazine=$matches[1]&taxonomy=taxonomy_magazine
    [landi/magazine/([^0-9]+)/page/([^/]+)/?$] => index.php?taxonomy_magazine=$matches[1]&taxonomy=taxonomy_magazine&paged=$matches[2]
    [news/page/([0-9]{1,})/?$] => index.php?post_type=news&paged=$matches[1]
    [news/([^0-9]+)/?$] => index.php?posttype=news&taxonomy_news=$matches[1]
    [news/([^0-9]+)/page/?([0-9]{1,})/?$] => index.php?posttype=news&taxonomy_news=$matches[1]&paged=$matches[2]
    [case_study/page/([0-9]{1,})/?$] => index.php?post_type=case_study&paged=$matches[1]
    [case_study/([^0-9]+)/?$] => index.php?posttype=case_study&taxonomy_case_study=$matches[1]
)

[2025-05-11 08:11:41] [0bb41b10c265534e3a6b8d245236c05d] マッチしたリライトルール:
Array
(
    [パターン] => (.?.+?)(?:/([0-9]+))?/?$
    [リライト先] => index.php?pagename=$matches[1]&page=$matches[2]
)

[2025-05-11 08:11:41] [0bb41b10c265534e3a6b8d245236c05d] セッションID: 0bb41b10c265534e3a6b8d245236c05d
[2025-05-11 08:11:41] [0bb41b10c265534e3a6b8d245236c05d] セッションデータ:
Array
(
    [value] => 1
)

[2025-05-11 08:11:41] [0bb41b10c265534e3a6b8d245236c05d] POSTデータなし
[2025-05-11 08:11:41] [0bb41b10c265534e3a6b8d245236c05d] Cookieデータ:
Array
(
    [_gcl_au] => 1.1.1740745081.1742698288
    [_ga] => GA1.1.1960639743.1742698288
    [wp-settings-2] => libraryContent=browse
    [wp-settings-time-2] => 1742700202
    [_im_id_1014831] => abdd4d0ab0a3bcc5.1742703366.
    [_uetvid] => 97dfa900b82611ef9a5115826e82b459
    [_fbp] => fb.0.1743642379740.60624780893455483
    [_im_vid] => 01JQWJYHK52P57HG5B4A4BZG1T
    [__td_signed] => true
    [visitor_id391552] => 665005908
    [visitor_id391552-hash] => 36458ad4b727b563c95f144fdc046f508ee2f0e6746c338c10124517297657d40ab33b7dda69728d996a2a416cfc3869067738cf
    [wp-settings-time-46] => 1744684756
    [pma_lang] => ja
    [wp-settings-time-1] => 1745393589
    [wp-settings-1] => libraryContent=browse&editor=tinymce&mfold=o&posts_list_mode=list
    [_ga_FE7EN9LJGZ] => GS1.1.1745808689.3.1.1745810685.60.0.0
    [_td] => 96aed3ba-ffa5-4a06-af2d-7ba822672332
    [dc_cl_id] => YIhbHWAgGiFbyERg
    [_ga_FH7HFXM5YM] => GS2.1.s1746778922$o19$g1$t1746779422$j0$l0$h0
    [_ga_LHFQ3HVR23] => GS2.1.s1746778922$o19$g1$t1746779422$j60$l0$h0
    [mw-wp-form-token] => 80eb6d3213e5ec97e9a7c513f0781c946d368788472601c2cb4bca2c7137903d
    [PHPSESSID] => 0bb41b10c265534e3a6b8d245236c05d
    [_gid] => GA1.1.1512652023.1746937907
    [_clck] => 1y6goel|2|fvt|0|1908
    [wordpress_test_cookie] => WP Cookie check
    [wordpress_logged_in_61be412601bd3d54d3a55dfa742df826] => landi|1747115731|JKCcZubI7emrhGXBoADVGgi2PrtWMvYSmFKj9cB7tvu|ff1aa3613a62d1fead9f101848219f37e3fcaf105eba1aaf76caadd5a124a879
    [_gat_UA-1606041-9] => 1
    [_im_ses_1014831] => 1
    [_clsk] => 4uwzv8|1746951082523|3|1|l.clarity.ms/collect
    [_ga_KEGGXCNVVH] => GS2.1.s1746951064$o116$g1$t1746951098$j26$l0$h0
)

[2025-05-11 08:11:41] [0bb41b10c265534e3a6b8d245236c05d] フォームモード: 
[2025-05-11 08:11:41] [0bb41b10c265534e3a6b8d245236c05d] フォーム設定:
Array
(
    [FORM_KIND_DIR] => /var/www/html/wp-content/themes/landi_renewal/form/contact
    [フォームパス] => /contact
)

[2025-05-11 08:11:41] [0bb41b10c265534e3a6b8d245236c05d] 必要なファイルを読み込みました
[2025-05-11 08:11:41] [0bb41b10c265534e3a6b8d245236c05d] 入力画面を表示します
[2025-05-11 08:11:41] [0bb41b10c265534e3a6b8d245236c05d] POSTデータあり、またはリファラーあり: セッションを維持
[2025-05-11 08:11:41] [0bb41b10c265534e3a6b8d245236c05d] 入力画面の処理が完了しました
[2025-05-11 08:11:41] [0bb41b10c265534e3a6b8d245236c05d] ---------- お問い合わせフォーム処理終了 ----------
