[2025-10-10 04:28:24] [f4bd77d1d852f0935a305cec24f6d3d4] フォームトークンが無効: なし != f4bd77d1d852f0935a305cec24f6d3d4
[2025-10-10 04:28:37] [ddcf53797da36587244c36cf78f3c917] メール送信処理を開始
[2025-10-10 04:28:37] [ddcf53797da36587244c36cf78f3c917] デバッグモード: 管理者メール送信をスキップ
Array
(
    [To] => Array
        (
            [0] => kon@quoitworks.com
        )

    [Subject] => 【お問い合わせ】ウェブサイトからのお問い合わせがありました
    [Body] => 以下の方からお問い合わせを受け付けました。

-------------------------------------------------

【問い合わせ種別】
サービスに関する問い合わせ

【サービス名】
ランディPRO

【聞きたいカテゴリ】
操作方法に関して

【法人名】
入力なし

【お名前】
こんゆうき

【メールアドレス】
etll.1b.yyy@icloud.com

【電話番号】
09030146237

【最初に弊社を知ったきっかけ】
新聞

【お問い合わせ詳細】
aaa

【個人情報の取り扱い】
同意する

-------------------------------------------------


)

[2025-10-10 04:28:37] [ddcf53797da36587244c36cf78f3c917] デバッグモード: ユーザーメール送信をスキップ
Array
(
    [To] => etll.1b.yyy@icloud.com
    [Subject] => お問い合わせを受け付けました
    [Body] => こんゆうき様

この度は、お問い合わせいただきまして誠にありがとうございます。
お問い合わせ内容を確認後、
2～3営業日以内に、担当よりメールにて返信いたします。
しばらくお待ち頂けますと、幸いです。

-------------------------------------------------

【問い合わせ種別】
サービスに関する問い合わせ

【サービス名】
ランディPRO

【聞きたいカテゴリ】
操作方法に関して

【法人名】
入力なし

【お名前】
こんゆうき

【メールアドレス】
etll.1b.yyy@icloud.com

【電話番号】
09030146237

【最初に弊社を知ったきっかけ】
新聞

【お問い合わせ詳細】
aaa

【個人情報の取り扱い】
同意する

-------------------------------------------------

━━━━━━━━━━━━━━━━
FREEDOM X株式会社
〒103-0006
東京都中央区日本橋富沢町11-12
サンライズビル8階
https://freedom-x.co.jp/
━━━━━━━━━━━━━━━━
※弊社からの最新情報のご案内が不要な場合には、こちらより配信停止をお願いします。
)

[2025-10-10 04:28:37] [ddcf53797da36587244c36cf78f3c917] メール送信成功または、デバッグモードのためスキップ。完了画面を表示
[2025-10-10 04:28:39] [ddcf53797da36587244c36cf78f3c917] フォームトークンが無効: なし != ddcf53797da36587244c36cf78f3c917
[2025-10-10 04:29:14] [ddcf53797da36587244c36cf78f3c917] フォームトークンが無効: なし != ddcf53797da36587244c36cf78f3c917
[2025-10-10 04:29:30] [ddcf53797da36587244c36cf78f3c917] フォームトークンが無効: なし != ddcf53797da36587244c36cf78f3c917
[2025-10-10 04:32:40] [7f1edb840e386e64671917aaee1fa09a] デバッグモード: 管理者メール送信をスキップ
Array
(
    [To] => Array
        (
            [0] => kon@quoitworks.com
        )

    [Subject] => 【タテテク(DX・業務効率化関連)】資料ダウンロードを受け付けました。
    [Body] => 以下の方から【タテテク(DX・業務効率化関連)】の資料ダウンロードを受け付けました。

-------------------------------------------------

【法人名】


【所属部署名】


【役職】
管理職

【担当者名】
こんゆうき

【会社用メールアドレス】
etll.1b.yyy@icloud.com

【電話番号】
09030146237

【ご質問・ご要望など】
あああ

【個人情報の取り扱い】
同意する

【ご注意】
同意する

-------------------------------------------------


)

[2025-10-10 04:32:40] [7f1edb840e386e64671917aaee1fa09a] ユーザーメールヘッダー: デフォルトのhead.txtを使用
[2025-10-10 04:32:40] [7f1edb840e386e64671917aaee1fa09a] デバッグモード: ユーザーメール送信をスキップ
Array
(
    [To] => etll.1b.yyy@icloud.com
    [Subject] => 【FREEDOM X】資料ダウンロードのご請求ありがとうございます。
    [Body] =>  こんゆうき様

  この度は、資料ダウンロードのご請求をいただき、誠にありがとうございます。

  以下のURLから資料をダウンロードしてください：
  http://localhost:3002/wp-content/uploads/2024/01/住宅産業研究所_住宅業界のDX最前線2022_ランディ特別編集号_2024.pdf

  ご不明な点がございましたら、お気軽にお問い合わせください。

-------------------------------------------------

【法人名】


【所属部署名】


【役職】
管理職

【担当者名】
こんゆうき

【会社用メールアドレス】
etll.1b.yyy@icloud.com

【電話番号】
09030146237

【ご質問・ご要望など】
あああ

【個人情報の取り扱い】
同意する

【ご注意】
同意する

-------------------------------------------------

━━━━━━━━━━━━━━━━
FREEDOM X株式会社
〒103-0006
東京都中央区日本橋富沢町11-12
サンライズビル8階
https://freedom-x.co.jp/
━━━━━━━━━━━━━━━━
※弊社からの最新情報のご案内が不要な場合には、こちらより配信停止をお願いします。
)

[2025-10-10 04:32:40] [7f1edb840e386e64671917aaee1fa09a] メール送信成功または、デバッグモードのためスキップ。完了画面を表示
[2025-10-10 04:32:42] [7f1edb840e386e64671917aaee1fa09a] フォームトークンが無効: なし != 7f1edb840e386e64671917aaee1fa09a
[2025-10-10 04:33:14] [7f1edb840e386e64671917aaee1fa09a] フォームトークンが無効: なし != 7f1edb840e386e64671917aaee1fa09a
[2025-10-10 04:33:17] [7f1edb840e386e64671917aaee1fa09a] フォームトークンが無効: なし != 7f1edb840e386e64671917aaee1fa09a
[2025-10-10 04:33:34] [7f1edb840e386e64671917aaee1fa09a] フォームトークンが無効: なし != 7f1edb840e386e64671917aaee1fa09a
