[2025-05-15 05:09:40] [f544481c028ce4acaf9396e1d512a9c2] ---------- フォーム処理開始 ----------
[2025-05-15 05:09:40] [f544481c028ce4acaf9396e1d512a9c2] リクエストURL: /contact
[2025-05-15 05:09:40] [f544481c028ce4acaf9396e1d512a9c2] リクエスト方法: GET
[2025-05-15 05:09:40] [f544481c028ce4acaf9396e1d512a9c2] REQUEST_METHOD: GET
[2025-05-15 05:09:40] [f544481c028ce4acaf9396e1d512a9c2] QUERY_STRING: 
[2025-05-15 05:09:40] [f544481c028ce4acaf9396e1d512a9c2] PATH_INFO: なし
[2025-05-15 05:09:40] [f544481c028ce4acaf9396e1d512a9c2] パースされたURL:
Array
(
    [path] => /contact
)

[2025-05-15 05:09:40] [f544481c028ce4acaf9396e1d512a9c2] 詳細リクエスト情報:
Array
(
    [リクエストURI] => /contact
    [投稿ID] => 17468
    [投稿スラグ] => contact
    [フォームモード] => 
    [クエリ変数] => Array
        (
            [page] => 0
            [pagename] => contact
            [error] => 
            [m] => 
            [p] => 0
            [post_parent] => 
            [subpost] => 
            [subpost_id] => 
            [attachment] => 
            [attachment_id] => 0
            [name] => contact
            [page_id] => 0
            [second] => 
            [minute] => 
            [hour] => 
            [day] => 0
            [monthnum] => 0
            [year] => 0
            [w] => 0
            [category_name] => 
            [tag] => 
            [cat] => 
            [tag_id] => 
            [author] => 
            [author_name] => 
            [feed] => 
            [tb] => 
            [paged] => 0
            [meta_key] => 
            [meta_value] => 
            [preview] => 
            [s] => 
            [sentence] => 
            [title] => 
            [fields] => 
            [menu_order] => 
            [embed] => 
            [category__in] => Array
                (
                )

            [category__not_in] => Array
                (
                )

            [category__and] => Array
                (
                )

            [post__in] => Array
                (
                )

            [post__not_in] => Array
                (
                )

            [post_name__in] => Array
                (
                )

            [tag__in] => Array
                (
                )

            [tag__not_in] => Array
                (
                )

            [tag__and] => Array
                (
                )

            [tag_slug__in] => Array
                (
                )

            [tag_slug__and] => Array
                (
                )

            [post_parent__in] => Array
                (
                )

            [post_parent__not_in] => Array
                (
                )

            [author__in] => Array
                (
                )

            [author__not_in] => Array
                (
                )

            [search_columns] => Array
                (
                )

            [ignore_sticky_posts] => 
            [suppress_filters] => 
            [cache_results] => 1
            [update_post_term_cache] => 1
            [update_menu_item_cache] => 
            [lazy_load_term_meta] => 1
            [update_post_meta_cache] => 1
            [post_type] => 
            [posts_per_page] => 1
            [nopaging] => 
            [comments_per_page] => 50
            [no_found_rows] => 
            [order] => DESC
        )

)

[2025-05-15 05:09:40] [f544481c028ce4acaf9396e1d512a9c2] リライトルール:
Array
(
    [materials/([^/]+)/(confirm|complete)/?$] => index.php?materials=$matches[1]&form_mode=$matches[2]
    [contact/(confirm|complete)/?$] => index.php?pagename=contact&form_mode=$matches[1]
    [^landi/landi_area/([^0-9]+)] => index.php?posttype=landi_area&taxonomy_landi_area=$matches[1]
    [landi/magazine/([^0-9]+)/?$] => index.php?taxonomy_magazine=$matches[1]&taxonomy=taxonomy_magazine
    [landi/magazine/([^0-9]+)/page/([^/]+)/?$] => index.php?taxonomy_magazine=$matches[1]&taxonomy=taxonomy_magazine&paged=$matches[2]
    [news/page/([0-9]{1,})/?$] => index.php?post_type=news&paged=$matches[1]
    [news/([^0-9]+)/?$] => index.php?posttype=news&taxonomy_news=$matches[1]
    [news/([^0-9]+)/page/?([0-9]{1,})/?$] => index.php?posttype=news&taxonomy_news=$matches[1]&paged=$matches[2]
    [case_study/page/([0-9]{1,})/?$] => index.php?post_type=case_study&paged=$matches[1]
    [case_study/([^0-9]+)/?$] => index.php?posttype=case_study&taxonomy_case_study=$matches[1]
)

[2025-05-15 05:09:40] [f544481c028ce4acaf9396e1d512a9c2] マッチしたリライトルール:
Array
(
    [パターン] => (.?.+?)(?:/([0-9]+))?/?$
    [リライト先] => index.php?pagename=$matches[1]&page=$matches[2]
)

[2025-05-15 05:09:40] [f544481c028ce4acaf9396e1d512a9c2] セッションID: f544481c028ce4acaf9396e1d512a9c2
[2025-05-15 05:09:40] [f544481c028ce4acaf9396e1d512a9c2] セッションデータ:
Array
(
    [value] => 1
)

[2025-05-15 05:09:40] [f544481c028ce4acaf9396e1d512a9c2] POSTデータなし
[2025-05-15 05:09:40] [f544481c028ce4acaf9396e1d512a9c2] Cookieデータ:
Array
(
    [_gcl_au] => 1.1.1740745081.1742698288
    [_ga] => GA1.1.1960639743.1742698288
    [wp-settings-2] => libraryContent=browse
    [wp-settings-time-2] => 1742700202
    [_im_id_1014831] => abdd4d0ab0a3bcc5.1742703366.
    [_uetvid] => 97dfa900b82611ef9a5115826e82b459
    [_fbp] => fb.0.1743642379740.60624780893455483
    [_im_vid] => 01JQWJYHK52P57HG5B4A4BZG1T
    [__td_signed] => true
    [visitor_id391552] => 665005908
    [visitor_id391552-hash] => 36458ad4b727b563c95f144fdc046f508ee2f0e6746c338c10124517297657d40ab33b7dda69728d996a2a416cfc3869067738cf
    [wp-settings-time-46] => 1744684756
    [pma_lang] => ja
    [wp-settings-time-1] => 1745393589
    [wp-settings-1] => libraryContent=browse&editor=tinymce&mfold=o&posts_list_mode=list
    [_ga_FE7EN9LJGZ] => GS1.1.1745808689.3.1.1745810685.60.0.0
    [_td] => 96aed3ba-ffa5-4a06-af2d-7ba822672332
    [dc_cl_id] => YIhbHWAgGiFbyERg
    [_ga_FH7HFXM5YM] => GS2.1.s1746778922$o19$g1$t1746779422$j0$l0$h0
    [_ga_LHFQ3HVR23] => GS2.1.s1746778922$o19$g1$t1746779422$j60$l0$h0
    [mw-wp-form-token] => d7305a80b174696769a95c4ac64d25710b6f2d71b06d0ed66a1c8e0c839ff58d
    [PHPSESSID] => f544481c028ce4acaf9396e1d512a9c2
    [_gid] => GA1.1.1541177643.1747284900
    [_clck] => 1y6goel|2|fvx|0|1908
    [_im_ses_1014831] => 1
    [_gat_UA-1606041-9] => 1
    [_ga_KEGGXCNVVH] => GS2.1.s1747284900$o119$g1$t1747285755$j36$l0$h0
    [_clsk] => 1d06b9o|1747285756095|6|1|k.clarity.ms/collect
)

[2025-05-15 05:09:40] [f544481c028ce4acaf9396e1d512a9c2] フォームモード: 
[2025-05-15 05:09:40] [f544481c028ce4acaf9396e1d512a9c2] フォーム設定:
Array
(
    [FORM_KIND_DIR] => /var/www/html/wp-content/themes/landi_renewal/form/contact
    [フォームパス] => /contact
)

[2025-05-15 05:09:40] [f544481c028ce4acaf9396e1d512a9c2] 必要なファイルを読み込みました
[2025-05-15 05:09:40] [f544481c028ce4acaf9396e1d512a9c2] 入力画面を表示します
[2025-05-15 05:09:40] [f544481c028ce4acaf9396e1d512a9c2] POSTデータあり、またはリファラーあり: セッションを維持
[2025-05-15 05:09:40] [f544481c028ce4acaf9396e1d512a9c2] 入力画面の処理が完了しました
[2025-05-15 05:09:40] [f544481c028ce4acaf9396e1d512a9c2] ---------- お問い合わせフォーム処理終了 ----------
