[2025-05-27 05:02:48] [c7fa7090d988a0eaac8aed5bc9a32732] 選択されたテンプレート: /var/www/html/wp-content/themes/landi_renewal/front-page.php
[2025-05-27 05:02:49] [c7fa7090d988a0eaac8aed5bc9a32732] 404エラー検出: /assets/images/top/fv.webp
[2025-05-27 05:02:49] [c7fa7090d988a0eaac8aed5bc9a32732] 選択されたテンプレート: /var/www/html/wp-content/themes/landi_renewal/404.php
[2025-05-27 05:02:49] [c7fa7090d988a0eaac8aed5bc9a32732] 選択されたテンプレート: /var/www/html/wp-content/themes/landi_renewal/front-page.php
[2025-05-27 05:04:02] [c7fa7090d988a0eaac8aed5bc9a32732] 選択されたテンプレート: /var/www/html/wp-content/themes/landi_renewal/archive-case_study.php
[2025-05-27 05:04:04] [c7fa7090d988a0eaac8aed5bc9a32732] 選択されたテンプレート: /var/www/html/wp-content/themes/landi_renewal/single-case_study.php
[2025-05-27 05:10:48] [c7fa7090d988a0eaac8aed5bc9a32732] 404エラー検出: /.well-known/appspecific/com.chrome.devtools.json
[2025-05-27 05:10:48] [c7fa7090d988a0eaac8aed5bc9a32732] 選択されたテンプレート: /var/www/html/wp-content/themes/landi_renewal/404.php
[2025-05-27 05:10:48] [c7fa7090d988a0eaac8aed5bc9a32732] 404エラー検出: /wp-content/themes/landi_renewal/src/css/style.css.map
[2025-05-27 05:10:48] [c7fa7090d988a0eaac8aed5bc9a32732] 選択されたテンプレート: /var/www/html/wp-content/themes/landi_renewal/404.php
[2025-05-27 05:10:48] [c7fa7090d988a0eaac8aed5bc9a32732] 404エラー検出: /wp-content/themes/landi_renewal/src/css/layout.css.map
[2025-05-27 05:10:48] [c7fa7090d988a0eaac8aed5bc9a32732] 選択されたテンプレート: /var/www/html/wp-content/themes/landi_renewal/404.php
[2025-05-27 05:10:48] [c7fa7090d988a0eaac8aed5bc9a32732] 404エラー検出: /wp-content/themes/landi_renewal/src/css/style-corp.css.map
[2025-05-27 05:10:48] [c7fa7090d988a0eaac8aed5bc9a32732] 選択されたテンプレート: /var/www/html/wp-content/themes/landi_renewal/404.php
[2025-05-27 05:10:48] [c7fa7090d988a0eaac8aed5bc9a32732] 選択されたテンプレート: /var/www/html/wp-content/themes/landi_renewal/front-page.php
[2025-05-27 05:10:48] [c7fa7090d988a0eaac8aed5bc9a32732] 選択されたテンプレート: /var/www/html/wp-content/themes/landi_renewal/front-page.php
[2025-05-27 05:10:48] [c7fa7090d988a0eaac8aed5bc9a32732] 選択されたテンプレート: /var/www/html/wp-content/themes/landi_renewal/front-page.php
[2025-05-27 05:10:49] [c7fa7090d988a0eaac8aed5bc9a32732] 選択されたテンプレート: /var/www/html/wp-content/themes/landi_renewal/front-page.php
[2025-05-27 05:11:11] [c7fa7090d988a0eaac8aed5bc9a32732] 404エラー検出: /wp-content/themes/landi_renewal/src/css/style.css.map
[2025-05-27 05:11:11] [c7fa7090d988a0eaac8aed5bc9a32732] 選択されたテンプレート: /var/www/html/wp-content/themes/landi_renewal/404.php
[2025-05-27 05:11:11] [c7fa7090d988a0eaac8aed5bc9a32732] 404エラー検出: /wp-content/themes/landi_renewal/src/css/layout.css.map
[2025-05-27 05:11:11] [c7fa7090d988a0eaac8aed5bc9a32732] 選択されたテンプレート: /var/www/html/wp-content/themes/landi_renewal/404.php
[2025-05-27 05:11:11] [c7fa7090d988a0eaac8aed5bc9a32732] 選択されたテンプレート: /var/www/html/wp-content/themes/landi_renewal/front-page.php
[2025-05-27 05:11:12] [c7fa7090d988a0eaac8aed5bc9a32732] 選択されたテンプレート: /var/www/html/wp-content/themes/landi_renewal/front-page.php
[2025-05-27 05:11:12] [c7fa7090d988a0eaac8aed5bc9a32732] 404エラー検出: /wp-content/themes/landi_renewal/src/css/style-corp.css.map
[2025-05-27 05:11:12] [c7fa7090d988a0eaac8aed5bc9a32732] 選択されたテンプレート: /var/www/html/wp-content/themes/landi_renewal/404.php
[2025-05-27 05:11:12] [c7fa7090d988a0eaac8aed5bc9a32732] 選択されたテンプレート: /var/www/html/wp-content/themes/landi_renewal/front-page.php
[2025-05-27 09:24:14] [c7fa7090d988a0eaac8aed5bc9a32732] 選択されたテンプレート: /var/www/html/wp-content/themes/landi_renewal/front-page.php
[2025-05-27 09:24:15] [c7fa7090d988a0eaac8aed5bc9a32732] 404エラー検出: /assets/images/top/fv.webp
[2025-05-27 09:24:15] [c7fa7090d988a0eaac8aed5bc9a32732] 選択されたテンプレート: /var/www/html/wp-content/themes/landi_renewal/404.php
[2025-05-27 09:24:15] [c7fa7090d988a0eaac8aed5bc9a32732] 選択されたテンプレート: /var/www/html/wp-content/themes/landi_renewal/front-page.php
[2025-05-27 09:24:17] [c7fa7090d988a0eaac8aed5bc9a32732] 選択されたテンプレート: /var/www/html/wp-content/themes/landi_renewal/archive-case_study.php
[2025-05-27 09:24:19] [c7fa7090d988a0eaac8aed5bc9a32732] 選択されたテンプレート: /var/www/html/wp-content/themes/landi_renewal/single-case_study.php
[2025-05-27 09:24:20] [c7fa7090d988a0eaac8aed5bc9a32732] 404エラー検出: /.well-known/appspecific/com.chrome.devtools.json
[2025-05-27 09:24:20] [c7fa7090d988a0eaac8aed5bc9a32732] 選択されたテンプレート: /var/www/html/wp-content/themes/landi_renewal/404.php
[2025-05-27 09:24:21] [c7fa7090d988a0eaac8aed5bc9a32732] 404エラー検出: /wp-content/themes/landi_renewal/src/css/style.css.map
[2025-05-27 09:24:21] [c7fa7090d988a0eaac8aed5bc9a32732] 選択されたテンプレート: /var/www/html/wp-content/themes/landi_renewal/404.php
[2025-05-27 09:24:21] [c7fa7090d988a0eaac8aed5bc9a32732] 404エラー検出: /wp-content/themes/landi_renewal/src/css/style-corp.css.map
[2025-05-27 09:24:21] [c7fa7090d988a0eaac8aed5bc9a32732] 選択されたテンプレート: /var/www/html/wp-content/themes/landi_renewal/404.php
[2025-05-27 09:24:21] [c7fa7090d988a0eaac8aed5bc9a32732] 404エラー検出: /wp-content/themes/landi_renewal/src/css/layout.css.map
[2025-05-27 09:24:21] [c7fa7090d988a0eaac8aed5bc9a32732] 選択されたテンプレート: /var/www/html/wp-content/themes/landi_renewal/404.php
[2025-05-27 09:24:21] [c7fa7090d988a0eaac8aed5bc9a32732] 選択されたテンプレート: /var/www/html/wp-content/themes/landi_renewal/front-page.php
[2025-05-27 09:24:21] [c7fa7090d988a0eaac8aed5bc9a32732] 選択されたテンプレート: /var/www/html/wp-content/themes/landi_renewal/front-page.php
[2025-05-27 09:24:21] [c7fa7090d988a0eaac8aed5bc9a32732] 選択されたテンプレート: /var/www/html/wp-content/themes/landi_renewal/front-page.php
[2025-05-27 09:24:21] [c7fa7090d988a0eaac8aed5bc9a32732] 選択されたテンプレート: /var/www/html/wp-content/themes/landi_renewal/front-page.php
[2025-05-27 09:27:23] [c7fa7090d988a0eaac8aed5bc9a32732] 404エラー検出: /wp-content/themes/landi_renewal/src/css/layout.css.map
[2025-05-27 09:27:23] [c7fa7090d988a0eaac8aed5bc9a32732] 選択されたテンプレート: /var/www/html/wp-content/themes/landi_renewal/404.php
[2025-05-27 09:27:23] [c7fa7090d988a0eaac8aed5bc9a32732] 404エラー検出: /wp-content/themes/landi_renewal/src/css/style.css.map
[2025-05-27 09:27:23] [c7fa7090d988a0eaac8aed5bc9a32732] 選択されたテンプレート: /var/www/html/wp-content/themes/landi_renewal/404.php
[2025-05-27 09:27:23] [c7fa7090d988a0eaac8aed5bc9a32732] 404エラー検出: /wp-content/themes/landi_renewal/src/css/style-corp.css.map
[2025-05-27 09:27:23] [c7fa7090d988a0eaac8aed5bc9a32732] 選択されたテンプレート: /var/www/html/wp-content/themes/landi_renewal/404.php
[2025-05-27 09:27:23] [c7fa7090d988a0eaac8aed5bc9a32732] 404エラー検出: /wp-content/themes/landi_renewal/src/css/layout.css.map
[2025-05-27 09:27:23] [c7fa7090d988a0eaac8aed5bc9a32732] 選択されたテンプレート: /var/www/html/wp-content/themes/landi_renewal/404.php
[2025-05-27 09:27:24] [c7fa7090d988a0eaac8aed5bc9a32732] 404エラー検出: /wp-content/themes/landi_renewal/src/css/style.css.map
[2025-05-27 09:27:24] [c7fa7090d988a0eaac8aed5bc9a32732] 選択されたテンプレート: /var/www/html/wp-content/themes/landi_renewal/404.php
[2025-05-27 09:27:24] [c7fa7090d988a0eaac8aed5bc9a32732] 404エラー検出: /wp-content/themes/landi_renewal/src/css/style-corp.css.map
[2025-05-27 09:27:24] [c7fa7090d988a0eaac8aed5bc9a32732] 選択されたテンプレート: /var/www/html/wp-content/themes/landi_renewal/404.php
[2025-05-27 09:27:24] [c7fa7090d988a0eaac8aed5bc9a32732] 選択されたテンプレート: /var/www/html/wp-content/themes/landi_renewal/front-page.php
[2025-05-27 09:27:24] [c7fa7090d988a0eaac8aed5bc9a32732] 選択されたテンプレート: /var/www/html/wp-content/themes/landi_renewal/front-page.php
[2025-05-27 09:27:24] [c7fa7090d988a0eaac8aed5bc9a32732] 選択されたテンプレート: /var/www/html/wp-content/themes/landi_renewal/front-page.php
[2025-05-27 09:27:24] [c7fa7090d988a0eaac8aed5bc9a32732] 選択されたテンプレート: /var/www/html/wp-content/themes/landi_renewal/front-page.php
[2025-05-27 09:27:25] [c7fa7090d988a0eaac8aed5bc9a32732] 選択されたテンプレート: /var/www/html/wp-content/themes/landi_renewal/front-page.php
[2025-05-27 09:27:25] [c7fa7090d988a0eaac8aed5bc9a32732] 選択されたテンプレート: /var/www/html/wp-content/themes/landi_renewal/front-page.php
[2025-05-27 09:28:07] [c7fa7090d988a0eaac8aed5bc9a32732] 404エラー検出: /wp-content/themes/landi_renewal/src/css/style.css.map
[2025-05-27 09:28:07] [c7fa7090d988a0eaac8aed5bc9a32732] 選択されたテンプレート: /var/www/html/wp-content/themes/landi_renewal/404.php
[2025-05-27 09:28:08] [c7fa7090d988a0eaac8aed5bc9a32732] 404エラー検出: /wp-content/themes/landi_renewal/src/css/layout.css.map
[2025-05-27 09:28:08] [c7fa7090d988a0eaac8aed5bc9a32732] 選択されたテンプレート: /var/www/html/wp-content/themes/landi_renewal/404.php
[2025-05-27 09:28:08] [c7fa7090d988a0eaac8aed5bc9a32732] 404エラー検出: /wp-content/themes/landi_renewal/src/css/style-corp.css.map
[2025-05-27 09:28:08] [c7fa7090d988a0eaac8aed5bc9a32732] 選択されたテンプレート: /var/www/html/wp-content/themes/landi_renewal/404.php
[2025-05-27 09:28:08] [c7fa7090d988a0eaac8aed5bc9a32732] 404エラー検出: /wp-content/themes/landi_renewal/src/css/layout.css.map
[2025-05-27 09:28:08] [c7fa7090d988a0eaac8aed5bc9a32732] 選択されたテンプレート: /var/www/html/wp-content/themes/landi_renewal/404.php
[2025-05-27 09:28:08] [c7fa7090d988a0eaac8aed5bc9a32732] 404エラー検出: /wp-content/themes/landi_renewal/src/css/style.css.map
[2025-05-27 09:28:08] [c7fa7090d988a0eaac8aed5bc9a32732] 選択されたテンプレート: /var/www/html/wp-content/themes/landi_renewal/404.php
[2025-05-27 09:28:08] [c7fa7090d988a0eaac8aed5bc9a32732] 404エラー検出: /wp-content/themes/landi_renewal/src/css/style-corp.css.map
[2025-05-27 09:28:08] [c7fa7090d988a0eaac8aed5bc9a32732] 選択されたテンプレート: /var/www/html/wp-content/themes/landi_renewal/404.php
[2025-05-27 09:28:08] [c7fa7090d988a0eaac8aed5bc9a32732] 選択されたテンプレート: /var/www/html/wp-content/themes/landi_renewal/front-page.php
[2025-05-27 09:28:08] [c7fa7090d988a0eaac8aed5bc9a32732] 選択されたテンプレート: /var/www/html/wp-content/themes/landi_renewal/front-page.php
[2025-05-27 09:28:08] [c7fa7090d988a0eaac8aed5bc9a32732] 選択されたテンプレート: /var/www/html/wp-content/themes/landi_renewal/front-page.php
[2025-05-27 09:28:09] [c7fa7090d988a0eaac8aed5bc9a32732] 選択されたテンプレート: /var/www/html/wp-content/themes/landi_renewal/front-page.php
[2025-05-27 09:28:09] [c7fa7090d988a0eaac8aed5bc9a32732] 選択されたテンプレート: /var/www/html/wp-content/themes/landi_renewal/front-page.php
[2025-05-27 09:28:09] [c7fa7090d988a0eaac8aed5bc9a32732] 選択されたテンプレート: /var/www/html/wp-content/themes/landi_renewal/front-page.php
[2025-05-27 09:28:42] [c7fa7090d988a0eaac8aed5bc9a32732] 404エラー検出: /wp-content/themes/landi_renewal/src/css/layout.css.map
[2025-05-27 09:28:42] [c7fa7090d988a0eaac8aed5bc9a32732] 選択されたテンプレート: /var/www/html/wp-content/themes/landi_renewal/404.php
[2025-05-27 09:28:43] [c7fa7090d988a0eaac8aed5bc9a32732] 404エラー検出: /wp-content/themes/landi_renewal/src/css/style.css.map
[2025-05-27 09:28:43] [c7fa7090d988a0eaac8aed5bc9a32732] 選択されたテンプレート: /var/www/html/wp-content/themes/landi_renewal/404.php
[2025-05-27 09:28:43] [c7fa7090d988a0eaac8aed5bc9a32732] 404エラー検出: /wp-content/themes/landi_renewal/src/css/style-corp.css.map
[2025-05-27 09:28:43] [c7fa7090d988a0eaac8aed5bc9a32732] 選択されたテンプレート: /var/www/html/wp-content/themes/landi_renewal/404.php
[2025-05-27 09:28:43] [c7fa7090d988a0eaac8aed5bc9a32732] 404エラー検出: /wp-content/themes/landi_renewal/src/css/layout.css.map
[2025-05-27 09:28:43] [c7fa7090d988a0eaac8aed5bc9a32732] 選択されたテンプレート: /var/www/html/wp-content/themes/landi_renewal/404.php
[2025-05-27 09:28:43] [c7fa7090d988a0eaac8aed5bc9a32732] 404エラー検出: /wp-content/themes/landi_renewal/src/css/style.css.map
[2025-05-27 09:28:43] [c7fa7090d988a0eaac8aed5bc9a32732] 選択されたテンプレート: /var/www/html/wp-content/themes/landi_renewal/404.php
[2025-05-27 09:28:43] [c7fa7090d988a0eaac8aed5bc9a32732] 404エラー検出: /wp-content/themes/landi_renewal/src/css/style-corp.css.map
[2025-05-27 09:28:43] [c7fa7090d988a0eaac8aed5bc9a32732] 選択されたテンプレート: /var/www/html/wp-content/themes/landi_renewal/404.php
[2025-05-27 09:28:43] [c7fa7090d988a0eaac8aed5bc9a32732] 選択されたテンプレート: /var/www/html/wp-content/themes/landi_renewal/front-page.php
[2025-05-27 09:28:44] [c7fa7090d988a0eaac8aed5bc9a32732] 選択されたテンプレート: /var/www/html/wp-content/themes/landi_renewal/front-page.php
[2025-05-27 09:28:44] [c7fa7090d988a0eaac8aed5bc9a32732] 選択されたテンプレート: /var/www/html/wp-content/themes/landi_renewal/front-page.php
[2025-05-27 09:28:44] [c7fa7090d988a0eaac8aed5bc9a32732] 選択されたテンプレート: /var/www/html/wp-content/themes/landi_renewal/front-page.php
[2025-05-27 09:28:44] [c7fa7090d988a0eaac8aed5bc9a32732] 選択されたテンプレート: /var/www/html/wp-content/themes/landi_renewal/front-page.php
[2025-05-27 09:28:44] [c7fa7090d988a0eaac8aed5bc9a32732] 選択されたテンプレート: /var/www/html/wp-content/themes/landi_renewal/front-page.php
[2025-05-27 09:29:12] [c7fa7090d988a0eaac8aed5bc9a32732] 404エラー検出: /wp-content/themes/landi_renewal/src/css/layout.css.map
[2025-05-27 09:29:12] [c7fa7090d988a0eaac8aed5bc9a32732] 選択されたテンプレート: /var/www/html/wp-content/themes/landi_renewal/404.php
[2025-05-27 09:29:12] [c7fa7090d988a0eaac8aed5bc9a32732] 404エラー検出: /wp-content/themes/landi_renewal/src/css/style.css.map
[2025-05-27 09:29:12] [c7fa7090d988a0eaac8aed5bc9a32732] 選択されたテンプレート: /var/www/html/wp-content/themes/landi_renewal/404.php
[2025-05-27 09:29:12] [c7fa7090d988a0eaac8aed5bc9a32732] 404エラー検出: /wp-content/themes/landi_renewal/src/css/style-corp.css.map
[2025-05-27 09:29:12] [c7fa7090d988a0eaac8aed5bc9a32732] 選択されたテンプレート: /var/www/html/wp-content/themes/landi_renewal/404.php
[2025-05-27 09:29:12] [c7fa7090d988a0eaac8aed5bc9a32732] 404エラー検出: /wp-content/themes/landi_renewal/src/css/layout.css.map
[2025-05-27 09:29:12] [c7fa7090d988a0eaac8aed5bc9a32732] 選択されたテンプレート: /var/www/html/wp-content/themes/landi_renewal/404.php
[2025-05-27 09:29:12] [c7fa7090d988a0eaac8aed5bc9a32732] 404エラー検出: /wp-content/themes/landi_renewal/src/css/style.css.map
[2025-05-27 09:29:12] [c7fa7090d988a0eaac8aed5bc9a32732] 選択されたテンプレート: /var/www/html/wp-content/themes/landi_renewal/404.php
[2025-05-27 09:29:13] [c7fa7090d988a0eaac8aed5bc9a32732] 404エラー検出: /wp-content/themes/landi_renewal/src/css/style-corp.css.map
[2025-05-27 09:29:13] [c7fa7090d988a0eaac8aed5bc9a32732] 選択されたテンプレート: /var/www/html/wp-content/themes/landi_renewal/404.php
[2025-05-27 09:29:13] [c7fa7090d988a0eaac8aed5bc9a32732] 選択されたテンプレート: /var/www/html/wp-content/themes/landi_renewal/front-page.php
[2025-05-27 09:29:13] [c7fa7090d988a0eaac8aed5bc9a32732] 選択されたテンプレート: /var/www/html/wp-content/themes/landi_renewal/front-page.php
[2025-05-27 09:29:13] [c7fa7090d988a0eaac8aed5bc9a32732] 選択されたテンプレート: /var/www/html/wp-content/themes/landi_renewal/front-page.php
[2025-05-27 09:29:13] [c7fa7090d988a0eaac8aed5bc9a32732] 選択されたテンプレート: /var/www/html/wp-content/themes/landi_renewal/front-page.php
[2025-05-27 09:29:14] [c7fa7090d988a0eaac8aed5bc9a32732] 選択されたテンプレート: /var/www/html/wp-content/themes/landi_renewal/front-page.php
[2025-05-27 09:29:14] [c7fa7090d988a0eaac8aed5bc9a32732] 選択されたテンプレート: /var/www/html/wp-content/themes/landi_renewal/front-page.php
[2025-05-27 09:29:16] [c7fa7090d988a0eaac8aed5bc9a32732] 404エラー検出: /wp-content/themes/landi_renewal/src/css/style-corp.css.map
[2025-05-27 09:29:16] [c7fa7090d988a0eaac8aed5bc9a32732] 選択されたテンプレート: /var/www/html/wp-content/themes/landi_renewal/404.php
[2025-05-27 09:29:16] [c7fa7090d988a0eaac8aed5bc9a32732] 404エラー検出: /wp-content/themes/landi_renewal/src/css/layout.css.map
[2025-05-27 09:29:16] [c7fa7090d988a0eaac8aed5bc9a32732] 選択されたテンプレート: /var/www/html/wp-content/themes/landi_renewal/404.php
[2025-05-27 09:29:16] [c7fa7090d988a0eaac8aed5bc9a32732] 404エラー検出: /wp-content/themes/landi_renewal/src/css/style.css.map
[2025-05-27 09:29:16] [c7fa7090d988a0eaac8aed5bc9a32732] 選択されたテンプレート: /var/www/html/wp-content/themes/landi_renewal/404.php
[2025-05-27 09:29:16] [c7fa7090d988a0eaac8aed5bc9a32732] 404エラー検出: /wp-content/themes/landi_renewal/src/css/layout.css.map
[2025-05-27 09:29:16] [c7fa7090d988a0eaac8aed5bc9a32732] 選択されたテンプレート: /var/www/html/wp-content/themes/landi_renewal/404.php
[2025-05-27 09:29:16] [c7fa7090d988a0eaac8aed5bc9a32732] 404エラー検出: /wp-content/themes/landi_renewal/src/css/style.css.map
[2025-05-27 09:29:16] [c7fa7090d988a0eaac8aed5bc9a32732] 選択されたテンプレート: /var/www/html/wp-content/themes/landi_renewal/404.php
[2025-05-27 09:29:16] [c7fa7090d988a0eaac8aed5bc9a32732] 404エラー検出: /wp-content/themes/landi_renewal/src/css/style-corp.css.map
[2025-05-27 09:29:16] [c7fa7090d988a0eaac8aed5bc9a32732] 選択されたテンプレート: /var/www/html/wp-content/themes/landi_renewal/404.php
[2025-05-27 09:29:16] [c7fa7090d988a0eaac8aed5bc9a32732] 選択されたテンプレート: /var/www/html/wp-content/themes/landi_renewal/front-page.php
[2025-05-27 09:29:16] [c7fa7090d988a0eaac8aed5bc9a32732] 選択されたテンプレート: /var/www/html/wp-content/themes/landi_renewal/front-page.php
[2025-05-27 09:29:17] [c7fa7090d988a0eaac8aed5bc9a32732] 選択されたテンプレート: /var/www/html/wp-content/themes/landi_renewal/front-page.php
[2025-05-27 09:29:17] [c7fa7090d988a0eaac8aed5bc9a32732] 選択されたテンプレート: /var/www/html/wp-content/themes/landi_renewal/front-page.php
[2025-05-27 09:29:17] [c7fa7090d988a0eaac8aed5bc9a32732] 選択されたテンプレート: /var/www/html/wp-content/themes/landi_renewal/front-page.php
[2025-05-27 09:29:17] [c7fa7090d988a0eaac8aed5bc9a32732] 選択されたテンプレート: /var/www/html/wp-content/themes/landi_renewal/front-page.php
[2025-05-27 09:33:36] [c7fa7090d988a0eaac8aed5bc9a32732] 選択されたテンプレート: /var/www/html/wp-content/themes/landi_renewal/single-case_study.php
[2025-05-27 09:33:37] [c7fa7090d988a0eaac8aed5bc9a32732] 404エラー検出: /.well-known/appspecific/com.chrome.devtools.json
[2025-05-27 09:33:37] [c7fa7090d988a0eaac8aed5bc9a32732] 選択されたテンプレート: /var/www/html/wp-content/themes/landi_renewal/404.php
[2025-05-27 09:33:37] [c7fa7090d988a0eaac8aed5bc9a32732] 404エラー検出: /wp-content/themes/landi_renewal/src/css/layout.css.map
[2025-05-27 09:33:37] [c7fa7090d988a0eaac8aed5bc9a32732] 選択されたテンプレート: /var/www/html/wp-content/themes/landi_renewal/404.php
[2025-05-27 09:33:38] [c7fa7090d988a0eaac8aed5bc9a32732] 404エラー検出: /wp-content/themes/landi_renewal/src/css/style.css.map
[2025-05-27 09:33:38] [c7fa7090d988a0eaac8aed5bc9a32732] 選択されたテンプレート: /var/www/html/wp-content/themes/landi_renewal/404.php
[2025-05-27 09:33:38] [c7fa7090d988a0eaac8aed5bc9a32732] 選択されたテンプレート: /var/www/html/wp-content/themes/landi_renewal/front-page.php
[2025-05-27 09:33:38] [c7fa7090d988a0eaac8aed5bc9a32732] 404エラー検出: /wp-content/themes/landi_renewal/src/css/style-corp.css.map
[2025-05-27 09:33:38] [c7fa7090d988a0eaac8aed5bc9a32732] 選択されたテンプレート: /var/www/html/wp-content/themes/landi_renewal/404.php
[2025-05-27 09:33:39] [c7fa7090d988a0eaac8aed5bc9a32732] 選択されたテンプレート: /var/www/html/wp-content/themes/landi_renewal/front-page.php
[2025-05-27 09:33:39] [c7fa7090d988a0eaac8aed5bc9a32732] 選択されたテンプレート: /var/www/html/wp-content/themes/landi_renewal/front-page.php
[2025-05-27 09:33:39] [c7fa7090d988a0eaac8aed5bc9a32732] 選択されたテンプレート: /var/www/html/wp-content/themes/landi_renewal/front-page.php
[2025-05-27 09:33:42] [c7fa7090d988a0eaac8aed5bc9a32732] 選択されたテンプレート: /var/www/html/wp-content/themes/landi_renewal/single-case_study.php
[2025-05-27 09:33:42] [c7fa7090d988a0eaac8aed5bc9a32732] 404エラー検出: /.well-known/appspecific/com.chrome.devtools.json
[2025-05-27 09:33:42] [c7fa7090d988a0eaac8aed5bc9a32732] 選択されたテンプレート: /var/www/html/wp-content/themes/landi_renewal/404.php
[2025-05-27 09:33:42] [c7fa7090d988a0eaac8aed5bc9a32732] 404エラー検出: /wp-content/themes/landi_renewal/src/css/style.css.map
[2025-05-27 09:33:42] [c7fa7090d988a0eaac8aed5bc9a32732] 選択されたテンプレート: /var/www/html/wp-content/themes/landi_renewal/404.php
[2025-05-27 09:33:43] [c7fa7090d988a0eaac8aed5bc9a32732] 404エラー検出: /wp-content/themes/landi_renewal/src/css/layout.css.map
[2025-05-27 09:33:43] [c7fa7090d988a0eaac8aed5bc9a32732] 選択されたテンプレート: /var/www/html/wp-content/themes/landi_renewal/404.php
[2025-05-27 09:33:43] [c7fa7090d988a0eaac8aed5bc9a32732] 選択されたテンプレート: /var/www/html/wp-content/themes/landi_renewal/front-page.php
[2025-05-27 09:33:43] [c7fa7090d988a0eaac8aed5bc9a32732] 404エラー検出: /wp-content/themes/landi_renewal/src/css/style-corp.css.map
[2025-05-27 09:33:43] [c7fa7090d988a0eaac8aed5bc9a32732] 選択されたテンプレート: /var/www/html/wp-content/themes/landi_renewal/404.php
[2025-05-27 09:33:43] [c7fa7090d988a0eaac8aed5bc9a32732] 選択されたテンプレート: /var/www/html/wp-content/themes/landi_renewal/front-page.php
[2025-05-27 09:33:43] [c7fa7090d988a0eaac8aed5bc9a32732] 選択されたテンプレート: /var/www/html/wp-content/themes/landi_renewal/front-page.php
[2025-05-27 09:33:43] [c7fa7090d988a0eaac8aed5bc9a32732] 選択されたテンプレート: /var/www/html/wp-content/themes/landi_renewal/front-page.php
[2025-05-27 09:34:22] [c7fa7090d988a0eaac8aed5bc9a32732] 選択されたテンプレート: /var/www/html/wp-content/themes/landi_renewal/single-case_study.php
[2025-05-27 09:34:23] [c7fa7090d988a0eaac8aed5bc9a32732] 404エラー検出: /.well-known/appspecific/com.chrome.devtools.json
[2025-05-27 09:34:23] [c7fa7090d988a0eaac8aed5bc9a32732] 選択されたテンプレート: /var/www/html/wp-content/themes/landi_renewal/404.php
[2025-05-27 09:34:23] [c7fa7090d988a0eaac8aed5bc9a32732] 404エラー検出: /wp-content/themes/landi_renewal/src/css/style.css.map
[2025-05-27 09:34:23] [c7fa7090d988a0eaac8aed5bc9a32732] 選択されたテンプレート: /var/www/html/wp-content/themes/landi_renewal/404.php
[2025-05-27 09:34:23] [c7fa7090d988a0eaac8aed5bc9a32732] 404エラー検出: /wp-content/themes/landi_renewal/src/css/layout.css.map
[2025-05-27 09:34:23] [c7fa7090d988a0eaac8aed5bc9a32732] 選択されたテンプレート: /var/www/html/wp-content/themes/landi_renewal/404.php
[2025-05-27 09:34:23] [c7fa7090d988a0eaac8aed5bc9a32732] 404エラー検出: /wp-content/themes/landi_renewal/src/css/style-corp.css.map
[2025-05-27 09:34:23] [c7fa7090d988a0eaac8aed5bc9a32732] 選択されたテンプレート: /var/www/html/wp-content/themes/landi_renewal/404.php
[2025-05-27 09:34:23] [c7fa7090d988a0eaac8aed5bc9a32732] 選択されたテンプレート: /var/www/html/wp-content/themes/landi_renewal/front-page.php
[2025-05-27 09:34:24] [c7fa7090d988a0eaac8aed5bc9a32732] 選択されたテンプレート: /var/www/html/wp-content/themes/landi_renewal/front-page.php
[2025-05-27 09:34:24] [c7fa7090d988a0eaac8aed5bc9a32732] 選択されたテンプレート: /var/www/html/wp-content/themes/landi_renewal/front-page.php
[2025-05-27 09:34:24] [c7fa7090d988a0eaac8aed5bc9a32732] 選択されたテンプレート: /var/www/html/wp-content/themes/landi_renewal/front-page.php
[2025-05-27 09:35:21] [c7fa7090d988a0eaac8aed5bc9a32732] 選択されたテンプレート: /var/www/html/wp-content/themes/landi_renewal/single-case_study.php
[2025-05-27 09:35:22] [c7fa7090d988a0eaac8aed5bc9a32732] 404エラー検出: /.well-known/appspecific/com.chrome.devtools.json
[2025-05-27 09:35:22] [c7fa7090d988a0eaac8aed5bc9a32732] 選択されたテンプレート: /var/www/html/wp-content/themes/landi_renewal/404.php
[2025-05-27 09:35:22] [c7fa7090d988a0eaac8aed5bc9a32732] 404エラー検出: /wp-content/themes/landi_renewal/src/css/layout.css.map
[2025-05-27 09:35:22] [c7fa7090d988a0eaac8aed5bc9a32732] 選択されたテンプレート: /var/www/html/wp-content/themes/landi_renewal/404.php
[2025-05-27 09:35:22] [c7fa7090d988a0eaac8aed5bc9a32732] 404エラー検出: /wp-content/themes/landi_renewal/src/css/style.css.map
[2025-05-27 09:35:22] [c7fa7090d988a0eaac8aed5bc9a32732] 選択されたテンプレート: /var/www/html/wp-content/themes/landi_renewal/404.php
[2025-05-27 09:35:22] [c7fa7090d988a0eaac8aed5bc9a32732] 404エラー検出: /wp-content/themes/landi_renewal/src/css/style-corp.css.map
[2025-05-27 09:35:22] [c7fa7090d988a0eaac8aed5bc9a32732] 選択されたテンプレート: /var/www/html/wp-content/themes/landi_renewal/404.php
[2025-05-27 09:35:22] [c7fa7090d988a0eaac8aed5bc9a32732] 選択されたテンプレート: /var/www/html/wp-content/themes/landi_renewal/front-page.php
[2025-05-27 09:35:23] [c7fa7090d988a0eaac8aed5bc9a32732] 選択されたテンプレート: /var/www/html/wp-content/themes/landi_renewal/front-page.php
[2025-05-27 09:35:23] [c7fa7090d988a0eaac8aed5bc9a32732] 選択されたテンプレート: /var/www/html/wp-content/themes/landi_renewal/front-page.php
[2025-05-27 09:35:23] [c7fa7090d988a0eaac8aed5bc9a32732] 選択されたテンプレート: /var/www/html/wp-content/themes/landi_renewal/front-page.php
[2025-05-27 09:35:54] [c7fa7090d988a0eaac8aed5bc9a32732] 404エラー検出: /wp-content/themes/landi_renewal/src/css/layout.css.map
[2025-05-27 09:35:54] [c7fa7090d988a0eaac8aed5bc9a32732] 選択されたテンプレート: /var/www/html/wp-content/themes/landi_renewal/404.php
[2025-05-27 09:35:54] [c7fa7090d988a0eaac8aed5bc9a32732] 404エラー検出: /wp-content/themes/landi_renewal/src/css/style.css.map
[2025-05-27 09:35:54] [c7fa7090d988a0eaac8aed5bc9a32732] 選択されたテンプレート: /var/www/html/wp-content/themes/landi_renewal/404.php
[2025-05-27 09:35:55] [c7fa7090d988a0eaac8aed5bc9a32732] 404エラー検出: /wp-content/themes/landi_renewal/src/css/style-corp.css.map
[2025-05-27 09:35:55] [c7fa7090d988a0eaac8aed5bc9a32732] 選択されたテンプレート: /var/www/html/wp-content/themes/landi_renewal/404.php
[2025-05-27 09:35:55] [c7fa7090d988a0eaac8aed5bc9a32732] 選択されたテンプレート: /var/www/html/wp-content/themes/landi_renewal/front-page.php
[2025-05-27 09:35:55] [c7fa7090d988a0eaac8aed5bc9a32732] 選択されたテンプレート: /var/www/html/wp-content/themes/landi_renewal/front-page.php
[2025-05-27 09:35:55] [c7fa7090d988a0eaac8aed5bc9a32732] 選択されたテンプレート: /var/www/html/wp-content/themes/landi_renewal/front-page.php
[2025-05-27 09:36:00] [c7fa7090d988a0eaac8aed5bc9a32732] 404エラー検出: /wp-content/themes/landi_renewal/src/css/layout.css.map
[2025-05-27 09:36:00] [c7fa7090d988a0eaac8aed5bc9a32732] 選択されたテンプレート: /var/www/html/wp-content/themes/landi_renewal/404.php
[2025-05-27 09:36:00] [c7fa7090d988a0eaac8aed5bc9a32732] 404エラー検出: /wp-content/themes/landi_renewal/src/css/style.css.map
[2025-05-27 09:36:00] [c7fa7090d988a0eaac8aed5bc9a32732] 選択されたテンプレート: /var/www/html/wp-content/themes/landi_renewal/404.php
[2025-05-27 09:36:00] [c7fa7090d988a0eaac8aed5bc9a32732] 404エラー検出: /wp-content/themes/landi_renewal/src/css/style-corp.css.map
[2025-05-27 09:36:00] [c7fa7090d988a0eaac8aed5bc9a32732] 選択されたテンプレート: /var/www/html/wp-content/themes/landi_renewal/404.php
[2025-05-27 09:36:00] [c7fa7090d988a0eaac8aed5bc9a32732] 選択されたテンプレート: /var/www/html/wp-content/themes/landi_renewal/front-page.php
[2025-05-27 09:36:01] [c7fa7090d988a0eaac8aed5bc9a32732] 選択されたテンプレート: /var/www/html/wp-content/themes/landi_renewal/front-page.php
[2025-05-27 09:36:01] [c7fa7090d988a0eaac8aed5bc9a32732] 選択されたテンプレート: /var/www/html/wp-content/themes/landi_renewal/front-page.php
[2025-05-27 09:36:31] [c7fa7090d988a0eaac8aed5bc9a32732] 404エラー検出: /wp-content/themes/landi_renewal/src/css/layout.css.map
[2025-05-27 09:36:31] [c7fa7090d988a0eaac8aed5bc9a32732] 選択されたテンプレート: /var/www/html/wp-content/themes/landi_renewal/404.php
[2025-05-27 09:36:31] [c7fa7090d988a0eaac8aed5bc9a32732] 404エラー検出: /wp-content/themes/landi_renewal/src/css/style.css.map
[2025-05-27 09:36:31] [c7fa7090d988a0eaac8aed5bc9a32732] 選択されたテンプレート: /var/www/html/wp-content/themes/landi_renewal/404.php
[2025-05-27 09:36:31] [c7fa7090d988a0eaac8aed5bc9a32732] 404エラー検出: /wp-content/themes/landi_renewal/src/css/style-corp.css.map
[2025-05-27 09:36:31] [c7fa7090d988a0eaac8aed5bc9a32732] 選択されたテンプレート: /var/www/html/wp-content/themes/landi_renewal/404.php
[2025-05-27 09:36:31] [c7fa7090d988a0eaac8aed5bc9a32732] 選択されたテンプレート: /var/www/html/wp-content/themes/landi_renewal/front-page.php
[2025-05-27 09:36:31] [c7fa7090d988a0eaac8aed5bc9a32732] 選択されたテンプレート: /var/www/html/wp-content/themes/landi_renewal/front-page.php
[2025-05-27 09:36:31] [c7fa7090d988a0eaac8aed5bc9a32732] 選択されたテンプレート: /var/www/html/wp-content/themes/landi_renewal/front-page.php
[2025-05-27 09:36:41] [c7fa7090d988a0eaac8aed5bc9a32732] 404エラー検出: /wp-content/themes/landi_renewal/src/css/layout.css.map
[2025-05-27 09:36:41] [c7fa7090d988a0eaac8aed5bc9a32732] 選択されたテンプレート: /var/www/html/wp-content/themes/landi_renewal/404.php
[2025-05-27 09:36:41] [c7fa7090d988a0eaac8aed5bc9a32732] 404エラー検出: /wp-content/themes/landi_renewal/src/css/style.css.map
[2025-05-27 09:36:41] [c7fa7090d988a0eaac8aed5bc9a32732] 選択されたテンプレート: /var/www/html/wp-content/themes/landi_renewal/404.php
[2025-05-27 09:36:41] [c7fa7090d988a0eaac8aed5bc9a32732] 404エラー検出: /wp-content/themes/landi_renewal/src/css/style-corp.css.map
[2025-05-27 09:36:41] [c7fa7090d988a0eaac8aed5bc9a32732] 選択されたテンプレート: /var/www/html/wp-content/themes/landi_renewal/404.php
[2025-05-27 09:36:41] [c7fa7090d988a0eaac8aed5bc9a32732] 選択されたテンプレート: /var/www/html/wp-content/themes/landi_renewal/front-page.php
[2025-05-27 09:36:41] [c7fa7090d988a0eaac8aed5bc9a32732] 選択されたテンプレート: /var/www/html/wp-content/themes/landi_renewal/front-page.php
[2025-05-27 09:36:42] [c7fa7090d988a0eaac8aed5bc9a32732] 選択されたテンプレート: /var/www/html/wp-content/themes/landi_renewal/front-page.php
[2025-05-27 09:36:45] [c7fa7090d988a0eaac8aed5bc9a32732] 404エラー検出: /wp-content/themes/landi_renewal/src/css/style.css.map
[2025-05-27 09:36:45] [c7fa7090d988a0eaac8aed5bc9a32732] 選択されたテンプレート: /var/www/html/wp-content/themes/landi_renewal/404.php
[2025-05-27 09:36:45] [c7fa7090d988a0eaac8aed5bc9a32732] 404エラー検出: /wp-content/themes/landi_renewal/src/css/layout.css.map
[2025-05-27 09:36:45] [c7fa7090d988a0eaac8aed5bc9a32732] 選択されたテンプレート: /var/www/html/wp-content/themes/landi_renewal/404.php
[2025-05-27 09:36:45] [c7fa7090d988a0eaac8aed5bc9a32732] 404エラー検出: /wp-content/themes/landi_renewal/src/css/style-corp.css.map
[2025-05-27 09:36:45] [c7fa7090d988a0eaac8aed5bc9a32732] 選択されたテンプレート: /var/www/html/wp-content/themes/landi_renewal/404.php
[2025-05-27 09:36:45] [c7fa7090d988a0eaac8aed5bc9a32732] 選択されたテンプレート: /var/www/html/wp-content/themes/landi_renewal/front-page.php
[2025-05-27 09:36:46] [c7fa7090d988a0eaac8aed5bc9a32732] 選択されたテンプレート: /var/www/html/wp-content/themes/landi_renewal/front-page.php
[2025-05-27 09:36:46] [c7fa7090d988a0eaac8aed5bc9a32732] 選択されたテンプレート: /var/www/html/wp-content/themes/landi_renewal/front-page.php
[2025-05-27 09:36:48] [c7fa7090d988a0eaac8aed5bc9a32732] 404エラー検出: /wp-content/themes/landi_renewal/src/css/style.css.map
[2025-05-27 09:36:48] [c7fa7090d988a0eaac8aed5bc9a32732] 選択されたテンプレート: /var/www/html/wp-content/themes/landi_renewal/404.php
[2025-05-27 09:36:48] [c7fa7090d988a0eaac8aed5bc9a32732] 404エラー検出: /wp-content/themes/landi_renewal/src/css/layout.css.map
[2025-05-27 09:36:48] [c7fa7090d988a0eaac8aed5bc9a32732] 選択されたテンプレート: /var/www/html/wp-content/themes/landi_renewal/404.php
[2025-05-27 09:36:48] [c7fa7090d988a0eaac8aed5bc9a32732] 404エラー検出: /wp-content/themes/landi_renewal/src/css/style-corp.css.map
[2025-05-27 09:36:48] [c7fa7090d988a0eaac8aed5bc9a32732] 選択されたテンプレート: /var/www/html/wp-content/themes/landi_renewal/404.php
[2025-05-27 09:36:48] [c7fa7090d988a0eaac8aed5bc9a32732] 選択されたテンプレート: /var/www/html/wp-content/themes/landi_renewal/front-page.php
[2025-05-27 09:36:49] [c7fa7090d988a0eaac8aed5bc9a32732] 選択されたテンプレート: /var/www/html/wp-content/themes/landi_renewal/front-page.php
[2025-05-27 09:36:49] [c7fa7090d988a0eaac8aed5bc9a32732] 選択されたテンプレート: /var/www/html/wp-content/themes/landi_renewal/front-page.php
[2025-05-27 09:36:50] [c7fa7090d988a0eaac8aed5bc9a32732] 404エラー検出: /wp-content/themes/landi_renewal/src/css/layout.css.map
[2025-05-27 09:36:50] [c7fa7090d988a0eaac8aed5bc9a32732] 選択されたテンプレート: /var/www/html/wp-content/themes/landi_renewal/404.php
[2025-05-27 09:36:50] [c7fa7090d988a0eaac8aed5bc9a32732] 404エラー検出: /wp-content/themes/landi_renewal/src/css/style.css.map
[2025-05-27 09:36:50] [c7fa7090d988a0eaac8aed5bc9a32732] 選択されたテンプレート: /var/www/html/wp-content/themes/landi_renewal/404.php
[2025-05-27 09:36:51] [c7fa7090d988a0eaac8aed5bc9a32732] 選択されたテンプレート: /var/www/html/wp-content/themes/landi_renewal/front-page.php
[2025-05-27 09:36:51] [c7fa7090d988a0eaac8aed5bc9a32732] 選択されたテンプレート: /var/www/html/wp-content/themes/landi_renewal/front-page.php
[2025-05-27 09:36:51] [c7fa7090d988a0eaac8aed5bc9a32732] 404エラー検出: /wp-content/themes/landi_renewal/src/css/style-corp.css.map
[2025-05-27 09:36:51] [c7fa7090d988a0eaac8aed5bc9a32732] 選択されたテンプレート: /var/www/html/wp-content/themes/landi_renewal/404.php
[2025-05-27 09:36:51] [c7fa7090d988a0eaac8aed5bc9a32732] 選択されたテンプレート: /var/www/html/wp-content/themes/landi_renewal/front-page.php
[2025-05-27 09:36:52] [c7fa7090d988a0eaac8aed5bc9a32732] 404エラー検出: /wp-content/themes/landi_renewal/src/css/layout.css.map
[2025-05-27 09:36:52] [c7fa7090d988a0eaac8aed5bc9a32732] 選択されたテンプレート: /var/www/html/wp-content/themes/landi_renewal/404.php
[2025-05-27 09:36:53] [c7fa7090d988a0eaac8aed5bc9a32732] 404エラー検出: /wp-content/themes/landi_renewal/src/css/style.css.map
[2025-05-27 09:36:53] [c7fa7090d988a0eaac8aed5bc9a32732] 選択されたテンプレート: /var/www/html/wp-content/themes/landi_renewal/404.php
[2025-05-27 09:36:53] [c7fa7090d988a0eaac8aed5bc9a32732] 404エラー検出: /wp-content/themes/landi_renewal/src/css/style-corp.css.map
[2025-05-27 09:36:53] [c7fa7090d988a0eaac8aed5bc9a32732] 選択されたテンプレート: /var/www/html/wp-content/themes/landi_renewal/404.php
[2025-05-27 09:36:53] [c7fa7090d988a0eaac8aed5bc9a32732] 選択されたテンプレート: /var/www/html/wp-content/themes/landi_renewal/front-page.php
[2025-05-27 09:36:53] [c7fa7090d988a0eaac8aed5bc9a32732] 選択されたテンプレート: /var/www/html/wp-content/themes/landi_renewal/front-page.php
[2025-05-27 09:36:53] [c7fa7090d988a0eaac8aed5bc9a32732] 選択されたテンプレート: /var/www/html/wp-content/themes/landi_renewal/front-page.php
[2025-05-27 09:37:02] [c7fa7090d988a0eaac8aed5bc9a32732] 404エラー検出: /wp-content/themes/landi_renewal/src/css/layout.css.map
[2025-05-27 09:37:02] [c7fa7090d988a0eaac8aed5bc9a32732] 選択されたテンプレート: /var/www/html/wp-content/themes/landi_renewal/404.php
[2025-05-27 09:37:02] [c7fa7090d988a0eaac8aed5bc9a32732] 404エラー検出: /wp-content/themes/landi_renewal/src/css/style.css.map
[2025-05-27 09:37:02] [c7fa7090d988a0eaac8aed5bc9a32732] 選択されたテンプレート: /var/www/html/wp-content/themes/landi_renewal/404.php
[2025-05-27 09:37:02] [c7fa7090d988a0eaac8aed5bc9a32732] 404エラー検出: /wp-content/themes/landi_renewal/src/css/style-corp.css.map
[2025-05-27 09:37:02] [c7fa7090d988a0eaac8aed5bc9a32732] 選択されたテンプレート: /var/www/html/wp-content/themes/landi_renewal/404.php
[2025-05-27 09:37:02] [c7fa7090d988a0eaac8aed5bc9a32732] 選択されたテンプレート: /var/www/html/wp-content/themes/landi_renewal/front-page.php
[2025-05-27 09:37:03] [c7fa7090d988a0eaac8aed5bc9a32732] 選択されたテンプレート: /var/www/html/wp-content/themes/landi_renewal/front-page.php
[2025-05-27 09:37:03] [c7fa7090d988a0eaac8aed5bc9a32732] 選択されたテンプレート: /var/www/html/wp-content/themes/landi_renewal/front-page.php
[2025-05-27 09:37:07] [c7fa7090d988a0eaac8aed5bc9a32732] 404エラー検出: /wp-content/themes/landi_renewal/src/css/style.css.map
[2025-05-27 09:37:07] [c7fa7090d988a0eaac8aed5bc9a32732] 選択されたテンプレート: /var/www/html/wp-content/themes/landi_renewal/404.php
[2025-05-27 09:37:07] [c7fa7090d988a0eaac8aed5bc9a32732] 404エラー検出: /wp-content/themes/landi_renewal/src/css/layout.css.map
[2025-05-27 09:37:07] [c7fa7090d988a0eaac8aed5bc9a32732] 選択されたテンプレート: /var/www/html/wp-content/themes/landi_renewal/404.php
[2025-05-27 09:37:07] [c7fa7090d988a0eaac8aed5bc9a32732] 404エラー検出: /wp-content/themes/landi_renewal/src/css/style-corp.css.map
[2025-05-27 09:37:07] [c7fa7090d988a0eaac8aed5bc9a32732] 選択されたテンプレート: /var/www/html/wp-content/themes/landi_renewal/404.php
[2025-05-27 09:37:07] [c7fa7090d988a0eaac8aed5bc9a32732] 選択されたテンプレート: /var/www/html/wp-content/themes/landi_renewal/front-page.php
[2025-05-27 09:37:07] [c7fa7090d988a0eaac8aed5bc9a32732] 選択されたテンプレート: /var/www/html/wp-content/themes/landi_renewal/front-page.php
[2025-05-27 09:37:07] [c7fa7090d988a0eaac8aed5bc9a32732] 選択されたテンプレート: /var/www/html/wp-content/themes/landi_renewal/front-page.php
[2025-05-27 09:37:10] [c7fa7090d988a0eaac8aed5bc9a32732] 404エラー検出: /wp-content/themes/landi_renewal/src/css/style.css.map
[2025-05-27 09:37:10] [c7fa7090d988a0eaac8aed5bc9a32732] 選択されたテンプレート: /var/www/html/wp-content/themes/landi_renewal/404.php
[2025-05-27 09:37:11] [c7fa7090d988a0eaac8aed5bc9a32732] 404エラー検出: /wp-content/themes/landi_renewal/src/css/layout.css.map
[2025-05-27 09:37:11] [c7fa7090d988a0eaac8aed5bc9a32732] 選択されたテンプレート: /var/www/html/wp-content/themes/landi_renewal/404.php
[2025-05-27 09:37:11] [c7fa7090d988a0eaac8aed5bc9a32732] 404エラー検出: /wp-content/themes/landi_renewal/src/css/style-corp.css.map
[2025-05-27 09:37:11] [c7fa7090d988a0eaac8aed5bc9a32732] 選択されたテンプレート: /var/www/html/wp-content/themes/landi_renewal/404.php
[2025-05-27 09:37:11] [c7fa7090d988a0eaac8aed5bc9a32732] 選択されたテンプレート: /var/www/html/wp-content/themes/landi_renewal/front-page.php
[2025-05-27 09:37:11] [c7fa7090d988a0eaac8aed5bc9a32732] 選択されたテンプレート: /var/www/html/wp-content/themes/landi_renewal/front-page.php
[2025-05-27 09:37:11] [c7fa7090d988a0eaac8aed5bc9a32732] 選択されたテンプレート: /var/www/html/wp-content/themes/landi_renewal/front-page.php
[2025-05-27 09:37:13] [c7fa7090d988a0eaac8aed5bc9a32732] 404エラー検出: /wp-content/themes/landi_renewal/src/css/layout.css.map
[2025-05-27 09:37:13] [c7fa7090d988a0eaac8aed5bc9a32732] 選択されたテンプレート: /var/www/html/wp-content/themes/landi_renewal/404.php
[2025-05-27 09:37:13] [c7fa7090d988a0eaac8aed5bc9a32732] 404エラー検出: /wp-content/themes/landi_renewal/src/css/style.css.map
[2025-05-27 09:37:13] [c7fa7090d988a0eaac8aed5bc9a32732] 選択されたテンプレート: /var/www/html/wp-content/themes/landi_renewal/404.php
[2025-05-27 09:37:13] [c7fa7090d988a0eaac8aed5bc9a32732] 404エラー検出: /wp-content/themes/landi_renewal/src/css/style-corp.css.map
[2025-05-27 09:37:13] [c7fa7090d988a0eaac8aed5bc9a32732] 選択されたテンプレート: /var/www/html/wp-content/themes/landi_renewal/404.php
[2025-05-27 09:37:14] [c7fa7090d988a0eaac8aed5bc9a32732] 選択されたテンプレート: /var/www/html/wp-content/themes/landi_renewal/front-page.php
[2025-05-27 09:37:14] [c7fa7090d988a0eaac8aed5bc9a32732] 選択されたテンプレート: /var/www/html/wp-content/themes/landi_renewal/front-page.php
[2025-05-27 09:37:14] [c7fa7090d988a0eaac8aed5bc9a32732] 選択されたテンプレート: /var/www/html/wp-content/themes/landi_renewal/front-page.php
[2025-05-27 09:37:18] [c7fa7090d988a0eaac8aed5bc9a32732] 選択されたテンプレート: /var/www/html/wp-content/themes/landi_renewal/single-case_study.php
[2025-05-27 09:37:19] [c7fa7090d988a0eaac8aed5bc9a32732] 404エラー検出: /.well-known/appspecific/com.chrome.devtools.json
[2025-05-27 09:37:19] [c7fa7090d988a0eaac8aed5bc9a32732] 選択されたテンプレート: /var/www/html/wp-content/themes/landi_renewal/404.php
[2025-05-27 09:37:19] [c7fa7090d988a0eaac8aed5bc9a32732] 404エラー検出: /wp-content/themes/landi_renewal/src/css/layout.css.map
[2025-05-27 09:37:19] [c7fa7090d988a0eaac8aed5bc9a32732] 選択されたテンプレート: /var/www/html/wp-content/themes/landi_renewal/404.php
[2025-05-27 09:37:19] [c7fa7090d988a0eaac8aed5bc9a32732] 404エラー検出: /wp-content/themes/landi_renewal/src/css/style.css.map
[2025-05-27 09:37:19] [c7fa7090d988a0eaac8aed5bc9a32732] 選択されたテンプレート: /var/www/html/wp-content/themes/landi_renewal/404.php
[2025-05-27 09:37:19] [c7fa7090d988a0eaac8aed5bc9a32732] 404エラー検出: /wp-content/themes/landi_renewal/src/css/style-corp.css.map
[2025-05-27 09:37:19] [c7fa7090d988a0eaac8aed5bc9a32732] 選択されたテンプレート: /var/www/html/wp-content/themes/landi_renewal/404.php
[2025-05-27 09:37:19] [c7fa7090d988a0eaac8aed5bc9a32732] 選択されたテンプレート: /var/www/html/wp-content/themes/landi_renewal/front-page.php
[2025-05-27 09:37:20] [c7fa7090d988a0eaac8aed5bc9a32732] 選択されたテンプレート: /var/www/html/wp-content/themes/landi_renewal/front-page.php
[2025-05-27 09:37:20] [c7fa7090d988a0eaac8aed5bc9a32732] 選択されたテンプレート: /var/www/html/wp-content/themes/landi_renewal/front-page.php
[2025-05-27 09:37:20] [c7fa7090d988a0eaac8aed5bc9a32732] 選択されたテンプレート: /var/www/html/wp-content/themes/landi_renewal/front-page.php
[2025-05-27 09:37:27] [c7fa7090d988a0eaac8aed5bc9a32732] 404エラー検出: /wp-content/themes/landi_renewal/src/css/layout.css.map
[2025-05-27 09:37:27] [c7fa7090d988a0eaac8aed5bc9a32732] 選択されたテンプレート: /var/www/html/wp-content/themes/landi_renewal/404.php
[2025-05-27 09:37:27] [c7fa7090d988a0eaac8aed5bc9a32732] 404エラー検出: /wp-content/themes/landi_renewal/src/css/style.css.map
[2025-05-27 09:37:27] [c7fa7090d988a0eaac8aed5bc9a32732] 選択されたテンプレート: /var/www/html/wp-content/themes/landi_renewal/404.php
[2025-05-27 09:37:27] [c7fa7090d988a0eaac8aed5bc9a32732] 404エラー検出: /wp-content/themes/landi_renewal/src/css/style-corp.css.map
[2025-05-27 09:37:27] [c7fa7090d988a0eaac8aed5bc9a32732] 選択されたテンプレート: /var/www/html/wp-content/themes/landi_renewal/404.php
[2025-05-27 09:37:28] [c7fa7090d988a0eaac8aed5bc9a32732] 選択されたテンプレート: /var/www/html/wp-content/themes/landi_renewal/front-page.php
[2025-05-27 09:37:28] [c7fa7090d988a0eaac8aed5bc9a32732] 選択されたテンプレート: /var/www/html/wp-content/themes/landi_renewal/front-page.php
[2025-05-27 09:37:28] [c7fa7090d988a0eaac8aed5bc9a32732] 選択されたテンプレート: /var/www/html/wp-content/themes/landi_renewal/front-page.php
