[2025-06-05 08:50:29] [fac5de35dc9cd505ea0ec59a282e4d24] 選択されたテンプレート: /var/www/html/wp-content/themes/landi_renewal/front-page.php
[2025-06-05 08:50:30] [fac5de35dc9cd505ea0ec59a282e4d24] 404エラー検出: /assets/images/top/fv.webp
[2025-06-05 08:50:30] [fac5de35dc9cd505ea0ec59a282e4d24] 選択されたテンプレート: /var/www/html/wp-content/themes/landi_renewal/404.php
[2025-06-05 08:50:30] [fac5de35dc9cd505ea0ec59a282e4d24] 選択されたテンプレート: /var/www/html/wp-content/themes/landi_renewal/front-page.php
[2025-06-05 08:50:32] [fac5de35dc9cd505ea0ec59a282e4d24] 選択されたテンプレート: /var/www/html/wp-content/themes/landi_renewal/archive-case_study.php
[2025-06-05 08:50:34] [fac5de35dc9cd505ea0ec59a282e4d24] 選択されたテンプレート: /var/www/html/wp-content/themes/landi_renewal/single-case_study.php
[2025-06-05 08:51:02] [fac5de35dc9cd505ea0ec59a282e4d24] 404エラー検出: /.well-known/appspecific/com.chrome.devtools.json
[2025-06-05 08:51:02] [fac5de35dc9cd505ea0ec59a282e4d24] 選択されたテンプレート: /var/www/html/wp-content/themes/landi_renewal/404.php
[2025-06-05 08:51:02] [fac5de35dc9cd505ea0ec59a282e4d24] 404エラー検出: /wp-content/themes/landi_renewal/src/css/layout.css.map
[2025-06-05 08:51:02] [fac5de35dc9cd505ea0ec59a282e4d24] 選択されたテンプレート: /var/www/html/wp-content/themes/landi_renewal/404.php
[2025-06-05 08:51:02] [fac5de35dc9cd505ea0ec59a282e4d24] 404エラー検出: /wp-content/themes/landi_renewal/src/css/style-corp.css.map
[2025-06-05 08:51:02] [fac5de35dc9cd505ea0ec59a282e4d24] 選択されたテンプレート: /var/www/html/wp-content/themes/landi_renewal/404.php
[2025-06-05 08:51:02] [fac5de35dc9cd505ea0ec59a282e4d24] 404エラー検出: /wp-content/themes/landi_renewal/src/css/style.css.map
[2025-06-05 08:51:02] [fac5de35dc9cd505ea0ec59a282e4d24] 選択されたテンプレート: /var/www/html/wp-content/themes/landi_renewal/404.php
[2025-06-05 08:51:02] [fac5de35dc9cd505ea0ec59a282e4d24] 選択されたテンプレート: /var/www/html/wp-content/themes/landi_renewal/front-page.php
[2025-06-05 08:51:02] [fac5de35dc9cd505ea0ec59a282e4d24] 選択されたテンプレート: /var/www/html/wp-content/themes/landi_renewal/front-page.php
[2025-06-05 08:51:02] [fac5de35dc9cd505ea0ec59a282e4d24] 選択されたテンプレート: /var/www/html/wp-content/themes/landi_renewal/front-page.php
[2025-06-05 08:51:02] [fac5de35dc9cd505ea0ec59a282e4d24] 選択されたテンプレート: /var/www/html/wp-content/themes/landi_renewal/front-page.php
[2025-06-05 08:51:23] [fac5de35dc9cd505ea0ec59a282e4d24] 選択されたテンプレート: /var/www/html/wp-content/themes/landi_renewal/single-case_study.php
[2025-06-05 08:51:23] [fac5de35dc9cd505ea0ec59a282e4d24] 404エラー検出: /.well-known/appspecific/com.chrome.devtools.json
[2025-06-05 08:51:23] [fac5de35dc9cd505ea0ec59a282e4d24] 選択されたテンプレート: /var/www/html/wp-content/themes/landi_renewal/404.php
[2025-06-05 08:51:23] [fac5de35dc9cd505ea0ec59a282e4d24] 404エラー検出: /wp-content/themes/landi_renewal/src/css/layout.css.map
[2025-06-05 08:51:23] [fac5de35dc9cd505ea0ec59a282e4d24] 選択されたテンプレート: /var/www/html/wp-content/themes/landi_renewal/404.php
[2025-06-05 08:51:24] [fac5de35dc9cd505ea0ec59a282e4d24] 404エラー検出: /wp-content/themes/landi_renewal/src/css/style.css.map
[2025-06-05 08:51:24] [fac5de35dc9cd505ea0ec59a282e4d24] 選択されたテンプレート: /var/www/html/wp-content/themes/landi_renewal/404.php
[2025-06-05 08:51:24] [fac5de35dc9cd505ea0ec59a282e4d24] 404エラー検出: /wp-content/themes/landi_renewal/src/css/style-corp.css.map
[2025-06-05 08:51:24] [fac5de35dc9cd505ea0ec59a282e4d24] 選択されたテンプレート: /var/www/html/wp-content/themes/landi_renewal/404.php
[2025-06-05 08:51:24] [fac5de35dc9cd505ea0ec59a282e4d24] 選択されたテンプレート: /var/www/html/wp-content/themes/landi_renewal/front-page.php
[2025-06-05 08:51:24] [fac5de35dc9cd505ea0ec59a282e4d24] 選択されたテンプレート: /var/www/html/wp-content/themes/landi_renewal/front-page.php
[2025-06-05 08:51:24] [fac5de35dc9cd505ea0ec59a282e4d24] 選択されたテンプレート: /var/www/html/wp-content/themes/landi_renewal/front-page.php
[2025-06-05 08:51:24] [fac5de35dc9cd505ea0ec59a282e4d24] 選択されたテンプレート: /var/www/html/wp-content/themes/landi_renewal/front-page.php
[2025-06-05 08:57:23] [fac5de35dc9cd505ea0ec59a282e4d24] 選択されたテンプレート: /var/www/html/wp-content/themes/landi_renewal/single-case_study.php
[2025-06-05 08:57:24] [fac5de35dc9cd505ea0ec59a282e4d24] 404エラー検出: /.well-known/appspecific/com.chrome.devtools.json
[2025-06-05 08:57:24] [fac5de35dc9cd505ea0ec59a282e4d24] 選択されたテンプレート: /var/www/html/wp-content/themes/landi_renewal/404.php
[2025-06-05 08:57:24] [fac5de35dc9cd505ea0ec59a282e4d24] 404エラー検出: /wp-content/themes/landi_renewal/src/css/layout.css.map
[2025-06-05 08:57:24] [fac5de35dc9cd505ea0ec59a282e4d24] 選択されたテンプレート: /var/www/html/wp-content/themes/landi_renewal/404.php
[2025-06-05 08:57:24] [fac5de35dc9cd505ea0ec59a282e4d24] 404エラー検出: /wp-content/themes/landi_renewal/src/css/style.css.map
[2025-06-05 08:57:24] [fac5de35dc9cd505ea0ec59a282e4d24] 選択されたテンプレート: /var/www/html/wp-content/themes/landi_renewal/404.php
[2025-06-05 08:57:24] [fac5de35dc9cd505ea0ec59a282e4d24] 404エラー検出: /wp-content/themes/landi_renewal/src/css/style-corp.css.map
[2025-06-05 08:57:24] [fac5de35dc9cd505ea0ec59a282e4d24] 選択されたテンプレート: /var/www/html/wp-content/themes/landi_renewal/404.php
[2025-06-05 08:57:24] [fac5de35dc9cd505ea0ec59a282e4d24] 選択されたテンプレート: /var/www/html/wp-content/themes/landi_renewal/front-page.php
[2025-06-05 08:57:25] [fac5de35dc9cd505ea0ec59a282e4d24] 選択されたテンプレート: /var/www/html/wp-content/themes/landi_renewal/front-page.php
[2025-06-05 08:57:25] [fac5de35dc9cd505ea0ec59a282e4d24] 選択されたテンプレート: /var/www/html/wp-content/themes/landi_renewal/front-page.php
[2025-06-05 08:57:25] [fac5de35dc9cd505ea0ec59a282e4d24] 選択されたテンプレート: /var/www/html/wp-content/themes/landi_renewal/front-page.php
[2025-06-05 09:00:29] [fac5de35dc9cd505ea0ec59a282e4d24] 選択されたテンプレート: /var/www/html/wp-content/themes/landi_renewal/single-case_study.php
[2025-06-05 09:00:30] [fac5de35dc9cd505ea0ec59a282e4d24] 404エラー検出: /.well-known/appspecific/com.chrome.devtools.json
[2025-06-05 09:00:30] [fac5de35dc9cd505ea0ec59a282e4d24] 選択されたテンプレート: /var/www/html/wp-content/themes/landi_renewal/404.php
[2025-06-05 09:00:30] [fac5de35dc9cd505ea0ec59a282e4d24] 404エラー検出: /wp-content/themes/landi_renewal/src/css/layout.css.map
[2025-06-05 09:00:30] [fac5de35dc9cd505ea0ec59a282e4d24] 選択されたテンプレート: /var/www/html/wp-content/themes/landi_renewal/404.php
[2025-06-05 09:00:30] [fac5de35dc9cd505ea0ec59a282e4d24] 404エラー検出: /wp-content/themes/landi_renewal/src/css/style.css.map
[2025-06-05 09:00:30] [fac5de35dc9cd505ea0ec59a282e4d24] 選択されたテンプレート: /var/www/html/wp-content/themes/landi_renewal/404.php
[2025-06-05 09:00:30] [fac5de35dc9cd505ea0ec59a282e4d24] 404エラー検出: /wp-content/themes/landi_renewal/src/css/style-corp.css.map
[2025-06-05 09:00:30] [fac5de35dc9cd505ea0ec59a282e4d24] 選択されたテンプレート: /var/www/html/wp-content/themes/landi_renewal/404.php
[2025-06-05 09:00:30] [fac5de35dc9cd505ea0ec59a282e4d24] 選択されたテンプレート: /var/www/html/wp-content/themes/landi_renewal/front-page.php
[2025-06-05 09:00:30] [fac5de35dc9cd505ea0ec59a282e4d24] 選択されたテンプレート: /var/www/html/wp-content/themes/landi_renewal/front-page.php
[2025-06-05 09:00:31] [fac5de35dc9cd505ea0ec59a282e4d24] 選択されたテンプレート: /var/www/html/wp-content/themes/landi_renewal/front-page.php
[2025-06-05 09:00:31] [fac5de35dc9cd505ea0ec59a282e4d24] 選択されたテンプレート: /var/www/html/wp-content/themes/landi_renewal/front-page.php
[2025-06-05 09:02:36] [fac5de35dc9cd505ea0ec59a282e4d24] 選択されたテンプレート: /var/www/html/wp-content/themes/landi_renewal/single-case_study.php
[2025-06-05 09:02:37] [fac5de35dc9cd505ea0ec59a282e4d24] 404エラー検出: /.well-known/appspecific/com.chrome.devtools.json
[2025-06-05 09:02:37] [fac5de35dc9cd505ea0ec59a282e4d24] 選択されたテンプレート: /var/www/html/wp-content/themes/landi_renewal/404.php
[2025-06-05 09:02:37] [fac5de35dc9cd505ea0ec59a282e4d24] 404エラー検出: /wp-content/themes/landi_renewal/src/css/layout.css.map
[2025-06-05 09:02:37] [fac5de35dc9cd505ea0ec59a282e4d24] 選択されたテンプレート: /var/www/html/wp-content/themes/landi_renewal/404.php
[2025-06-05 09:02:37] [fac5de35dc9cd505ea0ec59a282e4d24] 404エラー検出: /wp-content/themes/landi_renewal/src/css/style.css.map
[2025-06-05 09:02:37] [fac5de35dc9cd505ea0ec59a282e4d24] 選択されたテンプレート: /var/www/html/wp-content/themes/landi_renewal/404.php
[2025-06-05 09:02:37] [fac5de35dc9cd505ea0ec59a282e4d24] 404エラー検出: /wp-content/themes/landi_renewal/src/css/style-corp.css.map
[2025-06-05 09:02:37] [fac5de35dc9cd505ea0ec59a282e4d24] 選択されたテンプレート: /var/www/html/wp-content/themes/landi_renewal/404.php
[2025-06-05 09:02:37] [fac5de35dc9cd505ea0ec59a282e4d24] 選択されたテンプレート: /var/www/html/wp-content/themes/landi_renewal/front-page.php
[2025-06-05 09:02:38] [fac5de35dc9cd505ea0ec59a282e4d24] 選択されたテンプレート: /var/www/html/wp-content/themes/landi_renewal/front-page.php
[2025-06-05 09:02:38] [fac5de35dc9cd505ea0ec59a282e4d24] 選択されたテンプレート: /var/www/html/wp-content/themes/landi_renewal/front-page.php
[2025-06-05 09:02:38] [fac5de35dc9cd505ea0ec59a282e4d24] 選択されたテンプレート: /var/www/html/wp-content/themes/landi_renewal/front-page.php
[2025-06-05 09:03:31] [fac5de35dc9cd505ea0ec59a282e4d24] 選択されたテンプレート: /var/www/html/wp-content/themes/landi_renewal/single-case_study.php
[2025-06-05 09:03:31] [fac5de35dc9cd505ea0ec59a282e4d24] 404エラー検出: /.well-known/appspecific/com.chrome.devtools.json
[2025-06-05 09:03:31] [fac5de35dc9cd505ea0ec59a282e4d24] 選択されたテンプレート: /var/www/html/wp-content/themes/landi_renewal/404.php
[2025-06-05 09:03:31] [fac5de35dc9cd505ea0ec59a282e4d24] 404エラー検出: /wp-content/themes/landi_renewal/src/css/layout.css.map
[2025-06-05 09:03:31] [fac5de35dc9cd505ea0ec59a282e4d24] 選択されたテンプレート: /var/www/html/wp-content/themes/landi_renewal/404.php
[2025-06-05 09:03:31] [fac5de35dc9cd505ea0ec59a282e4d24] 404エラー検出: /wp-content/themes/landi_renewal/src/css/style.css.map
[2025-06-05 09:03:31] [fac5de35dc9cd505ea0ec59a282e4d24] 選択されたテンプレート: /var/www/html/wp-content/themes/landi_renewal/404.php
[2025-06-05 09:03:32] [fac5de35dc9cd505ea0ec59a282e4d24] 404エラー検出: /wp-content/themes/landi_renewal/src/css/style-corp.css.map
[2025-06-05 09:03:32] [fac5de35dc9cd505ea0ec59a282e4d24] 選択されたテンプレート: /var/www/html/wp-content/themes/landi_renewal/404.php
[2025-06-05 09:03:32] [fac5de35dc9cd505ea0ec59a282e4d24] 選択されたテンプレート: /var/www/html/wp-content/themes/landi_renewal/front-page.php
[2025-06-05 09:03:32] [fac5de35dc9cd505ea0ec59a282e4d24] 選択されたテンプレート: /var/www/html/wp-content/themes/landi_renewal/front-page.php
[2025-06-05 09:03:32] [fac5de35dc9cd505ea0ec59a282e4d24] 選択されたテンプレート: /var/www/html/wp-content/themes/landi_renewal/front-page.php
[2025-06-05 09:03:32] [fac5de35dc9cd505ea0ec59a282e4d24] 選択されたテンプレート: /var/www/html/wp-content/themes/landi_renewal/front-page.php
[2025-06-05 09:03:55] [fac5de35dc9cd505ea0ec59a282e4d24] 選択されたテンプレート: /var/www/html/wp-content/themes/landi_renewal/single-case_study.php
[2025-06-05 09:03:55] [fac5de35dc9cd505ea0ec59a282e4d24] 404エラー検出: /.well-known/appspecific/com.chrome.devtools.json
[2025-06-05 09:03:55] [fac5de35dc9cd505ea0ec59a282e4d24] 選択されたテンプレート: /var/www/html/wp-content/themes/landi_renewal/404.php
[2025-06-05 09:03:56] [fac5de35dc9cd505ea0ec59a282e4d24] 404エラー検出: /wp-content/themes/landi_renewal/src/css/layout.css.map
[2025-06-05 09:03:56] [fac5de35dc9cd505ea0ec59a282e4d24] 選択されたテンプレート: /var/www/html/wp-content/themes/landi_renewal/404.php
[2025-06-05 09:03:56] [fac5de35dc9cd505ea0ec59a282e4d24] 404エラー検出: /wp-content/themes/landi_renewal/src/css/style.css.map
[2025-06-05 09:03:56] [fac5de35dc9cd505ea0ec59a282e4d24] 選択されたテンプレート: /var/www/html/wp-content/themes/landi_renewal/404.php
[2025-06-05 09:03:56] [fac5de35dc9cd505ea0ec59a282e4d24] 404エラー検出: /wp-content/themes/landi_renewal/src/css/style-corp.css.map
[2025-06-05 09:03:56] [fac5de35dc9cd505ea0ec59a282e4d24] 選択されたテンプレート: /var/www/html/wp-content/themes/landi_renewal/404.php
[2025-06-05 09:03:56] [fac5de35dc9cd505ea0ec59a282e4d24] 選択されたテンプレート: /var/www/html/wp-content/themes/landi_renewal/page-comapany.php
[2025-06-05 09:03:56] [fac5de35dc9cd505ea0ec59a282e4d24] 選択されたテンプレート: /var/www/html/wp-content/themes/landi_renewal/front-page.php
[2025-06-05 09:03:56] [fac5de35dc9cd505ea0ec59a282e4d24] 選択されたテンプレート: /var/www/html/wp-content/themes/landi_renewal/front-page.php
[2025-06-05 09:03:57] [fac5de35dc9cd505ea0ec59a282e4d24] 選択されたテンプレート: /var/www/html/wp-content/themes/landi_renewal/front-page.php
[2025-06-05 09:03:57] [fac5de35dc9cd505ea0ec59a282e4d24] 選択されたテンプレート: /var/www/html/wp-content/themes/landi_renewal/front-page.php
[2025-06-05 09:03:57] [fac5de35dc9cd505ea0ec59a282e4d24] 404エラー検出: /wp-content/themes/landi_renewal/src/css/layout.css.map
[2025-06-05 09:03:57] [fac5de35dc9cd505ea0ec59a282e4d24] 選択されたテンプレート: /var/www/html/wp-content/themes/landi_renewal/404.php
[2025-06-05 09:03:57] [fac5de35dc9cd505ea0ec59a282e4d24] 404エラー検出: /wp-content/themes/landi_renewal/src/css/style.css.map
[2025-06-05 09:03:57] [fac5de35dc9cd505ea0ec59a282e4d24] 選択されたテンプレート: /var/www/html/wp-content/themes/landi_renewal/404.php
[2025-06-05 09:03:57] [fac5de35dc9cd505ea0ec59a282e4d24] 404エラー検出: /wp-content/themes/landi_renewal/src/css/style-corp.css.map
[2025-06-05 09:03:57] [fac5de35dc9cd505ea0ec59a282e4d24] 選択されたテンプレート: /var/www/html/wp-content/themes/landi_renewal/404.php
[2025-06-05 09:03:57] [fac5de35dc9cd505ea0ec59a282e4d24] 404エラー検出: /.well-known/appspecific/com.chrome.devtools.json
[2025-06-05 09:03:57] [fac5de35dc9cd505ea0ec59a282e4d24] 選択されたテンプレート: /var/www/html/wp-content/themes/landi_renewal/404.php
[2025-06-05 09:03:57] [fac5de35dc9cd505ea0ec59a282e4d24] 選択されたテンプレート: /var/www/html/wp-content/themes/landi_renewal/front-page.php
[2025-06-05 09:03:57] [fac5de35dc9cd505ea0ec59a282e4d24] 選択されたテンプレート: /var/www/html/wp-content/themes/landi_renewal/front-page.php
[2025-06-05 09:03:58] [fac5de35dc9cd505ea0ec59a282e4d24] 選択されたテンプレート: /var/www/html/wp-content/themes/landi_renewal/front-page.php
[2025-06-05 09:03:58] [fac5de35dc9cd505ea0ec59a282e4d24] 選択されたテンプレート: /var/www/html/wp-content/themes/landi_renewal/front-page.php
[2025-06-05 09:04:07] [fac5de35dc9cd505ea0ec59a282e4d24] 選択されたテンプレート: /var/www/html/wp-content/themes/landi_renewal/page-comapany.php
[2025-06-05 09:04:08] [fac5de35dc9cd505ea0ec59a282e4d24] 404エラー検出: /.well-known/appspecific/com.chrome.devtools.json
[2025-06-05 09:04:08] [fac5de35dc9cd505ea0ec59a282e4d24] 選択されたテンプレート: /var/www/html/wp-content/themes/landi_renewal/404.php
[2025-06-05 09:04:08] [fac5de35dc9cd505ea0ec59a282e4d24] 404エラー検出: /wp-content/themes/landi_renewal/src/css/layout.css.map
[2025-06-05 09:04:08] [fac5de35dc9cd505ea0ec59a282e4d24] 選択されたテンプレート: /var/www/html/wp-content/themes/landi_renewal/404.php
[2025-06-05 09:04:08] [fac5de35dc9cd505ea0ec59a282e4d24] 404エラー検出: /wp-content/themes/landi_renewal/src/css/style.css.map
[2025-06-05 09:04:08] [fac5de35dc9cd505ea0ec59a282e4d24] 選択されたテンプレート: /var/www/html/wp-content/themes/landi_renewal/404.php
[2025-06-05 09:04:08] [fac5de35dc9cd505ea0ec59a282e4d24] 選択されたテンプレート: /var/www/html/wp-content/themes/landi_renewal/front-page.php
[2025-06-05 09:04:08] [fac5de35dc9cd505ea0ec59a282e4d24] 404エラー検出: /wp-content/themes/landi_renewal/src/css/style-corp.css.map
[2025-06-05 09:04:08] [fac5de35dc9cd505ea0ec59a282e4d24] 選択されたテンプレート: /var/www/html/wp-content/themes/landi_renewal/404.php
[2025-06-05 09:04:08] [fac5de35dc9cd505ea0ec59a282e4d24] 選択されたテンプレート: /var/www/html/wp-content/themes/landi_renewal/front-page.php
[2025-06-05 09:04:08] [fac5de35dc9cd505ea0ec59a282e4d24] 選択されたテンプレート: /var/www/html/wp-content/themes/landi_renewal/front-page.php
[2025-06-05 09:04:09] [fac5de35dc9cd505ea0ec59a282e4d24] 選択されたテンプレート: /var/www/html/wp-content/themes/landi_renewal/front-page.php
[2025-06-05 09:16:07] [fac5de35dc9cd505ea0ec59a282e4d24] 404エラー検出: /wp-content/themes/landi_renewal/src/css/style-corp.css.map
[2025-06-05 09:16:07] [fac5de35dc9cd505ea0ec59a282e4d24] 選択されたテンプレート: /var/www/html/wp-content/themes/landi_renewal/404.php
[2025-06-05 09:16:07] [fac5de35dc9cd505ea0ec59a282e4d24] 404エラー検出: /wp-content/themes/landi_renewal/src/css/layout.css.map
[2025-06-05 09:16:07] [fac5de35dc9cd505ea0ec59a282e4d24] 選択されたテンプレート: /var/www/html/wp-content/themes/landi_renewal/404.php
[2025-06-05 09:16:07] [fac5de35dc9cd505ea0ec59a282e4d24] 404エラー検出: /wp-content/themes/landi_renewal/src/css/style.css.map
[2025-06-05 09:16:07] [fac5de35dc9cd505ea0ec59a282e4d24] 選択されたテンプレート: /var/www/html/wp-content/themes/landi_renewal/404.php
[2025-06-05 09:16:07] [fac5de35dc9cd505ea0ec59a282e4d24] 選択されたテンプレート: /var/www/html/wp-content/themes/landi_renewal/front-page.php
[2025-06-05 09:16:07] [fac5de35dc9cd505ea0ec59a282e4d24] 選択されたテンプレート: /var/www/html/wp-content/themes/landi_renewal/front-page.php
[2025-06-05 09:16:07] [fac5de35dc9cd505ea0ec59a282e4d24] 選択されたテンプレート: /var/www/html/wp-content/themes/landi_renewal/front-page.php
[2025-06-05 09:17:02] [fac5de35dc9cd505ea0ec59a282e4d24] 選択されたテンプレート: /var/www/html/wp-content/themes/landi_renewal/page-comapany.php
[2025-06-05 09:17:02] [fac5de35dc9cd505ea0ec59a282e4d24] 404エラー検出: /.well-known/appspecific/com.chrome.devtools.json
[2025-06-05 09:17:02] [fac5de35dc9cd505ea0ec59a282e4d24] 選択されたテンプレート: /var/www/html/wp-content/themes/landi_renewal/404.php
[2025-06-05 09:17:02] [fac5de35dc9cd505ea0ec59a282e4d24] 404エラー検出: /wp-content/themes/landi_renewal/src/css/style.css.map
[2025-06-05 09:17:02] [fac5de35dc9cd505ea0ec59a282e4d24] 選択されたテンプレート: /var/www/html/wp-content/themes/landi_renewal/404.php
[2025-06-05 09:17:02] [fac5de35dc9cd505ea0ec59a282e4d24] 404エラー検出: /wp-content/themes/landi_renewal/src/css/layout.css.map
[2025-06-05 09:17:02] [fac5de35dc9cd505ea0ec59a282e4d24] 選択されたテンプレート: /var/www/html/wp-content/themes/landi_renewal/404.php
[2025-06-05 09:17:02] [fac5de35dc9cd505ea0ec59a282e4d24] 404エラー検出: /wp-content/themes/landi_renewal/src/css/style-corp.css.map
[2025-06-05 09:17:02] [fac5de35dc9cd505ea0ec59a282e4d24] 選択されたテンプレート: /var/www/html/wp-content/themes/landi_renewal/404.php
[2025-06-05 09:17:03] [fac5de35dc9cd505ea0ec59a282e4d24] 選択されたテンプレート: /var/www/html/wp-content/themes/landi_renewal/front-page.php
[2025-06-05 09:17:03] [fac5de35dc9cd505ea0ec59a282e4d24] 選択されたテンプレート: /var/www/html/wp-content/themes/landi_renewal/front-page.php
[2025-06-05 09:17:03] [fac5de35dc9cd505ea0ec59a282e4d24] 選択されたテンプレート: /var/www/html/wp-content/themes/landi_renewal/front-page.php
[2025-06-05 09:17:03] [fac5de35dc9cd505ea0ec59a282e4d24] 選択されたテンプレート: /var/www/html/wp-content/themes/landi_renewal/front-page.php
[2025-06-05 09:17:24] [fac5de35dc9cd505ea0ec59a282e4d24] 選択されたテンプレート: /var/www/html/wp-content/themes/landi_renewal/page-comapany.php
[2025-06-05 09:17:25] [fac5de35dc9cd505ea0ec59a282e4d24] 404エラー検出: /.well-known/appspecific/com.chrome.devtools.json
[2025-06-05 09:17:25] [fac5de35dc9cd505ea0ec59a282e4d24] 選択されたテンプレート: /var/www/html/wp-content/themes/landi_renewal/404.php
[2025-06-05 09:17:25] [fac5de35dc9cd505ea0ec59a282e4d24] 404エラー検出: /wp-content/themes/landi_renewal/src/css/layout.css.map
[2025-06-05 09:17:25] [fac5de35dc9cd505ea0ec59a282e4d24] 選択されたテンプレート: /var/www/html/wp-content/themes/landi_renewal/404.php
[2025-06-05 09:17:25] [fac5de35dc9cd505ea0ec59a282e4d24] 404エラー検出: /wp-content/themes/landi_renewal/src/css/style.css.map
[2025-06-05 09:17:25] [fac5de35dc9cd505ea0ec59a282e4d24] 選択されたテンプレート: /var/www/html/wp-content/themes/landi_renewal/404.php
[2025-06-05 09:17:25] [fac5de35dc9cd505ea0ec59a282e4d24] 404エラー検出: /wp-content/themes/landi_renewal/src/css/style-corp.css.map
[2025-06-05 09:17:25] [fac5de35dc9cd505ea0ec59a282e4d24] 選択されたテンプレート: /var/www/html/wp-content/themes/landi_renewal/404.php
[2025-06-05 09:17:25] [fac5de35dc9cd505ea0ec59a282e4d24] 選択されたテンプレート: /var/www/html/wp-content/themes/landi_renewal/front-page.php
[2025-06-05 09:17:25] [fac5de35dc9cd505ea0ec59a282e4d24] 選択されたテンプレート: /var/www/html/wp-content/themes/landi_renewal/front-page.php
[2025-06-05 09:17:25] [fac5de35dc9cd505ea0ec59a282e4d24] 選択されたテンプレート: /var/www/html/wp-content/themes/landi_renewal/front-page.php
[2025-06-05 09:17:26] [fac5de35dc9cd505ea0ec59a282e4d24] 選択されたテンプレート: /var/www/html/wp-content/themes/landi_renewal/front-page.php
[2025-06-05 09:17:47] [fac5de35dc9cd505ea0ec59a282e4d24] 404エラー検出: /wp-content/themes/landi_renewal/src/css/style.css.map
[2025-06-05 09:17:47] [fac5de35dc9cd505ea0ec59a282e4d24] 選択されたテンプレート: /var/www/html/wp-content/themes/landi_renewal/404.php
[2025-06-05 09:17:47] [fac5de35dc9cd505ea0ec59a282e4d24] 404エラー検出: /wp-content/themes/landi_renewal/src/css/layout.css.map
[2025-06-05 09:17:47] [fac5de35dc9cd505ea0ec59a282e4d24] 選択されたテンプレート: /var/www/html/wp-content/themes/landi_renewal/404.php
[2025-06-05 09:17:47] [fac5de35dc9cd505ea0ec59a282e4d24] 404エラー検出: /wp-content/themes/landi_renewal/src/css/style-corp.css.map
[2025-06-05 09:17:47] [fac5de35dc9cd505ea0ec59a282e4d24] 選択されたテンプレート: /var/www/html/wp-content/themes/landi_renewal/404.php
[2025-06-05 09:17:47] [fac5de35dc9cd505ea0ec59a282e4d24] 選択されたテンプレート: /var/www/html/wp-content/themes/landi_renewal/front-page.php
[2025-06-05 09:17:47] [fac5de35dc9cd505ea0ec59a282e4d24] 選択されたテンプレート: /var/www/html/wp-content/themes/landi_renewal/front-page.php
[2025-06-05 09:17:47] [fac5de35dc9cd505ea0ec59a282e4d24] 選択されたテンプレート: /var/www/html/wp-content/themes/landi_renewal/front-page.php
[2025-06-05 09:18:44] [fac5de35dc9cd505ea0ec59a282e4d24] 404エラー検出: /wp-content/themes/landi_renewal/src/css/style.css.map
[2025-06-05 09:18:44] [fac5de35dc9cd505ea0ec59a282e4d24] 選択されたテンプレート: /var/www/html/wp-content/themes/landi_renewal/404.php
[2025-06-05 09:18:44] [fac5de35dc9cd505ea0ec59a282e4d24] 404エラー検出: /wp-content/themes/landi_renewal/src/css/style-corp.css.map
[2025-06-05 09:18:44] [fac5de35dc9cd505ea0ec59a282e4d24] 選択されたテンプレート: /var/www/html/wp-content/themes/landi_renewal/404.php
[2025-06-05 09:18:44] [fac5de35dc9cd505ea0ec59a282e4d24] 404エラー検出: /wp-content/themes/landi_renewal/src/css/layout.css.map
[2025-06-05 09:18:44] [fac5de35dc9cd505ea0ec59a282e4d24] 選択されたテンプレート: /var/www/html/wp-content/themes/landi_renewal/404.php
[2025-06-05 09:18:44] [fac5de35dc9cd505ea0ec59a282e4d24] 選択されたテンプレート: /var/www/html/wp-content/themes/landi_renewal/front-page.php
[2025-06-05 09:18:45] [fac5de35dc9cd505ea0ec59a282e4d24] 選択されたテンプレート: /var/www/html/wp-content/themes/landi_renewal/front-page.php
[2025-06-05 09:18:45] [fac5de35dc9cd505ea0ec59a282e4d24] 選択されたテンプレート: /var/www/html/wp-content/themes/landi_renewal/front-page.php
[2025-06-05 09:18:48] [fac5de35dc9cd505ea0ec59a282e4d24] 404エラー検出: /wp-content/themes/landi_renewal/src/css/layout.css.map
[2025-06-05 09:18:48] [fac5de35dc9cd505ea0ec59a282e4d24] 選択されたテンプレート: /var/www/html/wp-content/themes/landi_renewal/404.php
[2025-06-05 09:18:48] [fac5de35dc9cd505ea0ec59a282e4d24] 404エラー検出: /wp-content/themes/landi_renewal/src/css/style.css.map
[2025-06-05 09:18:48] [fac5de35dc9cd505ea0ec59a282e4d24] 選択されたテンプレート: /var/www/html/wp-content/themes/landi_renewal/404.php
[2025-06-05 09:18:48] [fac5de35dc9cd505ea0ec59a282e4d24] 404エラー検出: /wp-content/themes/landi_renewal/src/css/style-corp.css.map
[2025-06-05 09:18:48] [fac5de35dc9cd505ea0ec59a282e4d24] 選択されたテンプレート: /var/www/html/wp-content/themes/landi_renewal/404.php
[2025-06-05 09:18:48] [fac5de35dc9cd505ea0ec59a282e4d24] 選択されたテンプレート: /var/www/html/wp-content/themes/landi_renewal/front-page.php
[2025-06-05 09:18:49] [fac5de35dc9cd505ea0ec59a282e4d24] 選択されたテンプレート: /var/www/html/wp-content/themes/landi_renewal/front-page.php
[2025-06-05 09:18:49] [fac5de35dc9cd505ea0ec59a282e4d24] 選択されたテンプレート: /var/www/html/wp-content/themes/landi_renewal/front-page.php
[2025-06-05 09:18:54] [fac5de35dc9cd505ea0ec59a282e4d24] 404エラー検出: /wp-content/themes/landi_renewal/src/css/layout.css.map
[2025-06-05 09:18:54] [fac5de35dc9cd505ea0ec59a282e4d24] 選択されたテンプレート: /var/www/html/wp-content/themes/landi_renewal/404.php
[2025-06-05 09:18:54] [fac5de35dc9cd505ea0ec59a282e4d24] 404エラー検出: /wp-content/themes/landi_renewal/src/css/style-corp.css.map
[2025-06-05 09:18:54] [fac5de35dc9cd505ea0ec59a282e4d24] 選択されたテンプレート: /var/www/html/wp-content/themes/landi_renewal/404.php
[2025-06-05 09:18:54] [fac5de35dc9cd505ea0ec59a282e4d24] 404エラー検出: /wp-content/themes/landi_renewal/src/css/style.css.map
[2025-06-05 09:18:54] [fac5de35dc9cd505ea0ec59a282e4d24] 選択されたテンプレート: /var/www/html/wp-content/themes/landi_renewal/404.php
[2025-06-05 09:18:54] [fac5de35dc9cd505ea0ec59a282e4d24] 選択されたテンプレート: /var/www/html/wp-content/themes/landi_renewal/front-page.php
[2025-06-05 09:18:54] [fac5de35dc9cd505ea0ec59a282e4d24] 選択されたテンプレート: /var/www/html/wp-content/themes/landi_renewal/front-page.php
[2025-06-05 09:18:54] [fac5de35dc9cd505ea0ec59a282e4d24] 選択されたテンプレート: /var/www/html/wp-content/themes/landi_renewal/front-page.php
[2025-06-05 09:19:17] [fac5de35dc9cd505ea0ec59a282e4d24] 404エラー検出: /wp-content/themes/landi_renewal/src/css/layout.css.map
[2025-06-05 09:19:17] [fac5de35dc9cd505ea0ec59a282e4d24] 選択されたテンプレート: /var/www/html/wp-content/themes/landi_renewal/404.php
[2025-06-05 09:19:17] [fac5de35dc9cd505ea0ec59a282e4d24] 404エラー検出: /wp-content/themes/landi_renewal/src/css/style.css.map
[2025-06-05 09:19:17] [fac5de35dc9cd505ea0ec59a282e4d24] 選択されたテンプレート: /var/www/html/wp-content/themes/landi_renewal/404.php
[2025-06-05 09:19:17] [fac5de35dc9cd505ea0ec59a282e4d24] 404エラー検出: /wp-content/themes/landi_renewal/src/css/style-corp.css.map
[2025-06-05 09:19:17] [fac5de35dc9cd505ea0ec59a282e4d24] 選択されたテンプレート: /var/www/html/wp-content/themes/landi_renewal/404.php
[2025-06-05 09:19:17] [fac5de35dc9cd505ea0ec59a282e4d24] 選択されたテンプレート: /var/www/html/wp-content/themes/landi_renewal/front-page.php
[2025-06-05 09:19:17] [fac5de35dc9cd505ea0ec59a282e4d24] 選択されたテンプレート: /var/www/html/wp-content/themes/landi_renewal/front-page.php
[2025-06-05 09:19:17] [fac5de35dc9cd505ea0ec59a282e4d24] 選択されたテンプレート: /var/www/html/wp-content/themes/landi_renewal/front-page.php
[2025-06-05 09:19:48] [fac5de35dc9cd505ea0ec59a282e4d24] 404エラー検出: /wp-content/themes/landi_renewal/src/css/layout.css.map
[2025-06-05 09:19:48] [fac5de35dc9cd505ea0ec59a282e4d24] 選択されたテンプレート: /var/www/html/wp-content/themes/landi_renewal/404.php
[2025-06-05 09:19:48] [fac5de35dc9cd505ea0ec59a282e4d24] 404エラー検出: /wp-content/themes/landi_renewal/src/css/style.css.map
[2025-06-05 09:19:48] [fac5de35dc9cd505ea0ec59a282e4d24] 選択されたテンプレート: /var/www/html/wp-content/themes/landi_renewal/404.php
[2025-06-05 09:19:49] [fac5de35dc9cd505ea0ec59a282e4d24] 404エラー検出: /wp-content/themes/landi_renewal/src/css/style-corp.css.map
[2025-06-05 09:19:49] [fac5de35dc9cd505ea0ec59a282e4d24] 選択されたテンプレート: /var/www/html/wp-content/themes/landi_renewal/404.php
[2025-06-05 09:19:49] [fac5de35dc9cd505ea0ec59a282e4d24] 選択されたテンプレート: /var/www/html/wp-content/themes/landi_renewal/front-page.php
[2025-06-05 09:19:49] [fac5de35dc9cd505ea0ec59a282e4d24] 選択されたテンプレート: /var/www/html/wp-content/themes/landi_renewal/front-page.php
[2025-06-05 09:19:49] [fac5de35dc9cd505ea0ec59a282e4d24] 選択されたテンプレート: /var/www/html/wp-content/themes/landi_renewal/front-page.php
[2025-06-05 09:19:54] [fac5de35dc9cd505ea0ec59a282e4d24] 404エラー検出: /wp-content/themes/landi_renewal/src/css/style.css.map
[2025-06-05 09:19:54] [fac5de35dc9cd505ea0ec59a282e4d24] 選択されたテンプレート: /var/www/html/wp-content/themes/landi_renewal/404.php
[2025-06-05 09:19:54] [fac5de35dc9cd505ea0ec59a282e4d24] 404エラー検出: /wp-content/themes/landi_renewal/src/css/layout.css.map
[2025-06-05 09:19:54] [fac5de35dc9cd505ea0ec59a282e4d24] 選択されたテンプレート: /var/www/html/wp-content/themes/landi_renewal/404.php
[2025-06-05 09:19:54] [fac5de35dc9cd505ea0ec59a282e4d24] 404エラー検出: /wp-content/themes/landi_renewal/src/css/style-corp.css.map
[2025-06-05 09:19:54] [fac5de35dc9cd505ea0ec59a282e4d24] 選択されたテンプレート: /var/www/html/wp-content/themes/landi_renewal/404.php
[2025-06-05 09:19:54] [fac5de35dc9cd505ea0ec59a282e4d24] 選択されたテンプレート: /var/www/html/wp-content/themes/landi_renewal/front-page.php
[2025-06-05 09:19:54] [fac5de35dc9cd505ea0ec59a282e4d24] 選択されたテンプレート: /var/www/html/wp-content/themes/landi_renewal/front-page.php
[2025-06-05 09:19:55] [fac5de35dc9cd505ea0ec59a282e4d24] 選択されたテンプレート: /var/www/html/wp-content/themes/landi_renewal/front-page.php
[2025-06-05 09:20:08] [fac5de35dc9cd505ea0ec59a282e4d24] 404エラー検出: /wp-content/themes/landi_renewal/src/css/style.css.map
[2025-06-05 09:20:08] [fac5de35dc9cd505ea0ec59a282e4d24] 選択されたテンプレート: /var/www/html/wp-content/themes/landi_renewal/404.php
[2025-06-05 09:20:08] [fac5de35dc9cd505ea0ec59a282e4d24] 404エラー検出: /wp-content/themes/landi_renewal/src/css/layout.css.map
[2025-06-05 09:20:08] [fac5de35dc9cd505ea0ec59a282e4d24] 選択されたテンプレート: /var/www/html/wp-content/themes/landi_renewal/404.php
[2025-06-05 09:20:08] [fac5de35dc9cd505ea0ec59a282e4d24] 404エラー検出: /wp-content/themes/landi_renewal/src/css/style-corp.css.map
[2025-06-05 09:20:08] [fac5de35dc9cd505ea0ec59a282e4d24] 選択されたテンプレート: /var/www/html/wp-content/themes/landi_renewal/404.php
[2025-06-05 09:20:08] [fac5de35dc9cd505ea0ec59a282e4d24] 選択されたテンプレート: /var/www/html/wp-content/themes/landi_renewal/front-page.php
[2025-06-05 09:20:08] [fac5de35dc9cd505ea0ec59a282e4d24] 選択されたテンプレート: /var/www/html/wp-content/themes/landi_renewal/front-page.php
[2025-06-05 09:20:08] [fac5de35dc9cd505ea0ec59a282e4d24] 選択されたテンプレート: /var/www/html/wp-content/themes/landi_renewal/front-page.php
[2025-06-05 09:20:35] [fac5de35dc9cd505ea0ec59a282e4d24] 404エラー検出: /wp-content/themes/landi_renewal/src/css/layout.css.map
[2025-06-05 09:20:35] [fac5de35dc9cd505ea0ec59a282e4d24] 選択されたテンプレート: /var/www/html/wp-content/themes/landi_renewal/404.php
[2025-06-05 09:20:35] [fac5de35dc9cd505ea0ec59a282e4d24] 404エラー検出: /wp-content/themes/landi_renewal/src/css/style.css.map
[2025-06-05 09:20:35] [fac5de35dc9cd505ea0ec59a282e4d24] 選択されたテンプレート: /var/www/html/wp-content/themes/landi_renewal/404.php
[2025-06-05 09:20:35] [fac5de35dc9cd505ea0ec59a282e4d24] 404エラー検出: /wp-content/themes/landi_renewal/src/css/style-corp.css.map
[2025-06-05 09:20:35] [fac5de35dc9cd505ea0ec59a282e4d24] 選択されたテンプレート: /var/www/html/wp-content/themes/landi_renewal/404.php
[2025-06-05 09:20:35] [fac5de35dc9cd505ea0ec59a282e4d24] 選択されたテンプレート: /var/www/html/wp-content/themes/landi_renewal/front-page.php
[2025-06-05 09:20:35] [fac5de35dc9cd505ea0ec59a282e4d24] 選択されたテンプレート: /var/www/html/wp-content/themes/landi_renewal/front-page.php
[2025-06-05 09:20:36] [fac5de35dc9cd505ea0ec59a282e4d24] 選択されたテンプレート: /var/www/html/wp-content/themes/landi_renewal/front-page.php
[2025-06-05 11:06:29] [fac5de35dc9cd505ea0ec59a282e4d24] 404エラー検出: /wp-content/themes/landi_renewal/src/css/layout.css.map
[2025-06-05 11:06:29] [fac5de35dc9cd505ea0ec59a282e4d24] 選択されたテンプレート: /var/www/html/wp-content/themes/landi_renewal/404.php
[2025-06-05 11:06:29] [fac5de35dc9cd505ea0ec59a282e4d24] 404エラー検出: /wp-content/themes/landi_renewal/src/css/style-corp.css.map
[2025-06-05 11:06:29] [fac5de35dc9cd505ea0ec59a282e4d24] 選択されたテンプレート: /var/www/html/wp-content/themes/landi_renewal/404.php
[2025-06-05 11:06:29] [fac5de35dc9cd505ea0ec59a282e4d24] 404エラー検出: /wp-content/themes/landi_renewal/src/css/style.css.map
[2025-06-05 11:06:29] [fac5de35dc9cd505ea0ec59a282e4d24] 選択されたテンプレート: /var/www/html/wp-content/themes/landi_renewal/404.php
[2025-06-05 11:06:29] [fac5de35dc9cd505ea0ec59a282e4d24] 選択されたテンプレート: /var/www/html/wp-content/themes/landi_renewal/front-page.php
[2025-06-05 11:06:29] [fac5de35dc9cd505ea0ec59a282e4d24] 選択されたテンプレート: /var/www/html/wp-content/themes/landi_renewal/front-page.php
[2025-06-05 11:06:29] [fac5de35dc9cd505ea0ec59a282e4d24] 選択されたテンプレート: /var/www/html/wp-content/themes/landi_renewal/front-page.php
[2025-06-05 11:06:49] [fac5de35dc9cd505ea0ec59a282e4d24] 404エラー検出: /wp-content/themes/landi_renewal/src/css/style.css.map
[2025-06-05 11:06:49] [fac5de35dc9cd505ea0ec59a282e4d24] 選択されたテンプレート: /var/www/html/wp-content/themes/landi_renewal/404.php
[2025-06-05 11:06:49] [fac5de35dc9cd505ea0ec59a282e4d24] 404エラー検出: /wp-content/themes/landi_renewal/src/css/style-corp.css.map
[2025-06-05 11:06:49] [fac5de35dc9cd505ea0ec59a282e4d24] 選択されたテンプレート: /var/www/html/wp-content/themes/landi_renewal/404.php
[2025-06-05 11:06:49] [fac5de35dc9cd505ea0ec59a282e4d24] 404エラー検出: /wp-content/themes/landi_renewal/src/css/layout.css.map
[2025-06-05 11:06:49] [fac5de35dc9cd505ea0ec59a282e4d24] 選択されたテンプレート: /var/www/html/wp-content/themes/landi_renewal/404.php
[2025-06-05 11:06:49] [fac5de35dc9cd505ea0ec59a282e4d24] 選択されたテンプレート: /var/www/html/wp-content/themes/landi_renewal/front-page.php
[2025-06-05 11:06:50] [fac5de35dc9cd505ea0ec59a282e4d24] 選択されたテンプレート: /var/www/html/wp-content/themes/landi_renewal/front-page.php
[2025-06-05 11:06:50] [fac5de35dc9cd505ea0ec59a282e4d24] 選択されたテンプレート: /var/www/html/wp-content/themes/landi_renewal/front-page.php
[2025-06-05 11:07:21] [fac5de35dc9cd505ea0ec59a282e4d24] 404エラー検出: /wp-content/themes/landi_renewal/src/css/layout.css.map
[2025-06-05 11:07:21] [fac5de35dc9cd505ea0ec59a282e4d24] 選択されたテンプレート: /var/www/html/wp-content/themes/landi_renewal/404.php
[2025-06-05 11:07:21] [fac5de35dc9cd505ea0ec59a282e4d24] 404エラー検出: /wp-content/themes/landi_renewal/src/css/style.css.map
[2025-06-05 11:07:21] [fac5de35dc9cd505ea0ec59a282e4d24] 選択されたテンプレート: /var/www/html/wp-content/themes/landi_renewal/404.php
[2025-06-05 11:07:21] [fac5de35dc9cd505ea0ec59a282e4d24] 404エラー検出: /wp-content/themes/landi_renewal/src/css/style-corp.css.map
[2025-06-05 11:07:21] [fac5de35dc9cd505ea0ec59a282e4d24] 選択されたテンプレート: /var/www/html/wp-content/themes/landi_renewal/404.php
[2025-06-05 11:07:21] [fac5de35dc9cd505ea0ec59a282e4d24] 選択されたテンプレート: /var/www/html/wp-content/themes/landi_renewal/front-page.php
[2025-06-05 11:07:21] [fac5de35dc9cd505ea0ec59a282e4d24] 選択されたテンプレート: /var/www/html/wp-content/themes/landi_renewal/front-page.php
[2025-06-05 11:07:21] [fac5de35dc9cd505ea0ec59a282e4d24] 選択されたテンプレート: /var/www/html/wp-content/themes/landi_renewal/front-page.php
[2025-06-05 11:08:21] [fac5de35dc9cd505ea0ec59a282e4d24] 404エラー検出: /wp-content/themes/landi_renewal/src/css/style.css.map
[2025-06-05 11:08:21] [fac5de35dc9cd505ea0ec59a282e4d24] 選択されたテンプレート: /var/www/html/wp-content/themes/landi_renewal/404.php
[2025-06-05 11:08:21] [fac5de35dc9cd505ea0ec59a282e4d24] 404エラー検出: /wp-content/themes/landi_renewal/src/css/layout.css.map
[2025-06-05 11:08:21] [fac5de35dc9cd505ea0ec59a282e4d24] 選択されたテンプレート: /var/www/html/wp-content/themes/landi_renewal/404.php
[2025-06-05 11:08:21] [fac5de35dc9cd505ea0ec59a282e4d24] 404エラー検出: /wp-content/themes/landi_renewal/src/css/style-corp.css.map
[2025-06-05 11:08:21] [fac5de35dc9cd505ea0ec59a282e4d24] 選択されたテンプレート: /var/www/html/wp-content/themes/landi_renewal/404.php
[2025-06-05 11:08:21] [fac5de35dc9cd505ea0ec59a282e4d24] 選択されたテンプレート: /var/www/html/wp-content/themes/landi_renewal/front-page.php
[2025-06-05 11:08:21] [fac5de35dc9cd505ea0ec59a282e4d24] 選択されたテンプレート: /var/www/html/wp-content/themes/landi_renewal/front-page.php
[2025-06-05 11:08:21] [fac5de35dc9cd505ea0ec59a282e4d24] 選択されたテンプレート: /var/www/html/wp-content/themes/landi_renewal/front-page.php
[2025-06-05 11:08:43] [fac5de35dc9cd505ea0ec59a282e4d24] 404エラー検出: /wp-content/themes/landi_renewal/src/css/layout.css.map
[2025-06-05 11:08:43] [fac5de35dc9cd505ea0ec59a282e4d24] 選択されたテンプレート: /var/www/html/wp-content/themes/landi_renewal/404.php
[2025-06-05 11:08:43] [fac5de35dc9cd505ea0ec59a282e4d24] 404エラー検出: /wp-content/themes/landi_renewal/src/css/style.css.map
[2025-06-05 11:08:43] [fac5de35dc9cd505ea0ec59a282e4d24] 選択されたテンプレート: /var/www/html/wp-content/themes/landi_renewal/404.php
[2025-06-05 11:08:43] [fac5de35dc9cd505ea0ec59a282e4d24] 404エラー検出: /wp-content/themes/landi_renewal/src/css/style-corp.css.map
[2025-06-05 11:08:43] [fac5de35dc9cd505ea0ec59a282e4d24] 選択されたテンプレート: /var/www/html/wp-content/themes/landi_renewal/404.php
[2025-06-05 11:08:43] [fac5de35dc9cd505ea0ec59a282e4d24] 選択されたテンプレート: /var/www/html/wp-content/themes/landi_renewal/front-page.php
[2025-06-05 11:08:43] [fac5de35dc9cd505ea0ec59a282e4d24] 選択されたテンプレート: /var/www/html/wp-content/themes/landi_renewal/front-page.php
[2025-06-05 11:08:43] [fac5de35dc9cd505ea0ec59a282e4d24] 選択されたテンプレート: /var/www/html/wp-content/themes/landi_renewal/front-page.php
[2025-06-05 11:08:51] [fac5de35dc9cd505ea0ec59a282e4d24] 404エラー検出: /wp-content/themes/landi_renewal/src/css/layout.css.map
[2025-06-05 11:08:51] [fac5de35dc9cd505ea0ec59a282e4d24] 選択されたテンプレート: /var/www/html/wp-content/themes/landi_renewal/404.php
[2025-06-05 11:08:51] [fac5de35dc9cd505ea0ec59a282e4d24] 404エラー検出: /wp-content/themes/landi_renewal/src/css/style.css.map
[2025-06-05 11:08:51] [fac5de35dc9cd505ea0ec59a282e4d24] 選択されたテンプレート: /var/www/html/wp-content/themes/landi_renewal/404.php
[2025-06-05 11:08:51] [fac5de35dc9cd505ea0ec59a282e4d24] 404エラー検出: /wp-content/themes/landi_renewal/src/css/style-corp.css.map
[2025-06-05 11:08:51] [fac5de35dc9cd505ea0ec59a282e4d24] 選択されたテンプレート: /var/www/html/wp-content/themes/landi_renewal/404.php
[2025-06-05 11:08:51] [fac5de35dc9cd505ea0ec59a282e4d24] 選択されたテンプレート: /var/www/html/wp-content/themes/landi_renewal/front-page.php
[2025-06-05 11:08:51] [fac5de35dc9cd505ea0ec59a282e4d24] 選択されたテンプレート: /var/www/html/wp-content/themes/landi_renewal/front-page.php
[2025-06-05 11:08:52] [fac5de35dc9cd505ea0ec59a282e4d24] 選択されたテンプレート: /var/www/html/wp-content/themes/landi_renewal/front-page.php
[2025-06-05 11:14:18] [fac5de35dc9cd505ea0ec59a282e4d24] 選択されたテンプレート: /var/www/html/wp-content/themes/landi_renewal/page-comapany.php
[2025-06-05 11:14:19] [fac5de35dc9cd505ea0ec59a282e4d24] 404エラー検出: /.well-known/appspecific/com.chrome.devtools.json
[2025-06-05 11:14:19] [fac5de35dc9cd505ea0ec59a282e4d24] 選択されたテンプレート: /var/www/html/wp-content/themes/landi_renewal/404.php
[2025-06-05 11:14:19] [fac5de35dc9cd505ea0ec59a282e4d24] 404エラー検出: /wp-content/themes/landi_renewal/src/css/layout.css.map
[2025-06-05 11:14:19] [fac5de35dc9cd505ea0ec59a282e4d24] 選択されたテンプレート: /var/www/html/wp-content/themes/landi_renewal/404.php
[2025-06-05 11:14:19] [fac5de35dc9cd505ea0ec59a282e4d24] 404エラー検出: /wp-content/themes/landi_renewal/src/css/style.css.map
[2025-06-05 11:14:19] [fac5de35dc9cd505ea0ec59a282e4d24] 選択されたテンプレート: /var/www/html/wp-content/themes/landi_renewal/404.php
[2025-06-05 11:14:19] [fac5de35dc9cd505ea0ec59a282e4d24] 404エラー検出: /wp-content/themes/landi_renewal/src/css/style-corp.css.map
[2025-06-05 11:14:19] [fac5de35dc9cd505ea0ec59a282e4d24] 選択されたテンプレート: /var/www/html/wp-content/themes/landi_renewal/404.php
[2025-06-05 11:14:19] [fac5de35dc9cd505ea0ec59a282e4d24] 選択されたテンプレート: /var/www/html/wp-content/themes/landi_renewal/front-page.php
[2025-06-05 11:14:20] [fac5de35dc9cd505ea0ec59a282e4d24] 選択されたテンプレート: /var/www/html/wp-content/themes/landi_renewal/front-page.php
[2025-06-05 11:14:20] [fac5de35dc9cd505ea0ec59a282e4d24] 選択されたテンプレート: /var/www/html/wp-content/themes/landi_renewal/front-page.php
[2025-06-05 11:14:20] [fac5de35dc9cd505ea0ec59a282e4d24] 選択されたテンプレート: /var/www/html/wp-content/themes/landi_renewal/front-page.php
[2025-06-05 11:14:36] [fac5de35dc9cd505ea0ec59a282e4d24] 404エラー検出: /wp-content/themes/landi_renewal/src/css/layout.css.map
[2025-06-05 11:14:36] [fac5de35dc9cd505ea0ec59a282e4d24] 選択されたテンプレート: /var/www/html/wp-content/themes/landi_renewal/404.php
[2025-06-05 11:14:36] [fac5de35dc9cd505ea0ec59a282e4d24] 404エラー検出: /wp-content/themes/landi_renewal/src/css/style.css.map
[2025-06-05 11:14:36] [fac5de35dc9cd505ea0ec59a282e4d24] 選択されたテンプレート: /var/www/html/wp-content/themes/landi_renewal/404.php
[2025-06-05 11:14:36] [fac5de35dc9cd505ea0ec59a282e4d24] 404エラー検出: /wp-content/themes/landi_renewal/src/css/style-corp.css.map
[2025-06-05 11:14:36] [fac5de35dc9cd505ea0ec59a282e4d24] 選択されたテンプレート: /var/www/html/wp-content/themes/landi_renewal/404.php
[2025-06-05 11:14:37] [fac5de35dc9cd505ea0ec59a282e4d24] 選択されたテンプレート: /var/www/html/wp-content/themes/landi_renewal/front-page.php
[2025-06-05 11:14:37] [fac5de35dc9cd505ea0ec59a282e4d24] 選択されたテンプレート: /var/www/html/wp-content/themes/landi_renewal/front-page.php
[2025-06-05 11:14:37] [fac5de35dc9cd505ea0ec59a282e4d24] 選択されたテンプレート: /var/www/html/wp-content/themes/landi_renewal/front-page.php
[2025-06-05 11:14:39] [fac5de35dc9cd505ea0ec59a282e4d24] 404エラー検出: /wp-content/themes/landi_renewal/src/css/style.css.map
[2025-06-05 11:14:39] [fac5de35dc9cd505ea0ec59a282e4d24] 選択されたテンプレート: /var/www/html/wp-content/themes/landi_renewal/404.php
[2025-06-05 11:14:39] [fac5de35dc9cd505ea0ec59a282e4d24] 404エラー検出: /wp-content/themes/landi_renewal/src/css/layout.css.map
[2025-06-05 11:14:39] [fac5de35dc9cd505ea0ec59a282e4d24] 選択されたテンプレート: /var/www/html/wp-content/themes/landi_renewal/404.php
[2025-06-05 11:14:39] [fac5de35dc9cd505ea0ec59a282e4d24] 404エラー検出: /wp-content/themes/landi_renewal/src/css/style-corp.css.map
[2025-06-05 11:14:39] [fac5de35dc9cd505ea0ec59a282e4d24] 選択されたテンプレート: /var/www/html/wp-content/themes/landi_renewal/404.php
[2025-06-05 11:14:39] [fac5de35dc9cd505ea0ec59a282e4d24] 選択されたテンプレート: /var/www/html/wp-content/themes/landi_renewal/front-page.php
[2025-06-05 11:14:39] [fac5de35dc9cd505ea0ec59a282e4d24] 選択されたテンプレート: /var/www/html/wp-content/themes/landi_renewal/front-page.php
[2025-06-05 11:14:40] [fac5de35dc9cd505ea0ec59a282e4d24] 選択されたテンプレート: /var/www/html/wp-content/themes/landi_renewal/front-page.php
[2025-06-05 11:15:45] [fac5de35dc9cd505ea0ec59a282e4d24] 選択されたテンプレート: /var/www/html/wp-content/themes/landi_renewal/page-comapany.php
[2025-06-05 11:15:46] [fac5de35dc9cd505ea0ec59a282e4d24] 404エラー検出: /.well-known/appspecific/com.chrome.devtools.json
[2025-06-05 11:15:46] [fac5de35dc9cd505ea0ec59a282e4d24] 選択されたテンプレート: /var/www/html/wp-content/themes/landi_renewal/404.php
[2025-06-05 11:15:46] [fac5de35dc9cd505ea0ec59a282e4d24] 404エラー検出: /wp-content/themes/landi_renewal/src/css/style.css.map
[2025-06-05 11:15:46] [fac5de35dc9cd505ea0ec59a282e4d24] 選択されたテンプレート: /var/www/html/wp-content/themes/landi_renewal/404.php
[2025-06-05 11:15:46] [fac5de35dc9cd505ea0ec59a282e4d24] 404エラー検出: /wp-content/themes/landi_renewal/src/css/layout.css.map
[2025-06-05 11:15:46] [fac5de35dc9cd505ea0ec59a282e4d24] 選択されたテンプレート: /var/www/html/wp-content/themes/landi_renewal/404.php
[2025-06-05 11:15:46] [fac5de35dc9cd505ea0ec59a282e4d24] 404エラー検出: /wp-content/themes/landi_renewal/src/css/style-corp.css.map
[2025-06-05 11:15:46] [fac5de35dc9cd505ea0ec59a282e4d24] 選択されたテンプレート: /var/www/html/wp-content/themes/landi_renewal/404.php
[2025-06-05 11:15:46] [fac5de35dc9cd505ea0ec59a282e4d24] 選択されたテンプレート: /var/www/html/wp-content/themes/landi_renewal/front-page.php
[2025-06-05 11:15:46] [fac5de35dc9cd505ea0ec59a282e4d24] 選択されたテンプレート: /var/www/html/wp-content/themes/landi_renewal/front-page.php
[2025-06-05 11:15:46] [fac5de35dc9cd505ea0ec59a282e4d24] 選択されたテンプレート: /var/www/html/wp-content/themes/landi_renewal/front-page.php
[2025-06-05 11:15:47] [fac5de35dc9cd505ea0ec59a282e4d24] 選択されたテンプレート: /var/www/html/wp-content/themes/landi_renewal/front-page.php
[2025-06-05 11:15:50] [fac5de35dc9cd505ea0ec59a282e4d24] 選択されたテンプレート: /var/www/html/wp-content/themes/landi_renewal/page-comapany.php
[2025-06-05 11:15:51] [fac5de35dc9cd505ea0ec59a282e4d24] 404エラー検出: /.well-known/appspecific/com.chrome.devtools.json
[2025-06-05 11:15:51] [fac5de35dc9cd505ea0ec59a282e4d24] 選択されたテンプレート: /var/www/html/wp-content/themes/landi_renewal/404.php
[2025-06-05 11:15:51] [fac5de35dc9cd505ea0ec59a282e4d24] 404エラー検出: /wp-content/themes/landi_renewal/src/css/layout.css.map
[2025-06-05 11:15:51] [fac5de35dc9cd505ea0ec59a282e4d24] 選択されたテンプレート: /var/www/html/wp-content/themes/landi_renewal/404.php
[2025-06-05 11:15:51] [fac5de35dc9cd505ea0ec59a282e4d24] 404エラー検出: /wp-content/themes/landi_renewal/src/css/style.css.map
[2025-06-05 11:15:51] [fac5de35dc9cd505ea0ec59a282e4d24] 選択されたテンプレート: /var/www/html/wp-content/themes/landi_renewal/404.php
[2025-06-05 11:15:51] [fac5de35dc9cd505ea0ec59a282e4d24] 404エラー検出: /wp-content/themes/landi_renewal/src/css/style-corp.css.map
[2025-06-05 11:15:51] [fac5de35dc9cd505ea0ec59a282e4d24] 選択されたテンプレート: /var/www/html/wp-content/themes/landi_renewal/404.php
[2025-06-05 11:15:51] [fac5de35dc9cd505ea0ec59a282e4d24] 選択されたテンプレート: /var/www/html/wp-content/themes/landi_renewal/front-page.php
[2025-06-05 11:15:51] [fac5de35dc9cd505ea0ec59a282e4d24] 選択されたテンプレート: /var/www/html/wp-content/themes/landi_renewal/front-page.php
[2025-06-05 11:15:52] [fac5de35dc9cd505ea0ec59a282e4d24] 選択されたテンプレート: /var/www/html/wp-content/themes/landi_renewal/front-page.php
[2025-06-05 11:15:52] [fac5de35dc9cd505ea0ec59a282e4d24] 選択されたテンプレート: /var/www/html/wp-content/themes/landi_renewal/front-page.php
[2025-06-05 11:15:59] [fac5de35dc9cd505ea0ec59a282e4d24] 選択されたテンプレート: /var/www/html/wp-content/themes/landi_renewal/page-comapany.php
[2025-06-05 11:15:59] [fac5de35dc9cd505ea0ec59a282e4d24] 404エラー検出: /.well-known/appspecific/com.chrome.devtools.json
[2025-06-05 11:15:59] [fac5de35dc9cd505ea0ec59a282e4d24] 選択されたテンプレート: /var/www/html/wp-content/themes/landi_renewal/404.php
[2025-06-05 11:15:59] [fac5de35dc9cd505ea0ec59a282e4d24] 404エラー検出: /wp-content/themes/landi_renewal/src/css/style.css.map
[2025-06-05 11:15:59] [fac5de35dc9cd505ea0ec59a282e4d24] 選択されたテンプレート: /var/www/html/wp-content/themes/landi_renewal/404.php
[2025-06-05 11:15:59] [fac5de35dc9cd505ea0ec59a282e4d24] 404エラー検出: /wp-content/themes/landi_renewal/src/css/layout.css.map
[2025-06-05 11:15:59] [fac5de35dc9cd505ea0ec59a282e4d24] 選択されたテンプレート: /var/www/html/wp-content/themes/landi_renewal/404.php
[2025-06-05 11:15:59] [fac5de35dc9cd505ea0ec59a282e4d24] 404エラー検出: /wp-content/themes/landi_renewal/src/css/style-corp.css.map
[2025-06-05 11:15:59] [fac5de35dc9cd505ea0ec59a282e4d24] 選択されたテンプレート: /var/www/html/wp-content/themes/landi_renewal/404.php
[2025-06-05 11:16:00] [fac5de35dc9cd505ea0ec59a282e4d24] 選択されたテンプレート: /var/www/html/wp-content/themes/landi_renewal/front-page.php
[2025-06-05 11:16:00] [fac5de35dc9cd505ea0ec59a282e4d24] 選択されたテンプレート: /var/www/html/wp-content/themes/landi_renewal/front-page.php
[2025-06-05 11:16:00] [fac5de35dc9cd505ea0ec59a282e4d24] 選択されたテンプレート: /var/www/html/wp-content/themes/landi_renewal/front-page.php
[2025-06-05 11:16:00] [fac5de35dc9cd505ea0ec59a282e4d24] 選択されたテンプレート: /var/www/html/wp-content/themes/landi_renewal/front-page.php
[2025-06-05 11:16:20] [fac5de35dc9cd505ea0ec59a282e4d24] 404エラー検出: /wp-content/themes/landi_renewal/src/css/layout.css.map
[2025-06-05 11:16:20] [fac5de35dc9cd505ea0ec59a282e4d24] 選択されたテンプレート: /var/www/html/wp-content/themes/landi_renewal/404.php
[2025-06-05 11:16:20] [fac5de35dc9cd505ea0ec59a282e4d24] 404エラー検出: /wp-content/themes/landi_renewal/src/css/style.css.map
[2025-06-05 11:16:20] [fac5de35dc9cd505ea0ec59a282e4d24] 選択されたテンプレート: /var/www/html/wp-content/themes/landi_renewal/404.php
[2025-06-05 11:16:20] [fac5de35dc9cd505ea0ec59a282e4d24] 404エラー検出: /wp-content/themes/landi_renewal/src/css/style-corp.css.map
[2025-06-05 11:16:20] [fac5de35dc9cd505ea0ec59a282e4d24] 選択されたテンプレート: /var/www/html/wp-content/themes/landi_renewal/404.php
[2025-06-05 11:16:20] [fac5de35dc9cd505ea0ec59a282e4d24] 選択されたテンプレート: /var/www/html/wp-content/themes/landi_renewal/front-page.php
[2025-06-05 11:16:20] [fac5de35dc9cd505ea0ec59a282e4d24] 選択されたテンプレート: /var/www/html/wp-content/themes/landi_renewal/front-page.php
[2025-06-05 11:16:20] [fac5de35dc9cd505ea0ec59a282e4d24] 選択されたテンプレート: /var/www/html/wp-content/themes/landi_renewal/front-page.php
[2025-06-05 11:16:37] [fac5de35dc9cd505ea0ec59a282e4d24] 404エラー検出: /wp-content/themes/landi_renewal/src/css/layout.css.map
[2025-06-05 11:16:37] [fac5de35dc9cd505ea0ec59a282e4d24] 選択されたテンプレート: /var/www/html/wp-content/themes/landi_renewal/404.php
[2025-06-05 11:16:37] [fac5de35dc9cd505ea0ec59a282e4d24] 404エラー検出: /wp-content/themes/landi_renewal/src/css/style.css.map
[2025-06-05 11:16:37] [fac5de35dc9cd505ea0ec59a282e4d24] 選択されたテンプレート: /var/www/html/wp-content/themes/landi_renewal/404.php
[2025-06-05 11:16:37] [fac5de35dc9cd505ea0ec59a282e4d24] 404エラー検出: /wp-content/themes/landi_renewal/src/css/style-corp.css.map
[2025-06-05 11:16:37] [fac5de35dc9cd505ea0ec59a282e4d24] 選択されたテンプレート: /var/www/html/wp-content/themes/landi_renewal/404.php
[2025-06-05 11:16:37] [fac5de35dc9cd505ea0ec59a282e4d24] 選択されたテンプレート: /var/www/html/wp-content/themes/landi_renewal/front-page.php
[2025-06-05 11:16:37] [fac5de35dc9cd505ea0ec59a282e4d24] 選択されたテンプレート: /var/www/html/wp-content/themes/landi_renewal/front-page.php
[2025-06-05 11:16:38] [fac5de35dc9cd505ea0ec59a282e4d24] 選択されたテンプレート: /var/www/html/wp-content/themes/landi_renewal/front-page.php
[2025-06-05 11:16:48] [fac5de35dc9cd505ea0ec59a282e4d24] 404エラー検出: /wp-content/themes/landi_renewal/src/css/style-corp.css.map
[2025-06-05 11:16:48] [fac5de35dc9cd505ea0ec59a282e4d24] 選択されたテンプレート: /var/www/html/wp-content/themes/landi_renewal/404.php
[2025-06-05 11:16:48] [fac5de35dc9cd505ea0ec59a282e4d24] 404エラー検出: /wp-content/themes/landi_renewal/src/css/style.css.map
[2025-06-05 11:16:48] [fac5de35dc9cd505ea0ec59a282e4d24] 選択されたテンプレート: /var/www/html/wp-content/themes/landi_renewal/404.php
[2025-06-05 11:16:48] [fac5de35dc9cd505ea0ec59a282e4d24] 404エラー検出: /wp-content/themes/landi_renewal/src/css/layout.css.map
[2025-06-05 11:16:48] [fac5de35dc9cd505ea0ec59a282e4d24] 選択されたテンプレート: /var/www/html/wp-content/themes/landi_renewal/404.php
[2025-06-05 11:16:48] [fac5de35dc9cd505ea0ec59a282e4d24] 選択されたテンプレート: /var/www/html/wp-content/themes/landi_renewal/front-page.php
[2025-06-05 11:16:48] [fac5de35dc9cd505ea0ec59a282e4d24] 選択されたテンプレート: /var/www/html/wp-content/themes/landi_renewal/front-page.php
[2025-06-05 11:16:48] [fac5de35dc9cd505ea0ec59a282e4d24] 選択されたテンプレート: /var/www/html/wp-content/themes/landi_renewal/front-page.php
[2025-06-05 11:17:06] [fac5de35dc9cd505ea0ec59a282e4d24] 404エラー検出: /wp-content/themes/landi_renewal/src/css/layout.css.map
[2025-06-05 11:17:06] [fac5de35dc9cd505ea0ec59a282e4d24] 選択されたテンプレート: /var/www/html/wp-content/themes/landi_renewal/404.php
[2025-06-05 11:17:06] [fac5de35dc9cd505ea0ec59a282e4d24] 404エラー検出: /wp-content/themes/landi_renewal/src/css/style.css.map
[2025-06-05 11:17:06] [fac5de35dc9cd505ea0ec59a282e4d24] 選択されたテンプレート: /var/www/html/wp-content/themes/landi_renewal/404.php
[2025-06-05 11:17:06] [fac5de35dc9cd505ea0ec59a282e4d24] 404エラー検出: /wp-content/themes/landi_renewal/src/css/style-corp.css.map
[2025-06-05 11:17:06] [fac5de35dc9cd505ea0ec59a282e4d24] 選択されたテンプレート: /var/www/html/wp-content/themes/landi_renewal/404.php
[2025-06-05 11:17:06] [fac5de35dc9cd505ea0ec59a282e4d24] 選択されたテンプレート: /var/www/html/wp-content/themes/landi_renewal/front-page.php
[2025-06-05 11:17:06] [fac5de35dc9cd505ea0ec59a282e4d24] 選択されたテンプレート: /var/www/html/wp-content/themes/landi_renewal/front-page.php
[2025-06-05 11:17:06] [fac5de35dc9cd505ea0ec59a282e4d24] 選択されたテンプレート: /var/www/html/wp-content/themes/landi_renewal/front-page.php
[2025-06-05 11:17:10] [fac5de35dc9cd505ea0ec59a282e4d24] 404エラー検出: /wp-content/themes/landi_renewal/src/css/layout.css.map
[2025-06-05 11:17:10] [fac5de35dc9cd505ea0ec59a282e4d24] 選択されたテンプレート: /var/www/html/wp-content/themes/landi_renewal/404.php
[2025-06-05 11:17:10] [fac5de35dc9cd505ea0ec59a282e4d24] 404エラー検出: /wp-content/themes/landi_renewal/src/css/style-corp.css.map
[2025-06-05 11:17:10] [fac5de35dc9cd505ea0ec59a282e4d24] 選択されたテンプレート: /var/www/html/wp-content/themes/landi_renewal/404.php
[2025-06-05 11:17:10] [fac5de35dc9cd505ea0ec59a282e4d24] 404エラー検出: /wp-content/themes/landi_renewal/src/css/style.css.map
[2025-06-05 11:17:10] [fac5de35dc9cd505ea0ec59a282e4d24] 選択されたテンプレート: /var/www/html/wp-content/themes/landi_renewal/404.php
[2025-06-05 11:17:10] [fac5de35dc9cd505ea0ec59a282e4d24] 選択されたテンプレート: /var/www/html/wp-content/themes/landi_renewal/front-page.php
[2025-06-05 11:17:10] [fac5de35dc9cd505ea0ec59a282e4d24] 選択されたテンプレート: /var/www/html/wp-content/themes/landi_renewal/front-page.php
[2025-06-05 11:17:10] [fac5de35dc9cd505ea0ec59a282e4d24] 選択されたテンプレート: /var/www/html/wp-content/themes/landi_renewal/front-page.php
[2025-06-05 11:17:19] [fac5de35dc9cd505ea0ec59a282e4d24] 404エラー検出: /wp-content/themes/landi_renewal/src/css/layout.css.map
[2025-06-05 11:17:19] [fac5de35dc9cd505ea0ec59a282e4d24] 選択されたテンプレート: /var/www/html/wp-content/themes/landi_renewal/404.php
[2025-06-05 11:17:19] [fac5de35dc9cd505ea0ec59a282e4d24] 404エラー検出: /wp-content/themes/landi_renewal/src/css/style-corp.css.map
[2025-06-05 11:17:19] [fac5de35dc9cd505ea0ec59a282e4d24] 選択されたテンプレート: /var/www/html/wp-content/themes/landi_renewal/404.php
[2025-06-05 11:17:19] [fac5de35dc9cd505ea0ec59a282e4d24] 404エラー検出: /wp-content/themes/landi_renewal/src/css/style.css.map
[2025-06-05 11:17:19] [fac5de35dc9cd505ea0ec59a282e4d24] 選択されたテンプレート: /var/www/html/wp-content/themes/landi_renewal/404.php
[2025-06-05 11:17:19] [fac5de35dc9cd505ea0ec59a282e4d24] 選択されたテンプレート: /var/www/html/wp-content/themes/landi_renewal/front-page.php
[2025-06-05 11:17:19] [fac5de35dc9cd505ea0ec59a282e4d24] 選択されたテンプレート: /var/www/html/wp-content/themes/landi_renewal/front-page.php
[2025-06-05 11:17:19] [fac5de35dc9cd505ea0ec59a282e4d24] 選択されたテンプレート: /var/www/html/wp-content/themes/landi_renewal/front-page.php
[2025-06-05 11:17:22] [fac5de35dc9cd505ea0ec59a282e4d24] 404エラー検出: /wp-content/themes/landi_renewal/src/css/layout.css.map
[2025-06-05 11:17:22] [fac5de35dc9cd505ea0ec59a282e4d24] 選択されたテンプレート: /var/www/html/wp-content/themes/landi_renewal/404.php
[2025-06-05 11:17:22] [fac5de35dc9cd505ea0ec59a282e4d24] 404エラー検出: /wp-content/themes/landi_renewal/src/css/style.css.map
[2025-06-05 11:17:22] [fac5de35dc9cd505ea0ec59a282e4d24] 選択されたテンプレート: /var/www/html/wp-content/themes/landi_renewal/404.php
[2025-06-05 11:17:22] [fac5de35dc9cd505ea0ec59a282e4d24] 404エラー検出: /wp-content/themes/landi_renewal/src/css/style-corp.css.map
[2025-06-05 11:17:22] [fac5de35dc9cd505ea0ec59a282e4d24] 選択されたテンプレート: /var/www/html/wp-content/themes/landi_renewal/404.php
[2025-06-05 11:17:22] [fac5de35dc9cd505ea0ec59a282e4d24] 選択されたテンプレート: /var/www/html/wp-content/themes/landi_renewal/front-page.php
[2025-06-05 11:17:22] [fac5de35dc9cd505ea0ec59a282e4d24] 選択されたテンプレート: /var/www/html/wp-content/themes/landi_renewal/front-page.php
[2025-06-05 11:17:22] [fac5de35dc9cd505ea0ec59a282e4d24] 選択されたテンプレート: /var/www/html/wp-content/themes/landi_renewal/front-page.php
[2025-06-05 11:21:58] [fac5de35dc9cd505ea0ec59a282e4d24] 404エラー検出: /wp-content/themes/landi_renewal/src/css/style-corp.css.map
[2025-06-05 11:21:58] [fac5de35dc9cd505ea0ec59a282e4d24] 選択されたテンプレート: /var/www/html/wp-content/themes/landi_renewal/404.php
[2025-06-05 11:21:58] [fac5de35dc9cd505ea0ec59a282e4d24] 404エラー検出: /wp-content/themes/landi_renewal/src/css/style.css.map
[2025-06-05 11:21:58] [fac5de35dc9cd505ea0ec59a282e4d24] 選択されたテンプレート: /var/www/html/wp-content/themes/landi_renewal/404.php
[2025-06-05 11:21:58] [fac5de35dc9cd505ea0ec59a282e4d24] 404エラー検出: /wp-content/themes/landi_renewal/src/css/layout.css.map
[2025-06-05 11:21:58] [fac5de35dc9cd505ea0ec59a282e4d24] 選択されたテンプレート: /var/www/html/wp-content/themes/landi_renewal/404.php
[2025-06-05 11:21:58] [fac5de35dc9cd505ea0ec59a282e4d24] 選択されたテンプレート: /var/www/html/wp-content/themes/landi_renewal/front-page.php
[2025-06-05 11:21:58] [fac5de35dc9cd505ea0ec59a282e4d24] 選択されたテンプレート: /var/www/html/wp-content/themes/landi_renewal/front-page.php
[2025-06-05 11:21:58] [fac5de35dc9cd505ea0ec59a282e4d24] 選択されたテンプレート: /var/www/html/wp-content/themes/landi_renewal/front-page.php
[2025-06-05 11:22:03] [fac5de35dc9cd505ea0ec59a282e4d24] 404エラー検出: /wp-content/themes/landi_renewal/src/css/layout.css.map
[2025-06-05 11:22:03] [fac5de35dc9cd505ea0ec59a282e4d24] 選択されたテンプレート: /var/www/html/wp-content/themes/landi_renewal/404.php
[2025-06-05 11:22:03] [fac5de35dc9cd505ea0ec59a282e4d24] 404エラー検出: /wp-content/themes/landi_renewal/src/css/style.css.map
[2025-06-05 11:22:03] [fac5de35dc9cd505ea0ec59a282e4d24] 選択されたテンプレート: /var/www/html/wp-content/themes/landi_renewal/404.php
[2025-06-05 11:22:03] [fac5de35dc9cd505ea0ec59a282e4d24] 404エラー検出: /wp-content/themes/landi_renewal/src/css/style-corp.css.map
[2025-06-05 11:22:03] [fac5de35dc9cd505ea0ec59a282e4d24] 選択されたテンプレート: /var/www/html/wp-content/themes/landi_renewal/404.php
[2025-06-05 11:22:03] [fac5de35dc9cd505ea0ec59a282e4d24] 選択されたテンプレート: /var/www/html/wp-content/themes/landi_renewal/front-page.php
[2025-06-05 11:22:03] [fac5de35dc9cd505ea0ec59a282e4d24] 選択されたテンプレート: /var/www/html/wp-content/themes/landi_renewal/front-page.php
[2025-06-05 11:22:03] [fac5de35dc9cd505ea0ec59a282e4d24] 選択されたテンプレート: /var/www/html/wp-content/themes/landi_renewal/front-page.php
[2025-06-05 11:22:10] [fac5de35dc9cd505ea0ec59a282e4d24] 404エラー検出: /wp-content/themes/landi_renewal/src/css/layout.css.map
[2025-06-05 11:22:10] [fac5de35dc9cd505ea0ec59a282e4d24] 選択されたテンプレート: /var/www/html/wp-content/themes/landi_renewal/404.php
[2025-06-05 11:22:10] [fac5de35dc9cd505ea0ec59a282e4d24] 404エラー検出: /wp-content/themes/landi_renewal/src/css/style.css.map
[2025-06-05 11:22:10] [fac5de35dc9cd505ea0ec59a282e4d24] 選択されたテンプレート: /var/www/html/wp-content/themes/landi_renewal/404.php
[2025-06-05 11:22:10] [fac5de35dc9cd505ea0ec59a282e4d24] 404エラー検出: /wp-content/themes/landi_renewal/src/css/style-corp.css.map
[2025-06-05 11:22:10] [fac5de35dc9cd505ea0ec59a282e4d24] 選択されたテンプレート: /var/www/html/wp-content/themes/landi_renewal/404.php
[2025-06-05 11:22:11] [fac5de35dc9cd505ea0ec59a282e4d24] 選択されたテンプレート: /var/www/html/wp-content/themes/landi_renewal/front-page.php
[2025-06-05 11:22:11] [fac5de35dc9cd505ea0ec59a282e4d24] 選択されたテンプレート: /var/www/html/wp-content/themes/landi_renewal/front-page.php
[2025-06-05 11:22:11] [fac5de35dc9cd505ea0ec59a282e4d24] 選択されたテンプレート: /var/www/html/wp-content/themes/landi_renewal/front-page.php
[2025-06-05 11:22:46] [fac5de35dc9cd505ea0ec59a282e4d24] 404エラー検出: /wp-content/themes/landi_renewal/src/css/style.css.map
[2025-06-05 11:22:46] [fac5de35dc9cd505ea0ec59a282e4d24] 選択されたテンプレート: /var/www/html/wp-content/themes/landi_renewal/404.php
[2025-06-05 11:22:47] [fac5de35dc9cd505ea0ec59a282e4d24] 404エラー検出: /wp-content/themes/landi_renewal/src/css/layout.css.map
[2025-06-05 11:22:47] [fac5de35dc9cd505ea0ec59a282e4d24] 選択されたテンプレート: /var/www/html/wp-content/themes/landi_renewal/404.php
[2025-06-05 11:22:47] [fac5de35dc9cd505ea0ec59a282e4d24] 404エラー検出: /wp-content/themes/landi_renewal/src/css/style-corp.css.map
[2025-06-05 11:22:47] [fac5de35dc9cd505ea0ec59a282e4d24] 選択されたテンプレート: /var/www/html/wp-content/themes/landi_renewal/404.php
[2025-06-05 11:22:47] [fac5de35dc9cd505ea0ec59a282e4d24] 選択されたテンプレート: /var/www/html/wp-content/themes/landi_renewal/front-page.php
[2025-06-05 11:22:47] [fac5de35dc9cd505ea0ec59a282e4d24] 選択されたテンプレート: /var/www/html/wp-content/themes/landi_renewal/front-page.php
[2025-06-05 11:22:47] [fac5de35dc9cd505ea0ec59a282e4d24] 選択されたテンプレート: /var/www/html/wp-content/themes/landi_renewal/front-page.php
[2025-06-05 11:22:54] [fac5de35dc9cd505ea0ec59a282e4d24] 404エラー検出: /wp-content/themes/landi_renewal/src/css/layout.css.map
[2025-06-05 11:22:54] [fac5de35dc9cd505ea0ec59a282e4d24] 選択されたテンプレート: /var/www/html/wp-content/themes/landi_renewal/404.php
[2025-06-05 11:22:54] [fac5de35dc9cd505ea0ec59a282e4d24] 404エラー検出: /wp-content/themes/landi_renewal/src/css/style-corp.css.map
[2025-06-05 11:22:54] [fac5de35dc9cd505ea0ec59a282e4d24] 選択されたテンプレート: /var/www/html/wp-content/themes/landi_renewal/404.php
[2025-06-05 11:22:54] [fac5de35dc9cd505ea0ec59a282e4d24] 404エラー検出: /wp-content/themes/landi_renewal/src/css/style.css.map
[2025-06-05 11:22:54] [fac5de35dc9cd505ea0ec59a282e4d24] 選択されたテンプレート: /var/www/html/wp-content/themes/landi_renewal/404.php
[2025-06-05 11:22:54] [fac5de35dc9cd505ea0ec59a282e4d24] 選択されたテンプレート: /var/www/html/wp-content/themes/landi_renewal/front-page.php
[2025-06-05 11:22:54] [fac5de35dc9cd505ea0ec59a282e4d24] 選択されたテンプレート: /var/www/html/wp-content/themes/landi_renewal/front-page.php
[2025-06-05 11:22:54] [fac5de35dc9cd505ea0ec59a282e4d24] 選択されたテンプレート: /var/www/html/wp-content/themes/landi_renewal/front-page.php
[2025-06-05 11:26:11] [fac5de35dc9cd505ea0ec59a282e4d24] 選択されたテンプレート: /var/www/html/wp-content/themes/landi_renewal/page-comapany.php
[2025-06-05 11:26:11] [fac5de35dc9cd505ea0ec59a282e4d24] 404エラー検出: /.well-known/appspecific/com.chrome.devtools.json
[2025-06-05 11:26:11] [fac5de35dc9cd505ea0ec59a282e4d24] 選択されたテンプレート: /var/www/html/wp-content/themes/landi_renewal/404.php
[2025-06-05 11:26:11] [fac5de35dc9cd505ea0ec59a282e4d24] 404エラー検出: /wp-content/themes/landi_renewal/src/css/layout.css.map
[2025-06-05 11:26:11] [fac5de35dc9cd505ea0ec59a282e4d24] 選択されたテンプレート: /var/www/html/wp-content/themes/landi_renewal/404.php
[2025-06-05 11:26:11] [fac5de35dc9cd505ea0ec59a282e4d24] 404エラー検出: /wp-content/themes/landi_renewal/src/css/style.css.map
[2025-06-05 11:26:11] [fac5de35dc9cd505ea0ec59a282e4d24] 選択されたテンプレート: /var/www/html/wp-content/themes/landi_renewal/404.php
[2025-06-05 11:26:12] [fac5de35dc9cd505ea0ec59a282e4d24] 404エラー検出: /wp-content/themes/landi_renewal/src/css/style-corp.css.map
[2025-06-05 11:26:12] [fac5de35dc9cd505ea0ec59a282e4d24] 選択されたテンプレート: /var/www/html/wp-content/themes/landi_renewal/404.php
[2025-06-05 11:26:12] [fac5de35dc9cd505ea0ec59a282e4d24] 選択されたテンプレート: /var/www/html/wp-content/themes/landi_renewal/front-page.php
[2025-06-05 11:26:12] [fac5de35dc9cd505ea0ec59a282e4d24] 選択されたテンプレート: /var/www/html/wp-content/themes/landi_renewal/front-page.php
[2025-06-05 11:26:12] [fac5de35dc9cd505ea0ec59a282e4d24] 選択されたテンプレート: /var/www/html/wp-content/themes/landi_renewal/front-page.php
[2025-06-05 11:26:12] [fac5de35dc9cd505ea0ec59a282e4d24] 選択されたテンプレート: /var/www/html/wp-content/themes/landi_renewal/front-page.php
[2025-06-05 11:26:27] [fac5de35dc9cd505ea0ec59a282e4d24] 404エラー検出: /wp-content/themes/landi_renewal/src/css/layout.css.map
[2025-06-05 11:26:27] [fac5de35dc9cd505ea0ec59a282e4d24] 選択されたテンプレート: /var/www/html/wp-content/themes/landi_renewal/404.php
[2025-06-05 11:26:27] [fac5de35dc9cd505ea0ec59a282e4d24] 404エラー検出: /wp-content/themes/landi_renewal/src/css/style.css.map
[2025-06-05 11:26:27] [fac5de35dc9cd505ea0ec59a282e4d24] 選択されたテンプレート: /var/www/html/wp-content/themes/landi_renewal/404.php
[2025-06-05 11:26:27] [fac5de35dc9cd505ea0ec59a282e4d24] 404エラー検出: /wp-content/themes/landi_renewal/src/css/style-corp.css.map
[2025-06-05 11:26:27] [fac5de35dc9cd505ea0ec59a282e4d24] 選択されたテンプレート: /var/www/html/wp-content/themes/landi_renewal/404.php
[2025-06-05 11:26:27] [fac5de35dc9cd505ea0ec59a282e4d24] 選択されたテンプレート: /var/www/html/wp-content/themes/landi_renewal/front-page.php
[2025-06-05 11:26:27] [fac5de35dc9cd505ea0ec59a282e4d24] 選択されたテンプレート: /var/www/html/wp-content/themes/landi_renewal/front-page.php
[2025-06-05 11:26:27] [fac5de35dc9cd505ea0ec59a282e4d24] 選択されたテンプレート: /var/www/html/wp-content/themes/landi_renewal/front-page.php
[2025-06-05 11:26:53] [fac5de35dc9cd505ea0ec59a282e4d24] 404エラー検出: /wp-content/themes/landi_renewal/src/css/style.css.map
[2025-06-05 11:26:53] [fac5de35dc9cd505ea0ec59a282e4d24] 選択されたテンプレート: /var/www/html/wp-content/themes/landi_renewal/404.php
[2025-06-05 11:26:53] [fac5de35dc9cd505ea0ec59a282e4d24] 404エラー検出: /wp-content/themes/landi_renewal/src/css/layout.css.map
[2025-06-05 11:26:53] [fac5de35dc9cd505ea0ec59a282e4d24] 選択されたテンプレート: /var/www/html/wp-content/themes/landi_renewal/404.php
[2025-06-05 11:26:53] [fac5de35dc9cd505ea0ec59a282e4d24] 404エラー検出: /wp-content/themes/landi_renewal/src/css/style-corp.css.map
[2025-06-05 11:26:53] [fac5de35dc9cd505ea0ec59a282e4d24] 選択されたテンプレート: /var/www/html/wp-content/themes/landi_renewal/404.php
[2025-06-05 11:26:53] [fac5de35dc9cd505ea0ec59a282e4d24] 選択されたテンプレート: /var/www/html/wp-content/themes/landi_renewal/front-page.php
[2025-06-05 11:26:53] [fac5de35dc9cd505ea0ec59a282e4d24] 選択されたテンプレート: /var/www/html/wp-content/themes/landi_renewal/front-page.php
[2025-06-05 11:26:53] [fac5de35dc9cd505ea0ec59a282e4d24] 選択されたテンプレート: /var/www/html/wp-content/themes/landi_renewal/front-page.php
[2025-06-05 11:27:11] [fac5de35dc9cd505ea0ec59a282e4d24] 404エラー検出: /wp-content/themes/landi_renewal/src/css/style-corp.css.map
[2025-06-05 11:27:11] [fac5de35dc9cd505ea0ec59a282e4d24] 選択されたテンプレート: /var/www/html/wp-content/themes/landi_renewal/404.php
[2025-06-05 11:27:11] [fac5de35dc9cd505ea0ec59a282e4d24] 404エラー検出: /wp-content/themes/landi_renewal/src/css/layout.css.map
[2025-06-05 11:27:11] [fac5de35dc9cd505ea0ec59a282e4d24] 選択されたテンプレート: /var/www/html/wp-content/themes/landi_renewal/404.php
[2025-06-05 11:27:11] [fac5de35dc9cd505ea0ec59a282e4d24] 404エラー検出: /wp-content/themes/landi_renewal/src/css/style.css.map
[2025-06-05 11:27:11] [fac5de35dc9cd505ea0ec59a282e4d24] 選択されたテンプレート: /var/www/html/wp-content/themes/landi_renewal/404.php
[2025-06-05 11:27:11] [fac5de35dc9cd505ea0ec59a282e4d24] 選択されたテンプレート: /var/www/html/wp-content/themes/landi_renewal/front-page.php
[2025-06-05 11:27:11] [fac5de35dc9cd505ea0ec59a282e4d24] 選択されたテンプレート: /var/www/html/wp-content/themes/landi_renewal/front-page.php
[2025-06-05 11:27:12] [fac5de35dc9cd505ea0ec59a282e4d24] 選択されたテンプレート: /var/www/html/wp-content/themes/landi_renewal/front-page.php
[2025-06-05 11:27:42] [fac5de35dc9cd505ea0ec59a282e4d24] 404エラー検出: /wp-content/themes/landi_renewal/src/css/layout.css.map
[2025-06-05 11:27:42] [fac5de35dc9cd505ea0ec59a282e4d24] 選択されたテンプレート: /var/www/html/wp-content/themes/landi_renewal/404.php
[2025-06-05 11:27:42] [fac5de35dc9cd505ea0ec59a282e4d24] 404エラー検出: /wp-content/themes/landi_renewal/src/css/style.css.map
[2025-06-05 11:27:42] [fac5de35dc9cd505ea0ec59a282e4d24] 選択されたテンプレート: /var/www/html/wp-content/themes/landi_renewal/404.php
[2025-06-05 11:27:42] [fac5de35dc9cd505ea0ec59a282e4d24] 404エラー検出: /wp-content/themes/landi_renewal/src/css/style-corp.css.map
[2025-06-05 11:27:42] [fac5de35dc9cd505ea0ec59a282e4d24] 選択されたテンプレート: /var/www/html/wp-content/themes/landi_renewal/404.php
[2025-06-05 11:27:42] [fac5de35dc9cd505ea0ec59a282e4d24] 選択されたテンプレート: /var/www/html/wp-content/themes/landi_renewal/front-page.php
[2025-06-05 11:27:42] [fac5de35dc9cd505ea0ec59a282e4d24] 選択されたテンプレート: /var/www/html/wp-content/themes/landi_renewal/front-page.php
[2025-06-05 11:27:43] [fac5de35dc9cd505ea0ec59a282e4d24] 選択されたテンプレート: /var/www/html/wp-content/themes/landi_renewal/front-page.php
[2025-06-05 12:29:23] [fac5de35dc9cd505ea0ec59a282e4d24] 404エラー検出: /wp-content/themes/landi_renewal/src/css/style-corp.css.map
[2025-06-05 12:29:23] [fac5de35dc9cd505ea0ec59a282e4d24] 選択されたテンプレート: /var/www/html/wp-content/themes/landi_renewal/404.php
[2025-06-05 12:29:23] [fac5de35dc9cd505ea0ec59a282e4d24] 404エラー検出: /wp-content/themes/landi_renewal/src/css/style.css.map
[2025-06-05 12:29:23] [fac5de35dc9cd505ea0ec59a282e4d24] 選択されたテンプレート: /var/www/html/wp-content/themes/landi_renewal/404.php
[2025-06-05 12:29:23] [fac5de35dc9cd505ea0ec59a282e4d24] 404エラー検出: /wp-content/themes/landi_renewal/src/css/layout.css.map
[2025-06-05 12:29:23] [fac5de35dc9cd505ea0ec59a282e4d24] 選択されたテンプレート: /var/www/html/wp-content/themes/landi_renewal/404.php
[2025-06-05 12:29:23] [fac5de35dc9cd505ea0ec59a282e4d24] 選択されたテンプレート: /var/www/html/wp-content/themes/landi_renewal/front-page.php
[2025-06-05 12:29:23] [fac5de35dc9cd505ea0ec59a282e4d24] 選択されたテンプレート: /var/www/html/wp-content/themes/landi_renewal/front-page.php
[2025-06-05 12:29:23] [fac5de35dc9cd505ea0ec59a282e4d24] 選択されたテンプレート: /var/www/html/wp-content/themes/landi_renewal/front-page.php
