[2025-06-06 07:30:51] [fac5de35dc9cd505ea0ec59a282e4d24] 選択されたテンプレート: /var/www/html/wp-content/themes/landi_renewal/front-page.php
[2025-06-06 07:30:51] [fac5de35dc9cd505ea0ec59a282e4d24] 404エラー検出: /assets/images/top/fv.webp
[2025-06-06 07:30:51] [fac5de35dc9cd505ea0ec59a282e4d24] 選択されたテンプレート: /var/www/html/wp-content/themes/landi_renewal/404.php
[2025-06-06 07:30:51] [fac5de35dc9cd505ea0ec59a282e4d24] 選択されたテンプレート: /var/www/html/wp-content/themes/landi_renewal/front-page.php
[2025-06-06 07:30:56] [fac5de35dc9cd505ea0ec59a282e4d24] 選択されたテンプレート: /var/www/html/wp-content/themes/landi_renewal/page-comapany.php
[2025-06-06 07:30:58] [fac5de35dc9cd505ea0ec59a282e4d24] 404エラー検出: /.well-known/appspecific/com.chrome.devtools.json
[2025-06-06 07:30:58] [fac5de35dc9cd505ea0ec59a282e4d24] 選択されたテンプレート: /var/www/html/wp-content/themes/landi_renewal/404.php
[2025-06-06 07:30:58] [fac5de35dc9cd505ea0ec59a282e4d24] 選択されたテンプレート: /var/www/html/wp-content/themes/landi_renewal/front-page.php
[2025-06-06 07:30:58] [fac5de35dc9cd505ea0ec59a282e4d24] 404エラー検出: /wp-content/themes/landi_renewal/src/css/style.css.map
[2025-06-06 07:30:58] [fac5de35dc9cd505ea0ec59a282e4d24] 選択されたテンプレート: /var/www/html/wp-content/themes/landi_renewal/404.php
[2025-06-06 07:30:58] [fac5de35dc9cd505ea0ec59a282e4d24] 404エラー検出: /wp-content/themes/landi_renewal/src/css/layout.css.map
[2025-06-06 07:30:58] [fac5de35dc9cd505ea0ec59a282e4d24] 選択されたテンプレート: /var/www/html/wp-content/themes/landi_renewal/404.php
[2025-06-06 07:30:58] [fac5de35dc9cd505ea0ec59a282e4d24] 404エラー検出: /wp-content/themes/landi_renewal/src/css/style-corp.css.map
[2025-06-06 07:30:58] [fac5de35dc9cd505ea0ec59a282e4d24] 選択されたテンプレート: /var/www/html/wp-content/themes/landi_renewal/404.php
[2025-06-06 07:30:59] [fac5de35dc9cd505ea0ec59a282e4d24] 選択されたテンプレート: /var/www/html/wp-content/themes/landi_renewal/front-page.php
[2025-06-06 07:30:59] [fac5de35dc9cd505ea0ec59a282e4d24] 選択されたテンプレート: /var/www/html/wp-content/themes/landi_renewal/front-page.php
[2025-06-06 07:30:59] [fac5de35dc9cd505ea0ec59a282e4d24] 選択されたテンプレート: /var/www/html/wp-content/themes/landi_renewal/front-page.php
[2025-06-06 07:42:04] [fac5de35dc9cd505ea0ec59a282e4d24] 404エラー検出: /wp-content/themes/landi_renewal/src/css/style.css.map
[2025-06-06 07:42:04] [fac5de35dc9cd505ea0ec59a282e4d24] 選択されたテンプレート: /var/www/html/wp-content/themes/landi_renewal/404.php
[2025-06-06 07:42:05] [fac5de35dc9cd505ea0ec59a282e4d24] 404エラー検出: /wp-content/themes/landi_renewal/src/css/layout.css.map
[2025-06-06 07:42:05] [fac5de35dc9cd505ea0ec59a282e4d24] 選択されたテンプレート: /var/www/html/wp-content/themes/landi_renewal/404.php
[2025-06-06 07:42:05] [fac5de35dc9cd505ea0ec59a282e4d24] 選択されたテンプレート: /var/www/html/wp-content/themes/landi_renewal/front-page.php
[2025-06-06 07:42:05] [fac5de35dc9cd505ea0ec59a282e4d24] 選択されたテンプレート: /var/www/html/wp-content/themes/landi_renewal/front-page.php
[2025-06-06 07:42:05] [fac5de35dc9cd505ea0ec59a282e4d24] 404エラー検出: /wp-content/themes/landi_renewal/src/css/style-corp.css.map
[2025-06-06 07:42:05] [fac5de35dc9cd505ea0ec59a282e4d24] 選択されたテンプレート: /var/www/html/wp-content/themes/landi_renewal/404.php
[2025-06-06 07:42:05] [fac5de35dc9cd505ea0ec59a282e4d24] 選択されたテンプレート: /var/www/html/wp-content/themes/landi_renewal/front-page.php
[2025-06-06 07:42:18] [fac5de35dc9cd505ea0ec59a282e4d24] 404エラー検出: /wp-content/themes/landi_renewal/src/css/layout.css.map
[2025-06-06 07:42:18] [fac5de35dc9cd505ea0ec59a282e4d24] 選択されたテンプレート: /var/www/html/wp-content/themes/landi_renewal/404.php
[2025-06-06 07:42:18] [fac5de35dc9cd505ea0ec59a282e4d24] 404エラー検出: /wp-content/themes/landi_renewal/src/css/style.css.map
[2025-06-06 07:42:18] [fac5de35dc9cd505ea0ec59a282e4d24] 選択されたテンプレート: /var/www/html/wp-content/themes/landi_renewal/404.php
[2025-06-06 07:42:18] [fac5de35dc9cd505ea0ec59a282e4d24] 選択されたテンプレート: /var/www/html/wp-content/themes/landi_renewal/front-page.php
[2025-06-06 07:42:18] [fac5de35dc9cd505ea0ec59a282e4d24] 選択されたテンプレート: /var/www/html/wp-content/themes/landi_renewal/front-page.php
[2025-06-06 07:42:19] [fac5de35dc9cd505ea0ec59a282e4d24] 404エラー検出: /wp-content/themes/landi_renewal/src/css/style-corp.css.map
[2025-06-06 07:42:19] [fac5de35dc9cd505ea0ec59a282e4d24] 選択されたテンプレート: /var/www/html/wp-content/themes/landi_renewal/404.php
[2025-06-06 07:42:19] [fac5de35dc9cd505ea0ec59a282e4d24] 選択されたテンプレート: /var/www/html/wp-content/themes/landi_renewal/front-page.php
[2025-06-06 07:42:48] [fac5de35dc9cd505ea0ec59a282e4d24] 404エラー検出: /wp-content/themes/landi_renewal/src/css/style.css.map
[2025-06-06 07:42:48] [fac5de35dc9cd505ea0ec59a282e4d24] 選択されたテンプレート: /var/www/html/wp-content/themes/landi_renewal/404.php
[2025-06-06 07:42:49] [fac5de35dc9cd505ea0ec59a282e4d24] 404エラー検出: /wp-content/themes/landi_renewal/src/css/layout.css.map
[2025-06-06 07:42:49] [fac5de35dc9cd505ea0ec59a282e4d24] 選択されたテンプレート: /var/www/html/wp-content/themes/landi_renewal/404.php
[2025-06-06 07:42:49] [fac5de35dc9cd505ea0ec59a282e4d24] 選択されたテンプレート: /var/www/html/wp-content/themes/landi_renewal/front-page.php
[2025-06-06 07:42:49] [fac5de35dc9cd505ea0ec59a282e4d24] 選択されたテンプレート: /var/www/html/wp-content/themes/landi_renewal/front-page.php
[2025-06-06 07:42:49] [fac5de35dc9cd505ea0ec59a282e4d24] 404エラー検出: /wp-content/themes/landi_renewal/src/css/style-corp.css.map
[2025-06-06 07:42:49] [fac5de35dc9cd505ea0ec59a282e4d24] 選択されたテンプレート: /var/www/html/wp-content/themes/landi_renewal/404.php
[2025-06-06 07:42:49] [fac5de35dc9cd505ea0ec59a282e4d24] 選択されたテンプレート: /var/www/html/wp-content/themes/landi_renewal/front-page.php
[2025-06-06 07:43:14] [fac5de35dc9cd505ea0ec59a282e4d24] 選択されたテンプレート: /var/www/html/wp-content/themes/landi_renewal/page-comapany.php
[2025-06-06 07:43:14] [fac5de35dc9cd505ea0ec59a282e4d24] 404エラー検出: /.well-known/appspecific/com.chrome.devtools.json
[2025-06-06 07:43:14] [fac5de35dc9cd505ea0ec59a282e4d24] 選択されたテンプレート: /var/www/html/wp-content/themes/landi_renewal/404.php
[2025-06-06 07:43:14] [fac5de35dc9cd505ea0ec59a282e4d24] 404エラー検出: /wp-content/themes/landi_renewal/src/css/style.css.map
[2025-06-06 07:43:14] [fac5de35dc9cd505ea0ec59a282e4d24] 選択されたテンプレート: /var/www/html/wp-content/themes/landi_renewal/404.php
[2025-06-06 07:43:14] [fac5de35dc9cd505ea0ec59a282e4d24] 404エラー検出: /wp-content/themes/landi_renewal/src/css/layout.css.map
[2025-06-06 07:43:14] [fac5de35dc9cd505ea0ec59a282e4d24] 選択されたテンプレート: /var/www/html/wp-content/themes/landi_renewal/404.php
[2025-06-06 07:43:15] [fac5de35dc9cd505ea0ec59a282e4d24] 選択されたテンプレート: /var/www/html/wp-content/themes/landi_renewal/front-page.php
[2025-06-06 07:43:15] [fac5de35dc9cd505ea0ec59a282e4d24] 選択されたテンプレート: /var/www/html/wp-content/themes/landi_renewal/front-page.php
[2025-06-06 07:43:15] [fac5de35dc9cd505ea0ec59a282e4d24] 選択されたテンプレート: /var/www/html/wp-content/themes/landi_renewal/front-page.php
[2025-06-06 07:43:17] [fac5de35dc9cd505ea0ec59a282e4d24] 404エラー検出: /wp-content/themes/landi_renewal/src/css/style-corp.css.map
[2025-06-06 07:43:17] [fac5de35dc9cd505ea0ec59a282e4d24] 選択されたテンプレート: /var/www/html/wp-content/themes/landi_renewal/404.php
[2025-06-06 07:43:18] [fac5de35dc9cd505ea0ec59a282e4d24] 選択されたテンプレート: /var/www/html/wp-content/themes/landi_renewal/front-page.php
[2025-06-06 07:45:42] [fac5de35dc9cd505ea0ec59a282e4d24] 404エラー検出: /wp-content/themes/landi_renewal/src/css/layout.css.map
[2025-06-06 07:45:42] [fac5de35dc9cd505ea0ec59a282e4d24] 選択されたテンプレート: /var/www/html/wp-content/themes/landi_renewal/404.php
[2025-06-06 07:45:42] [fac5de35dc9cd505ea0ec59a282e4d24] 404エラー検出: /wp-content/themes/landi_renewal/src/css/style.css.map
[2025-06-06 07:45:42] [fac5de35dc9cd505ea0ec59a282e4d24] 選択されたテンプレート: /var/www/html/wp-content/themes/landi_renewal/404.php
[2025-06-06 07:45:42] [fac5de35dc9cd505ea0ec59a282e4d24] 選択されたテンプレート: /var/www/html/wp-content/themes/landi_renewal/front-page.php
[2025-06-06 07:45:42] [fac5de35dc9cd505ea0ec59a282e4d24] 選択されたテンプレート: /var/www/html/wp-content/themes/landi_renewal/front-page.php
[2025-06-06 07:45:43] [fac5de35dc9cd505ea0ec59a282e4d24] 404エラー検出: /wp-content/themes/landi_renewal/src/css/style-corp.css.map
[2025-06-06 07:45:43] [fac5de35dc9cd505ea0ec59a282e4d24] 選択されたテンプレート: /var/www/html/wp-content/themes/landi_renewal/404.php
[2025-06-06 07:45:44] [fac5de35dc9cd505ea0ec59a282e4d24] 選択されたテンプレート: /var/www/html/wp-content/themes/landi_renewal/front-page.php
[2025-06-06 07:46:14] [fac5de35dc9cd505ea0ec59a282e4d24] 404エラー検出: /wp-content/themes/landi_renewal/src/css/layout.css.map
[2025-06-06 07:46:14] [fac5de35dc9cd505ea0ec59a282e4d24] 選択されたテンプレート: /var/www/html/wp-content/themes/landi_renewal/404.php
[2025-06-06 07:46:14] [fac5de35dc9cd505ea0ec59a282e4d24] 404エラー検出: /wp-content/themes/landi_renewal/src/css/style.css.map
[2025-06-06 07:46:14] [fac5de35dc9cd505ea0ec59a282e4d24] 選択されたテンプレート: /var/www/html/wp-content/themes/landi_renewal/404.php
[2025-06-06 07:46:14] [fac5de35dc9cd505ea0ec59a282e4d24] 選択されたテンプレート: /var/www/html/wp-content/themes/landi_renewal/front-page.php
[2025-06-06 07:46:14] [fac5de35dc9cd505ea0ec59a282e4d24] 選択されたテンプレート: /var/www/html/wp-content/themes/landi_renewal/front-page.php
[2025-06-06 07:46:14] [fac5de35dc9cd505ea0ec59a282e4d24] 404エラー検出: /wp-content/themes/landi_renewal/src/css/style-corp.css.map
[2025-06-06 07:46:14] [fac5de35dc9cd505ea0ec59a282e4d24] 選択されたテンプレート: /var/www/html/wp-content/themes/landi_renewal/404.php
[2025-06-06 07:46:15] [fac5de35dc9cd505ea0ec59a282e4d24] 選択されたテンプレート: /var/www/html/wp-content/themes/landi_renewal/front-page.php
[2025-06-06 07:47:05] [fac5de35dc9cd505ea0ec59a282e4d24] 404エラー検出: /wp-content/themes/landi_renewal/src/css/style.css.map
[2025-06-06 07:47:05] [fac5de35dc9cd505ea0ec59a282e4d24] 選択されたテンプレート: /var/www/html/wp-content/themes/landi_renewal/404.php
[2025-06-06 07:47:05] [fac5de35dc9cd505ea0ec59a282e4d24] 404エラー検出: /wp-content/themes/landi_renewal/src/css/layout.css.map
[2025-06-06 07:47:05] [fac5de35dc9cd505ea0ec59a282e4d24] 選択されたテンプレート: /var/www/html/wp-content/themes/landi_renewal/404.php
[2025-06-06 07:47:06] [fac5de35dc9cd505ea0ec59a282e4d24] 選択されたテンプレート: /var/www/html/wp-content/themes/landi_renewal/front-page.php
[2025-06-06 07:47:06] [fac5de35dc9cd505ea0ec59a282e4d24] 選択されたテンプレート: /var/www/html/wp-content/themes/landi_renewal/front-page.php
[2025-06-06 07:47:06] [fac5de35dc9cd505ea0ec59a282e4d24] 404エラー検出: /wp-content/themes/landi_renewal/src/css/style-corp.css.map
[2025-06-06 07:47:06] [fac5de35dc9cd505ea0ec59a282e4d24] 選択されたテンプレート: /var/www/html/wp-content/themes/landi_renewal/404.php
[2025-06-06 07:47:07] [fac5de35dc9cd505ea0ec59a282e4d24] 選択されたテンプレート: /var/www/html/wp-content/themes/landi_renewal/front-page.php
[2025-06-06 07:47:29] [fac5de35dc9cd505ea0ec59a282e4d24] 404エラー検出: /wp-content/themes/landi_renewal/src/css/layout.css.map
[2025-06-06 07:47:29] [fac5de35dc9cd505ea0ec59a282e4d24] 選択されたテンプレート: /var/www/html/wp-content/themes/landi_renewal/404.php
[2025-06-06 07:47:29] [fac5de35dc9cd505ea0ec59a282e4d24] 404エラー検出: /wp-content/themes/landi_renewal/src/css/style.css.map
[2025-06-06 07:47:29] [fac5de35dc9cd505ea0ec59a282e4d24] 選択されたテンプレート: /var/www/html/wp-content/themes/landi_renewal/404.php
[2025-06-06 07:47:29] [fac5de35dc9cd505ea0ec59a282e4d24] 404エラー検出: /wp-content/themes/landi_renewal/src/css/style-corp.css.map
[2025-06-06 07:47:29] [fac5de35dc9cd505ea0ec59a282e4d24] 選択されたテンプレート: /var/www/html/wp-content/themes/landi_renewal/404.php
[2025-06-06 07:47:30] [fac5de35dc9cd505ea0ec59a282e4d24] 選択されたテンプレート: /var/www/html/wp-content/themes/landi_renewal/front-page.php
[2025-06-06 07:47:30] [fac5de35dc9cd505ea0ec59a282e4d24] 選択されたテンプレート: /var/www/html/wp-content/themes/landi_renewal/front-page.php
[2025-06-06 07:47:30] [fac5de35dc9cd505ea0ec59a282e4d24] 選択されたテンプレート: /var/www/html/wp-content/themes/landi_renewal/front-page.php
[2025-06-06 07:48:06] [fac5de35dc9cd505ea0ec59a282e4d24] 404エラー検出: /wp-content/themes/landi_renewal/src/css/layout.css.map
[2025-06-06 07:48:06] [fac5de35dc9cd505ea0ec59a282e4d24] 選択されたテンプレート: /var/www/html/wp-content/themes/landi_renewal/404.php
[2025-06-06 07:48:06] [fac5de35dc9cd505ea0ec59a282e4d24] 404エラー検出: /wp-content/themes/landi_renewal/src/css/style.css.map
[2025-06-06 07:48:06] [fac5de35dc9cd505ea0ec59a282e4d24] 選択されたテンプレート: /var/www/html/wp-content/themes/landi_renewal/404.php
[2025-06-06 07:48:06] [fac5de35dc9cd505ea0ec59a282e4d24] 選択されたテンプレート: /var/www/html/wp-content/themes/landi_renewal/front-page.php
[2025-06-06 07:48:07] [fac5de35dc9cd505ea0ec59a282e4d24] 選択されたテンプレート: /var/www/html/wp-content/themes/landi_renewal/front-page.php
[2025-06-06 07:48:07] [fac5de35dc9cd505ea0ec59a282e4d24] 404エラー検出: /wp-content/themes/landi_renewal/src/css/style-corp.css.map
[2025-06-06 07:48:07] [fac5de35dc9cd505ea0ec59a282e4d24] 選択されたテンプレート: /var/www/html/wp-content/themes/landi_renewal/404.php
[2025-06-06 07:48:07] [fac5de35dc9cd505ea0ec59a282e4d24] 選択されたテンプレート: /var/www/html/wp-content/themes/landi_renewal/front-page.php
[2025-06-06 07:48:08] [fac5de35dc9cd505ea0ec59a282e4d24] 404エラー検出: /wp-content/themes/landi_renewal/src/css/layout.css.map
[2025-06-06 07:48:08] [fac5de35dc9cd505ea0ec59a282e4d24] 選択されたテンプレート: /var/www/html/wp-content/themes/landi_renewal/404.php
[2025-06-06 07:48:08] [fac5de35dc9cd505ea0ec59a282e4d24] 404エラー検出: /wp-content/themes/landi_renewal/src/css/style.css.map
[2025-06-06 07:48:08] [fac5de35dc9cd505ea0ec59a282e4d24] 選択されたテンプレート: /var/www/html/wp-content/themes/landi_renewal/404.php
[2025-06-06 07:48:08] [fac5de35dc9cd505ea0ec59a282e4d24] 選択されたテンプレート: /var/www/html/wp-content/themes/landi_renewal/front-page.php
[2025-06-06 07:48:08] [fac5de35dc9cd505ea0ec59a282e4d24] 選択されたテンプレート: /var/www/html/wp-content/themes/landi_renewal/front-page.php
[2025-06-06 07:48:10] [fac5de35dc9cd505ea0ec59a282e4d24] 404エラー検出: /wp-content/themes/landi_renewal/src/css/style-corp.css.map
[2025-06-06 07:48:10] [fac5de35dc9cd505ea0ec59a282e4d24] 選択されたテンプレート: /var/www/html/wp-content/themes/landi_renewal/404.php
[2025-06-06 07:48:10] [fac5de35dc9cd505ea0ec59a282e4d24] 選択されたテンプレート: /var/www/html/wp-content/themes/landi_renewal/front-page.php
[2025-06-06 07:52:44] [fac5de35dc9cd505ea0ec59a282e4d24] 選択されたテンプレート: /var/www/html/wp-content/themes/landi_renewal/page-comapany.php
[2025-06-06 07:52:45] [fac5de35dc9cd505ea0ec59a282e4d24] 404エラー検出: /.well-known/appspecific/com.chrome.devtools.json
[2025-06-06 07:52:45] [fac5de35dc9cd505ea0ec59a282e4d24] 選択されたテンプレート: /var/www/html/wp-content/themes/landi_renewal/404.php
[2025-06-06 07:52:45] [fac5de35dc9cd505ea0ec59a282e4d24] 404エラー検出: /wp-content/themes/landi_renewal/src/css/style.css.map
[2025-06-06 07:52:45] [fac5de35dc9cd505ea0ec59a282e4d24] 選択されたテンプレート: /var/www/html/wp-content/themes/landi_renewal/404.php
[2025-06-06 07:52:45] [fac5de35dc9cd505ea0ec59a282e4d24] 404エラー検出: /wp-content/themes/landi_renewal/src/css/layout.css.map
[2025-06-06 07:52:45] [fac5de35dc9cd505ea0ec59a282e4d24] 選択されたテンプレート: /var/www/html/wp-content/themes/landi_renewal/404.php
[2025-06-06 07:52:45] [fac5de35dc9cd505ea0ec59a282e4d24] 選択されたテンプレート: /var/www/html/wp-content/themes/landi_renewal/front-page.php
[2025-06-06 07:52:45] [fac5de35dc9cd505ea0ec59a282e4d24] 選択されたテンプレート: /var/www/html/wp-content/themes/landi_renewal/front-page.php
[2025-06-06 07:52:46] [fac5de35dc9cd505ea0ec59a282e4d24] 選択されたテンプレート: /var/www/html/wp-content/themes/landi_renewal/front-page.php
[2025-06-06 07:52:47] [fac5de35dc9cd505ea0ec59a282e4d24] 404エラー検出: /wp-content/themes/landi_renewal/src/css/style-corp.css.map
[2025-06-06 07:52:47] [fac5de35dc9cd505ea0ec59a282e4d24] 選択されたテンプレート: /var/www/html/wp-content/themes/landi_renewal/404.php
[2025-06-06 07:52:47] [fac5de35dc9cd505ea0ec59a282e4d24] 選択されたテンプレート: /var/www/html/wp-content/themes/landi_renewal/front-page.php
[2025-06-06 07:52:48] [fac5de35dc9cd505ea0ec59a282e4d24] 選択されたテンプレート: /var/www/html/wp-content/themes/landi_renewal/page-comapany.php
[2025-06-06 07:52:48] [fac5de35dc9cd505ea0ec59a282e4d24] 404エラー検出: /.well-known/appspecific/com.chrome.devtools.json
[2025-06-06 07:52:48] [fac5de35dc9cd505ea0ec59a282e4d24] 選択されたテンプレート: /var/www/html/wp-content/themes/landi_renewal/404.php
[2025-06-06 07:52:48] [fac5de35dc9cd505ea0ec59a282e4d24] 404エラー検出: /wp-content/themes/landi_renewal/src/css/style.css.map
[2025-06-06 07:52:48] [fac5de35dc9cd505ea0ec59a282e4d24] 選択されたテンプレート: /var/www/html/wp-content/themes/landi_renewal/404.php
[2025-06-06 07:52:49] [fac5de35dc9cd505ea0ec59a282e4d24] 404エラー検出: /wp-content/themes/landi_renewal/src/css/layout.css.map
[2025-06-06 07:52:49] [fac5de35dc9cd505ea0ec59a282e4d24] 選択されたテンプレート: /var/www/html/wp-content/themes/landi_renewal/404.php
[2025-06-06 07:52:49] [fac5de35dc9cd505ea0ec59a282e4d24] 選択されたテンプレート: /var/www/html/wp-content/themes/landi_renewal/front-page.php
[2025-06-06 07:52:49] [fac5de35dc9cd505ea0ec59a282e4d24] 選択されたテンプレート: /var/www/html/wp-content/themes/landi_renewal/front-page.php
[2025-06-06 07:52:49] [fac5de35dc9cd505ea0ec59a282e4d24] 選択されたテンプレート: /var/www/html/wp-content/themes/landi_renewal/front-page.php
[2025-06-06 07:52:52] [fac5de35dc9cd505ea0ec59a282e4d24] 404エラー検出: /wp-content/themes/landi_renewal/src/css/style-corp.css.map
[2025-06-06 07:52:52] [fac5de35dc9cd505ea0ec59a282e4d24] 選択されたテンプレート: /var/www/html/wp-content/themes/landi_renewal/404.php
[2025-06-06 07:52:52] [fac5de35dc9cd505ea0ec59a282e4d24] 選択されたテンプレート: /var/www/html/wp-content/themes/landi_renewal/front-page.php
[2025-06-06 07:54:22] [fac5de35dc9cd505ea0ec59a282e4d24] 404エラー検出: /wp-content/themes/landi_renewal/src/css/layout.css.map
[2025-06-06 07:54:22] [fac5de35dc9cd505ea0ec59a282e4d24] 選択されたテンプレート: /var/www/html/wp-content/themes/landi_renewal/404.php
[2025-06-06 07:54:23] [fac5de35dc9cd505ea0ec59a282e4d24] 404エラー検出: /wp-content/themes/landi_renewal/src/css/style.css.map
[2025-06-06 07:54:23] [fac5de35dc9cd505ea0ec59a282e4d24] 選択されたテンプレート: /var/www/html/wp-content/themes/landi_renewal/404.php
[2025-06-06 07:54:23] [fac5de35dc9cd505ea0ec59a282e4d24] 選択されたテンプレート: /var/www/html/wp-content/themes/landi_renewal/front-page.php
[2025-06-06 07:54:23] [fac5de35dc9cd505ea0ec59a282e4d24] 選択されたテンプレート: /var/www/html/wp-content/themes/landi_renewal/front-page.php
[2025-06-06 07:54:23] [fac5de35dc9cd505ea0ec59a282e4d24] 404エラー検出: /wp-content/themes/landi_renewal/src/css/style-corp.css.map
[2025-06-06 07:54:23] [fac5de35dc9cd505ea0ec59a282e4d24] 選択されたテンプレート: /var/www/html/wp-content/themes/landi_renewal/404.php
[2025-06-06 07:54:23] [fac5de35dc9cd505ea0ec59a282e4d24] 選択されたテンプレート: /var/www/html/wp-content/themes/landi_renewal/front-page.php
[2025-06-06 07:55:18] [fac5de35dc9cd505ea0ec59a282e4d24] 404エラー検出: /wp-content/themes/landi_renewal/src/css/style.css.map
[2025-06-06 07:55:18] [fac5de35dc9cd505ea0ec59a282e4d24] 選択されたテンプレート: /var/www/html/wp-content/themes/landi_renewal/404.php
[2025-06-06 07:55:18] [fac5de35dc9cd505ea0ec59a282e4d24] 404エラー検出: /wp-content/themes/landi_renewal/src/css/layout.css.map
[2025-06-06 07:55:18] [fac5de35dc9cd505ea0ec59a282e4d24] 選択されたテンプレート: /var/www/html/wp-content/themes/landi_renewal/404.php
[2025-06-06 07:55:18] [fac5de35dc9cd505ea0ec59a282e4d24] 選択されたテンプレート: /var/www/html/wp-content/themes/landi_renewal/front-page.php
[2025-06-06 07:55:19] [fac5de35dc9cd505ea0ec59a282e4d24] 選択されたテンプレート: /var/www/html/wp-content/themes/landi_renewal/front-page.php
[2025-06-06 07:55:19] [fac5de35dc9cd505ea0ec59a282e4d24] 404エラー検出: /wp-content/themes/landi_renewal/src/css/style-corp.css.map
[2025-06-06 07:55:19] [fac5de35dc9cd505ea0ec59a282e4d24] 選択されたテンプレート: /var/www/html/wp-content/themes/landi_renewal/404.php
[2025-06-06 07:55:20] [fac5de35dc9cd505ea0ec59a282e4d24] 選択されたテンプレート: /var/www/html/wp-content/themes/landi_renewal/front-page.php
[2025-06-06 07:55:23] [fac5de35dc9cd505ea0ec59a282e4d24] 選択されたテンプレート: /var/www/html/wp-content/themes/landi_renewal/page-comapany.php
[2025-06-06 07:55:24] [fac5de35dc9cd505ea0ec59a282e4d24] 404エラー検出: /.well-known/appspecific/com.chrome.devtools.json
[2025-06-06 07:55:24] [fac5de35dc9cd505ea0ec59a282e4d24] 選択されたテンプレート: /var/www/html/wp-content/themes/landi_renewal/404.php
[2025-06-06 07:55:24] [fac5de35dc9cd505ea0ec59a282e4d24] 404エラー検出: /wp-content/themes/landi_renewal/src/css/layout.css.map
[2025-06-06 07:55:24] [fac5de35dc9cd505ea0ec59a282e4d24] 選択されたテンプレート: /var/www/html/wp-content/themes/landi_renewal/404.php
[2025-06-06 07:55:24] [fac5de35dc9cd505ea0ec59a282e4d24] 404エラー検出: /wp-content/themes/landi_renewal/src/css/style.css.map
[2025-06-06 07:55:24] [fac5de35dc9cd505ea0ec59a282e4d24] 選択されたテンプレート: /var/www/html/wp-content/themes/landi_renewal/404.php
[2025-06-06 07:55:24] [fac5de35dc9cd505ea0ec59a282e4d24] 選択されたテンプレート: /var/www/html/wp-content/themes/landi_renewal/front-page.php
[2025-06-06 07:55:24] [fac5de35dc9cd505ea0ec59a282e4d24] 選択されたテンプレート: /var/www/html/wp-content/themes/landi_renewal/front-page.php
[2025-06-06 07:55:25] [fac5de35dc9cd505ea0ec59a282e4d24] 選択されたテンプレート: /var/www/html/wp-content/themes/landi_renewal/front-page.php
[2025-06-06 07:55:25] [fac5de35dc9cd505ea0ec59a282e4d24] 404エラー検出: /wp-content/themes/landi_renewal/src/css/style-corp.css.map
[2025-06-06 07:55:25] [fac5de35dc9cd505ea0ec59a282e4d24] 選択されたテンプレート: /var/www/html/wp-content/themes/landi_renewal/404.php
[2025-06-06 07:55:25] [fac5de35dc9cd505ea0ec59a282e4d24] 選択されたテンプレート: /var/www/html/wp-content/themes/landi_renewal/front-page.php
[2025-06-06 07:56:27] [fac5de35dc9cd505ea0ec59a282e4d24] 404エラー検出: /wp-content/themes/landi_renewal/src/css/style.css.map
[2025-06-06 07:56:27] [fac5de35dc9cd505ea0ec59a282e4d24] 選択されたテンプレート: /var/www/html/wp-content/themes/landi_renewal/404.php
[2025-06-06 07:56:27] [fac5de35dc9cd505ea0ec59a282e4d24] 404エラー検出: /wp-content/themes/landi_renewal/src/css/layout.css.map
[2025-06-06 07:56:27] [fac5de35dc9cd505ea0ec59a282e4d24] 選択されたテンプレート: /var/www/html/wp-content/themes/landi_renewal/404.php
[2025-06-06 07:56:27] [fac5de35dc9cd505ea0ec59a282e4d24] 選択されたテンプレート: /var/www/html/wp-content/themes/landi_renewal/front-page.php
[2025-06-06 07:56:27] [fac5de35dc9cd505ea0ec59a282e4d24] 選択されたテンプレート: /var/www/html/wp-content/themes/landi_renewal/front-page.php
[2025-06-06 07:56:29] [fac5de35dc9cd505ea0ec59a282e4d24] 404エラー検出: /wp-content/themes/landi_renewal/src/css/style-corp.css.map
[2025-06-06 07:56:29] [fac5de35dc9cd505ea0ec59a282e4d24] 選択されたテンプレート: /var/www/html/wp-content/themes/landi_renewal/404.php
[2025-06-06 07:56:29] [fac5de35dc9cd505ea0ec59a282e4d24] 選択されたテンプレート: /var/www/html/wp-content/themes/landi_renewal/front-page.php
[2025-06-06 07:59:54] [fac5de35dc9cd505ea0ec59a282e4d24] 404エラー検出: /wp-content/themes/landi_renewal/src/css/style.css.map
[2025-06-06 07:59:54] [fac5de35dc9cd505ea0ec59a282e4d24] 選択されたテンプレート: /var/www/html/wp-content/themes/landi_renewal/404.php
[2025-06-06 07:59:54] [fac5de35dc9cd505ea0ec59a282e4d24] 404エラー検出: /wp-content/themes/landi_renewal/src/css/layout.css.map
[2025-06-06 07:59:54] [fac5de35dc9cd505ea0ec59a282e4d24] 選択されたテンプレート: /var/www/html/wp-content/themes/landi_renewal/404.php
[2025-06-06 07:59:54] [fac5de35dc9cd505ea0ec59a282e4d24] 選択されたテンプレート: /var/www/html/wp-content/themes/landi_renewal/front-page.php
[2025-06-06 07:59:54] [fac5de35dc9cd505ea0ec59a282e4d24] 選択されたテンプレート: /var/www/html/wp-content/themes/landi_renewal/front-page.php
[2025-06-06 07:59:54] [fac5de35dc9cd505ea0ec59a282e4d24] 404エラー検出: /wp-content/themes/landi_renewal/src/css/style-corp.css.map
[2025-06-06 07:59:54] [fac5de35dc9cd505ea0ec59a282e4d24] 選択されたテンプレート: /var/www/html/wp-content/themes/landi_renewal/404.php
[2025-06-06 07:59:54] [fac5de35dc9cd505ea0ec59a282e4d24] 選択されたテンプレート: /var/www/html/wp-content/themes/landi_renewal/front-page.php
[2025-06-06 07:59:56] [fac5de35dc9cd505ea0ec59a282e4d24] 404エラー検出: /wp-content/themes/landi_renewal/src/css/layout.css.map
[2025-06-06 07:59:56] [fac5de35dc9cd505ea0ec59a282e4d24] 選択されたテンプレート: /var/www/html/wp-content/themes/landi_renewal/404.php
[2025-06-06 07:59:56] [fac5de35dc9cd505ea0ec59a282e4d24] 404エラー検出: /wp-content/themes/landi_renewal/src/css/style.css.map
[2025-06-06 07:59:56] [fac5de35dc9cd505ea0ec59a282e4d24] 選択されたテンプレート: /var/www/html/wp-content/themes/landi_renewal/404.php
[2025-06-06 07:59:56] [fac5de35dc9cd505ea0ec59a282e4d24] 404エラー検出: /wp-content/themes/landi_renewal/src/css/style-corp.css.map
[2025-06-06 07:59:56] [fac5de35dc9cd505ea0ec59a282e4d24] 選択されたテンプレート: /var/www/html/wp-content/themes/landi_renewal/404.php
[2025-06-06 07:59:56] [fac5de35dc9cd505ea0ec59a282e4d24] 選択されたテンプレート: /var/www/html/wp-content/themes/landi_renewal/front-page.php
[2025-06-06 07:59:56] [fac5de35dc9cd505ea0ec59a282e4d24] 選択されたテンプレート: /var/www/html/wp-content/themes/landi_renewal/front-page.php
[2025-06-06 07:59:56] [fac5de35dc9cd505ea0ec59a282e4d24] 選択されたテンプレート: /var/www/html/wp-content/themes/landi_renewal/front-page.php
[2025-06-06 08:00:47] [fac5de35dc9cd505ea0ec59a282e4d24] 404エラー検出: /wp-content/themes/landi_renewal/src/css/layout.css.map
[2025-06-06 08:00:47] [fac5de35dc9cd505ea0ec59a282e4d24] 選択されたテンプレート: /var/www/html/wp-content/themes/landi_renewal/404.php
[2025-06-06 08:00:48] [fac5de35dc9cd505ea0ec59a282e4d24] 404エラー検出: /wp-content/themes/landi_renewal/src/css/style.css.map
[2025-06-06 08:00:48] [fac5de35dc9cd505ea0ec59a282e4d24] 選択されたテンプレート: /var/www/html/wp-content/themes/landi_renewal/404.php
[2025-06-06 08:00:48] [fac5de35dc9cd505ea0ec59a282e4d24] 選択されたテンプレート: /var/www/html/wp-content/themes/landi_renewal/front-page.php
[2025-06-06 08:00:48] [fac5de35dc9cd505ea0ec59a282e4d24] 選択されたテンプレート: /var/www/html/wp-content/themes/landi_renewal/front-page.php
[2025-06-06 08:00:48] [fac5de35dc9cd505ea0ec59a282e4d24] 404エラー検出: /wp-content/themes/landi_renewal/src/css/style-corp.css.map
[2025-06-06 08:00:48] [fac5de35dc9cd505ea0ec59a282e4d24] 選択されたテンプレート: /var/www/html/wp-content/themes/landi_renewal/404.php
[2025-06-06 08:00:49] [fac5de35dc9cd505ea0ec59a282e4d24] 選択されたテンプレート: /var/www/html/wp-content/themes/landi_renewal/front-page.php
[2025-06-06 08:00:59] [fac5de35dc9cd505ea0ec59a282e4d24] 404エラー検出: /wp-content/themes/landi_renewal/src/css/layout.css.map
[2025-06-06 08:00:59] [fac5de35dc9cd505ea0ec59a282e4d24] 選択されたテンプレート: /var/www/html/wp-content/themes/landi_renewal/404.php
[2025-06-06 08:00:59] [fac5de35dc9cd505ea0ec59a282e4d24] 404エラー検出: /wp-content/themes/landi_renewal/src/css/style.css.map
[2025-06-06 08:00:59] [fac5de35dc9cd505ea0ec59a282e4d24] 選択されたテンプレート: /var/www/html/wp-content/themes/landi_renewal/404.php
[2025-06-06 08:00:59] [fac5de35dc9cd505ea0ec59a282e4d24] 選択されたテンプレート: /var/www/html/wp-content/themes/landi_renewal/front-page.php
[2025-06-06 08:01:00] [fac5de35dc9cd505ea0ec59a282e4d24] 選択されたテンプレート: /var/www/html/wp-content/themes/landi_renewal/front-page.php
[2025-06-06 08:01:01] [fac5de35dc9cd505ea0ec59a282e4d24] 404エラー検出: /wp-content/themes/landi_renewal/src/css/style-corp.css.map
[2025-06-06 08:01:01] [fac5de35dc9cd505ea0ec59a282e4d24] 選択されたテンプレート: /var/www/html/wp-content/themes/landi_renewal/404.php
[2025-06-06 08:01:01] [fac5de35dc9cd505ea0ec59a282e4d24] 選択されたテンプレート: /var/www/html/wp-content/themes/landi_renewal/front-page.php
[2025-06-06 08:01:38] [fac5de35dc9cd505ea0ec59a282e4d24] 404エラー検出: /wp-content/themes/landi_renewal/src/css/layout.css.map
[2025-06-06 08:01:38] [fac5de35dc9cd505ea0ec59a282e4d24] 選択されたテンプレート: /var/www/html/wp-content/themes/landi_renewal/404.php
[2025-06-06 08:01:38] [fac5de35dc9cd505ea0ec59a282e4d24] 404エラー検出: /wp-content/themes/landi_renewal/src/css/style.css.map
[2025-06-06 08:01:38] [fac5de35dc9cd505ea0ec59a282e4d24] 選択されたテンプレート: /var/www/html/wp-content/themes/landi_renewal/404.php
[2025-06-06 08:01:38] [fac5de35dc9cd505ea0ec59a282e4d24] 選択されたテンプレート: /var/www/html/wp-content/themes/landi_renewal/front-page.php
[2025-06-06 08:01:38] [fac5de35dc9cd505ea0ec59a282e4d24] 選択されたテンプレート: /var/www/html/wp-content/themes/landi_renewal/front-page.php
[2025-06-06 08:01:38] [fac5de35dc9cd505ea0ec59a282e4d24] 404エラー検出: /wp-content/themes/landi_renewal/src/css/style-corp.css.map
[2025-06-06 08:01:38] [fac5de35dc9cd505ea0ec59a282e4d24] 選択されたテンプレート: /var/www/html/wp-content/themes/landi_renewal/404.php
[2025-06-06 08:01:38] [fac5de35dc9cd505ea0ec59a282e4d24] 選択されたテンプレート: /var/www/html/wp-content/themes/landi_renewal/front-page.php
[2025-06-06 08:05:32] [fac5de35dc9cd505ea0ec59a282e4d24] 404エラー検出: /wp-content/themes/landi_renewal/src/css/style.css.map
[2025-06-06 08:05:32] [fac5de35dc9cd505ea0ec59a282e4d24] 選択されたテンプレート: /var/www/html/wp-content/themes/landi_renewal/404.php
[2025-06-06 08:05:32] [fac5de35dc9cd505ea0ec59a282e4d24] 404エラー検出: /wp-content/themes/landi_renewal/src/css/layout.css.map
[2025-06-06 08:05:32] [fac5de35dc9cd505ea0ec59a282e4d24] 選択されたテンプレート: /var/www/html/wp-content/themes/landi_renewal/404.php
[2025-06-06 08:05:32] [fac5de35dc9cd505ea0ec59a282e4d24] 選択されたテンプレート: /var/www/html/wp-content/themes/landi_renewal/front-page.php
[2025-06-06 08:05:33] [fac5de35dc9cd505ea0ec59a282e4d24] 選択されたテンプレート: /var/www/html/wp-content/themes/landi_renewal/front-page.php
[2025-06-06 08:05:33] [fac5de35dc9cd505ea0ec59a282e4d24] 404エラー検出: /wp-content/themes/landi_renewal/src/css/style-corp.css.map
[2025-06-06 08:05:33] [fac5de35dc9cd505ea0ec59a282e4d24] 選択されたテンプレート: /var/www/html/wp-content/themes/landi_renewal/404.php
[2025-06-06 08:05:33] [fac5de35dc9cd505ea0ec59a282e4d24] 選択されたテンプレート: /var/www/html/wp-content/themes/landi_renewal/front-page.php
[2025-06-06 08:05:38] [fac5de35dc9cd505ea0ec59a282e4d24] 404エラー検出: /wp-content/themes/landi_renewal/src/css/layout.css.map
[2025-06-06 08:05:38] [fac5de35dc9cd505ea0ec59a282e4d24] 選択されたテンプレート: /var/www/html/wp-content/themes/landi_renewal/404.php
[2025-06-06 08:05:38] [fac5de35dc9cd505ea0ec59a282e4d24] 404エラー検出: /wp-content/themes/landi_renewal/src/css/style.css.map
[2025-06-06 08:05:38] [fac5de35dc9cd505ea0ec59a282e4d24] 選択されたテンプレート: /var/www/html/wp-content/themes/landi_renewal/404.php
[2025-06-06 08:05:39] [fac5de35dc9cd505ea0ec59a282e4d24] 選択されたテンプレート: /var/www/html/wp-content/themes/landi_renewal/front-page.php
[2025-06-06 08:05:39] [fac5de35dc9cd505ea0ec59a282e4d24] 選択されたテンプレート: /var/www/html/wp-content/themes/landi_renewal/front-page.php
[2025-06-06 08:05:39] [fac5de35dc9cd505ea0ec59a282e4d24] 404エラー検出: /wp-content/themes/landi_renewal/src/css/style-corp.css.map
[2025-06-06 08:05:39] [fac5de35dc9cd505ea0ec59a282e4d24] 選択されたテンプレート: /var/www/html/wp-content/themes/landi_renewal/404.php
[2025-06-06 08:05:39] [fac5de35dc9cd505ea0ec59a282e4d24] 選択されたテンプレート: /var/www/html/wp-content/themes/landi_renewal/front-page.php
