[2025-10-03 04:55:32] [455ef8d62eabf9365a34905e780ac22b] 選択されたテンプレート: /var/www/html/wp-content/themes/landi_renewal/front-page.php
[2025-10-03 04:55:33] [455ef8d62eabf9365a34905e780ac22b] 404エラー検出: /assets/images/top/fv.webp
[2025-10-03 04:55:33] [455ef8d62eabf9365a34905e780ac22b] 選択されたテンプレート: /var/www/html/wp-content/themes/landi_renewal/404.php
[2025-10-03 04:55:33] [455ef8d62eabf9365a34905e780ac22b] 選択されたテンプレート: /var/www/html/wp-content/themes/landi_renewal/front-page.php
[2025-10-03 04:56:24] [455ef8d62eabf9365a34905e780ac22b] 選択されたテンプレート: /var/www/html/wp-content/themes/landi_renewal/front-page.php
[2025-10-03 04:56:24] [455ef8d62eabf9365a34905e780ac22b] 404エラー検出: /assets/images/top/fv.webp
[2025-10-03 04:56:24] [455ef8d62eabf9365a34905e780ac22b] 選択されたテンプレート: /var/www/html/wp-content/themes/landi_renewal/404.php
[2025-10-03 04:56:25] [455ef8d62eabf9365a34905e780ac22b] 選択されたテンプレート: /var/www/html/wp-content/themes/landi_renewal/front-page.php
[2025-10-03 04:56:27] [455ef8d62eabf9365a34905e780ac22b] 選択されたテンプレート: /var/www/html/wp-content/themes/landi_renewal/archive.php
[2025-10-03 04:56:34] [455ef8d62eabf9365a34905e780ac22b] 選択されたテンプレート: /var/www/html/wp-content/themes/landi_renewal/single.php
[2025-10-03 04:56:40] [455ef8d62eabf9365a34905e780ac22b] 選択されたテンプレート: /var/www/html/wp-content/themes/landi_renewal/template-recruit-form.php
[2025-10-03 04:56:45] [no-session] === POST リクエスト詳細 ===
[2025-10-03 04:56:45] [no-session] SERVER変数:
[2025-10-03 04:56:45] [no-session] REQUEST_URI: /recruit/recruit_contact?post_id=7875
[2025-10-03 04:56:45] [no-session] HTTP_REFERER: http://localhost:3000/recruit/recruit_contact?post_id=7875
[2025-10-03 04:56:45] [no-session] CONTENT_TYPE: multipart/form-data; boundary=----WebKitFormBoundaryHWEjaL33QOsZ10oB
[2025-10-03 04:56:45] [no-session] CONTENT_LENGTH: 3780
[2025-10-03 04:56:45] [no-session] POST[recruit_position]: 
[2025-10-03 04:56:45] [no-session] POST[person]: 
[2025-10-03 04:56:45] [no-session] POST[tel]: 
[2025-10-03 04:56:45] [no-session] POST[email]: 
[2025-10-03 04:56:45] [no-session] POST[zip_number]: 
[2025-10-03 04:56:45] [no-session] POST[prefectures]: 北海道
[2025-10-03 04:56:45] [no-session] POST[__children]: Array
(
    [prefectures] => Array
        (
            [0] => {\"\\u5317\\u6d77\\u9053\":\"\\u5317\\u6d77\\u9053\",\"\\u9752\\u68ee\\u770c\":\"\\u9752\\u68ee\\u770c\",\"\\u5ca9\\u624b\\u770c\":\"\\u5ca9\\u624b\\u770c\",\"\\u5bae\\u57ce\\u770c\":\"\\u5bae\\u57ce\\u770c\",\"\\u79cb\\u7530\\u770c\":\"\\u79cb\\u7530\\u770c\",\"\\u5c71\\u5f62\\u770c\":\"\\u5c71\\u5f62\\u770c\",\"\\u798f\\u5cf6\\u770c\":\"\\u798f\\u5cf6\\u770c\",\"\\u8328\\u57ce\\u770c\":\"\\u8328\\u57ce\\u770c\",\"\\u6803\\u6728\\u770c\":\"\\u6803\\u6728\\u770c\",\"\\u7fa4\\u99ac\\u770c\":\"\\u7fa4\\u99ac\\u770c\",\"\\u57fc\\u7389\\u770c\":\"\\u57fc\\u7389\\u770c\",\"\\u5343\\u8449\\u770c\":\"\\u5343\\u8449\\u770c\",\"\\u6771\\u4eac\\u90fd\":\"\\u6771\\u4eac\\u90fd\",\"\\u795e\\u5948\\u5ddd\\u770c\":\"\\u795e\\u5948\\u5ddd\\u770c\",\"\\u65b0\\u6f5f\\u770c\":\"\\u65b0\\u6f5f\\u770c\",\"\\u5bcc\\u5c71\\u770c\":\"\\u5bcc\\u5c71\\u770c\",\"\\u77f3\\u5ddd\\u770c\":\"\\u77f3\\u5ddd\\u770c\",\"\\u798f\\u4e95\\u770c\":\"\\u798f\\u4e95\\u770c\",\"\\u5c71\\u68a8\\u770c\":\"\\u5c71\\u68a8\\u770c\",\"\\u9577\\u91ce\\u770c\":\"\\u9577\\u91ce\\u770c\",\"\\u5c90\\u961c\\u770c\":\"\\u5c90\\u961c\\u770c\",\"\\u9759\\u5ca1\\u770c\":\"\\u9759\\u5ca1\\u770c\",\"\\u611b\\u77e5\\u770c\":\"\\u611b\\u77e5\\u770c\",\"\\u4e09\\u91cd\\u770c\":\"\\u4e09\\u91cd\\u770c\",\"\\u6ecb\\u8cc0\\u770c\":\"\\u6ecb\\u8cc0\\u770c\",\"\\u4eac\\u90fd\\u5e9c\":\"\\u4eac\\u90fd\\u5e9c\",\"\\u5927\\u962a\\u5e9c\":\"\\u5927\\u962a\\u5e9c\",\"\\u5175\\u5eab\\u770c\":\"\\u5175\\u5eab\\u770c\",\"\\u5948\\u826f\\u770c\":\"\\u5948\\u826f\\u770c\",\"\\u548c\\u6b4c\\u5c71\\u770c\":\"\\u548c\\u6b4c\\u5c71\\u770c\",\"\\u9ce5\\u53d6\\u770c\":\"\\u9ce5\\u53d6\\u770c\",\"\\u5cf6\\u6839\\u770c\":\"\\u5cf6\\u6839\\u770c\",\"\\u5ca1\\u5c71\\u770c\":\"\\u5ca1\\u5c71\\u770c\",\"\\u5e83\\u5cf6\\u770c\":\"\\u5e83\\u5cf6\\u770c\",\"\\u5c71\\u53e3\\u770c\":\"\\u5c71\\u53e3\\u770c\",\"\\u5fb3\\u5cf6\\u770c\":\"\\u5fb3\\u5cf6\\u770c\",\"\\u9999\\u5ddd\\u770c\":\"\\u9999\\u5ddd\\u770c\",\"\\u611b\\u5a9b\\u770c\":\"\\u611b\\u5a9b\\u770c\",\"\\u9ad8\\u77e5\\u770c\":\"\\u9ad8\\u77e5\\u770c\",\"\\u798f\\u5ca1\\u770c\":\"\\u798f\\u5ca1\\u770c\",\"\\u4f50\\u8cc0\\u770c\":\"\\u4f50\\u8cc0\\u770c\",\"\\u9577\\u5d0e\\u770c\":\"\\u9577\\u5d0e\\u770c\",\"\\u718a\\u672c\\u770c\":\"\\u718a\\u672c\\u770c\",\"\\u5927\\u5206\\u770c\":\"\\u5927\\u5206\\u770c\",\"\\u5bae\\u5d0e\\u770c\":\"\\u5bae\\u5d0e\\u770c\",\"\\u9e7f\\u5150\\u5cf6\\u770c\":\"\\u9e7f\\u5150\\u5cf6\\u770c\",\"\\u6c96\\u7e04\\u770c\":\"\\u6c96\\u7e04\\u770c\"}
        )

    [privacy] => Array
        (
            [0] => {\"\\u540c\\u610f\\u3059\\u308b\":\"\\u540c\\u610f\\u3059\\u308b\"}
        )

)

[2025-10-03 04:56:45] [no-session] POST[address1]: 
[2025-10-03 04:56:45] [no-session] POST[mansion]: 
[2025-10-03 04:56:45] [no-session] POST[msg]: 
[2025-10-03 04:56:45] [no-session] POST[privacy]: Array
(
    [separator] => ,
)

[2025-10-03 04:56:45] [no-session] POST[submit]: エントリー
[2025-10-03 04:56:45] [no-session] POST[recaptcha-v3]: 
[2025-10-03 04:56:45] [no-session] POST[mw-wp-form-form-id]: 7890
[2025-10-03 04:56:45] [no-session] POST[mw_wp_form_token]: 7a5d31ad418646e259ee57628d4913a55f8aafb0a5df2e09f30db2531908ab6b
[2025-10-03 04:56:46] [455ef8d62eabf9365a34905e780ac22b] 選択されたテンプレート: /var/www/html/wp-content/themes/landi_renewal/template-recruit-form.php
[2025-10-03 04:56:51] [455ef8d62eabf9365a34905e780ac22b] 選択されたテンプレート: /var/www/html/wp-content/themes/landi_renewal/page.php
[2025-10-03 04:56:58] [455ef8d62eabf9365a34905e780ac22b] 選択されたテンプレート: /var/www/html/wp-content/themes/landi_renewal/archive.php
[2025-10-03 04:57:15] [455ef8d62eabf9365a34905e780ac22b] 選択されたテンプレート: /var/www/html/wp-content/themes/landi_renewal/front-page.php
[2025-10-03 04:57:15] [455ef8d62eabf9365a34905e780ac22b] 404エラー検出: /assets/images/top/fv.webp
[2025-10-03 04:57:15] [455ef8d62eabf9365a34905e780ac22b] 選択されたテンプレート: /var/www/html/wp-content/themes/landi_renewal/404.php
[2025-10-03 04:57:16] [455ef8d62eabf9365a34905e780ac22b] 選択されたテンプレート: /var/www/html/wp-content/themes/landi_renewal/front-page.php
[2025-10-03 04:57:29] [no-session] === POST リクエスト詳細 ===
[2025-10-03 04:57:29] [no-session] SERVER変数:
[2025-10-03 04:57:29] [no-session] REQUEST_URI: /wp-login.php
[2025-10-03 04:57:29] [no-session] HTTP_REFERER: http://localhost:3000/wp-login.php?redirect_to=http%3A%2F%2Flocalhost%3A3002%2Fwp-admin%2F&reauth=1
[2025-10-03 04:57:29] [no-session] CONTENT_TYPE: application/x-www-form-urlencoded
[2025-10-03 04:57:29] [no-session] CONTENT_LENGTH: 137
[2025-10-03 04:57:29] [no-session] POST[log]: landi
[2025-10-03 04:57:29] [no-session] POST[pwd]: UQSAZ4&F*NH*
[2025-10-03 04:57:29] [no-session] POST[wp-submit]: ログイン
[2025-10-03 04:57:29] [no-session] POST[redirect_to]: //localhost:3000/wp-admin/
[2025-10-03 04:57:29] [no-session] POST[testcookie]: 1
[2025-10-03 04:57:31] [no-session] === POST リクエスト詳細 ===
[2025-10-03 04:57:31] [no-session] SERVER変数:
[2025-10-03 04:57:31] [no-session] REQUEST_URI: /wp-login.php?action=confirm_admin_email
[2025-10-03 04:57:31] [no-session] HTTP_REFERER: http://localhost:3000/wp-login.php?redirect_to=%2F%2Flocalhost%3A3000%2Fwp-admin%2F&action=confirm_admin_email&wp_lang=ja
[2025-10-03 04:57:31] [no-session] CONTENT_TYPE: application/x-www-form-urlencoded
[2025-10-03 04:57:31] [no-session] CONTENT_LENGTH: 356
[2025-10-03 04:57:31] [no-session] POST[confirm_admin_email_nonce]: bab9ed2e87
[2025-10-03 04:57:31] [no-session] POST[_wp_http_referer]: /wp-login.php?redirect_to=%2F%2Flocalhost%3A3000%2Fwp-admin%2F&action=confirm_admin_email&wp_lang=ja
[2025-10-03 04:57:31] [no-session] POST[redirect_to]: //localhost:3000/wp-admin/
[2025-10-03 04:57:31] [no-session] POST[correct-admin-email]: 正しいメールアドレスです
[2025-10-03 04:58:34] [no-session] === POST リクエスト詳細 ===
[2025-10-03 04:58:34] [no-session] SERVER変数:
[2025-10-03 04:58:34] [no-session] REQUEST_URI: /wp-admin/admin-ajax.php
[2025-10-03 04:58:34] [no-session] HTTP_REFERER: http://localhost:3000/wp-admin/edit.php?post_type=page
[2025-10-03 04:58:34] [no-session] CONTENT_TYPE: application/x-www-form-urlencoded; charset=UTF-8
[2025-10-03 04:58:34] [no-session] CONTENT_LENGTH: 1036
[2025-10-03 04:58:34] [no-session] POST[data]: Array
(
    [wp-check-locked-posts] => Array
        (
            [0] => post-9589
            [1] => post-589
            [2] => post-591
            [3] => post-593
            [4] => post-17468
            [5] => post-9665
            [6] => post-9758
            [7] => post-9255
            [8] => post-17505
            [9] => post-7935
            [10] => post-50
            [11] => post-418
            [12] => post-17465
            [13] => post-20
            [14] => post-4614
            [15] => post-4615
            [16] => post-4613
            [17] => post-9790
            [18] => post-9794
            [19] => post-9754
        )

)

[2025-10-03 04:58:34] [no-session] POST[interval]: 10
[2025-10-03 04:58:34] [no-session] POST[_nonce]: b0bb5c06a9
[2025-10-03 04:58:34] [no-session] POST[action]: heartbeat
[2025-10-03 04:58:34] [no-session] POST[screen_id]: edit-page
[2025-10-03 04:58:34] [no-session] POST[has_focus]: true
[2025-10-03 04:58:44] [no-session] === POST リクエスト詳細 ===
[2025-10-03 04:58:44] [no-session] SERVER変数:
[2025-10-03 04:58:44] [no-session] REQUEST_URI: /wp-admin/admin-ajax.php
[2025-10-03 04:58:44] [no-session] HTTP_REFERER: http://localhost:3000/wp-admin/edit.php?post_type=page
[2025-10-03 04:58:44] [no-session] CONTENT_TYPE: application/x-www-form-urlencoded; charset=UTF-8
[2025-10-03 04:58:44] [no-session] CONTENT_LENGTH: 1036
[2025-10-03 04:58:44] [no-session] POST[data]: Array
(
    [wp-check-locked-posts] => Array
        (
            [0] => post-9589
            [1] => post-589
            [2] => post-591
            [3] => post-593
            [4] => post-17468
            [5] => post-9665
            [6] => post-9758
            [7] => post-9255
            [8] => post-17505
            [9] => post-7935
            [10] => post-50
            [11] => post-418
            [12] => post-17465
            [13] => post-20
            [14] => post-4614
            [15] => post-4615
            [16] => post-4613
            [17] => post-9790
            [18] => post-9794
            [19] => post-9754
        )

)

[2025-10-03 04:58:44] [no-session] POST[interval]: 10
[2025-10-03 04:58:44] [no-session] POST[_nonce]: b0bb5c06a9
[2025-10-03 04:58:44] [no-session] POST[action]: heartbeat
[2025-10-03 04:58:44] [no-session] POST[screen_id]: edit-page
[2025-10-03 04:58:44] [no-session] POST[has_focus]: true
[2025-10-03 04:58:54] [no-session] === POST リクエスト詳細 ===
[2025-10-03 04:58:54] [no-session] SERVER変数:
[2025-10-03 04:58:54] [no-session] REQUEST_URI: /wp-admin/admin-ajax.php
[2025-10-03 04:58:54] [no-session] HTTP_REFERER: http://localhost:3000/wp-admin/edit.php?post_type=page
[2025-10-03 04:58:54] [no-session] CONTENT_TYPE: application/x-www-form-urlencoded; charset=UTF-8
[2025-10-03 04:58:54] [no-session] CONTENT_LENGTH: 1037
[2025-10-03 04:58:54] [no-session] POST[data]: Array
(
    [wp-check-locked-posts] => Array
        (
            [0] => post-9589
            [1] => post-589
            [2] => post-591
            [3] => post-593
            [4] => post-17468
            [5] => post-9665
            [6] => post-9758
            [7] => post-9255
            [8] => post-17505
            [9] => post-7935
            [10] => post-50
            [11] => post-418
            [12] => post-17465
            [13] => post-20
            [14] => post-4614
            [15] => post-4615
            [16] => post-4613
            [17] => post-9790
            [18] => post-9794
            [19] => post-9754
        )

)

[2025-10-03 04:58:54] [no-session] POST[interval]: 10
[2025-10-03 04:58:54] [no-session] POST[_nonce]: b0bb5c06a9
[2025-10-03 04:58:54] [no-session] POST[action]: heartbeat
[2025-10-03 04:58:54] [no-session] POST[screen_id]: edit-page
[2025-10-03 04:58:54] [no-session] POST[has_focus]: false
[2025-10-03 04:59:04] [455ef8d62eabf9365a34905e780ac22b] お問い合わせページのクエリ変数:
[2025-10-03 04:59:04] [455ef8d62eabf9365a34905e780ac22b] Array
(
    [numberposts] => 5
    [category] => 0
    [orderby] => date
    [order] => DESC
    [include] => Array
        (
        )

    [exclude] => Array
        (
        )

    [meta_key] => 
    [meta_value] => 
    [post_type] => mw-wp-form
    [suppress_filters] => 1
    [posts_per_page] => -1
    [post_status] => publish
    [ignore_sticky_posts] => 1
    [no_found_rows] => 1
    [error] => 
    [m] => 
    [p] => 0
    [post_parent] => 
    [subpost] => 
    [subpost_id] => 
    [attachment] => 
    [attachment_id] => 0
    [name] => 
    [pagename] => 
    [page_id] => 0
    [second] => 
    [minute] => 
    [hour] => 
    [day] => 0
    [monthnum] => 0
    [year] => 0
    [w] => 0
    [category_name] => 
    [tag] => 
    [cat] => 
    [tag_id] => 
    [author] => 
    [author_name] => 
    [feed] => 
    [tb] => 
    [paged] => 0
    [preview] => 
    [s] => 
    [sentence] => 
    [title] => 
    [fields] => 
    [menu_order] => 
    [embed] => 
    [category__in] => Array
        (
        )

    [category__not_in] => Array
        (
        )

    [category__and] => Array
        (
        )

    [post__in] => Array
        (
        )

    [post__not_in] => Array
        (
        )

    [post_name__in] => Array
        (
        )

    [tag__in] => Array
        (
        )

    [tag__not_in] => Array
        (
        )

    [tag__and] => Array
        (
        )

    [tag_slug__in] => Array
        (
        )

    [tag_slug__and] => Array
        (
        )

    [post_parent__in] => Array
        (
        )

    [post_parent__not_in] => Array
        (
        )

    [author__in] => Array
        (
        )

    [author__not_in] => Array
        (
        )

    [search_columns] => Array
        (
        )

)

[2025-10-03 04:59:04] [455ef8d62eabf9365a34905e780ac22b] お問い合わせページのクエリ変数:
[2025-10-03 04:59:04] [455ef8d62eabf9365a34905e780ac22b] Array
(
    [page] => 
    [pagename] => contact
    [error] => 
    [m] => 
    [p] => 0
    [post_parent] => 
    [subpost] => 
    [subpost_id] => 
    [attachment] => 
    [attachment_id] => 0
    [name] => 
    [page_id] => 0
    [second] => 
    [minute] => 
    [hour] => 
    [day] => 0
    [monthnum] => 0
    [year] => 0
    [w] => 0
    [category_name] => 
    [tag] => 
    [cat] => 
    [tag_id] => 
    [author] => 
    [author_name] => 
    [feed] => 
    [tb] => 
    [paged] => 0
    [meta_key] => 
    [meta_value] => 
    [preview] => 
    [s] => 
    [sentence] => 
    [title] => 
    [fields] => 
    [menu_order] => 
    [embed] => 
    [category__in] => Array
        (
        )

    [category__not_in] => Array
        (
        )

    [category__and] => Array
        (
        )

    [post__in] => Array
        (
        )

    [post__not_in] => Array
        (
        )

    [post_name__in] => Array
        (
        )

    [tag__in] => Array
        (
        )

    [tag__not_in] => Array
        (
        )

    [tag__and] => Array
        (
        )

    [tag_slug__in] => Array
        (
        )

    [tag_slug__and] => Array
        (
        )

    [post_parent__in] => Array
        (
        )

    [post_parent__not_in] => Array
        (
        )

    [author__in] => Array
        (
        )

    [author__not_in] => Array
        (
        )

    [search_columns] => Array
        (
        )

)

[2025-10-03 04:59:04] [455ef8d62eabf9365a34905e780ac22b] テンプレートリダイレクト直前の状態:
[2025-10-03 04:59:04] [455ef8d62eabf9365a34905e780ac22b] is_404: false
[2025-10-03 04:59:04] [455ef8d62eabf9365a34905e780ac22b] is_page: true
[2025-10-03 04:59:04] [455ef8d62eabf9365a34905e780ac22b] is_single: false
[2025-10-03 04:59:04] [455ef8d62eabf9365a34905e780ac22b] 現在のページID: 17468
[2025-10-03 04:59:04] [455ef8d62eabf9365a34905e780ac22b] 現在のページタイプ: page
[2025-10-03 04:59:04] [455ef8d62eabf9365a34905e780ac22b] 現在のページスラグ: contact
[2025-10-03 04:59:04] [455ef8d62eabf9365a34905e780ac22b] クエリ変数: Array
(
    [page] => 0
    [pagename] => contact
    [error] => 
    [m] => 
    [p] => 0
    [post_parent] => 
    [subpost] => 
    [subpost_id] => 
    [attachment] => 
    [attachment_id] => 0
    [name] => contact
    [page_id] => 0
    [second] => 
    [minute] => 
    [hour] => 
    [day] => 0
    [monthnum] => 0
    [year] => 0
    [w] => 0
    [category_name] => 
    [tag] => 
    [cat] => 
    [tag_id] => 
    [author] => 
    [author_name] => 
    [feed] => 
    [tb] => 
    [paged] => 0
    [meta_key] => 
    [meta_value] => 
    [preview] => 
    [s] => 
    [sentence] => 
    [title] => 
    [fields] => 
    [menu_order] => 
    [embed] => 
    [category__in] => Array
        (
        )

    [category__not_in] => Array
        (
        )

    [category__and] => Array
        (
        )

    [post__in] => Array
        (
        )

    [post__not_in] => Array
        (
        )

    [post_name__in] => Array
        (
        )

    [tag__in] => Array
        (
        )

    [tag__not_in] => Array
        (
        )

    [tag__and] => Array
        (
        )

    [tag_slug__in] => Array
        (
        )

    [tag_slug__and] => Array
        (
        )

    [post_parent__in] => Array
        (
        )

    [post_parent__not_in] => Array
        (
        )

    [author__in] => Array
        (
        )

    [author__not_in] => Array
        (
        )

    [search_columns] => Array
        (
        )

    [ignore_sticky_posts] => 
    [suppress_filters] => 
    [cache_results] => 1
    [update_post_term_cache] => 1
    [update_menu_item_cache] => 
    [lazy_load_term_meta] => 1
    [update_post_meta_cache] => 1
    [post_type] => 
    [posts_per_page] => 1
    [nopaging] => 
    [comments_per_page] => 50
    [no_found_rows] => 
    [order] => DESC
)

[2025-10-03 04:59:04] [455ef8d62eabf9365a34905e780ac22b] 現在のテンプレート: /var/www/html/wp-content/themes/landi_renewal/page-contact.php
[2025-10-03 04:59:04] [455ef8d62eabf9365a34905e780ac22b] 選択されたテンプレート: /var/www/html/wp-content/themes/landi_renewal/page-contact.php
[2025-10-03 04:59:04] [455ef8d62eabf9365a34905e780ac22b] お問い合わせページのクエリ変数:
[2025-10-03 04:59:04] [455ef8d62eabf9365a34905e780ac22b] Array
(
    [numberposts] => 5
    [category] => 0
    [orderby] => menu_order title
    [order] => ASC
    [include] => Array
        (
        )

    [exclude] => Array
        (
        )

    [meta_key] => 
    [meta_value] => 
    [post_type] => acf-field
    [suppress_filters] => 
    [posts_per_page] => 1
    [cache_results] => 1
    [update_post_meta_cache] => 
    [update_post_term_cache] => 
    [acf_field_key] => field_61fb7926e7403
    [post_status] => publish
    [ignore_sticky_posts] => 1
    [no_found_rows] => 1
    [error] => 
    [m] => 
    [p] => 0
    [post_parent] => 
    [subpost] => 
    [subpost_id] => 
    [attachment] => 
    [attachment_id] => 0
    [name] => 
    [pagename] => 
    [page_id] => 0
    [second] => 
    [minute] => 
    [hour] => 
    [day] => 0
    [monthnum] => 0
    [year] => 0
    [w] => 0
    [category_name] => 
    [tag] => 
    [cat] => 
    [tag_id] => 
    [author] => 
    [author_name] => 
    [feed] => 
    [tb] => 
    [paged] => 0
    [preview] => 
    [s] => 
    [sentence] => 
    [title] => 
    [fields] => 
    [menu_order] => 
    [embed] => 
    [category__in] => Array
        (
        )

    [category__not_in] => Array
        (
        )

    [category__and] => Array
        (
        )

    [post__in] => Array
        (
        )

    [post__not_in] => Array
        (
        )

    [post_name__in] => Array
        (
        )

    [tag__in] => Array
        (
        )

    [tag__not_in] => Array
        (
        )

    [tag__and] => Array
        (
        )

    [tag_slug__in] => Array
        (
        )

    [tag_slug__and] => Array
        (
        )

    [post_parent__in] => Array
        (
        )

    [post_parent__not_in] => Array
        (
        )

    [author__in] => Array
        (
        )

    [author__not_in] => Array
        (
        )

    [search_columns] => Array
        (
        )

)

[2025-10-03 04:59:04] [455ef8d62eabf9365a34905e780ac22b] お問い合わせページのクエリ変数:
[2025-10-03 04:59:04] [455ef8d62eabf9365a34905e780ac22b] Array
(
    [numberposts] => 5
    [category] => 0
    [orderby] => menu_order title
    [order] => ASC
    [include] => Array
        (
        )

    [exclude] => Array
        (
        )

    [meta_key] => 
    [meta_value] => 
    [post_type] => acf-field
    [suppress_filters] => 
    [posts_per_page] => 1
    [cache_results] => 1
    [update_post_meta_cache] => 
    [update_post_term_cache] => 
    [acf_field_key] => field_61fb796ce7404
    [post_status] => publish
    [ignore_sticky_posts] => 1
    [no_found_rows] => 1
    [error] => 
    [m] => 
    [p] => 0
    [post_parent] => 
    [subpost] => 
    [subpost_id] => 
    [attachment] => 
    [attachment_id] => 0
    [name] => 
    [pagename] => 
    [page_id] => 0
    [second] => 
    [minute] => 
    [hour] => 
    [day] => 0
    [monthnum] => 0
    [year] => 0
    [w] => 0
    [category_name] => 
    [tag] => 
    [cat] => 
    [tag_id] => 
    [author] => 
    [author_name] => 
    [feed] => 
    [tb] => 
    [paged] => 0
    [preview] => 
    [s] => 
    [sentence] => 
    [title] => 
    [fields] => 
    [menu_order] => 
    [embed] => 
    [category__in] => Array
        (
        )

    [category__not_in] => Array
        (
        )

    [category__and] => Array
        (
        )

    [post__in] => Array
        (
        )

    [post__not_in] => Array
        (
        )

    [post_name__in] => Array
        (
        )

    [tag__in] => Array
        (
        )

    [tag__not_in] => Array
        (
        )

    [tag__and] => Array
        (
        )

    [tag_slug__in] => Array
        (
        )

    [tag_slug__and] => Array
        (
        )

    [post_parent__in] => Array
        (
        )

    [post_parent__not_in] => Array
        (
        )

    [author__in] => Array
        (
        )

    [author__not_in] => Array
        (
        )

    [search_columns] => Array
        (
        )

)

[2025-10-03 04:59:04] [455ef8d62eabf9365a34905e780ac22b] お問い合わせページのクエリ変数:
[2025-10-03 04:59:04] [455ef8d62eabf9365a34905e780ac22b] Array
(
    [numberposts] => 5
    [category] => 0
    [orderby] => menu_order title
    [order] => ASC
    [include] => Array
        (
        )

    [exclude] => Array
        (
        )

    [meta_key] => 
    [meta_value] => 
    [post_type] => acf-field
    [suppress_filters] => 
    [posts_per_page] => 1
    [cache_results] => 1
    [update_post_meta_cache] => 
    [update_post_term_cache] => 
    [acf_field_key] => field_61fb7982e7405
    [post_status] => publish
    [ignore_sticky_posts] => 1
    [no_found_rows] => 1
    [error] => 
    [m] => 
    [p] => 0
    [post_parent] => 
    [subpost] => 
    [subpost_id] => 
    [attachment] => 
    [attachment_id] => 0
    [name] => 
    [pagename] => 
    [page_id] => 0
    [second] => 
    [minute] => 
    [hour] => 
    [day] => 0
    [monthnum] => 0
    [year] => 0
    [w] => 0
    [category_name] => 
    [tag] => 
    [cat] => 
    [tag_id] => 
    [author] => 
    [author_name] => 
    [feed] => 
    [tb] => 
    [paged] => 0
    [preview] => 
    [s] => 
    [sentence] => 
    [title] => 
    [fields] => 
    [menu_order] => 
    [embed] => 
    [category__in] => Array
        (
        )

    [category__not_in] => Array
        (
        )

    [category__and] => Array
        (
        )

    [post__in] => Array
        (
        )

    [post__not_in] => Array
        (
        )

    [post_name__in] => Array
        (
        )

    [tag__in] => Array
        (
        )

    [tag__not_in] => Array
        (
        )

    [tag__and] => Array
        (
        )

    [tag_slug__in] => Array
        (
        )

    [tag_slug__and] => Array
        (
        )

    [post_parent__in] => Array
        (
        )

    [post_parent__not_in] => Array
        (
        )

    [author__in] => Array
        (
        )

    [author__not_in] => Array
        (
        )

    [search_columns] => Array
        (
        )

)

[2025-10-03 04:59:04] [455ef8d62eabf9365a34905e780ac22b] お問い合わせページのクエリ変数:
[2025-10-03 04:59:04] [455ef8d62eabf9365a34905e780ac22b] Array
(
    [numberposts] => 5
    [category] => 0
    [orderby] => menu_order title
    [order] => ASC
    [include] => Array
        (
        )

    [exclude] => Array
        (
        )

    [meta_key] => 
    [meta_value] => 
    [post_type] => acf-field
    [suppress_filters] => 
    [posts_per_page] => 1
    [cache_results] => 1
    [update_post_meta_cache] => 
    [update_post_term_cache] => 
    [acf_field_key] => field_61fb7a915504b
    [post_status] => publish
    [ignore_sticky_posts] => 1
    [no_found_rows] => 1
    [error] => 
    [m] => 
    [p] => 0
    [post_parent] => 
    [subpost] => 
    [subpost_id] => 
    [attachment] => 
    [attachment_id] => 0
    [name] => 
    [pagename] => 
    [page_id] => 0
    [second] => 
    [minute] => 
    [hour] => 
    [day] => 0
    [monthnum] => 0
    [year] => 0
    [w] => 0
    [category_name] => 
    [tag] => 
    [cat] => 
    [tag_id] => 
    [author] => 
    [author_name] => 
    [feed] => 
    [tb] => 
    [paged] => 0
    [preview] => 
    [s] => 
    [sentence] => 
    [title] => 
    [fields] => 
    [menu_order] => 
    [embed] => 
    [category__in] => Array
        (
        )

    [category__not_in] => Array
        (
        )

    [category__and] => Array
        (
        )

    [post__in] => Array
        (
        )

    [post__not_in] => Array
        (
        )

    [post_name__in] => Array
        (
        )

    [tag__in] => Array
        (
        )

    [tag__not_in] => Array
        (
        )

    [tag__and] => Array
        (
        )

    [tag_slug__in] => Array
        (
        )

    [tag_slug__and] => Array
        (
        )

    [post_parent__in] => Array
        (
        )

    [post_parent__not_in] => Array
        (
        )

    [author__in] => Array
        (
        )

    [author__not_in] => Array
        (
        )

    [search_columns] => Array
        (
        )

)

[2025-10-03 04:59:04] [455ef8d62eabf9365a34905e780ac22b] お問い合わせページのクエリ変数:
[2025-10-03 04:59:04] [455ef8d62eabf9365a34905e780ac22b] Array
(
    [numberposts] => 5
    [category] => 0
    [orderby] => menu_order title
    [order] => ASC
    [include] => Array
        (
        )

    [exclude] => Array
        (
        )

    [meta_key] => 
    [meta_value] => 
    [post_type] => acf-field
    [suppress_filters] => 
    [posts_per_page] => 1
    [cache_results] => 1
    [update_post_meta_cache] => 
    [update_post_term_cache] => 
    [acf_field_key] => field_62e9e0c758e1c
    [post_status] => publish
    [ignore_sticky_posts] => 1
    [no_found_rows] => 1
    [error] => 
    [m] => 
    [p] => 0
    [post_parent] => 
    [subpost] => 
    [subpost_id] => 
    [attachment] => 
    [attachment_id] => 0
    [name] => 
    [pagename] => 
    [page_id] => 0
    [second] => 
    [minute] => 
    [hour] => 
    [day] => 0
    [monthnum] => 0
    [year] => 0
    [w] => 0
    [category_name] => 
    [tag] => 
    [cat] => 
    [tag_id] => 
    [author] => 
    [author_name] => 
    [feed] => 
    [tb] => 
    [paged] => 0
    [preview] => 
    [s] => 
    [sentence] => 
    [title] => 
    [fields] => 
    [menu_order] => 
    [embed] => 
    [category__in] => Array
        (
        )

    [category__not_in] => Array
        (
        )

    [category__and] => Array
        (
        )

    [post__in] => Array
        (
        )

    [post__not_in] => Array
        (
        )

    [post_name__in] => Array
        (
        )

    [tag__in] => Array
        (
        )

    [tag__not_in] => Array
        (
        )

    [tag__and] => Array
        (
        )

    [tag_slug__in] => Array
        (
        )

    [tag_slug__and] => Array
        (
        )

    [post_parent__in] => Array
        (
        )

    [post_parent__not_in] => Array
        (
        )

    [author__in] => Array
        (
        )

    [author__not_in] => Array
        (
        )

    [search_columns] => Array
        (
        )

)

[2025-10-03 04:59:04] [455ef8d62eabf9365a34905e780ac22b] お問い合わせページのクエリ変数:
[2025-10-03 04:59:04] [455ef8d62eabf9365a34905e780ac22b] Array
(
    [numberposts] => 5
    [category] => 0
    [orderby] => menu_order title
    [order] => ASC
    [include] => Array
        (
        )

    [exclude] => Array
        (
        )

    [meta_key] => 
    [meta_value] => 
    [post_type] => acf-field
    [suppress_filters] => 
    [posts_per_page] => 1
    [cache_results] => 1
    [update_post_meta_cache] => 
    [update_post_term_cache] => 
    [acf_field_key] => field_62e9e0ad58e1b
    [post_status] => publish
    [ignore_sticky_posts] => 1
    [no_found_rows] => 1
    [error] => 
    [m] => 
    [p] => 0
    [post_parent] => 
    [subpost] => 
    [subpost_id] => 
    [attachment] => 
    [attachment_id] => 0
    [name] => 
    [pagename] => 
    [page_id] => 0
    [second] => 
    [minute] => 
    [hour] => 
    [day] => 0
    [monthnum] => 0
    [year] => 0
    [w] => 0
    [category_name] => 
    [tag] => 
    [cat] => 
    [tag_id] => 
    [author] => 
    [author_name] => 
    [feed] => 
    [tb] => 
    [paged] => 0
    [preview] => 
    [s] => 
    [sentence] => 
    [title] => 
    [fields] => 
    [menu_order] => 
    [embed] => 
    [category__in] => Array
        (
        )

    [category__not_in] => Array
        (
        )

    [category__and] => Array
        (
        )

    [post__in] => Array
        (
        )

    [post__not_in] => Array
        (
        )

    [post_name__in] => Array
        (
        )

    [tag__in] => Array
        (
        )

    [tag__not_in] => Array
        (
        )

    [tag__and] => Array
        (
        )

    [tag_slug__in] => Array
        (
        )

    [tag_slug__and] => Array
        (
        )

    [post_parent__in] => Array
        (
        )

    [post_parent__not_in] => Array
        (
        )

    [author__in] => Array
        (
        )

    [author__not_in] => Array
        (
        )

    [search_columns] => Array
        (
        )

)

[2025-10-03 04:59:04] [455ef8d62eabf9365a34905e780ac22b] お問い合わせページのクエリ変数:
[2025-10-03 04:59:04] [455ef8d62eabf9365a34905e780ac22b] Array
(
    [numberposts] => 5
    [category] => 0
    [orderby] => menu_order title
    [order] => ASC
    [include] => Array
        (
        )

    [exclude] => Array
        (
        )

    [meta_key] => 
    [meta_value] => 
    [post_type] => acf-field
    [suppress_filters] => 
    [posts_per_page] => 1
    [cache_results] => 1
    [update_post_meta_cache] => 
    [update_post_term_cache] => 
    [acf_field_key] => field_62e9e0d058e1d
    [post_status] => publish
    [ignore_sticky_posts] => 1
    [no_found_rows] => 1
    [error] => 
    [m] => 
    [p] => 0
    [post_parent] => 
    [subpost] => 
    [subpost_id] => 
    [attachment] => 
    [attachment_id] => 0
    [name] => 
    [pagename] => 
    [page_id] => 0
    [second] => 
    [minute] => 
    [hour] => 
    [day] => 0
    [monthnum] => 0
    [year] => 0
    [w] => 0
    [category_name] => 
    [tag] => 
    [cat] => 
    [tag_id] => 
    [author] => 
    [author_name] => 
    [feed] => 
    [tb] => 
    [paged] => 0
    [preview] => 
    [s] => 
    [sentence] => 
    [title] => 
    [fields] => 
    [menu_order] => 
    [embed] => 
    [category__in] => Array
        (
        )

    [category__not_in] => Array
        (
        )

    [category__and] => Array
        (
        )

    [post__in] => Array
        (
        )

    [post__not_in] => Array
        (
        )

    [post_name__in] => Array
        (
        )

    [tag__in] => Array
        (
        )

    [tag__not_in] => Array
        (
        )

    [tag__and] => Array
        (
        )

    [tag_slug__in] => Array
        (
        )

    [tag_slug__and] => Array
        (
        )

    [post_parent__in] => Array
        (
        )

    [post_parent__not_in] => Array
        (
        )

    [author__in] => Array
        (
        )

    [author__not_in] => Array
        (
        )

    [search_columns] => Array
        (
        )

)

[2025-10-03 04:59:04] [455ef8d62eabf9365a34905e780ac22b] お問い合わせページのクエリ変数:
[2025-10-03 04:59:04] [455ef8d62eabf9365a34905e780ac22b] Array
(
    [numberposts] => 5
    [category] => 0
    [orderby] => menu_order title
    [order] => ASC
    [include] => Array
        (
        )

    [exclude] => Array
        (
        )

    [meta_key] => 
    [meta_value] => 
    [post_type] => acf-field
    [suppress_filters] => 
    [posts_per_page] => 1
    [cache_results] => 1
    [update_post_meta_cache] => 
    [update_post_term_cache] => 
    [acf_field_key] => field_62e9e0d858e1e
    [post_status] => publish
    [ignore_sticky_posts] => 1
    [no_found_rows] => 1
    [error] => 
    [m] => 
    [p] => 0
    [post_parent] => 
    [subpost] => 
    [subpost_id] => 
    [attachment] => 
    [attachment_id] => 0
    [name] => 
    [pagename] => 
    [page_id] => 0
    [second] => 
    [minute] => 
    [hour] => 
    [day] => 0
    [monthnum] => 0
    [year] => 0
    [w] => 0
    [category_name] => 
    [tag] => 
    [cat] => 
    [tag_id] => 
    [author] => 
    [author_name] => 
    [feed] => 
    [tb] => 
    [paged] => 0
    [preview] => 
    [s] => 
    [sentence] => 
    [title] => 
    [fields] => 
    [menu_order] => 
    [embed] => 
    [category__in] => Array
        (
        )

    [category__not_in] => Array
        (
        )

    [category__and] => Array
        (
        )

    [post__in] => Array
        (
        )

    [post__not_in] => Array
        (
        )

    [post_name__in] => Array
        (
        )

    [tag__in] => Array
        (
        )

    [tag__not_in] => Array
        (
        )

    [tag__and] => Array
        (
        )

    [tag_slug__in] => Array
        (
        )

    [tag_slug__and] => Array
        (
        )

    [post_parent__in] => Array
        (
        )

    [post_parent__not_in] => Array
        (
        )

    [author__in] => Array
        (
        )

    [author__not_in] => Array
        (
        )

    [search_columns] => Array
        (
        )

)

[2025-10-03 04:59:04] [455ef8d62eabf9365a34905e780ac22b] お問い合わせページのクエリ変数:
[2025-10-03 04:59:04] [455ef8d62eabf9365a34905e780ac22b] Array
(
    [numberposts] => 5
    [category] => 0
    [orderby] => menu_order title
    [order] => ASC
    [include] => Array
        (
        )

    [exclude] => Array
        (
        )

    [meta_key] => 
    [meta_value] => 
    [post_type] => acf-field
    [suppress_filters] => 
    [posts_per_page] => 1
    [cache_results] => 1
    [update_post_meta_cache] => 
    [update_post_term_cache] => 
    [acf_field_key] => field_62e9e11758e21
    [post_status] => publish
    [ignore_sticky_posts] => 1
    [no_found_rows] => 1
    [error] => 
    [m] => 
    [p] => 0
    [post_parent] => 
    [subpost] => 
    [subpost_id] => 
    [attachment] => 
    [attachment_id] => 0
    [name] => 
    [pagename] => 
    [page_id] => 0
    [second] => 
    [minute] => 
    [hour] => 
    [day] => 0
    [monthnum] => 0
    [year] => 0
    [w] => 0
    [category_name] => 
    [tag] => 
    [cat] => 
    [tag_id] => 
    [author] => 
    [author_name] => 
    [feed] => 
    [tb] => 
    [paged] => 0
    [preview] => 
    [s] => 
    [sentence] => 
    [title] => 
    [fields] => 
    [menu_order] => 
    [embed] => 
    [category__in] => Array
        (
        )

    [category__not_in] => Array
        (
        )

    [category__and] => Array
        (
        )

    [post__in] => Array
        (
        )

    [post__not_in] => Array
        (
        )

    [post_name__in] => Array
        (
        )

    [tag__in] => Array
        (
        )

    [tag__not_in] => Array
        (
        )

    [tag__and] => Array
        (
        )

    [tag_slug__in] => Array
        (
        )

    [tag_slug__and] => Array
        (
        )

    [post_parent__in] => Array
        (
        )

    [post_parent__not_in] => Array
        (
        )

    [author__in] => Array
        (
        )

    [author__not_in] => Array
        (
        )

    [search_columns] => Array
        (
        )

)

[2025-10-03 04:59:04] [455ef8d62eabf9365a34905e780ac22b] お問い合わせページのクエリ変数:
[2025-10-03 04:59:04] [455ef8d62eabf9365a34905e780ac22b] Array
(
    [numberposts] => 5
    [category] => 0
    [orderby] => menu_order title
    [order] => ASC
    [include] => Array
        (
        )

    [exclude] => Array
        (
        )

    [meta_key] => 
    [meta_value] => 
    [post_type] => acf-field
    [suppress_filters] => 
    [posts_per_page] => 1
    [cache_results] => 1
    [update_post_meta_cache] => 
    [update_post_term_cache] => 
    [acf_field_key] => field_62e9e10458e20
    [post_status] => publish
    [ignore_sticky_posts] => 1
    [no_found_rows] => 1
    [error] => 
    [m] => 
    [p] => 0
    [post_parent] => 
    [subpost] => 
    [subpost_id] => 
    [attachment] => 
    [attachment_id] => 0
    [name] => 
    [pagename] => 
    [page_id] => 0
    [second] => 
    [minute] => 
    [hour] => 
    [day] => 0
    [monthnum] => 0
    [year] => 0
    [w] => 0
    [category_name] => 
    [tag] => 
    [cat] => 
    [tag_id] => 
    [author] => 
    [author_name] => 
    [feed] => 
    [tb] => 
    [paged] => 0
    [preview] => 
    [s] => 
    [sentence] => 
    [title] => 
    [fields] => 
    [menu_order] => 
    [embed] => 
    [category__in] => Array
        (
        )

    [category__not_in] => Array
        (
        )

    [category__and] => Array
        (
        )

    [post__in] => Array
        (
        )

    [post__not_in] => Array
        (
        )

    [post_name__in] => Array
        (
        )

    [tag__in] => Array
        (
        )

    [tag__not_in] => Array
        (
        )

    [tag__and] => Array
        (
        )

    [tag_slug__in] => Array
        (
        )

    [tag_slug__and] => Array
        (
        )

    [post_parent__in] => Array
        (
        )

    [post_parent__not_in] => Array
        (
        )

    [author__in] => Array
        (
        )

    [author__not_in] => Array
        (
        )

    [search_columns] => Array
        (
        )

)

[2025-10-03 04:59:04] [455ef8d62eabf9365a34905e780ac22b] お問い合わせページのクエリ変数:
[2025-10-03 04:59:04] [455ef8d62eabf9365a34905e780ac22b] Array
(
    [numberposts] => 5
    [category] => 0
    [orderby] => menu_order title
    [order] => ASC
    [include] => Array
        (
        )

    [exclude] => Array
        (
        )

    [meta_key] => 
    [meta_value] => 
    [post_type] => acf-field
    [suppress_filters] => 
    [posts_per_page] => 1
    [cache_results] => 1
    [update_post_meta_cache] => 
    [update_post_term_cache] => 
    [acf_field_key] => field_62e9e12158e22
    [post_status] => publish
    [ignore_sticky_posts] => 1
    [no_found_rows] => 1
    [error] => 
    [m] => 
    [p] => 0
    [post_parent] => 
    [subpost] => 
    [subpost_id] => 
    [attachment] => 
    [attachment_id] => 0
    [name] => 
    [pagename] => 
    [page_id] => 0
    [second] => 
    [minute] => 
    [hour] => 
    [day] => 0
    [monthnum] => 0
    [year] => 0
    [w] => 0
    [category_name] => 
    [tag] => 
    [cat] => 
    [tag_id] => 
    [author] => 
    [author_name] => 
    [feed] => 
    [tb] => 
    [paged] => 0
    [preview] => 
    [s] => 
    [sentence] => 
    [title] => 
    [fields] => 
    [menu_order] => 
    [embed] => 
    [category__in] => Array
        (
        )

    [category__not_in] => Array
        (
        )

    [category__and] => Array
        (
        )

    [post__in] => Array
        (
        )

    [post__not_in] => Array
        (
        )

    [post_name__in] => Array
        (
        )

    [tag__in] => Array
        (
        )

    [tag__not_in] => Array
        (
        )

    [tag__and] => Array
        (
        )

    [tag_slug__in] => Array
        (
        )

    [tag_slug__and] => Array
        (
        )

    [post_parent__in] => Array
        (
        )

    [post_parent__not_in] => Array
        (
        )

    [author__in] => Array
        (
        )

    [author__not_in] => Array
        (
        )

    [search_columns] => Array
        (
        )

)

[2025-10-03 04:59:04] [455ef8d62eabf9365a34905e780ac22b] お問い合わせページのクエリ変数:
[2025-10-03 04:59:04] [455ef8d62eabf9365a34905e780ac22b] Array
(
    [numberposts] => 5
    [category] => 0
    [orderby] => menu_order title
    [order] => ASC
    [include] => Array
        (
        )

    [exclude] => Array
        (
        )

    [meta_key] => 
    [meta_value] => 
    [post_type] => acf-field
    [suppress_filters] => 
    [posts_per_page] => 1
    [cache_results] => 1
    [update_post_meta_cache] => 
    [update_post_term_cache] => 
    [acf_field_key] => field_62e9e12c58e23
    [post_status] => publish
    [ignore_sticky_posts] => 1
    [no_found_rows] => 1
    [error] => 
    [m] => 
    [p] => 0
    [post_parent] => 
    [subpost] => 
    [subpost_id] => 
    [attachment] => 
    [attachment_id] => 0
    [name] => 
    [pagename] => 
    [page_id] => 0
    [second] => 
    [minute] => 
    [hour] => 
    [day] => 0
    [monthnum] => 0
    [year] => 0
    [w] => 0
    [category_name] => 
    [tag] => 
    [cat] => 
    [tag_id] => 
    [author] => 
    [author_name] => 
    [feed] => 
    [tb] => 
    [paged] => 0
    [preview] => 
    [s] => 
    [sentence] => 
    [title] => 
    [fields] => 
    [menu_order] => 
    [embed] => 
    [category__in] => Array
        (
        )

    [category__not_in] => Array
        (
        )

    [category__and] => Array
        (
        )

    [post__in] => Array
        (
        )

    [post__not_in] => Array
        (
        )

    [post_name__in] => Array
        (
        )

    [tag__in] => Array
        (
        )

    [tag__not_in] => Array
        (
        )

    [tag__and] => Array
        (
        )

    [tag_slug__in] => Array
        (
        )

    [tag_slug__and] => Array
        (
        )

    [post_parent__in] => Array
        (
        )

    [post_parent__not_in] => Array
        (
        )

    [author__in] => Array
        (
        )

    [author__not_in] => Array
        (
        )

    [search_columns] => Array
        (
        )

)

[2025-10-03 04:59:06] [455ef8d62eabf9365a34905e780ac22b] 選択されたテンプレート: /var/www/html/wp-content/themes/landi_renewal/page.php
[2025-10-03 04:59:11] [455ef8d62eabf9365a34905e780ac22b] 選択されたテンプレート: /var/www/html/wp-content/themes/landi_renewal/archive-news.php
[2025-10-03 04:59:13] [455ef8d62eabf9365a34905e780ac22b] 選択されたテンプレート: /var/www/html/wp-content/themes/landi_renewal/archive.php
[2025-10-03 04:59:23] [455ef8d62eabf9365a34905e780ac22b] 選択されたテンプレート: /var/www/html/wp-content/themes/landi_renewal/page-comapany.php
[2025-10-03 04:59:28] [455ef8d62eabf9365a34905e780ac22b] 選択されたテンプレート: /var/www/html/wp-content/themes/landi_renewal/page.php
[2025-10-03 05:00:12] [no-session] === POST リクエスト詳細 ===
[2025-10-03 05:00:12] [no-session] SERVER変数:
[2025-10-03 05:00:12] [no-session] REQUEST_URI: /wp-admin/admin-ajax.php
[2025-10-03 05:00:12] [no-session] HTTP_REFERER: http://localhost:3000/wp-admin/edit.php?post_type=page
[2025-10-03 05:00:12] [no-session] CONTENT_TYPE: application/x-www-form-urlencoded; charset=UTF-8
[2025-10-03 05:00:12] [no-session] CONTENT_LENGTH: 1036
[2025-10-03 05:00:12] [no-session] POST[data]: Array
(
    [wp-check-locked-posts] => Array
        (
            [0] => post-9589
            [1] => post-589
            [2] => post-591
            [3] => post-593
            [4] => post-17468
            [5] => post-9665
            [6] => post-9758
            [7] => post-9255
            [8] => post-17505
            [9] => post-7935
            [10] => post-50
            [11] => post-418
            [12] => post-17465
            [13] => post-20
            [14] => post-4614
            [15] => post-4615
            [16] => post-4613
            [17] => post-9790
            [18] => post-9794
            [19] => post-9754
        )

)

[2025-10-03 05:00:12] [no-session] POST[interval]: 10
[2025-10-03 05:00:12] [no-session] POST[_nonce]: b0bb5c06a9
[2025-10-03 05:00:12] [no-session] POST[action]: heartbeat
[2025-10-03 05:00:12] [no-session] POST[screen_id]: edit-page
[2025-10-03 05:00:12] [no-session] POST[has_focus]: true
[2025-10-03 05:00:23] [no-session] === POST リクエスト詳細 ===
[2025-10-03 05:00:23] [no-session] SERVER変数:
[2025-10-03 05:00:23] [no-session] REQUEST_URI: /wp-admin/admin-ajax.php
[2025-10-03 05:00:23] [no-session] HTTP_REFERER: http://localhost:3000/wp-admin/edit.php?post_type=page
[2025-10-03 05:00:23] [no-session] CONTENT_TYPE: application/x-www-form-urlencoded; charset=UTF-8
[2025-10-03 05:00:23] [no-session] CONTENT_LENGTH: 1037
[2025-10-03 05:00:23] [no-session] POST[data]: Array
(
    [wp-check-locked-posts] => Array
        (
            [0] => post-9589
            [1] => post-589
            [2] => post-591
            [3] => post-593
            [4] => post-17468
            [5] => post-9665
            [6] => post-9758
            [7] => post-9255
            [8] => post-17505
            [9] => post-7935
            [10] => post-50
            [11] => post-418
            [12] => post-17465
            [13] => post-20
            [14] => post-4614
            [15] => post-4615
            [16] => post-4613
            [17] => post-9790
            [18] => post-9794
            [19] => post-9754
        )

)

[2025-10-03 05:00:23] [no-session] POST[interval]: 10
[2025-10-03 05:00:23] [no-session] POST[_nonce]: b0bb5c06a9
[2025-10-03 05:00:23] [no-session] POST[action]: heartbeat
[2025-10-03 05:00:23] [no-session] POST[screen_id]: edit-page
[2025-10-03 05:00:23] [no-session] POST[has_focus]: false
[2025-10-03 05:00:34] [no-session] === POST リクエスト詳細 ===
[2025-10-03 05:00:34] [no-session] SERVER変数:
[2025-10-03 05:00:34] [no-session] REQUEST_URI: /wp-admin/admin-ajax.php
[2025-10-03 05:00:34] [no-session] HTTP_REFERER: http://localhost:3000/wp-admin/edit.php?post_type=page
[2025-10-03 05:00:34] [no-session] CONTENT_TYPE: application/x-www-form-urlencoded; charset=UTF-8
[2025-10-03 05:00:34] [no-session] CONTENT_LENGTH: 1036
[2025-10-03 05:00:34] [no-session] POST[data]: Array
(
    [wp-check-locked-posts] => Array
        (
            [0] => post-9589
            [1] => post-589
            [2] => post-591
            [3] => post-593
            [4] => post-17468
            [5] => post-9665
            [6] => post-9758
            [7] => post-9255
            [8] => post-17505
            [9] => post-7935
            [10] => post-50
            [11] => post-418
            [12] => post-17465
            [13] => post-20
            [14] => post-4614
            [15] => post-4615
            [16] => post-4613
            [17] => post-9790
            [18] => post-9794
            [19] => post-9754
        )

)

[2025-10-03 05:00:34] [no-session] POST[interval]: 10
[2025-10-03 05:00:34] [no-session] POST[_nonce]: b0bb5c06a9
[2025-10-03 05:00:34] [no-session] POST[action]: heartbeat
[2025-10-03 05:00:34] [no-session] POST[screen_id]: edit-page
[2025-10-03 05:00:34] [no-session] POST[has_focus]: true
[2025-10-03 05:00:44] [no-session] === POST リクエスト詳細 ===
[2025-10-03 05:00:44] [no-session] SERVER変数:
[2025-10-03 05:00:44] [no-session] REQUEST_URI: /wp-admin/admin-ajax.php
[2025-10-03 05:00:44] [no-session] HTTP_REFERER: http://localhost:3000/wp-admin/edit.php?post_type=page
[2025-10-03 05:00:44] [no-session] CONTENT_TYPE: application/x-www-form-urlencoded; charset=UTF-8
[2025-10-03 05:00:44] [no-session] CONTENT_LENGTH: 1037
[2025-10-03 05:00:44] [no-session] POST[data]: Array
(
    [wp-check-locked-posts] => Array
        (
            [0] => post-9589
            [1] => post-589
            [2] => post-591
            [3] => post-593
            [4] => post-17468
            [5] => post-9665
            [6] => post-9758
            [7] => post-9255
            [8] => post-17505
            [9] => post-7935
            [10] => post-50
            [11] => post-418
            [12] => post-17465
            [13] => post-20
            [14] => post-4614
            [15] => post-4615
            [16] => post-4613
            [17] => post-9790
            [18] => post-9794
            [19] => post-9754
        )

)

[2025-10-03 05:00:44] [no-session] POST[interval]: 10
[2025-10-03 05:00:44] [no-session] POST[_nonce]: b0bb5c06a9
[2025-10-03 05:00:44] [no-session] POST[action]: heartbeat
[2025-10-03 05:00:44] [no-session] POST[screen_id]: edit-page
[2025-10-03 05:00:44] [no-session] POST[has_focus]: false
[2025-10-03 05:02:45] [no-session] === POST リクエスト詳細 ===
[2025-10-03 05:02:45] [no-session] SERVER変数:
[2025-10-03 05:02:45] [no-session] REQUEST_URI: /wp-admin/admin-ajax.php
[2025-10-03 05:02:45] [no-session] HTTP_REFERER: http://localhost:3000/wp-admin/edit.php?post_type=page
[2025-10-03 05:02:45] [no-session] CONTENT_TYPE: application/x-www-form-urlencoded; charset=UTF-8
[2025-10-03 05:02:45] [no-session] CONTENT_LENGTH: 1037
[2025-10-03 05:02:45] [no-session] POST[data]: Array
(
    [wp-check-locked-posts] => Array
        (
            [0] => post-9589
            [1] => post-589
            [2] => post-591
            [3] => post-593
            [4] => post-17468
            [5] => post-9665
            [6] => post-9758
            [7] => post-9255
            [8] => post-17505
            [9] => post-7935
            [10] => post-50
            [11] => post-418
            [12] => post-17465
            [13] => post-20
            [14] => post-4614
            [15] => post-4615
            [16] => post-4613
            [17] => post-9790
            [18] => post-9794
            [19] => post-9754
        )

)

[2025-10-03 05:02:45] [no-session] POST[interval]: 10
[2025-10-03 05:02:45] [no-session] POST[_nonce]: b0bb5c06a9
[2025-10-03 05:02:45] [no-session] POST[action]: heartbeat
[2025-10-03 05:02:45] [no-session] POST[screen_id]: edit-page
[2025-10-03 05:02:45] [no-session] POST[has_focus]: false
[2025-10-03 05:04:46] [no-session] === POST リクエスト詳細 ===
[2025-10-03 05:04:46] [no-session] SERVER変数:
[2025-10-03 05:04:46] [no-session] REQUEST_URI: /wp-admin/admin-ajax.php
[2025-10-03 05:04:46] [no-session] HTTP_REFERER: http://localhost:3000/wp-admin/edit.php?post_type=page
[2025-10-03 05:04:46] [no-session] CONTENT_TYPE: application/x-www-form-urlencoded; charset=UTF-8
[2025-10-03 05:04:46] [no-session] CONTENT_LENGTH: 1037
[2025-10-03 05:04:46] [no-session] POST[data]: Array
(
    [wp-check-locked-posts] => Array
        (
            [0] => post-9589
            [1] => post-589
            [2] => post-591
            [3] => post-593
            [4] => post-17468
            [5] => post-9665
            [6] => post-9758
            [7] => post-9255
            [8] => post-17505
            [9] => post-7935
            [10] => post-50
            [11] => post-418
            [12] => post-17465
            [13] => post-20
            [14] => post-4614
            [15] => post-4615
            [16] => post-4613
            [17] => post-9790
            [18] => post-9794
            [19] => post-9754
        )

)

[2025-10-03 05:04:46] [no-session] POST[interval]: 10
[2025-10-03 05:04:46] [no-session] POST[_nonce]: b0bb5c06a9
[2025-10-03 05:04:46] [no-session] POST[action]: heartbeat
[2025-10-03 05:04:46] [no-session] POST[screen_id]: edit-page
[2025-10-03 05:04:46] [no-session] POST[has_focus]: false
[2025-10-03 05:06:47] [no-session] === POST リクエスト詳細 ===
[2025-10-03 05:06:47] [no-session] SERVER変数:
[2025-10-03 05:06:47] [no-session] REQUEST_URI: /wp-admin/admin-ajax.php
[2025-10-03 05:06:47] [no-session] HTTP_REFERER: http://localhost:3000/wp-admin/edit.php?post_type=page
[2025-10-03 05:06:47] [no-session] CONTENT_TYPE: application/x-www-form-urlencoded; charset=UTF-8
[2025-10-03 05:06:47] [no-session] CONTENT_LENGTH: 1037
[2025-10-03 05:06:47] [no-session] POST[data]: Array
(
    [wp-check-locked-posts] => Array
        (
            [0] => post-9589
            [1] => post-589
            [2] => post-591
            [3] => post-593
            [4] => post-17468
            [5] => post-9665
            [6] => post-9758
            [7] => post-9255
            [8] => post-17505
            [9] => post-7935
            [10] => post-50
            [11] => post-418
            [12] => post-17465
            [13] => post-20
            [14] => post-4614
            [15] => post-4615
            [16] => post-4613
            [17] => post-9790
            [18] => post-9794
            [19] => post-9754
        )

)

[2025-10-03 05:06:47] [no-session] POST[interval]: 10
[2025-10-03 05:06:47] [no-session] POST[_nonce]: b0bb5c06a9
[2025-10-03 05:06:47] [no-session] POST[action]: heartbeat
[2025-10-03 05:06:47] [no-session] POST[screen_id]: edit-page
[2025-10-03 05:06:47] [no-session] POST[has_focus]: false
[2025-10-03 05:08:48] [no-session] === POST リクエスト詳細 ===
[2025-10-03 05:08:48] [no-session] SERVER変数:
[2025-10-03 05:08:48] [no-session] REQUEST_URI: /wp-admin/admin-ajax.php
[2025-10-03 05:08:48] [no-session] HTTP_REFERER: http://localhost:3000/wp-admin/edit.php?post_type=page
[2025-10-03 05:08:48] [no-session] CONTENT_TYPE: application/x-www-form-urlencoded; charset=UTF-8
[2025-10-03 05:08:48] [no-session] CONTENT_LENGTH: 1037
[2025-10-03 05:08:48] [no-session] POST[data]: Array
(
    [wp-check-locked-posts] => Array
        (
            [0] => post-9589
            [1] => post-589
            [2] => post-591
            [3] => post-593
            [4] => post-17468
            [5] => post-9665
            [6] => post-9758
            [7] => post-9255
            [8] => post-17505
            [9] => post-7935
            [10] => post-50
            [11] => post-418
            [12] => post-17465
            [13] => post-20
            [14] => post-4614
            [15] => post-4615
            [16] => post-4613
            [17] => post-9790
            [18] => post-9794
            [19] => post-9754
        )

)

[2025-10-03 05:08:48] [no-session] POST[interval]: 10
[2025-10-03 05:08:48] [no-session] POST[_nonce]: b0bb5c06a9
[2025-10-03 05:08:48] [no-session] POST[action]: heartbeat
[2025-10-03 05:08:48] [no-session] POST[screen_id]: edit-page
[2025-10-03 05:08:48] [no-session] POST[has_focus]: false
[2025-10-03 05:25:55] [no-session] === POST リクエスト詳細 ===
[2025-10-03 05:25:55] [no-session] SERVER変数:
[2025-10-03 05:25:55] [no-session] REQUEST_URI: /wp-admin/admin-ajax.php
[2025-10-03 05:25:55] [no-session] HTTP_REFERER: http://localhost:3000/wp-admin/edit.php?post_type=page
[2025-10-03 05:25:55] [no-session] CONTENT_TYPE: application/x-www-form-urlencoded; charset=UTF-8
[2025-10-03 05:25:55] [no-session] CONTENT_LENGTH: 1036
[2025-10-03 05:25:55] [no-session] POST[data]: Array
(
    [wp-check-locked-posts] => Array
        (
            [0] => post-9589
            [1] => post-589
            [2] => post-591
            [3] => post-593
            [4] => post-17468
            [5] => post-9665
            [6] => post-9758
            [7] => post-9255
            [8] => post-17505
            [9] => post-7935
            [10] => post-50
            [11] => post-418
            [12] => post-17465
            [13] => post-20
            [14] => post-4614
            [15] => post-4615
            [16] => post-4613
            [17] => post-9790
            [18] => post-9794
            [19] => post-9754
        )

)

[2025-10-03 05:25:55] [no-session] POST[interval]: 10
[2025-10-03 05:25:55] [no-session] POST[_nonce]: b0bb5c06a9
[2025-10-03 05:25:55] [no-session] POST[action]: heartbeat
[2025-10-03 05:25:55] [no-session] POST[screen_id]: edit-page
[2025-10-03 05:25:55] [no-session] POST[has_focus]: true
[2025-10-03 05:26:10] [455ef8d62eabf9365a34905e780ac22b] 選択されたテンプレート: /var/www/html/wp-content/themes/landi_renewal/front-page.php
[2025-10-03 05:26:10] [455ef8d62eabf9365a34905e780ac22b] 404エラー検出: /assets/images/top/fv.webp
[2025-10-03 05:26:10] [455ef8d62eabf9365a34905e780ac22b] 選択されたテンプレート: /var/www/html/wp-content/themes/landi_renewal/404.php
[2025-10-03 05:26:10] [455ef8d62eabf9365a34905e780ac22b] 選択されたテンプレート: /var/www/html/wp-content/themes/landi_renewal/front-page.php
[2025-10-03 05:26:19] [455ef8d62eabf9365a34905e780ac22b] 選択されたテンプレート: /var/www/html/wp-content/themes/landi_renewal/page.php
[2025-10-03 05:27:52] [455ef8d62eabf9365a34905e780ac22b] 選択されたテンプレート: /var/www/html/wp-content/themes/landi_renewal/archive.php
[2025-10-03 05:27:54] [455ef8d62eabf9365a34905e780ac22b] 選択されたテンプレート: /var/www/html/wp-content/themes/landi_renewal/page.php
[2025-10-03 05:28:59] [455ef8d62eabf9365a34905e780ac22b] 選択されたテンプレート: /var/www/html/wp-content/themes/landi_renewal/archive.php
