[2025-10-19 23:29:17] [1a535cdc6a4df2b36968f6b4a2d25abe] 選択されたテンプレート: /var/www/html/wp-content/themes/landi_renewal/front-page.php
[2025-10-19 23:29:17] [1a535cdc6a4df2b36968f6b4a2d25abe] 404エラー検出: /wp-content/themes/landi_renewal/src/renewal/js/main.js?v=2025100901
[2025-10-19 23:29:17] [1a535cdc6a4df2b36968f6b4a2d25abe] 選択されたテンプレート: /var/www/html/wp-content/themes/landi_renewal/404.php
[2025-10-19 23:29:18] [1a535cdc6a4df2b36968f6b4a2d25abe] 選択されたテンプレート: /var/www/html/wp-content/themes/landi_renewal/front-page.php
[2025-10-19 23:29:18] [1a535cdc6a4df2b36968f6b4a2d25abe] 404エラー検出: /assets/images/top/fv.webp
[2025-10-19 23:29:18] [1a535cdc6a4df2b36968f6b4a2d25abe] 選択されたテンプレート: /var/www/html/wp-content/themes/landi_renewal/404.php
[2025-10-19 23:29:18] [1a535cdc6a4df2b36968f6b4a2d25abe] 選択されたテンプレート: /var/www/html/wp-content/themes/landi_renewal/front-page.php
[2025-10-19 23:29:22] [1a535cdc6a4df2b36968f6b4a2d25abe] 選択されたテンプレート: /var/www/html/wp-content/themes/landi_renewal/front-page.php
[2025-10-19 23:29:22] [1a535cdc6a4df2b36968f6b4a2d25abe] 404エラー検出: /assets/images/top/fv.webp
[2025-10-19 23:29:22] [1a535cdc6a4df2b36968f6b4a2d25abe] 選択されたテンプレート: /var/www/html/wp-content/themes/landi_renewal/404.php
[2025-10-19 23:29:22] [1a535cdc6a4df2b36968f6b4a2d25abe] 選択されたテンプレート: /var/www/html/wp-content/themes/landi_renewal/front-page.php
[2025-10-19 23:42:46] [1a535cdc6a4df2b36968f6b4a2d25abe] 404エラー検出: /wp-content/themes/landi_renewal/src/css/layout.css.map
[2025-10-19 23:42:46] [1a535cdc6a4df2b36968f6b4a2d25abe] 選択されたテンプレート: /var/www/html/wp-content/themes/landi_renewal/404.php
[2025-10-19 23:42:46] [1a535cdc6a4df2b36968f6b4a2d25abe] 404エラー検出: /wp-content/themes/landi_renewal/src/css/style.css.map
[2025-10-19 23:42:46] [1a535cdc6a4df2b36968f6b4a2d25abe] 選択されたテンプレート: /var/www/html/wp-content/themes/landi_renewal/404.php
[2025-10-19 23:42:46] [1a535cdc6a4df2b36968f6b4a2d25abe] 404エラー検出: /.well-known/appspecific/com.chrome.devtools.json
[2025-10-19 23:42:46] [1a535cdc6a4df2b36968f6b4a2d25abe] 選択されたテンプレート: /var/www/html/wp-content/themes/landi_renewal/404.php
[2025-10-19 23:42:46] [1a535cdc6a4df2b36968f6b4a2d25abe] 404エラー検出: /wp-content/themes/landi_renewal/src/css/style-corp.css.map
[2025-10-19 23:42:46] [1a535cdc6a4df2b36968f6b4a2d25abe] 選択されたテンプレート: /var/www/html/wp-content/themes/landi_renewal/404.php
[2025-10-19 23:42:46] [1a535cdc6a4df2b36968f6b4a2d25abe] 選択されたテンプレート: /var/www/html/wp-content/themes/landi_renewal/front-page.php
[2025-10-19 23:42:46] [1a535cdc6a4df2b36968f6b4a2d25abe] 選択されたテンプレート: /var/www/html/wp-content/themes/landi_renewal/front-page.php
[2025-10-19 23:42:46] [1a535cdc6a4df2b36968f6b4a2d25abe] 選択されたテンプレート: /var/www/html/wp-content/themes/landi_renewal/front-page.php
[2025-10-19 23:42:46] [1a535cdc6a4df2b36968f6b4a2d25abe] 選択されたテンプレート: /var/www/html/wp-content/themes/landi_renewal/front-page.php
[2025-10-19 23:43:11] [1a535cdc6a4df2b36968f6b4a2d25abe] 404エラー検出: /wp-content/themes/landi_renewal/src/css/layout.css.map
[2025-10-19 23:43:11] [1a535cdc6a4df2b36968f6b4a2d25abe] 選択されたテンプレート: /var/www/html/wp-content/themes/landi_renewal/404.php
[2025-10-19 23:43:11] [1a535cdc6a4df2b36968f6b4a2d25abe] 404エラー検出: /wp-content/themes/landi_renewal/src/css/style.css.map
[2025-10-19 23:43:11] [1a535cdc6a4df2b36968f6b4a2d25abe] 選択されたテンプレート: /var/www/html/wp-content/themes/landi_renewal/404.php
[2025-10-19 23:43:11] [1a535cdc6a4df2b36968f6b4a2d25abe] 選択されたテンプレート: /var/www/html/wp-content/themes/landi_renewal/front-page.php
[2025-10-19 23:43:11] [1a535cdc6a4df2b36968f6b4a2d25abe] 選択されたテンプレート: /var/www/html/wp-content/themes/landi_renewal/front-page.php
[2025-10-19 23:43:11] [1a535cdc6a4df2b36968f6b4a2d25abe] 404エラー検出: /wp-content/themes/landi_renewal/src/css/style-corp.css.map
[2025-10-19 23:43:11] [1a535cdc6a4df2b36968f6b4a2d25abe] 選択されたテンプレート: /var/www/html/wp-content/themes/landi_renewal/404.php
[2025-10-19 23:43:11] [1a535cdc6a4df2b36968f6b4a2d25abe] 選択されたテンプレート: /var/www/html/wp-content/themes/landi_renewal/front-page.php
[2025-10-19 23:43:14] [1a535cdc6a4df2b36968f6b4a2d25abe] 404エラー検出: /wp-content/themes/landi_renewal/src/css/layout.css.map
[2025-10-19 23:43:14] [1a535cdc6a4df2b36968f6b4a2d25abe] 選択されたテンプレート: /var/www/html/wp-content/themes/landi_renewal/404.php
[2025-10-19 23:43:14] [1a535cdc6a4df2b36968f6b4a2d25abe] 404エラー検出: /wp-content/themes/landi_renewal/src/css/style.css.map
[2025-10-19 23:43:14] [1a535cdc6a4df2b36968f6b4a2d25abe] 選択されたテンプレート: /var/www/html/wp-content/themes/landi_renewal/404.php
[2025-10-19 23:43:14] [1a535cdc6a4df2b36968f6b4a2d25abe] 404エラー検出: /wp-content/themes/landi_renewal/src/css/style-corp.css.map
[2025-10-19 23:43:14] [1a535cdc6a4df2b36968f6b4a2d25abe] 選択されたテンプレート: /var/www/html/wp-content/themes/landi_renewal/404.php
[2025-10-19 23:43:15] [1a535cdc6a4df2b36968f6b4a2d25abe] 選択されたテンプレート: /var/www/html/wp-content/themes/landi_renewal/front-page.php
[2025-10-19 23:43:15] [1a535cdc6a4df2b36968f6b4a2d25abe] 選択されたテンプレート: /var/www/html/wp-content/themes/landi_renewal/front-page.php
[2025-10-19 23:43:15] [1a535cdc6a4df2b36968f6b4a2d25abe] 選択されたテンプレート: /var/www/html/wp-content/themes/landi_renewal/front-page.php
[2025-10-19 23:43:25] [1a535cdc6a4df2b36968f6b4a2d25abe] 404エラー検出: /wp-content/themes/landi_renewal/src/css/layout.css.map
[2025-10-19 23:43:25] [1a535cdc6a4df2b36968f6b4a2d25abe] 選択されたテンプレート: /var/www/html/wp-content/themes/landi_renewal/404.php
[2025-10-19 23:43:25] [1a535cdc6a4df2b36968f6b4a2d25abe] 404エラー検出: /wp-content/themes/landi_renewal/src/css/style.css.map
[2025-10-19 23:43:25] [1a535cdc6a4df2b36968f6b4a2d25abe] 選択されたテンプレート: /var/www/html/wp-content/themes/landi_renewal/404.php
[2025-10-19 23:43:25] [1a535cdc6a4df2b36968f6b4a2d25abe] 404エラー検出: /wp-content/themes/landi_renewal/src/css/style-corp.css.map
[2025-10-19 23:43:25] [1a535cdc6a4df2b36968f6b4a2d25abe] 選択されたテンプレート: /var/www/html/wp-content/themes/landi_renewal/404.php
[2025-10-19 23:43:25] [1a535cdc6a4df2b36968f6b4a2d25abe] 選択されたテンプレート: /var/www/html/wp-content/themes/landi_renewal/front-page.php
[2025-10-19 23:43:25] [1a535cdc6a4df2b36968f6b4a2d25abe] 選択されたテンプレート: /var/www/html/wp-content/themes/landi_renewal/front-page.php
[2025-10-19 23:43:25] [1a535cdc6a4df2b36968f6b4a2d25abe] 選択されたテンプレート: /var/www/html/wp-content/themes/landi_renewal/front-page.php
[2025-10-19 23:43:36] [1a535cdc6a4df2b36968f6b4a2d25abe] 404エラー検出: /wp-content/themes/landi_renewal/src/css/layout.css.map
[2025-10-19 23:43:36] [1a535cdc6a4df2b36968f6b4a2d25abe] 選択されたテンプレート: /var/www/html/wp-content/themes/landi_renewal/404.php
[2025-10-19 23:43:36] [1a535cdc6a4df2b36968f6b4a2d25abe] 404エラー検出: /wp-content/themes/landi_renewal/src/css/style.css.map
[2025-10-19 23:43:36] [1a535cdc6a4df2b36968f6b4a2d25abe] 選択されたテンプレート: /var/www/html/wp-content/themes/landi_renewal/404.php
[2025-10-19 23:43:36] [1a535cdc6a4df2b36968f6b4a2d25abe] 404エラー検出: /wp-content/themes/landi_renewal/src/css/style-corp.css.map
[2025-10-19 23:43:36] [1a535cdc6a4df2b36968f6b4a2d25abe] 選択されたテンプレート: /var/www/html/wp-content/themes/landi_renewal/404.php
[2025-10-19 23:43:37] [1a535cdc6a4df2b36968f6b4a2d25abe] 選択されたテンプレート: /var/www/html/wp-content/themes/landi_renewal/front-page.php
[2025-10-19 23:43:37] [1a535cdc6a4df2b36968f6b4a2d25abe] 選択されたテンプレート: /var/www/html/wp-content/themes/landi_renewal/front-page.php
[2025-10-19 23:43:37] [1a535cdc6a4df2b36968f6b4a2d25abe] 選択されたテンプレート: /var/www/html/wp-content/themes/landi_renewal/front-page.php
[2025-10-19 23:43:47] [1a535cdc6a4df2b36968f6b4a2d25abe] 404エラー検出: /wp-content/themes/landi_renewal/src/css/style-corp.css.map
[2025-10-19 23:43:47] [1a535cdc6a4df2b36968f6b4a2d25abe] 選択されたテンプレート: /var/www/html/wp-content/themes/landi_renewal/404.php
[2025-10-19 23:43:47] [1a535cdc6a4df2b36968f6b4a2d25abe] 404エラー検出: /wp-content/themes/landi_renewal/src/css/layout.css.map
[2025-10-19 23:43:47] [1a535cdc6a4df2b36968f6b4a2d25abe] 選択されたテンプレート: /var/www/html/wp-content/themes/landi_renewal/404.php
[2025-10-19 23:43:48] [1a535cdc6a4df2b36968f6b4a2d25abe] 404エラー検出: /wp-content/themes/landi_renewal/src/css/style.css.map
[2025-10-19 23:43:48] [1a535cdc6a4df2b36968f6b4a2d25abe] 選択されたテンプレート: /var/www/html/wp-content/themes/landi_renewal/404.php
[2025-10-19 23:43:48] [1a535cdc6a4df2b36968f6b4a2d25abe] 選択されたテンプレート: /var/www/html/wp-content/themes/landi_renewal/front-page.php
[2025-10-19 23:43:48] [1a535cdc6a4df2b36968f6b4a2d25abe] 選択されたテンプレート: /var/www/html/wp-content/themes/landi_renewal/front-page.php
[2025-10-19 23:43:48] [1a535cdc6a4df2b36968f6b4a2d25abe] 選択されたテンプレート: /var/www/html/wp-content/themes/landi_renewal/front-page.php
[2025-10-19 23:43:51] [1a535cdc6a4df2b36968f6b4a2d25abe] 404エラー検出: /wp-content/themes/landi_renewal/src/css/layout.css.map
[2025-10-19 23:43:51] [1a535cdc6a4df2b36968f6b4a2d25abe] 選択されたテンプレート: /var/www/html/wp-content/themes/landi_renewal/404.php
[2025-10-19 23:43:51] [1a535cdc6a4df2b36968f6b4a2d25abe] 404エラー検出: /wp-content/themes/landi_renewal/src/css/style.css.map
[2025-10-19 23:43:51] [1a535cdc6a4df2b36968f6b4a2d25abe] 選択されたテンプレート: /var/www/html/wp-content/themes/landi_renewal/404.php
[2025-10-19 23:43:51] [1a535cdc6a4df2b36968f6b4a2d25abe] 404エラー検出: /wp-content/themes/landi_renewal/src/css/style-corp.css.map
[2025-10-19 23:43:51] [1a535cdc6a4df2b36968f6b4a2d25abe] 選択されたテンプレート: /var/www/html/wp-content/themes/landi_renewal/404.php
[2025-10-19 23:43:51] [1a535cdc6a4df2b36968f6b4a2d25abe] 選択されたテンプレート: /var/www/html/wp-content/themes/landi_renewal/front-page.php
[2025-10-19 23:43:51] [1a535cdc6a4df2b36968f6b4a2d25abe] 選択されたテンプレート: /var/www/html/wp-content/themes/landi_renewal/front-page.php
[2025-10-19 23:43:52] [1a535cdc6a4df2b36968f6b4a2d25abe] 選択されたテンプレート: /var/www/html/wp-content/themes/landi_renewal/front-page.php
[2025-10-19 23:43:54] [1a535cdc6a4df2b36968f6b4a2d25abe] 404エラー検出: /wp-content/themes/landi_renewal/src/css/layout.css.map
[2025-10-19 23:43:54] [1a535cdc6a4df2b36968f6b4a2d25abe] 選択されたテンプレート: /var/www/html/wp-content/themes/landi_renewal/404.php
[2025-10-19 23:43:54] [1a535cdc6a4df2b36968f6b4a2d25abe] 404エラー検出: /wp-content/themes/landi_renewal/src/css/style.css.map
[2025-10-19 23:43:54] [1a535cdc6a4df2b36968f6b4a2d25abe] 選択されたテンプレート: /var/www/html/wp-content/themes/landi_renewal/404.php
[2025-10-19 23:43:54] [1a535cdc6a4df2b36968f6b4a2d25abe] 404エラー検出: /wp-content/themes/landi_renewal/src/css/style-corp.css.map
[2025-10-19 23:43:54] [1a535cdc6a4df2b36968f6b4a2d25abe] 選択されたテンプレート: /var/www/html/wp-content/themes/landi_renewal/404.php
[2025-10-19 23:43:55] [1a535cdc6a4df2b36968f6b4a2d25abe] 選択されたテンプレート: /var/www/html/wp-content/themes/landi_renewal/front-page.php
[2025-10-19 23:43:55] [1a535cdc6a4df2b36968f6b4a2d25abe] 選択されたテンプレート: /var/www/html/wp-content/themes/landi_renewal/front-page.php
[2025-10-19 23:43:55] [1a535cdc6a4df2b36968f6b4a2d25abe] 選択されたテンプレート: /var/www/html/wp-content/themes/landi_renewal/front-page.php
[2025-10-19 23:44:08] [1a535cdc6a4df2b36968f6b4a2d25abe] 404エラー検出: /wp-content/themes/landi_renewal/src/css/layout.css.map
[2025-10-19 23:44:08] [1a535cdc6a4df2b36968f6b4a2d25abe] 選択されたテンプレート: /var/www/html/wp-content/themes/landi_renewal/404.php
[2025-10-19 23:44:08] [1a535cdc6a4df2b36968f6b4a2d25abe] 404エラー検出: /wp-content/themes/landi_renewal/src/css/style.css.map
[2025-10-19 23:44:08] [1a535cdc6a4df2b36968f6b4a2d25abe] 選択されたテンプレート: /var/www/html/wp-content/themes/landi_renewal/404.php
[2025-10-19 23:44:08] [1a535cdc6a4df2b36968f6b4a2d25abe] 404エラー検出: /wp-content/themes/landi_renewal/src/css/style-corp.css.map
[2025-10-19 23:44:08] [1a535cdc6a4df2b36968f6b4a2d25abe] 選択されたテンプレート: /var/www/html/wp-content/themes/landi_renewal/404.php
[2025-10-19 23:44:09] [1a535cdc6a4df2b36968f6b4a2d25abe] 選択されたテンプレート: /var/www/html/wp-content/themes/landi_renewal/front-page.php
[2025-10-19 23:44:09] [1a535cdc6a4df2b36968f6b4a2d25abe] 選択されたテンプレート: /var/www/html/wp-content/themes/landi_renewal/front-page.php
[2025-10-19 23:44:09] [1a535cdc6a4df2b36968f6b4a2d25abe] 選択されたテンプレート: /var/www/html/wp-content/themes/landi_renewal/front-page.php
[2025-10-19 23:44:21] [1a535cdc6a4df2b36968f6b4a2d25abe] 404エラー検出: /wp-content/themes/landi_renewal/src/css/layout.css.map
[2025-10-19 23:44:21] [1a535cdc6a4df2b36968f6b4a2d25abe] 選択されたテンプレート: /var/www/html/wp-content/themes/landi_renewal/404.php
[2025-10-19 23:44:21] [1a535cdc6a4df2b36968f6b4a2d25abe] 404エラー検出: /wp-content/themes/landi_renewal/src/css/style.css.map
[2025-10-19 23:44:21] [1a535cdc6a4df2b36968f6b4a2d25abe] 選択されたテンプレート: /var/www/html/wp-content/themes/landi_renewal/404.php
[2025-10-19 23:44:21] [1a535cdc6a4df2b36968f6b4a2d25abe] 404エラー検出: /wp-content/themes/landi_renewal/src/css/style-corp.css.map
[2025-10-19 23:44:21] [1a535cdc6a4df2b36968f6b4a2d25abe] 選択されたテンプレート: /var/www/html/wp-content/themes/landi_renewal/404.php
[2025-10-19 23:44:21] [1a535cdc6a4df2b36968f6b4a2d25abe] 選択されたテンプレート: /var/www/html/wp-content/themes/landi_renewal/front-page.php
[2025-10-19 23:44:21] [1a535cdc6a4df2b36968f6b4a2d25abe] 選択されたテンプレート: /var/www/html/wp-content/themes/landi_renewal/front-page.php
[2025-10-19 23:44:21] [1a535cdc6a4df2b36968f6b4a2d25abe] 選択されたテンプレート: /var/www/html/wp-content/themes/landi_renewal/front-page.php
[2025-10-19 23:44:23] [1a535cdc6a4df2b36968f6b4a2d25abe] 404エラー検出: /wp-content/themes/landi_renewal/src/css/layout.css.map
[2025-10-19 23:44:23] [1a535cdc6a4df2b36968f6b4a2d25abe] 選択されたテンプレート: /var/www/html/wp-content/themes/landi_renewal/404.php
[2025-10-19 23:44:23] [1a535cdc6a4df2b36968f6b4a2d25abe] 404エラー検出: /wp-content/themes/landi_renewal/src/css/style.css.map
[2025-10-19 23:44:23] [1a535cdc6a4df2b36968f6b4a2d25abe] 選択されたテンプレート: /var/www/html/wp-content/themes/landi_renewal/404.php
[2025-10-19 23:44:23] [1a535cdc6a4df2b36968f6b4a2d25abe] 404エラー検出: /wp-content/themes/landi_renewal/src/css/style-corp.css.map
[2025-10-19 23:44:23] [1a535cdc6a4df2b36968f6b4a2d25abe] 選択されたテンプレート: /var/www/html/wp-content/themes/landi_renewal/404.php
[2025-10-19 23:44:23] [1a535cdc6a4df2b36968f6b4a2d25abe] 選択されたテンプレート: /var/www/html/wp-content/themes/landi_renewal/front-page.php
[2025-10-19 23:44:23] [1a535cdc6a4df2b36968f6b4a2d25abe] 選択されたテンプレート: /var/www/html/wp-content/themes/landi_renewal/front-page.php
[2025-10-19 23:44:23] [1a535cdc6a4df2b36968f6b4a2d25abe] 選択されたテンプレート: /var/www/html/wp-content/themes/landi_renewal/front-page.php
[2025-10-19 23:44:33] [1a535cdc6a4df2b36968f6b4a2d25abe] 404エラー検出: /wp-content/themes/landi_renewal/src/css/layout.css.map
[2025-10-19 23:44:33] [1a535cdc6a4df2b36968f6b4a2d25abe] 選択されたテンプレート: /var/www/html/wp-content/themes/landi_renewal/404.php
[2025-10-19 23:44:33] [1a535cdc6a4df2b36968f6b4a2d25abe] 404エラー検出: /wp-content/themes/landi_renewal/src/css/style.css.map
[2025-10-19 23:44:33] [1a535cdc6a4df2b36968f6b4a2d25abe] 選択されたテンプレート: /var/www/html/wp-content/themes/landi_renewal/404.php
[2025-10-19 23:44:33] [1a535cdc6a4df2b36968f6b4a2d25abe] 404エラー検出: /wp-content/themes/landi_renewal/src/css/style-corp.css.map
[2025-10-19 23:44:33] [1a535cdc6a4df2b36968f6b4a2d25abe] 選択されたテンプレート: /var/www/html/wp-content/themes/landi_renewal/404.php
[2025-10-19 23:44:33] [1a535cdc6a4df2b36968f6b4a2d25abe] 選択されたテンプレート: /var/www/html/wp-content/themes/landi_renewal/front-page.php
[2025-10-19 23:44:33] [1a535cdc6a4df2b36968f6b4a2d25abe] 選択されたテンプレート: /var/www/html/wp-content/themes/landi_renewal/front-page.php
[2025-10-19 23:44:33] [1a535cdc6a4df2b36968f6b4a2d25abe] 選択されたテンプレート: /var/www/html/wp-content/themes/landi_renewal/front-page.php
[2025-10-19 23:44:53] [1a535cdc6a4df2b36968f6b4a2d25abe] 404エラー検出: /wp-content/themes/landi_renewal/src/css/layout.css.map
[2025-10-19 23:44:53] [1a535cdc6a4df2b36968f6b4a2d25abe] 選択されたテンプレート: /var/www/html/wp-content/themes/landi_renewal/404.php
[2025-10-19 23:44:53] [1a535cdc6a4df2b36968f6b4a2d25abe] 404エラー検出: /wp-content/themes/landi_renewal/src/css/style.css.map
[2025-10-19 23:44:53] [1a535cdc6a4df2b36968f6b4a2d25abe] 選択されたテンプレート: /var/www/html/wp-content/themes/landi_renewal/404.php
[2025-10-19 23:44:53] [1a535cdc6a4df2b36968f6b4a2d25abe] 404エラー検出: /wp-content/themes/landi_renewal/src/css/style-corp.css.map
[2025-10-19 23:44:53] [1a535cdc6a4df2b36968f6b4a2d25abe] 選択されたテンプレート: /var/www/html/wp-content/themes/landi_renewal/404.php
[2025-10-19 23:44:54] [1a535cdc6a4df2b36968f6b4a2d25abe] 選択されたテンプレート: /var/www/html/wp-content/themes/landi_renewal/front-page.php
[2025-10-19 23:44:54] [1a535cdc6a4df2b36968f6b4a2d25abe] 選択されたテンプレート: /var/www/html/wp-content/themes/landi_renewal/front-page.php
[2025-10-19 23:44:54] [1a535cdc6a4df2b36968f6b4a2d25abe] 選択されたテンプレート: /var/www/html/wp-content/themes/landi_renewal/front-page.php
[2025-10-19 23:45:38] [1a535cdc6a4df2b36968f6b4a2d25abe] 404エラー検出: /wp-content/themes/landi_renewal/src/css/layout.css.map
[2025-10-19 23:45:38] [1a535cdc6a4df2b36968f6b4a2d25abe] 選択されたテンプレート: /var/www/html/wp-content/themes/landi_renewal/404.php
[2025-10-19 23:45:38] [1a535cdc6a4df2b36968f6b4a2d25abe] 404エラー検出: /wp-content/themes/landi_renewal/src/css/style.css.map
[2025-10-19 23:45:38] [1a535cdc6a4df2b36968f6b4a2d25abe] 選択されたテンプレート: /var/www/html/wp-content/themes/landi_renewal/404.php
[2025-10-19 23:45:38] [1a535cdc6a4df2b36968f6b4a2d25abe] 404エラー検出: /wp-content/themes/landi_renewal/src/css/style-corp.css.map
[2025-10-19 23:45:38] [1a535cdc6a4df2b36968f6b4a2d25abe] 選択されたテンプレート: /var/www/html/wp-content/themes/landi_renewal/404.php
[2025-10-19 23:45:38] [1a535cdc6a4df2b36968f6b4a2d25abe] 選択されたテンプレート: /var/www/html/wp-content/themes/landi_renewal/front-page.php
[2025-10-19 23:45:38] [1a535cdc6a4df2b36968f6b4a2d25abe] 選択されたテンプレート: /var/www/html/wp-content/themes/landi_renewal/front-page.php
[2025-10-19 23:45:38] [1a535cdc6a4df2b36968f6b4a2d25abe] 選択されたテンプレート: /var/www/html/wp-content/themes/landi_renewal/front-page.php
[2025-10-19 23:46:03] [1a535cdc6a4df2b36968f6b4a2d25abe] 404エラー検出: /wp-content/themes/landi_renewal/src/css/layout.css.map
[2025-10-19 23:46:03] [1a535cdc6a4df2b36968f6b4a2d25abe] 選択されたテンプレート: /var/www/html/wp-content/themes/landi_renewal/404.php
[2025-10-19 23:46:03] [1a535cdc6a4df2b36968f6b4a2d25abe] 404エラー検出: /wp-content/themes/landi_renewal/src/css/style.css.map
[2025-10-19 23:46:03] [1a535cdc6a4df2b36968f6b4a2d25abe] 選択されたテンプレート: /var/www/html/wp-content/themes/landi_renewal/404.php
[2025-10-19 23:46:03] [1a535cdc6a4df2b36968f6b4a2d25abe] 404エラー検出: /wp-content/themes/landi_renewal/src/css/style-corp.css.map
[2025-10-19 23:46:03] [1a535cdc6a4df2b36968f6b4a2d25abe] 選択されたテンプレート: /var/www/html/wp-content/themes/landi_renewal/404.php
[2025-10-19 23:46:03] [1a535cdc6a4df2b36968f6b4a2d25abe] 選択されたテンプレート: /var/www/html/wp-content/themes/landi_renewal/front-page.php
[2025-10-19 23:46:03] [1a535cdc6a4df2b36968f6b4a2d25abe] 選択されたテンプレート: /var/www/html/wp-content/themes/landi_renewal/front-page.php
[2025-10-19 23:46:03] [1a535cdc6a4df2b36968f6b4a2d25abe] 選択されたテンプレート: /var/www/html/wp-content/themes/landi_renewal/front-page.php
[2025-10-19 23:46:16] [1a535cdc6a4df2b36968f6b4a2d25abe] 404エラー検出: /wp-content/themes/landi_renewal/src/css/layout.css.map
[2025-10-19 23:46:16] [1a535cdc6a4df2b36968f6b4a2d25abe] 選択されたテンプレート: /var/www/html/wp-content/themes/landi_renewal/404.php
[2025-10-19 23:46:16] [1a535cdc6a4df2b36968f6b4a2d25abe] 404エラー検出: /wp-content/themes/landi_renewal/src/css/style.css.map
[2025-10-19 23:46:16] [1a535cdc6a4df2b36968f6b4a2d25abe] 選択されたテンプレート: /var/www/html/wp-content/themes/landi_renewal/404.php
[2025-10-19 23:46:16] [1a535cdc6a4df2b36968f6b4a2d25abe] 404エラー検出: /wp-content/themes/landi_renewal/src/css/style-corp.css.map
[2025-10-19 23:46:16] [1a535cdc6a4df2b36968f6b4a2d25abe] 選択されたテンプレート: /var/www/html/wp-content/themes/landi_renewal/404.php
[2025-10-19 23:46:16] [1a535cdc6a4df2b36968f6b4a2d25abe] 選択されたテンプレート: /var/www/html/wp-content/themes/landi_renewal/front-page.php
[2025-10-19 23:46:16] [1a535cdc6a4df2b36968f6b4a2d25abe] 選択されたテンプレート: /var/www/html/wp-content/themes/landi_renewal/front-page.php
[2025-10-19 23:46:16] [1a535cdc6a4df2b36968f6b4a2d25abe] 選択されたテンプレート: /var/www/html/wp-content/themes/landi_renewal/front-page.php
[2025-10-19 23:46:24] [1a535cdc6a4df2b36968f6b4a2d25abe] 404エラー検出: /wp-content/themes/landi_renewal/src/css/layout.css.map
[2025-10-19 23:46:24] [1a535cdc6a4df2b36968f6b4a2d25abe] 選択されたテンプレート: /var/www/html/wp-content/themes/landi_renewal/404.php
[2025-10-19 23:46:24] [1a535cdc6a4df2b36968f6b4a2d25abe] 404エラー検出: /wp-content/themes/landi_renewal/src/css/style.css.map
[2025-10-19 23:46:24] [1a535cdc6a4df2b36968f6b4a2d25abe] 選択されたテンプレート: /var/www/html/wp-content/themes/landi_renewal/404.php
[2025-10-19 23:46:24] [1a535cdc6a4df2b36968f6b4a2d25abe] 404エラー検出: /wp-content/themes/landi_renewal/src/css/style-corp.css.map
[2025-10-19 23:46:24] [1a535cdc6a4df2b36968f6b4a2d25abe] 選択されたテンプレート: /var/www/html/wp-content/themes/landi_renewal/404.php
[2025-10-19 23:46:24] [1a535cdc6a4df2b36968f6b4a2d25abe] 選択されたテンプレート: /var/www/html/wp-content/themes/landi_renewal/front-page.php
[2025-10-19 23:46:24] [1a535cdc6a4df2b36968f6b4a2d25abe] 選択されたテンプレート: /var/www/html/wp-content/themes/landi_renewal/front-page.php
[2025-10-19 23:46:24] [1a535cdc6a4df2b36968f6b4a2d25abe] 選択されたテンプレート: /var/www/html/wp-content/themes/landi_renewal/front-page.php
[2025-10-19 23:47:01] [1a535cdc6a4df2b36968f6b4a2d25abe] 404エラー検出: /wp-content/themes/landi_renewal/src/css/layout.css.map
[2025-10-19 23:47:01] [1a535cdc6a4df2b36968f6b4a2d25abe] 選択されたテンプレート: /var/www/html/wp-content/themes/landi_renewal/404.php
[2025-10-19 23:47:01] [1a535cdc6a4df2b36968f6b4a2d25abe] 404エラー検出: /wp-content/themes/landi_renewal/src/css/style.css.map
[2025-10-19 23:47:01] [1a535cdc6a4df2b36968f6b4a2d25abe] 選択されたテンプレート: /var/www/html/wp-content/themes/landi_renewal/404.php
[2025-10-19 23:47:01] [1a535cdc6a4df2b36968f6b4a2d25abe] 404エラー検出: /wp-content/themes/landi_renewal/src/css/style-corp.css.map
[2025-10-19 23:47:01] [1a535cdc6a4df2b36968f6b4a2d25abe] 選択されたテンプレート: /var/www/html/wp-content/themes/landi_renewal/404.php
[2025-10-19 23:47:01] [1a535cdc6a4df2b36968f6b4a2d25abe] 選択されたテンプレート: /var/www/html/wp-content/themes/landi_renewal/front-page.php
[2025-10-19 23:47:01] [1a535cdc6a4df2b36968f6b4a2d25abe] 選択されたテンプレート: /var/www/html/wp-content/themes/landi_renewal/front-page.php
[2025-10-19 23:47:01] [1a535cdc6a4df2b36968f6b4a2d25abe] 選択されたテンプレート: /var/www/html/wp-content/themes/landi_renewal/front-page.php
[2025-10-19 23:47:37] [1a535cdc6a4df2b36968f6b4a2d25abe] 404エラー検出: /wp-content/themes/landi_renewal/src/css/layout.css.map
[2025-10-19 23:47:37] [1a535cdc6a4df2b36968f6b4a2d25abe] 選択されたテンプレート: /var/www/html/wp-content/themes/landi_renewal/404.php
[2025-10-19 23:47:37] [1a535cdc6a4df2b36968f6b4a2d25abe] 404エラー検出: /wp-content/themes/landi_renewal/src/css/style.css.map
[2025-10-19 23:47:37] [1a535cdc6a4df2b36968f6b4a2d25abe] 選択されたテンプレート: /var/www/html/wp-content/themes/landi_renewal/404.php
[2025-10-19 23:47:37] [1a535cdc6a4df2b36968f6b4a2d25abe] 404エラー検出: /wp-content/themes/landi_renewal/src/css/style-corp.css.map
[2025-10-19 23:47:37] [1a535cdc6a4df2b36968f6b4a2d25abe] 選択されたテンプレート: /var/www/html/wp-content/themes/landi_renewal/404.php
[2025-10-19 23:47:37] [1a535cdc6a4df2b36968f6b4a2d25abe] 選択されたテンプレート: /var/www/html/wp-content/themes/landi_renewal/front-page.php
[2025-10-19 23:47:37] [1a535cdc6a4df2b36968f6b4a2d25abe] 選択されたテンプレート: /var/www/html/wp-content/themes/landi_renewal/front-page.php
[2025-10-19 23:47:38] [1a535cdc6a4df2b36968f6b4a2d25abe] 選択されたテンプレート: /var/www/html/wp-content/themes/landi_renewal/front-page.php
[2025-10-19 23:48:41] [1a535cdc6a4df2b36968f6b4a2d25abe] 404エラー検出: /wp-content/themes/landi_renewal/src/css/layout.css.map
[2025-10-19 23:48:41] [1a535cdc6a4df2b36968f6b4a2d25abe] 選択されたテンプレート: /var/www/html/wp-content/themes/landi_renewal/404.php
[2025-10-19 23:48:41] [1a535cdc6a4df2b36968f6b4a2d25abe] 404エラー検出: /wp-content/themes/landi_renewal/src/css/style.css.map
[2025-10-19 23:48:41] [1a535cdc6a4df2b36968f6b4a2d25abe] 選択されたテンプレート: /var/www/html/wp-content/themes/landi_renewal/404.php
[2025-10-19 23:48:41] [1a535cdc6a4df2b36968f6b4a2d25abe] 404エラー検出: /wp-content/themes/landi_renewal/src/css/style-corp.css.map
[2025-10-19 23:48:41] [1a535cdc6a4df2b36968f6b4a2d25abe] 選択されたテンプレート: /var/www/html/wp-content/themes/landi_renewal/404.php
[2025-10-19 23:48:41] [1a535cdc6a4df2b36968f6b4a2d25abe] 選択されたテンプレート: /var/www/html/wp-content/themes/landi_renewal/front-page.php
[2025-10-19 23:48:41] [1a535cdc6a4df2b36968f6b4a2d25abe] 選択されたテンプレート: /var/www/html/wp-content/themes/landi_renewal/front-page.php
[2025-10-19 23:48:41] [1a535cdc6a4df2b36968f6b4a2d25abe] 選択されたテンプレート: /var/www/html/wp-content/themes/landi_renewal/front-page.php
[2025-10-19 23:48:55] [1a535cdc6a4df2b36968f6b4a2d25abe] 404エラー検出: /wp-content/themes/landi_renewal/src/css/layout.css.map
[2025-10-19 23:48:55] [1a535cdc6a4df2b36968f6b4a2d25abe] 選択されたテンプレート: /var/www/html/wp-content/themes/landi_renewal/404.php
[2025-10-19 23:48:55] [1a535cdc6a4df2b36968f6b4a2d25abe] 404エラー検出: /wp-content/themes/landi_renewal/src/css/style.css.map
[2025-10-19 23:48:55] [1a535cdc6a4df2b36968f6b4a2d25abe] 選択されたテンプレート: /var/www/html/wp-content/themes/landi_renewal/404.php
[2025-10-19 23:48:55] [1a535cdc6a4df2b36968f6b4a2d25abe] 404エラー検出: /wp-content/themes/landi_renewal/src/css/style-corp.css.map
[2025-10-19 23:48:55] [1a535cdc6a4df2b36968f6b4a2d25abe] 選択されたテンプレート: /var/www/html/wp-content/themes/landi_renewal/404.php
[2025-10-19 23:48:55] [1a535cdc6a4df2b36968f6b4a2d25abe] 選択されたテンプレート: /var/www/html/wp-content/themes/landi_renewal/front-page.php
[2025-10-19 23:48:55] [1a535cdc6a4df2b36968f6b4a2d25abe] 選択されたテンプレート: /var/www/html/wp-content/themes/landi_renewal/front-page.php
[2025-10-19 23:48:55] [1a535cdc6a4df2b36968f6b4a2d25abe] 選択されたテンプレート: /var/www/html/wp-content/themes/landi_renewal/front-page.php
[2025-10-19 23:49:01] [1a535cdc6a4df2b36968f6b4a2d25abe] 404エラー検出: /wp-content/themes/landi_renewal/src/css/layout.css.map
[2025-10-19 23:49:01] [1a535cdc6a4df2b36968f6b4a2d25abe] 選択されたテンプレート: /var/www/html/wp-content/themes/landi_renewal/404.php
[2025-10-19 23:49:01] [1a535cdc6a4df2b36968f6b4a2d25abe] 404エラー検出: /wp-content/themes/landi_renewal/src/css/style.css.map
[2025-10-19 23:49:01] [1a535cdc6a4df2b36968f6b4a2d25abe] 選択されたテンプレート: /var/www/html/wp-content/themes/landi_renewal/404.php
[2025-10-19 23:49:01] [1a535cdc6a4df2b36968f6b4a2d25abe] 404エラー検出: /wp-content/themes/landi_renewal/src/css/style-corp.css.map
[2025-10-19 23:49:01] [1a535cdc6a4df2b36968f6b4a2d25abe] 選択されたテンプレート: /var/www/html/wp-content/themes/landi_renewal/404.php
[2025-10-19 23:49:01] [1a535cdc6a4df2b36968f6b4a2d25abe] 選択されたテンプレート: /var/www/html/wp-content/themes/landi_renewal/front-page.php
[2025-10-19 23:49:01] [1a535cdc6a4df2b36968f6b4a2d25abe] 選択されたテンプレート: /var/www/html/wp-content/themes/landi_renewal/front-page.php
[2025-10-19 23:49:01] [1a535cdc6a4df2b36968f6b4a2d25abe] 選択されたテンプレート: /var/www/html/wp-content/themes/landi_renewal/front-page.php
[2025-10-19 23:49:09] [1a535cdc6a4df2b36968f6b4a2d25abe] 404エラー検出: /wp-content/themes/landi_renewal/src/css/style.css.map
[2025-10-19 23:49:09] [1a535cdc6a4df2b36968f6b4a2d25abe] 選択されたテンプレート: /var/www/html/wp-content/themes/landi_renewal/404.php
[2025-10-19 23:49:09] [1a535cdc6a4df2b36968f6b4a2d25abe] 404エラー検出: /wp-content/themes/landi_renewal/src/css/layout.css.map
[2025-10-19 23:49:09] [1a535cdc6a4df2b36968f6b4a2d25abe] 選択されたテンプレート: /var/www/html/wp-content/themes/landi_renewal/404.php
[2025-10-19 23:49:09] [1a535cdc6a4df2b36968f6b4a2d25abe] 404エラー検出: /wp-content/themes/landi_renewal/src/css/style-corp.css.map
[2025-10-19 23:49:09] [1a535cdc6a4df2b36968f6b4a2d25abe] 選択されたテンプレート: /var/www/html/wp-content/themes/landi_renewal/404.php
[2025-10-19 23:49:09] [1a535cdc6a4df2b36968f6b4a2d25abe] 選択されたテンプレート: /var/www/html/wp-content/themes/landi_renewal/front-page.php
[2025-10-19 23:49:09] [1a535cdc6a4df2b36968f6b4a2d25abe] 選択されたテンプレート: /var/www/html/wp-content/themes/landi_renewal/front-page.php
[2025-10-19 23:49:09] [1a535cdc6a4df2b36968f6b4a2d25abe] 選択されたテンプレート: /var/www/html/wp-content/themes/landi_renewal/front-page.php
[2025-10-19 23:49:48] [1a535cdc6a4df2b36968f6b4a2d25abe] 404エラー検出: /wp-content/themes/landi_renewal/src/css/layout.css.map
[2025-10-19 23:49:48] [1a535cdc6a4df2b36968f6b4a2d25abe] 選択されたテンプレート: /var/www/html/wp-content/themes/landi_renewal/404.php
[2025-10-19 23:49:48] [1a535cdc6a4df2b36968f6b4a2d25abe] 404エラー検出: /wp-content/themes/landi_renewal/src/css/style-corp.css.map
[2025-10-19 23:49:48] [1a535cdc6a4df2b36968f6b4a2d25abe] 選択されたテンプレート: /var/www/html/wp-content/themes/landi_renewal/404.php
[2025-10-19 23:49:48] [1a535cdc6a4df2b36968f6b4a2d25abe] 404エラー検出: /wp-content/themes/landi_renewal/src/css/style.css.map
[2025-10-19 23:49:48] [1a535cdc6a4df2b36968f6b4a2d25abe] 選択されたテンプレート: /var/www/html/wp-content/themes/landi_renewal/404.php
[2025-10-19 23:49:48] [1a535cdc6a4df2b36968f6b4a2d25abe] 選択されたテンプレート: /var/www/html/wp-content/themes/landi_renewal/front-page.php
[2025-10-19 23:49:48] [1a535cdc6a4df2b36968f6b4a2d25abe] 選択されたテンプレート: /var/www/html/wp-content/themes/landi_renewal/front-page.php
[2025-10-19 23:49:48] [1a535cdc6a4df2b36968f6b4a2d25abe] 選択されたテンプレート: /var/www/html/wp-content/themes/landi_renewal/front-page.php
[2025-10-19 23:50:03] [1a535cdc6a4df2b36968f6b4a2d25abe] 404エラー検出: /wp-content/themes/landi_renewal/src/css/layout.css.map
[2025-10-19 23:50:03] [1a535cdc6a4df2b36968f6b4a2d25abe] 選択されたテンプレート: /var/www/html/wp-content/themes/landi_renewal/404.php
[2025-10-19 23:50:03] [1a535cdc6a4df2b36968f6b4a2d25abe] 404エラー検出: /wp-content/themes/landi_renewal/src/css/style.css.map
[2025-10-19 23:50:03] [1a535cdc6a4df2b36968f6b4a2d25abe] 選択されたテンプレート: /var/www/html/wp-content/themes/landi_renewal/404.php
[2025-10-19 23:50:03] [1a535cdc6a4df2b36968f6b4a2d25abe] 404エラー検出: /wp-content/themes/landi_renewal/src/css/style-corp.css.map
[2025-10-19 23:50:03] [1a535cdc6a4df2b36968f6b4a2d25abe] 選択されたテンプレート: /var/www/html/wp-content/themes/landi_renewal/404.php
[2025-10-19 23:50:03] [1a535cdc6a4df2b36968f6b4a2d25abe] 選択されたテンプレート: /var/www/html/wp-content/themes/landi_renewal/front-page.php
[2025-10-19 23:50:03] [1a535cdc6a4df2b36968f6b4a2d25abe] 選択されたテンプレート: /var/www/html/wp-content/themes/landi_renewal/front-page.php
[2025-10-19 23:50:03] [1a535cdc6a4df2b36968f6b4a2d25abe] 選択されたテンプレート: /var/www/html/wp-content/themes/landi_renewal/front-page.php
[2025-10-19 23:51:16] [1a535cdc6a4df2b36968f6b4a2d25abe] 404エラー検出: /wp-content/themes/landi_renewal/src/css/layout.css.map
[2025-10-19 23:51:16] [1a535cdc6a4df2b36968f6b4a2d25abe] 選択されたテンプレート: /var/www/html/wp-content/themes/landi_renewal/404.php
[2025-10-19 23:51:16] [1a535cdc6a4df2b36968f6b4a2d25abe] 404エラー検出: /wp-content/themes/landi_renewal/src/css/style.css.map
[2025-10-19 23:51:16] [1a535cdc6a4df2b36968f6b4a2d25abe] 選択されたテンプレート: /var/www/html/wp-content/themes/landi_renewal/404.php
[2025-10-19 23:51:16] [1a535cdc6a4df2b36968f6b4a2d25abe] 404エラー検出: /wp-content/themes/landi_renewal/src/css/style-corp.css.map
[2025-10-19 23:51:16] [1a535cdc6a4df2b36968f6b4a2d25abe] 選択されたテンプレート: /var/www/html/wp-content/themes/landi_renewal/404.php
[2025-10-19 23:51:16] [1a535cdc6a4df2b36968f6b4a2d25abe] 選択されたテンプレート: /var/www/html/wp-content/themes/landi_renewal/front-page.php
[2025-10-19 23:51:16] [1a535cdc6a4df2b36968f6b4a2d25abe] 選択されたテンプレート: /var/www/html/wp-content/themes/landi_renewal/front-page.php
[2025-10-19 23:51:16] [1a535cdc6a4df2b36968f6b4a2d25abe] 選択されたテンプレート: /var/www/html/wp-content/themes/landi_renewal/front-page.php
[2025-10-19 23:54:30] [1a535cdc6a4df2b36968f6b4a2d25abe] 選択されたテンプレート: /var/www/html/wp-content/themes/landi_renewal/front-page.php
[2025-10-19 23:54:30] [1a535cdc6a4df2b36968f6b4a2d25abe] 404エラー検出: /.well-known/appspecific/com.chrome.devtools.json
[2025-10-19 23:54:30] [1a535cdc6a4df2b36968f6b4a2d25abe] 選択されたテンプレート: /var/www/html/wp-content/themes/landi_renewal/404.php
[2025-10-19 23:54:31] [1a535cdc6a4df2b36968f6b4a2d25abe] 404エラー検出: /wp-content/themes/landi_renewal/src/css/style.css.map
[2025-10-19 23:54:31] [1a535cdc6a4df2b36968f6b4a2d25abe] 選択されたテンプレート: /var/www/html/wp-content/themes/landi_renewal/404.php
[2025-10-19 23:54:31] [1a535cdc6a4df2b36968f6b4a2d25abe] 404エラー検出: /wp-content/themes/landi_renewal/src/css/layout.css.map
[2025-10-19 23:54:31] [1a535cdc6a4df2b36968f6b4a2d25abe] 選択されたテンプレート: /var/www/html/wp-content/themes/landi_renewal/404.php
[2025-10-19 23:54:31] [1a535cdc6a4df2b36968f6b4a2d25abe] 404エラー検出: /assets/images/top/fv.webp
[2025-10-19 23:54:31] [1a535cdc6a4df2b36968f6b4a2d25abe] 選択されたテンプレート: /var/www/html/wp-content/themes/landi_renewal/404.php
[2025-10-19 23:54:31] [1a535cdc6a4df2b36968f6b4a2d25abe] 選択されたテンプレート: /var/www/html/wp-content/themes/landi_renewal/front-page.php
[2025-10-19 23:54:31] [1a535cdc6a4df2b36968f6b4a2d25abe] 404エラー検出: /wp-content/themes/landi_renewal/src/css/style-corp.css.map
[2025-10-19 23:54:31] [1a535cdc6a4df2b36968f6b4a2d25abe] 選択されたテンプレート: /var/www/html/wp-content/themes/landi_renewal/404.php
[2025-10-19 23:54:31] [1a535cdc6a4df2b36968f6b4a2d25abe] 選択されたテンプレート: /var/www/html/wp-content/themes/landi_renewal/front-page.php
[2025-10-19 23:54:31] [1a535cdc6a4df2b36968f6b4a2d25abe] 選択されたテンプレート: /var/www/html/wp-content/themes/landi_renewal/front-page.php
[2025-10-19 23:54:31] [1a535cdc6a4df2b36968f6b4a2d25abe] 選択されたテンプレート: /var/www/html/wp-content/themes/landi_renewal/front-page.php
[2025-10-19 23:54:31] [1a535cdc6a4df2b36968f6b4a2d25abe] 選択されたテンプレート: /var/www/html/wp-content/themes/landi_renewal/front-page.php
[2025-10-19 23:54:34] [1a535cdc6a4df2b36968f6b4a2d25abe] 選択されたテンプレート: /var/www/html/wp-content/themes/landi_renewal/front-page.php
[2025-10-19 23:54:34] [1a535cdc6a4df2b36968f6b4a2d25abe] 404エラー検出: /.well-known/appspecific/com.chrome.devtools.json
[2025-10-19 23:54:34] [1a535cdc6a4df2b36968f6b4a2d25abe] 選択されたテンプレート: /var/www/html/wp-content/themes/landi_renewal/404.php
[2025-10-19 23:54:35] [1a535cdc6a4df2b36968f6b4a2d25abe] 404エラー検出: /assets/images/top/fv.webp
[2025-10-19 23:54:35] [1a535cdc6a4df2b36968f6b4a2d25abe] 選択されたテンプレート: /var/www/html/wp-content/themes/landi_renewal/404.php
[2025-10-19 23:54:35] [1a535cdc6a4df2b36968f6b4a2d25abe] 404エラー検出: /wp-content/themes/landi_renewal/src/css/layout.css.map
[2025-10-19 23:54:35] [1a535cdc6a4df2b36968f6b4a2d25abe] 選択されたテンプレート: /var/www/html/wp-content/themes/landi_renewal/404.php
[2025-10-19 23:54:35] [1a535cdc6a4df2b36968f6b4a2d25abe] 404エラー検出: /wp-content/themes/landi_renewal/src/css/style.css.map
[2025-10-19 23:54:35] [1a535cdc6a4df2b36968f6b4a2d25abe] 選択されたテンプレート: /var/www/html/wp-content/themes/landi_renewal/404.php
[2025-10-19 23:54:35] [1a535cdc6a4df2b36968f6b4a2d25abe] 選択されたテンプレート: /var/www/html/wp-content/themes/landi_renewal/front-page.php
[2025-10-19 23:54:35] [1a535cdc6a4df2b36968f6b4a2d25abe] 404エラー検出: /wp-content/themes/landi_renewal/src/css/style-corp.css.map
[2025-10-19 23:54:35] [1a535cdc6a4df2b36968f6b4a2d25abe] 選択されたテンプレート: /var/www/html/wp-content/themes/landi_renewal/404.php
[2025-10-19 23:54:35] [1a535cdc6a4df2b36968f6b4a2d25abe] 選択されたテンプレート: /var/www/html/wp-content/themes/landi_renewal/front-page.php
[2025-10-19 23:54:35] [1a535cdc6a4df2b36968f6b4a2d25abe] 選択されたテンプレート: /var/www/html/wp-content/themes/landi_renewal/front-page.php
[2025-10-19 23:54:35] [1a535cdc6a4df2b36968f6b4a2d25abe] 選択されたテンプレート: /var/www/html/wp-content/themes/landi_renewal/front-page.php
[2025-10-19 23:54:35] [1a535cdc6a4df2b36968f6b4a2d25abe] 選択されたテンプレート: /var/www/html/wp-content/themes/landi_renewal/front-page.php
[2025-10-19 23:54:41] [1a535cdc6a4df2b36968f6b4a2d25abe] 選択されたテンプレート: /var/www/html/wp-content/themes/landi_renewal/front-page.php
[2025-10-19 23:54:41] [1a535cdc6a4df2b36968f6b4a2d25abe] 404エラー検出: /.well-known/appspecific/com.chrome.devtools.json
[2025-10-19 23:54:41] [1a535cdc6a4df2b36968f6b4a2d25abe] 選択されたテンプレート: /var/www/html/wp-content/themes/landi_renewal/404.php
[2025-10-19 23:54:41] [1a535cdc6a4df2b36968f6b4a2d25abe] 404エラー検出: /assets/images/top/fv.webp
[2025-10-19 23:54:41] [1a535cdc6a4df2b36968f6b4a2d25abe] 選択されたテンプレート: /var/www/html/wp-content/themes/landi_renewal/404.php
[2025-10-19 23:54:42] [1a535cdc6a4df2b36968f6b4a2d25abe] 404エラー検出: /wp-content/themes/landi_renewal/src/css/layout.css.map
[2025-10-19 23:54:42] [1a535cdc6a4df2b36968f6b4a2d25abe] 選択されたテンプレート: /var/www/html/wp-content/themes/landi_renewal/404.php
[2025-10-19 23:54:42] [1a535cdc6a4df2b36968f6b4a2d25abe] 404エラー検出: /wp-content/themes/landi_renewal/src/css/style.css.map
[2025-10-19 23:54:42] [1a535cdc6a4df2b36968f6b4a2d25abe] 選択されたテンプレート: /var/www/html/wp-content/themes/landi_renewal/404.php
[2025-10-19 23:54:42] [1a535cdc6a4df2b36968f6b4a2d25abe] 404エラー検出: /wp-content/themes/landi_renewal/src/css/style-corp.css.map
[2025-10-19 23:54:42] [1a535cdc6a4df2b36968f6b4a2d25abe] 選択されたテンプレート: /var/www/html/wp-content/themes/landi_renewal/404.php
[2025-10-19 23:54:42] [1a535cdc6a4df2b36968f6b4a2d25abe] 選択されたテンプレート: /var/www/html/wp-content/themes/landi_renewal/front-page.php
[2025-10-19 23:54:42] [1a535cdc6a4df2b36968f6b4a2d25abe] 選択されたテンプレート: /var/www/html/wp-content/themes/landi_renewal/front-page.php
[2025-10-19 23:54:42] [1a535cdc6a4df2b36968f6b4a2d25abe] 選択されたテンプレート: /var/www/html/wp-content/themes/landi_renewal/front-page.php
[2025-10-19 23:54:42] [1a535cdc6a4df2b36968f6b4a2d25abe] 選択されたテンプレート: /var/www/html/wp-content/themes/landi_renewal/front-page.php
[2025-10-19 23:54:42] [1a535cdc6a4df2b36968f6b4a2d25abe] 選択されたテンプレート: /var/www/html/wp-content/themes/landi_renewal/front-page.php
[2025-10-19 23:55:43] [1a535cdc6a4df2b36968f6b4a2d25abe] 404エラー検出: /wp-content/themes/landi_renewal/src/css/layout.css.map
[2025-10-19 23:55:43] [1a535cdc6a4df2b36968f6b4a2d25abe] 選択されたテンプレート: /var/www/html/wp-content/themes/landi_renewal/404.php
[2025-10-19 23:55:43] [1a535cdc6a4df2b36968f6b4a2d25abe] 404エラー検出: /wp-content/themes/landi_renewal/src/css/style.css.map
[2025-10-19 23:55:43] [1a535cdc6a4df2b36968f6b4a2d25abe] 選択されたテンプレート: /var/www/html/wp-content/themes/landi_renewal/404.php
[2025-10-19 23:55:43] [1a535cdc6a4df2b36968f6b4a2d25abe] 404エラー検出: /wp-content/themes/landi_renewal/src/css/style-corp.css.map
[2025-10-19 23:55:43] [1a535cdc6a4df2b36968f6b4a2d25abe] 選択されたテンプレート: /var/www/html/wp-content/themes/landi_renewal/404.php
[2025-10-19 23:55:43] [1a535cdc6a4df2b36968f6b4a2d25abe] 選択されたテンプレート: /var/www/html/wp-content/themes/landi_renewal/front-page.php
[2025-10-19 23:55:43] [1a535cdc6a4df2b36968f6b4a2d25abe] 選択されたテンプレート: /var/www/html/wp-content/themes/landi_renewal/front-page.php
[2025-10-19 23:55:44] [1a535cdc6a4df2b36968f6b4a2d25abe] 選択されたテンプレート: /var/www/html/wp-content/themes/landi_renewal/front-page.php
[2025-10-19 23:56:01] [1a535cdc6a4df2b36968f6b4a2d25abe] 404エラー検出: /wp-content/themes/landi_renewal/src/css/layout.css.map
[2025-10-19 23:56:01] [1a535cdc6a4df2b36968f6b4a2d25abe] 選択されたテンプレート: /var/www/html/wp-content/themes/landi_renewal/404.php
[2025-10-19 23:56:01] [1a535cdc6a4df2b36968f6b4a2d25abe] 404エラー検出: /wp-content/themes/landi_renewal/src/css/style.css.map
[2025-10-19 23:56:01] [1a535cdc6a4df2b36968f6b4a2d25abe] 選択されたテンプレート: /var/www/html/wp-content/themes/landi_renewal/404.php
[2025-10-19 23:56:01] [1a535cdc6a4df2b36968f6b4a2d25abe] 404エラー検出: /wp-content/themes/landi_renewal/src/css/style-corp.css.map
[2025-10-19 23:56:01] [1a535cdc6a4df2b36968f6b4a2d25abe] 選択されたテンプレート: /var/www/html/wp-content/themes/landi_renewal/404.php
[2025-10-19 23:56:01] [1a535cdc6a4df2b36968f6b4a2d25abe] 選択されたテンプレート: /var/www/html/wp-content/themes/landi_renewal/front-page.php
[2025-10-19 23:56:01] [1a535cdc6a4df2b36968f6b4a2d25abe] 選択されたテンプレート: /var/www/html/wp-content/themes/landi_renewal/front-page.php
[2025-10-19 23:56:01] [1a535cdc6a4df2b36968f6b4a2d25abe] 選択されたテンプレート: /var/www/html/wp-content/themes/landi_renewal/front-page.php
[2025-10-19 23:56:09] [1a535cdc6a4df2b36968f6b4a2d25abe] 404エラー検出: /wp-content/themes/landi_renewal/src/css/layout.css.map
[2025-10-19 23:56:09] [1a535cdc6a4df2b36968f6b4a2d25abe] 選択されたテンプレート: /var/www/html/wp-content/themes/landi_renewal/404.php
[2025-10-19 23:56:09] [1a535cdc6a4df2b36968f6b4a2d25abe] 404エラー検出: /wp-content/themes/landi_renewal/src/css/style-corp.css.map
[2025-10-19 23:56:09] [1a535cdc6a4df2b36968f6b4a2d25abe] 選択されたテンプレート: /var/www/html/wp-content/themes/landi_renewal/404.php
[2025-10-19 23:56:09] [1a535cdc6a4df2b36968f6b4a2d25abe] 404エラー検出: /wp-content/themes/landi_renewal/src/css/style.css.map
[2025-10-19 23:56:09] [1a535cdc6a4df2b36968f6b4a2d25abe] 選択されたテンプレート: /var/www/html/wp-content/themes/landi_renewal/404.php
[2025-10-19 23:56:10] [1a535cdc6a4df2b36968f6b4a2d25abe] 選択されたテンプレート: /var/www/html/wp-content/themes/landi_renewal/front-page.php
[2025-10-19 23:56:10] [1a535cdc6a4df2b36968f6b4a2d25abe] 選択されたテンプレート: /var/www/html/wp-content/themes/landi_renewal/front-page.php
[2025-10-19 23:56:10] [1a535cdc6a4df2b36968f6b4a2d25abe] 選択されたテンプレート: /var/www/html/wp-content/themes/landi_renewal/front-page.php
[2025-10-19 23:56:18] [1a535cdc6a4df2b36968f6b4a2d25abe] 404エラー検出: /wp-content/themes/landi_renewal/src/css/layout.css.map
[2025-10-19 23:56:18] [1a535cdc6a4df2b36968f6b4a2d25abe] 選択されたテンプレート: /var/www/html/wp-content/themes/landi_renewal/404.php
[2025-10-19 23:56:18] [1a535cdc6a4df2b36968f6b4a2d25abe] 404エラー検出: /wp-content/themes/landi_renewal/src/css/style.css.map
[2025-10-19 23:56:18] [1a535cdc6a4df2b36968f6b4a2d25abe] 選択されたテンプレート: /var/www/html/wp-content/themes/landi_renewal/404.php
[2025-10-19 23:56:18] [1a535cdc6a4df2b36968f6b4a2d25abe] 404エラー検出: /wp-content/themes/landi_renewal/src/css/style-corp.css.map
[2025-10-19 23:56:18] [1a535cdc6a4df2b36968f6b4a2d25abe] 選択されたテンプレート: /var/www/html/wp-content/themes/landi_renewal/404.php
[2025-10-19 23:56:19] [1a535cdc6a4df2b36968f6b4a2d25abe] 選択されたテンプレート: /var/www/html/wp-content/themes/landi_renewal/front-page.php
[2025-10-19 23:56:19] [1a535cdc6a4df2b36968f6b4a2d25abe] 選択されたテンプレート: /var/www/html/wp-content/themes/landi_renewal/front-page.php
[2025-10-19 23:56:19] [1a535cdc6a4df2b36968f6b4a2d25abe] 選択されたテンプレート: /var/www/html/wp-content/themes/landi_renewal/front-page.php
[2025-10-19 23:56:26] [1a535cdc6a4df2b36968f6b4a2d25abe] 404エラー検出: /wp-content/themes/landi_renewal/src/css/layout.css.map
[2025-10-19 23:56:26] [1a535cdc6a4df2b36968f6b4a2d25abe] 選択されたテンプレート: /var/www/html/wp-content/themes/landi_renewal/404.php
[2025-10-19 23:56:26] [1a535cdc6a4df2b36968f6b4a2d25abe] 404エラー検出: /wp-content/themes/landi_renewal/src/css/style.css.map
[2025-10-19 23:56:26] [1a535cdc6a4df2b36968f6b4a2d25abe] 選択されたテンプレート: /var/www/html/wp-content/themes/landi_renewal/404.php
[2025-10-19 23:56:26] [1a535cdc6a4df2b36968f6b4a2d25abe] 404エラー検出: /wp-content/themes/landi_renewal/src/css/style-corp.css.map
[2025-10-19 23:56:26] [1a535cdc6a4df2b36968f6b4a2d25abe] 選択されたテンプレート: /var/www/html/wp-content/themes/landi_renewal/404.php
[2025-10-19 23:56:26] [1a535cdc6a4df2b36968f6b4a2d25abe] 選択されたテンプレート: /var/www/html/wp-content/themes/landi_renewal/front-page.php
[2025-10-19 23:56:26] [1a535cdc6a4df2b36968f6b4a2d25abe] 選択されたテンプレート: /var/www/html/wp-content/themes/landi_renewal/front-page.php
[2025-10-19 23:56:26] [1a535cdc6a4df2b36968f6b4a2d25abe] 選択されたテンプレート: /var/www/html/wp-content/themes/landi_renewal/front-page.php
[2025-10-19 23:56:33] [1a535cdc6a4df2b36968f6b4a2d25abe] 404エラー検出: /wp-content/themes/landi_renewal/src/css/layout.css.map
[2025-10-19 23:56:33] [1a535cdc6a4df2b36968f6b4a2d25abe] 選択されたテンプレート: /var/www/html/wp-content/themes/landi_renewal/404.php
[2025-10-19 23:56:33] [1a535cdc6a4df2b36968f6b4a2d25abe] 404エラー検出: /wp-content/themes/landi_renewal/src/css/style.css.map
[2025-10-19 23:56:33] [1a535cdc6a4df2b36968f6b4a2d25abe] 選択されたテンプレート: /var/www/html/wp-content/themes/landi_renewal/404.php
[2025-10-19 23:56:33] [1a535cdc6a4df2b36968f6b4a2d25abe] 404エラー検出: /wp-content/themes/landi_renewal/src/css/style-corp.css.map
[2025-10-19 23:56:33] [1a535cdc6a4df2b36968f6b4a2d25abe] 選択されたテンプレート: /var/www/html/wp-content/themes/landi_renewal/404.php
[2025-10-19 23:56:33] [1a535cdc6a4df2b36968f6b4a2d25abe] 選択されたテンプレート: /var/www/html/wp-content/themes/landi_renewal/front-page.php
[2025-10-19 23:56:33] [1a535cdc6a4df2b36968f6b4a2d25abe] 選択されたテンプレート: /var/www/html/wp-content/themes/landi_renewal/front-page.php
[2025-10-19 23:56:33] [1a535cdc6a4df2b36968f6b4a2d25abe] 選択されたテンプレート: /var/www/html/wp-content/themes/landi_renewal/front-page.php
