[2025-11-09 07:21:18] [06a1c0e4728c14f361ea9c993491f767] 選択されたテンプレート: /var/www/html/wp-content/themes/landi_renewal/front-page.php
[2025-11-09 07:21:18] [06a1c0e4728c14f361ea9c993491f767] 404エラー検出: /assets/images/top/fv.webp
[2025-11-09 07:21:18] [06a1c0e4728c14f361ea9c993491f767] 選択されたテンプレート: /var/www/html/wp-content/themes/landi_renewal/404.php
[2025-11-09 07:21:19] [06a1c0e4728c14f361ea9c993491f767] 選択されたテンプレート: /var/www/html/wp-content/themes/landi_renewal/front-page.php
[2025-11-09 08:19:17] [06a1c0e4728c14f361ea9c993491f767] 選択されたテンプレート: /var/www/html/wp-content/themes/landi_renewal/front-page.php
[2025-11-09 08:19:17] [06a1c0e4728c14f361ea9c993491f767] 404エラー検出: /assets/images/top/fv.webp
[2025-11-09 08:19:17] [06a1c0e4728c14f361ea9c993491f767] 選択されたテンプレート: /var/www/html/wp-content/themes/landi_renewal/404.php
[2025-11-09 08:19:17] [06a1c0e4728c14f361ea9c993491f767] 選択されたテンプレート: /var/www/html/wp-content/themes/landi_renewal/front-page.php
[2025-11-09 08:19:20] [06a1c0e4728c14f361ea9c993491f767] 選択されたテンプレート: /var/www/html/wp-content/themes/landi_renewal/front-page.php
[2025-11-09 08:19:20] [06a1c0e4728c14f361ea9c993491f767] 404エラー検出: /assets/images/top/fv.webp
[2025-11-09 08:19:20] [06a1c0e4728c14f361ea9c993491f767] 選択されたテンプレート: /var/www/html/wp-content/themes/landi_renewal/404.php
[2025-11-09 08:19:20] [06a1c0e4728c14f361ea9c993491f767] 選択されたテンプレート: /var/www/html/wp-content/themes/landi_renewal/front-page.php
[2025-11-09 08:19:24] [06a1c0e4728c14f361ea9c993491f767] 選択されたテンプレート: /var/www/html/wp-content/themes/landi_renewal/page-service-landi.php
[2025-11-09 13:14:53] [06a1c0e4728c14f361ea9c993491f767] 選択されたテンプレート: /var/www/html/wp-content/themes/landi_renewal/page-service-landi.php
[2025-11-09 13:15:02] [06a1c0e4728c14f361ea9c993491f767] 選択されたテンプレート: /var/www/html/wp-content/themes/landi_renewal/page-service-landi.php
[2025-11-09 13:15:07] [06a1c0e4728c14f361ea9c993491f767] 選択されたテンプレート: /var/www/html/wp-content/themes/landi_renewal/page-service-landi.php
[2025-11-09 13:15:10] [06a1c0e4728c14f361ea9c993491f767] 選択されたテンプレート: /var/www/html/wp-content/themes/landi_renewal/page-service-landi.php
[2025-11-09 13:15:35] [06a1c0e4728c14f361ea9c993491f767] 選択されたテンプレート: /var/www/html/wp-content/themes/landi_renewal/page-service-landi.php
[2025-11-09 13:15:38] [06a1c0e4728c14f361ea9c993491f767] 選択されたテンプレート: /var/www/html/wp-content/themes/landi_renewal/page-service-landi.php
[2025-11-09 13:15:47] [06a1c0e4728c14f361ea9c993491f767] 選択されたテンプレート: /var/www/html/wp-content/themes/landi_renewal/page-service-landi.php
[2025-11-09 13:15:57] [06a1c0e4728c14f361ea9c993491f767] 選択されたテンプレート: /var/www/html/wp-content/themes/landi_renewal/page-service-landi.php
[2025-11-09 13:16:01] [06a1c0e4728c14f361ea9c993491f767] 選択されたテンプレート: /var/www/html/wp-content/themes/landi_renewal/page-service-landi.php
[2025-11-09 13:16:04] [06a1c0e4728c14f361ea9c993491f767] 選択されたテンプレート: /var/www/html/wp-content/themes/landi_renewal/page-service-landi.php
[2025-11-09 13:16:07] [06a1c0e4728c14f361ea9c993491f767] 選択されたテンプレート: /var/www/html/wp-content/themes/landi_renewal/page-service-landi.php
[2025-11-09 13:16:11] [06a1c0e4728c14f361ea9c993491f767] 選択されたテンプレート: /var/www/html/wp-content/themes/landi_renewal/page-service-landi.php
[2025-11-09 13:16:15] [06a1c0e4728c14f361ea9c993491f767] 選択されたテンプレート: /var/www/html/wp-content/themes/landi_renewal/page-service-landi.php
[2025-11-09 13:16:18] [06a1c0e4728c14f361ea9c993491f767] 選択されたテンプレート: /var/www/html/wp-content/themes/landi_renewal/page-service-landi.php
[2025-11-09 13:16:21] [06a1c0e4728c14f361ea9c993491f767] 選択されたテンプレート: /var/www/html/wp-content/themes/landi_renewal/page-service-landi.php
[2025-11-09 13:16:35] [06a1c0e4728c14f361ea9c993491f767] 選択されたテンプレート: /var/www/html/wp-content/themes/landi_renewal/page-service-landi.php
[2025-11-09 13:16:41] [06a1c0e4728c14f361ea9c993491f767] 選択されたテンプレート: /var/www/html/wp-content/themes/landi_renewal/page-service-landi.php
[2025-11-09 13:16:46] [06a1c0e4728c14f361ea9c993491f767] 選択されたテンプレート: /var/www/html/wp-content/themes/landi_renewal/page-service-landi.php
[2025-11-09 13:16:51] [06a1c0e4728c14f361ea9c993491f767] 選択されたテンプレート: /var/www/html/wp-content/themes/landi_renewal/page-service-landi.php
[2025-11-09 13:24:43] [06a1c0e4728c14f361ea9c993491f767] 選択されたテンプレート: /var/www/html/wp-content/themes/landi_renewal/archive-case_study.php
[2025-11-09 13:24:52] [06a1c0e4728c14f361ea9c993491f767] 選択されたテンプレート: /var/www/html/wp-content/themes/landi_renewal/archive-case_study.php
[2025-11-09 13:24:57] [06a1c0e4728c14f361ea9c993491f767] 選択されたテンプレート: /var/www/html/wp-content/themes/landi_renewal/page-service-landi.php
[2025-11-09 13:24:58] [06a1c0e4728c14f361ea9c993491f767] 選択されたテンプレート: /var/www/html/wp-content/themes/landi_renewal/page-service-landi.php
[2025-11-09 13:25:02] [06a1c0e4728c14f361ea9c993491f767] 選択されたテンプレート: /var/www/html/wp-content/themes/landi_renewal/page-comapany.php
[2025-11-09 13:25:12] [06a1c0e4728c14f361ea9c993491f767] 選択されたテンプレート: /var/www/html/wp-content/themes/landi_renewal/page-comapany.php
[2025-11-09 13:25:31] [06a1c0e4728c14f361ea9c993491f767] 選択されたテンプレート: /var/www/html/wp-content/themes/landi_renewal/archive-news.php
[2025-11-09 13:25:38] [06a1c0e4728c14f361ea9c993491f767] 選択されたテンプレート: /var/www/html/wp-content/themes/landi_renewal/page.php
[2025-11-09 13:25:39] [06a1c0e4728c14f361ea9c993491f767] 選択されたテンプレート: /var/www/html/wp-content/themes/landi_renewal/page.php
[2025-11-09 13:25:47] [06a1c0e4728c14f361ea9c993491f767] 選択されたテンプレート: /var/www/html/wp-content/themes/landi_renewal/page.php
[2025-11-09 13:25:49] [06a1c0e4728c14f361ea9c993491f767] 選択されたテンプレート: /var/www/html/wp-content/themes/landi_renewal/archive-materials.php
[2025-11-09 13:26:00] [06a1c0e4728c14f361ea9c993491f767] お問い合わせページのクエリ変数:
[2025-11-09 13:26:00] [06a1c0e4728c14f361ea9c993491f767] Array
(
    [numberposts] => 5
    [category] => 0
    [orderby] => date
    [order] => DESC
    [include] => Array
        (
        )

    [exclude] => Array
        (
        )

    [meta_key] => 
    [meta_value] => 
    [post_type] => mw-wp-form
    [suppress_filters] => 1
    [posts_per_page] => -1
    [post_status] => publish
    [ignore_sticky_posts] => 1
    [no_found_rows] => 1
    [error] => 
    [m] => 
    [p] => 0
    [post_parent] => 
    [subpost] => 
    [subpost_id] => 
    [attachment] => 
    [attachment_id] => 0
    [name] => 
    [pagename] => 
    [page_id] => 0
    [second] => 
    [minute] => 
    [hour] => 
    [day] => 0
    [monthnum] => 0
    [year] => 0
    [w] => 0
    [category_name] => 
    [tag] => 
    [cat] => 
    [tag_id] => 
    [author] => 
    [author_name] => 
    [feed] => 
    [tb] => 
    [paged] => 0
    [preview] => 
    [s] => 
    [sentence] => 
    [title] => 
    [fields] => 
    [menu_order] => 
    [embed] => 
    [category__in] => Array
        (
        )

    [category__not_in] => Array
        (
        )

    [category__and] => Array
        (
        )

    [post__in] => Array
        (
        )

    [post__not_in] => Array
        (
        )

    [post_name__in] => Array
        (
        )

    [tag__in] => Array
        (
        )

    [tag__not_in] => Array
        (
        )

    [tag__and] => Array
        (
        )

    [tag_slug__in] => Array
        (
        )

    [tag_slug__and] => Array
        (
        )

    [post_parent__in] => Array
        (
        )

    [post_parent__not_in] => Array
        (
        )

    [author__in] => Array
        (
        )

    [author__not_in] => Array
        (
        )

    [search_columns] => Array
        (
        )

)

[2025-11-09 13:26:00] [06a1c0e4728c14f361ea9c993491f767] お問い合わせページのクエリ変数:
[2025-11-09 13:26:00] [06a1c0e4728c14f361ea9c993491f767] Array
(
    [page] => 
    [pagename] => contact
    [error] => 
    [m] => 
    [p] => 0
    [post_parent] => 
    [subpost] => 
    [subpost_id] => 
    [attachment] => 
    [attachment_id] => 0
    [name] => 
    [page_id] => 0
    [second] => 
    [minute] => 
    [hour] => 
    [day] => 0
    [monthnum] => 0
    [year] => 0
    [w] => 0
    [category_name] => 
    [tag] => 
    [cat] => 
    [tag_id] => 
    [author] => 
    [author_name] => 
    [feed] => 
    [tb] => 
    [paged] => 0
    [meta_key] => 
    [meta_value] => 
    [preview] => 
    [s] => 
    [sentence] => 
    [title] => 
    [fields] => 
    [menu_order] => 
    [embed] => 
    [category__in] => Array
        (
        )

    [category__not_in] => Array
        (
        )

    [category__and] => Array
        (
        )

    [post__in] => Array
        (
        )

    [post__not_in] => Array
        (
        )

    [post_name__in] => Array
        (
        )

    [tag__in] => Array
        (
        )

    [tag__not_in] => Array
        (
        )

    [tag__and] => Array
        (
        )

    [tag_slug__in] => Array
        (
        )

    [tag_slug__and] => Array
        (
        )

    [post_parent__in] => Array
        (
        )

    [post_parent__not_in] => Array
        (
        )

    [author__in] => Array
        (
        )

    [author__not_in] => Array
        (
        )

    [search_columns] => Array
        (
        )

)

[2025-11-09 13:26:00] [06a1c0e4728c14f361ea9c993491f767] テンプレートリダイレクト直前の状態:
[2025-11-09 13:26:00] [06a1c0e4728c14f361ea9c993491f767] is_404: false
[2025-11-09 13:26:00] [06a1c0e4728c14f361ea9c993491f767] is_page: true
[2025-11-09 13:26:00] [06a1c0e4728c14f361ea9c993491f767] is_single: false
[2025-11-09 13:26:00] [06a1c0e4728c14f361ea9c993491f767] 現在のページID: 17468
[2025-11-09 13:26:00] [06a1c0e4728c14f361ea9c993491f767] 現在のページタイプ: page
[2025-11-09 13:26:00] [06a1c0e4728c14f361ea9c993491f767] 現在のページスラグ: contact
[2025-11-09 13:26:00] [06a1c0e4728c14f361ea9c993491f767] クエリ変数: Array
(
    [page] => 0
    [pagename] => contact
    [error] => 
    [m] => 
    [p] => 0
    [post_parent] => 
    [subpost] => 
    [subpost_id] => 
    [attachment] => 
    [attachment_id] => 0
    [name] => contact
    [page_id] => 0
    [second] => 
    [minute] => 
    [hour] => 
    [day] => 0
    [monthnum] => 0
    [year] => 0
    [w] => 0
    [category_name] => 
    [tag] => 
    [cat] => 
    [tag_id] => 
    [author] => 
    [author_name] => 
    [feed] => 
    [tb] => 
    [paged] => 0
    [meta_key] => 
    [meta_value] => 
    [preview] => 
    [s] => 
    [sentence] => 
    [title] => 
    [fields] => 
    [menu_order] => 
    [embed] => 
    [category__in] => Array
        (
        )

    [category__not_in] => Array
        (
        )

    [category__and] => Array
        (
        )

    [post__in] => Array
        (
        )

    [post__not_in] => Array
        (
        )

    [post_name__in] => Array
        (
        )

    [tag__in] => Array
        (
        )

    [tag__not_in] => Array
        (
        )

    [tag__and] => Array
        (
        )

    [tag_slug__in] => Array
        (
        )

    [tag_slug__and] => Array
        (
        )

    [post_parent__in] => Array
        (
        )

    [post_parent__not_in] => Array
        (
        )

    [author__in] => Array
        (
        )

    [author__not_in] => Array
        (
        )

    [search_columns] => Array
        (
        )

    [ignore_sticky_posts] => 
    [suppress_filters] => 
    [cache_results] => 1
    [update_post_term_cache] => 1
    [update_menu_item_cache] => 
    [lazy_load_term_meta] => 1
    [update_post_meta_cache] => 1
    [post_type] => 
    [posts_per_page] => 1
    [nopaging] => 
    [comments_per_page] => 50
    [no_found_rows] => 
    [order] => DESC
)

[2025-11-09 13:26:00] [06a1c0e4728c14f361ea9c993491f767] 現在のテンプレート: /var/www/html/wp-content/themes/landi_renewal/page-contact.php
[2025-11-09 13:26:00] [06a1c0e4728c14f361ea9c993491f767] 選択されたテンプレート: /var/www/html/wp-content/themes/landi_renewal/page-contact.php
[2025-11-09 13:26:00] [06a1c0e4728c14f361ea9c993491f767] お問い合わせページのクエリ変数:
[2025-11-09 13:26:00] [06a1c0e4728c14f361ea9c993491f767] Array
(
    [numberposts] => 5
    [category] => 0
    [orderby] => menu_order title
    [order] => ASC
    [include] => Array
        (
        )

    [exclude] => Array
        (
        )

    [meta_key] => 
    [meta_value] => 
    [post_type] => acf-field
    [suppress_filters] => 
    [posts_per_page] => 1
    [cache_results] => 1
    [update_post_meta_cache] => 
    [update_post_term_cache] => 
    [acf_field_key] => field_61fb7926e7403
    [post_status] => publish
    [ignore_sticky_posts] => 1
    [no_found_rows] => 1
    [error] => 
    [m] => 
    [p] => 0
    [post_parent] => 
    [subpost] => 
    [subpost_id] => 
    [attachment] => 
    [attachment_id] => 0
    [name] => 
    [pagename] => 
    [page_id] => 0
    [second] => 
    [minute] => 
    [hour] => 
    [day] => 0
    [monthnum] => 0
    [year] => 0
    [w] => 0
    [category_name] => 
    [tag] => 
    [cat] => 
    [tag_id] => 
    [author] => 
    [author_name] => 
    [feed] => 
    [tb] => 
    [paged] => 0
    [preview] => 
    [s] => 
    [sentence] => 
    [title] => 
    [fields] => 
    [menu_order] => 
    [embed] => 
    [category__in] => Array
        (
        )

    [category__not_in] => Array
        (
        )

    [category__and] => Array
        (
        )

    [post__in] => Array
        (
        )

    [post__not_in] => Array
        (
        )

    [post_name__in] => Array
        (
        )

    [tag__in] => Array
        (
        )

    [tag__not_in] => Array
        (
        )

    [tag__and] => Array
        (
        )

    [tag_slug__in] => Array
        (
        )

    [tag_slug__and] => Array
        (
        )

    [post_parent__in] => Array
        (
        )

    [post_parent__not_in] => Array
        (
        )

    [author__in] => Array
        (
        )

    [author__not_in] => Array
        (
        )

    [search_columns] => Array
        (
        )

)

[2025-11-09 13:26:00] [06a1c0e4728c14f361ea9c993491f767] お問い合わせページのクエリ変数:
[2025-11-09 13:26:00] [06a1c0e4728c14f361ea9c993491f767] Array
(
    [numberposts] => 5
    [category] => 0
    [orderby] => menu_order title
    [order] => ASC
    [include] => Array
        (
        )

    [exclude] => Array
        (
        )

    [meta_key] => 
    [meta_value] => 
    [post_type] => acf-field
    [suppress_filters] => 
    [posts_per_page] => 1
    [cache_results] => 1
    [update_post_meta_cache] => 
    [update_post_term_cache] => 
    [acf_field_key] => field_61fb796ce7404
    [post_status] => publish
    [ignore_sticky_posts] => 1
    [no_found_rows] => 1
    [error] => 
    [m] => 
    [p] => 0
    [post_parent] => 
    [subpost] => 
    [subpost_id] => 
    [attachment] => 
    [attachment_id] => 0
    [name] => 
    [pagename] => 
    [page_id] => 0
    [second] => 
    [minute] => 
    [hour] => 
    [day] => 0
    [monthnum] => 0
    [year] => 0
    [w] => 0
    [category_name] => 
    [tag] => 
    [cat] => 
    [tag_id] => 
    [author] => 
    [author_name] => 
    [feed] => 
    [tb] => 
    [paged] => 0
    [preview] => 
    [s] => 
    [sentence] => 
    [title] => 
    [fields] => 
    [menu_order] => 
    [embed] => 
    [category__in] => Array
        (
        )

    [category__not_in] => Array
        (
        )

    [category__and] => Array
        (
        )

    [post__in] => Array
        (
        )

    [post__not_in] => Array
        (
        )

    [post_name__in] => Array
        (
        )

    [tag__in] => Array
        (
        )

    [tag__not_in] => Array
        (
        )

    [tag__and] => Array
        (
        )

    [tag_slug__in] => Array
        (
        )

    [tag_slug__and] => Array
        (
        )

    [post_parent__in] => Array
        (
        )

    [post_parent__not_in] => Array
        (
        )

    [author__in] => Array
        (
        )

    [author__not_in] => Array
        (
        )

    [search_columns] => Array
        (
        )

)

[2025-11-09 13:26:00] [06a1c0e4728c14f361ea9c993491f767] お問い合わせページのクエリ変数:
[2025-11-09 13:26:00] [06a1c0e4728c14f361ea9c993491f767] Array
(
    [numberposts] => 5
    [category] => 0
    [orderby] => menu_order title
    [order] => ASC
    [include] => Array
        (
        )

    [exclude] => Array
        (
        )

    [meta_key] => 
    [meta_value] => 
    [post_type] => acf-field
    [suppress_filters] => 
    [posts_per_page] => 1
    [cache_results] => 1
    [update_post_meta_cache] => 
    [update_post_term_cache] => 
    [acf_field_key] => field_61fb7982e7405
    [post_status] => publish
    [ignore_sticky_posts] => 1
    [no_found_rows] => 1
    [error] => 
    [m] => 
    [p] => 0
    [post_parent] => 
    [subpost] => 
    [subpost_id] => 
    [attachment] => 
    [attachment_id] => 0
    [name] => 
    [pagename] => 
    [page_id] => 0
    [second] => 
    [minute] => 
    [hour] => 
    [day] => 0
    [monthnum] => 0
    [year] => 0
    [w] => 0
    [category_name] => 
    [tag] => 
    [cat] => 
    [tag_id] => 
    [author] => 
    [author_name] => 
    [feed] => 
    [tb] => 
    [paged] => 0
    [preview] => 
    [s] => 
    [sentence] => 
    [title] => 
    [fields] => 
    [menu_order] => 
    [embed] => 
    [category__in] => Array
        (
        )

    [category__not_in] => Array
        (
        )

    [category__and] => Array
        (
        )

    [post__in] => Array
        (
        )

    [post__not_in] => Array
        (
        )

    [post_name__in] => Array
        (
        )

    [tag__in] => Array
        (
        )

    [tag__not_in] => Array
        (
        )

    [tag__and] => Array
        (
        )

    [tag_slug__in] => Array
        (
        )

    [tag_slug__and] => Array
        (
        )

    [post_parent__in] => Array
        (
        )

    [post_parent__not_in] => Array
        (
        )

    [author__in] => Array
        (
        )

    [author__not_in] => Array
        (
        )

    [search_columns] => Array
        (
        )

)

[2025-11-09 13:26:00] [06a1c0e4728c14f361ea9c993491f767] お問い合わせページのクエリ変数:
[2025-11-09 13:26:00] [06a1c0e4728c14f361ea9c993491f767] Array
(
    [numberposts] => 5
    [category] => 0
    [orderby] => menu_order title
    [order] => ASC
    [include] => Array
        (
        )

    [exclude] => Array
        (
        )

    [meta_key] => 
    [meta_value] => 
    [post_type] => acf-field
    [suppress_filters] => 
    [posts_per_page] => 1
    [cache_results] => 1
    [update_post_meta_cache] => 
    [update_post_term_cache] => 
    [acf_field_key] => field_61fb7a915504b
    [post_status] => publish
    [ignore_sticky_posts] => 1
    [no_found_rows] => 1
    [error] => 
    [m] => 
    [p] => 0
    [post_parent] => 
    [subpost] => 
    [subpost_id] => 
    [attachment] => 
    [attachment_id] => 0
    [name] => 
    [pagename] => 
    [page_id] => 0
    [second] => 
    [minute] => 
    [hour] => 
    [day] => 0
    [monthnum] => 0
    [year] => 0
    [w] => 0
    [category_name] => 
    [tag] => 
    [cat] => 
    [tag_id] => 
    [author] => 
    [author_name] => 
    [feed] => 
    [tb] => 
    [paged] => 0
    [preview] => 
    [s] => 
    [sentence] => 
    [title] => 
    [fields] => 
    [menu_order] => 
    [embed] => 
    [category__in] => Array
        (
        )

    [category__not_in] => Array
        (
        )

    [category__and] => Array
        (
        )

    [post__in] => Array
        (
        )

    [post__not_in] => Array
        (
        )

    [post_name__in] => Array
        (
        )

    [tag__in] => Array
        (
        )

    [tag__not_in] => Array
        (
        )

    [tag__and] => Array
        (
        )

    [tag_slug__in] => Array
        (
        )

    [tag_slug__and] => Array
        (
        )

    [post_parent__in] => Array
        (
        )

    [post_parent__not_in] => Array
        (
        )

    [author__in] => Array
        (
        )

    [author__not_in] => Array
        (
        )

    [search_columns] => Array
        (
        )

)

[2025-11-09 13:26:00] [06a1c0e4728c14f361ea9c993491f767] お問い合わせページのクエリ変数:
[2025-11-09 13:26:00] [06a1c0e4728c14f361ea9c993491f767] Array
(
    [numberposts] => 5
    [category] => 0
    [orderby] => menu_order title
    [order] => ASC
    [include] => Array
        (
        )

    [exclude] => Array
        (
        )

    [meta_key] => 
    [meta_value] => 
    [post_type] => acf-field
    [suppress_filters] => 
    [posts_per_page] => 1
    [cache_results] => 1
    [update_post_meta_cache] => 
    [update_post_term_cache] => 
    [acf_field_key] => field_62e9e0c758e1c
    [post_status] => publish
    [ignore_sticky_posts] => 1
    [no_found_rows] => 1
    [error] => 
    [m] => 
    [p] => 0
    [post_parent] => 
    [subpost] => 
    [subpost_id] => 
    [attachment] => 
    [attachment_id] => 0
    [name] => 
    [pagename] => 
    [page_id] => 0
    [second] => 
    [minute] => 
    [hour] => 
    [day] => 0
    [monthnum] => 0
    [year] => 0
    [w] => 0
    [category_name] => 
    [tag] => 
    [cat] => 
    [tag_id] => 
    [author] => 
    [author_name] => 
    [feed] => 
    [tb] => 
    [paged] => 0
    [preview] => 
    [s] => 
    [sentence] => 
    [title] => 
    [fields] => 
    [menu_order] => 
    [embed] => 
    [category__in] => Array
        (
        )

    [category__not_in] => Array
        (
        )

    [category__and] => Array
        (
        )

    [post__in] => Array
        (
        )

    [post__not_in] => Array
        (
        )

    [post_name__in] => Array
        (
        )

    [tag__in] => Array
        (
        )

    [tag__not_in] => Array
        (
        )

    [tag__and] => Array
        (
        )

    [tag_slug__in] => Array
        (
        )

    [tag_slug__and] => Array
        (
        )

    [post_parent__in] => Array
        (
        )

    [post_parent__not_in] => Array
        (
        )

    [author__in] => Array
        (
        )

    [author__not_in] => Array
        (
        )

    [search_columns] => Array
        (
        )

)

[2025-11-09 13:26:00] [06a1c0e4728c14f361ea9c993491f767] お問い合わせページのクエリ変数:
[2025-11-09 13:26:00] [06a1c0e4728c14f361ea9c993491f767] Array
(
    [numberposts] => 5
    [category] => 0
    [orderby] => menu_order title
    [order] => ASC
    [include] => Array
        (
        )

    [exclude] => Array
        (
        )

    [meta_key] => 
    [meta_value] => 
    [post_type] => acf-field
    [suppress_filters] => 
    [posts_per_page] => 1
    [cache_results] => 1
    [update_post_meta_cache] => 
    [update_post_term_cache] => 
    [acf_field_key] => field_62e9e0ad58e1b
    [post_status] => publish
    [ignore_sticky_posts] => 1
    [no_found_rows] => 1
    [error] => 
    [m] => 
    [p] => 0
    [post_parent] => 
    [subpost] => 
    [subpost_id] => 
    [attachment] => 
    [attachment_id] => 0
    [name] => 
    [pagename] => 
    [page_id] => 0
    [second] => 
    [minute] => 
    [hour] => 
    [day] => 0
    [monthnum] => 0
    [year] => 0
    [w] => 0
    [category_name] => 
    [tag] => 
    [cat] => 
    [tag_id] => 
    [author] => 
    [author_name] => 
    [feed] => 
    [tb] => 
    [paged] => 0
    [preview] => 
    [s] => 
    [sentence] => 
    [title] => 
    [fields] => 
    [menu_order] => 
    [embed] => 
    [category__in] => Array
        (
        )

    [category__not_in] => Array
        (
        )

    [category__and] => Array
        (
        )

    [post__in] => Array
        (
        )

    [post__not_in] => Array
        (
        )

    [post_name__in] => Array
        (
        )

    [tag__in] => Array
        (
        )

    [tag__not_in] => Array
        (
        )

    [tag__and] => Array
        (
        )

    [tag_slug__in] => Array
        (
        )

    [tag_slug__and] => Array
        (
        )

    [post_parent__in] => Array
        (
        )

    [post_parent__not_in] => Array
        (
        )

    [author__in] => Array
        (
        )

    [author__not_in] => Array
        (
        )

    [search_columns] => Array
        (
        )

)

[2025-11-09 13:26:00] [06a1c0e4728c14f361ea9c993491f767] お問い合わせページのクエリ変数:
[2025-11-09 13:26:00] [06a1c0e4728c14f361ea9c993491f767] Array
(
    [numberposts] => 5
    [category] => 0
    [orderby] => menu_order title
    [order] => ASC
    [include] => Array
        (
        )

    [exclude] => Array
        (
        )

    [meta_key] => 
    [meta_value] => 
    [post_type] => acf-field
    [suppress_filters] => 
    [posts_per_page] => 1
    [cache_results] => 1
    [update_post_meta_cache] => 
    [update_post_term_cache] => 
    [acf_field_key] => field_62e9e0d058e1d
    [post_status] => publish
    [ignore_sticky_posts] => 1
    [no_found_rows] => 1
    [error] => 
    [m] => 
    [p] => 0
    [post_parent] => 
    [subpost] => 
    [subpost_id] => 
    [attachment] => 
    [attachment_id] => 0
    [name] => 
    [pagename] => 
    [page_id] => 0
    [second] => 
    [minute] => 
    [hour] => 
    [day] => 0
    [monthnum] => 0
    [year] => 0
    [w] => 0
    [category_name] => 
    [tag] => 
    [cat] => 
    [tag_id] => 
    [author] => 
    [author_name] => 
    [feed] => 
    [tb] => 
    [paged] => 0
    [preview] => 
    [s] => 
    [sentence] => 
    [title] => 
    [fields] => 
    [menu_order] => 
    [embed] => 
    [category__in] => Array
        (
        )

    [category__not_in] => Array
        (
        )

    [category__and] => Array
        (
        )

    [post__in] => Array
        (
        )

    [post__not_in] => Array
        (
        )

    [post_name__in] => Array
        (
        )

    [tag__in] => Array
        (
        )

    [tag__not_in] => Array
        (
        )

    [tag__and] => Array
        (
        )

    [tag_slug__in] => Array
        (
        )

    [tag_slug__and] => Array
        (
        )

    [post_parent__in] => Array
        (
        )

    [post_parent__not_in] => Array
        (
        )

    [author__in] => Array
        (
        )

    [author__not_in] => Array
        (
        )

    [search_columns] => Array
        (
        )

)

[2025-11-09 13:26:00] [06a1c0e4728c14f361ea9c993491f767] お問い合わせページのクエリ変数:
[2025-11-09 13:26:00] [06a1c0e4728c14f361ea9c993491f767] Array
(
    [numberposts] => 5
    [category] => 0
    [orderby] => menu_order title
    [order] => ASC
    [include] => Array
        (
        )

    [exclude] => Array
        (
        )

    [meta_key] => 
    [meta_value] => 
    [post_type] => acf-field
    [suppress_filters] => 
    [posts_per_page] => 1
    [cache_results] => 1
    [update_post_meta_cache] => 
    [update_post_term_cache] => 
    [acf_field_key] => field_62e9e0d858e1e
    [post_status] => publish
    [ignore_sticky_posts] => 1
    [no_found_rows] => 1
    [error] => 
    [m] => 
    [p] => 0
    [post_parent] => 
    [subpost] => 
    [subpost_id] => 
    [attachment] => 
    [attachment_id] => 0
    [name] => 
    [pagename] => 
    [page_id] => 0
    [second] => 
    [minute] => 
    [hour] => 
    [day] => 0
    [monthnum] => 0
    [year] => 0
    [w] => 0
    [category_name] => 
    [tag] => 
    [cat] => 
    [tag_id] => 
    [author] => 
    [author_name] => 
    [feed] => 
    [tb] => 
    [paged] => 0
    [preview] => 
    [s] => 
    [sentence] => 
    [title] => 
    [fields] => 
    [menu_order] => 
    [embed] => 
    [category__in] => Array
        (
        )

    [category__not_in] => Array
        (
        )

    [category__and] => Array
        (
        )

    [post__in] => Array
        (
        )

    [post__not_in] => Array
        (
        )

    [post_name__in] => Array
        (
        )

    [tag__in] => Array
        (
        )

    [tag__not_in] => Array
        (
        )

    [tag__and] => Array
        (
        )

    [tag_slug__in] => Array
        (
        )

    [tag_slug__and] => Array
        (
        )

    [post_parent__in] => Array
        (
        )

    [post_parent__not_in] => Array
        (
        )

    [author__in] => Array
        (
        )

    [author__not_in] => Array
        (
        )

    [search_columns] => Array
        (
        )

)

[2025-11-09 13:26:00] [06a1c0e4728c14f361ea9c993491f767] お問い合わせページのクエリ変数:
[2025-11-09 13:26:00] [06a1c0e4728c14f361ea9c993491f767] Array
(
    [numberposts] => 5
    [category] => 0
    [orderby] => menu_order title
    [order] => ASC
    [include] => Array
        (
        )

    [exclude] => Array
        (
        )

    [meta_key] => 
    [meta_value] => 
    [post_type] => acf-field
    [suppress_filters] => 
    [posts_per_page] => 1
    [cache_results] => 1
    [update_post_meta_cache] => 
    [update_post_term_cache] => 
    [acf_field_key] => field_62e9e11758e21
    [post_status] => publish
    [ignore_sticky_posts] => 1
    [no_found_rows] => 1
    [error] => 
    [m] => 
    [p] => 0
    [post_parent] => 
    [subpost] => 
    [subpost_id] => 
    [attachment] => 
    [attachment_id] => 0
    [name] => 
    [pagename] => 
    [page_id] => 0
    [second] => 
    [minute] => 
    [hour] => 
    [day] => 0
    [monthnum] => 0
    [year] => 0
    [w] => 0
    [category_name] => 
    [tag] => 
    [cat] => 
    [tag_id] => 
    [author] => 
    [author_name] => 
    [feed] => 
    [tb] => 
    [paged] => 0
    [preview] => 
    [s] => 
    [sentence] => 
    [title] => 
    [fields] => 
    [menu_order] => 
    [embed] => 
    [category__in] => Array
        (
        )

    [category__not_in] => Array
        (
        )

    [category__and] => Array
        (
        )

    [post__in] => Array
        (
        )

    [post__not_in] => Array
        (
        )

    [post_name__in] => Array
        (
        )

    [tag__in] => Array
        (
        )

    [tag__not_in] => Array
        (
        )

    [tag__and] => Array
        (
        )

    [tag_slug__in] => Array
        (
        )

    [tag_slug__and] => Array
        (
        )

    [post_parent__in] => Array
        (
        )

    [post_parent__not_in] => Array
        (
        )

    [author__in] => Array
        (
        )

    [author__not_in] => Array
        (
        )

    [search_columns] => Array
        (
        )

)

[2025-11-09 13:26:00] [06a1c0e4728c14f361ea9c993491f767] お問い合わせページのクエリ変数:
[2025-11-09 13:26:00] [06a1c0e4728c14f361ea9c993491f767] Array
(
    [numberposts] => 5
    [category] => 0
    [orderby] => menu_order title
    [order] => ASC
    [include] => Array
        (
        )

    [exclude] => Array
        (
        )

    [meta_key] => 
    [meta_value] => 
    [post_type] => acf-field
    [suppress_filters] => 
    [posts_per_page] => 1
    [cache_results] => 1
    [update_post_meta_cache] => 
    [update_post_term_cache] => 
    [acf_field_key] => field_62e9e10458e20
    [post_status] => publish
    [ignore_sticky_posts] => 1
    [no_found_rows] => 1
    [error] => 
    [m] => 
    [p] => 0
    [post_parent] => 
    [subpost] => 
    [subpost_id] => 
    [attachment] => 
    [attachment_id] => 0
    [name] => 
    [pagename] => 
    [page_id] => 0
    [second] => 
    [minute] => 
    [hour] => 
    [day] => 0
    [monthnum] => 0
    [year] => 0
    [w] => 0
    [category_name] => 
    [tag] => 
    [cat] => 
    [tag_id] => 
    [author] => 
    [author_name] => 
    [feed] => 
    [tb] => 
    [paged] => 0
    [preview] => 
    [s] => 
    [sentence] => 
    [title] => 
    [fields] => 
    [menu_order] => 
    [embed] => 
    [category__in] => Array
        (
        )

    [category__not_in] => Array
        (
        )

    [category__and] => Array
        (
        )

    [post__in] => Array
        (
        )

    [post__not_in] => Array
        (
        )

    [post_name__in] => Array
        (
        )

    [tag__in] => Array
        (
        )

    [tag__not_in] => Array
        (
        )

    [tag__and] => Array
        (
        )

    [tag_slug__in] => Array
        (
        )

    [tag_slug__and] => Array
        (
        )

    [post_parent__in] => Array
        (
        )

    [post_parent__not_in] => Array
        (
        )

    [author__in] => Array
        (
        )

    [author__not_in] => Array
        (
        )

    [search_columns] => Array
        (
        )

)

[2025-11-09 13:26:00] [06a1c0e4728c14f361ea9c993491f767] お問い合わせページのクエリ変数:
[2025-11-09 13:26:00] [06a1c0e4728c14f361ea9c993491f767] Array
(
    [numberposts] => 5
    [category] => 0
    [orderby] => menu_order title
    [order] => ASC
    [include] => Array
        (
        )

    [exclude] => Array
        (
        )

    [meta_key] => 
    [meta_value] => 
    [post_type] => acf-field
    [suppress_filters] => 
    [posts_per_page] => 1
    [cache_results] => 1
    [update_post_meta_cache] => 
    [update_post_term_cache] => 
    [acf_field_key] => field_62e9e12158e22
    [post_status] => publish
    [ignore_sticky_posts] => 1
    [no_found_rows] => 1
    [error] => 
    [m] => 
    [p] => 0
    [post_parent] => 
    [subpost] => 
    [subpost_id] => 
    [attachment] => 
    [attachment_id] => 0
    [name] => 
    [pagename] => 
    [page_id] => 0
    [second] => 
    [minute] => 
    [hour] => 
    [day] => 0
    [monthnum] => 0
    [year] => 0
    [w] => 0
    [category_name] => 
    [tag] => 
    [cat] => 
    [tag_id] => 
    [author] => 
    [author_name] => 
    [feed] => 
    [tb] => 
    [paged] => 0
    [preview] => 
    [s] => 
    [sentence] => 
    [title] => 
    [fields] => 
    [menu_order] => 
    [embed] => 
    [category__in] => Array
        (
        )

    [category__not_in] => Array
        (
        )

    [category__and] => Array
        (
        )

    [post__in] => Array
        (
        )

    [post__not_in] => Array
        (
        )

    [post_name__in] => Array
        (
        )

    [tag__in] => Array
        (
        )

    [tag__not_in] => Array
        (
        )

    [tag__and] => Array
        (
        )

    [tag_slug__in] => Array
        (
        )

    [tag_slug__and] => Array
        (
        )

    [post_parent__in] => Array
        (
        )

    [post_parent__not_in] => Array
        (
        )

    [author__in] => Array
        (
        )

    [author__not_in] => Array
        (
        )

    [search_columns] => Array
        (
        )

)

[2025-11-09 13:26:00] [06a1c0e4728c14f361ea9c993491f767] お問い合わせページのクエリ変数:
[2025-11-09 13:26:00] [06a1c0e4728c14f361ea9c993491f767] Array
(
    [numberposts] => 5
    [category] => 0
    [orderby] => menu_order title
    [order] => ASC
    [include] => Array
        (
        )

    [exclude] => Array
        (
        )

    [meta_key] => 
    [meta_value] => 
    [post_type] => acf-field
    [suppress_filters] => 
    [posts_per_page] => 1
    [cache_results] => 1
    [update_post_meta_cache] => 
    [update_post_term_cache] => 
    [acf_field_key] => field_62e9e12c58e23
    [post_status] => publish
    [ignore_sticky_posts] => 1
    [no_found_rows] => 1
    [error] => 
    [m] => 
    [p] => 0
    [post_parent] => 
    [subpost] => 
    [subpost_id] => 
    [attachment] => 
    [attachment_id] => 0
    [name] => 
    [pagename] => 
    [page_id] => 0
    [second] => 
    [minute] => 
    [hour] => 
    [day] => 0
    [monthnum] => 0
    [year] => 0
    [w] => 0
    [category_name] => 
    [tag] => 
    [cat] => 
    [tag_id] => 
    [author] => 
    [author_name] => 
    [feed] => 
    [tb] => 
    [paged] => 0
    [preview] => 
    [s] => 
    [sentence] => 
    [title] => 
    [fields] => 
    [menu_order] => 
    [embed] => 
    [category__in] => Array
        (
        )

    [category__not_in] => Array
        (
        )

    [category__and] => Array
        (
        )

    [post__in] => Array
        (
        )

    [post__not_in] => Array
        (
        )

    [post_name__in] => Array
        (
        )

    [tag__in] => Array
        (
        )

    [tag__not_in] => Array
        (
        )

    [tag__and] => Array
        (
        )

    [tag_slug__in] => Array
        (
        )

    [tag_slug__and] => Array
        (
        )

    [post_parent__in] => Array
        (
        )

    [post_parent__not_in] => Array
        (
        )

    [author__in] => Array
        (
        )

    [author__not_in] => Array
        (
        )

    [search_columns] => Array
        (
        )

)

[2025-11-09 13:26:10] [06a1c0e4728c14f361ea9c993491f767] お問い合わせページのクエリ変数:
[2025-11-09 13:26:10] [06a1c0e4728c14f361ea9c993491f767] Array
(
    [numberposts] => 5
    [category] => 0
    [orderby] => date
    [order] => DESC
    [include] => Array
        (
        )

    [exclude] => Array
        (
        )

    [meta_key] => 
    [meta_value] => 
    [post_type] => mw-wp-form
    [suppress_filters] => 1
    [posts_per_page] => -1
    [post_status] => publish
    [ignore_sticky_posts] => 1
    [no_found_rows] => 1
    [error] => 
    [m] => 
    [p] => 0
    [post_parent] => 
    [subpost] => 
    [subpost_id] => 
    [attachment] => 
    [attachment_id] => 0
    [name] => 
    [pagename] => 
    [page_id] => 0
    [second] => 
    [minute] => 
    [hour] => 
    [day] => 0
    [monthnum] => 0
    [year] => 0
    [w] => 0
    [category_name] => 
    [tag] => 
    [cat] => 
    [tag_id] => 
    [author] => 
    [author_name] => 
    [feed] => 
    [tb] => 
    [paged] => 0
    [preview] => 
    [s] => 
    [sentence] => 
    [title] => 
    [fields] => 
    [menu_order] => 
    [embed] => 
    [category__in] => Array
        (
        )

    [category__not_in] => Array
        (
        )

    [category__and] => Array
        (
        )

    [post__in] => Array
        (
        )

    [post__not_in] => Array
        (
        )

    [post_name__in] => Array
        (
        )

    [tag__in] => Array
        (
        )

    [tag__not_in] => Array
        (
        )

    [tag__and] => Array
        (
        )

    [tag_slug__in] => Array
        (
        )

    [tag_slug__and] => Array
        (
        )

    [post_parent__in] => Array
        (
        )

    [post_parent__not_in] => Array
        (
        )

    [author__in] => Array
        (
        )

    [author__not_in] => Array
        (
        )

    [search_columns] => Array
        (
        )

)

[2025-11-09 13:26:10] [06a1c0e4728c14f361ea9c993491f767] お問い合わせページのクエリ変数:
[2025-11-09 13:26:10] [06a1c0e4728c14f361ea9c993491f767] Array
(
    [page] => 
    [pagename] => contact
    [error] => 
    [m] => 
    [p] => 0
    [post_parent] => 
    [subpost] => 
    [subpost_id] => 
    [attachment] => 
    [attachment_id] => 0
    [name] => 
    [page_id] => 0
    [second] => 
    [minute] => 
    [hour] => 
    [day] => 0
    [monthnum] => 0
    [year] => 0
    [w] => 0
    [category_name] => 
    [tag] => 
    [cat] => 
    [tag_id] => 
    [author] => 
    [author_name] => 
    [feed] => 
    [tb] => 
    [paged] => 0
    [meta_key] => 
    [meta_value] => 
    [preview] => 
    [s] => 
    [sentence] => 
    [title] => 
    [fields] => 
    [menu_order] => 
    [embed] => 
    [category__in] => Array
        (
        )

    [category__not_in] => Array
        (
        )

    [category__and] => Array
        (
        )

    [post__in] => Array
        (
        )

    [post__not_in] => Array
        (
        )

    [post_name__in] => Array
        (
        )

    [tag__in] => Array
        (
        )

    [tag__not_in] => Array
        (
        )

    [tag__and] => Array
        (
        )

    [tag_slug__in] => Array
        (
        )

    [tag_slug__and] => Array
        (
        )

    [post_parent__in] => Array
        (
        )

    [post_parent__not_in] => Array
        (
        )

    [author__in] => Array
        (
        )

    [author__not_in] => Array
        (
        )

    [search_columns] => Array
        (
        )

)

[2025-11-09 13:26:10] [06a1c0e4728c14f361ea9c993491f767] テンプレートリダイレクト直前の状態:
[2025-11-09 13:26:10] [06a1c0e4728c14f361ea9c993491f767] is_404: false
[2025-11-09 13:26:10] [06a1c0e4728c14f361ea9c993491f767] is_page: true
[2025-11-09 13:26:10] [06a1c0e4728c14f361ea9c993491f767] is_single: false
[2025-11-09 13:26:10] [06a1c0e4728c14f361ea9c993491f767] 現在のページID: 17468
[2025-11-09 13:26:10] [06a1c0e4728c14f361ea9c993491f767] 現在のページタイプ: page
[2025-11-09 13:26:10] [06a1c0e4728c14f361ea9c993491f767] 現在のページスラグ: contact
[2025-11-09 13:26:10] [06a1c0e4728c14f361ea9c993491f767] クエリ変数: Array
(
    [page] => 0
    [pagename] => contact
    [error] => 
    [m] => 
    [p] => 0
    [post_parent] => 
    [subpost] => 
    [subpost_id] => 
    [attachment] => 
    [attachment_id] => 0
    [name] => contact
    [page_id] => 0
    [second] => 
    [minute] => 
    [hour] => 
    [day] => 0
    [monthnum] => 0
    [year] => 0
    [w] => 0
    [category_name] => 
    [tag] => 
    [cat] => 
    [tag_id] => 
    [author] => 
    [author_name] => 
    [feed] => 
    [tb] => 
    [paged] => 0
    [meta_key] => 
    [meta_value] => 
    [preview] => 
    [s] => 
    [sentence] => 
    [title] => 
    [fields] => 
    [menu_order] => 
    [embed] => 
    [category__in] => Array
        (
        )

    [category__not_in] => Array
        (
        )

    [category__and] => Array
        (
        )

    [post__in] => Array
        (
        )

    [post__not_in] => Array
        (
        )

    [post_name__in] => Array
        (
        )

    [tag__in] => Array
        (
        )

    [tag__not_in] => Array
        (
        )

    [tag__and] => Array
        (
        )

    [tag_slug__in] => Array
        (
        )

    [tag_slug__and] => Array
        (
        )

    [post_parent__in] => Array
        (
        )

    [post_parent__not_in] => Array
        (
        )

    [author__in] => Array
        (
        )

    [author__not_in] => Array
        (
        )

    [search_columns] => Array
        (
        )

    [ignore_sticky_posts] => 
    [suppress_filters] => 
    [cache_results] => 1
    [update_post_term_cache] => 1
    [update_menu_item_cache] => 
    [lazy_load_term_meta] => 1
    [update_post_meta_cache] => 1
    [post_type] => 
    [posts_per_page] => 1
    [nopaging] => 
    [comments_per_page] => 50
    [no_found_rows] => 
    [order] => DESC
)

[2025-11-09 13:26:10] [06a1c0e4728c14f361ea9c993491f767] 現在のテンプレート: /var/www/html/wp-content/themes/landi_renewal/page-contact.php
[2025-11-09 13:26:10] [06a1c0e4728c14f361ea9c993491f767] 選択されたテンプレート: /var/www/html/wp-content/themes/landi_renewal/page-contact.php
[2025-11-09 13:26:10] [06a1c0e4728c14f361ea9c993491f767] お問い合わせページのクエリ変数:
[2025-11-09 13:26:10] [06a1c0e4728c14f361ea9c993491f767] Array
(
    [numberposts] => 5
    [category] => 0
    [orderby] => menu_order title
    [order] => ASC
    [include] => Array
        (
        )

    [exclude] => Array
        (
        )

    [meta_key] => 
    [meta_value] => 
    [post_type] => acf-field
    [suppress_filters] => 
    [posts_per_page] => 1
    [cache_results] => 1
    [update_post_meta_cache] => 
    [update_post_term_cache] => 
    [acf_field_key] => field_61fb7926e7403
    [post_status] => publish
    [ignore_sticky_posts] => 1
    [no_found_rows] => 1
    [error] => 
    [m] => 
    [p] => 0
    [post_parent] => 
    [subpost] => 
    [subpost_id] => 
    [attachment] => 
    [attachment_id] => 0
    [name] => 
    [pagename] => 
    [page_id] => 0
    [second] => 
    [minute] => 
    [hour] => 
    [day] => 0
    [monthnum] => 0
    [year] => 0
    [w] => 0
    [category_name] => 
    [tag] => 
    [cat] => 
    [tag_id] => 
    [author] => 
    [author_name] => 
    [feed] => 
    [tb] => 
    [paged] => 0
    [preview] => 
    [s] => 
    [sentence] => 
    [title] => 
    [fields] => 
    [menu_order] => 
    [embed] => 
    [category__in] => Array
        (
        )

    [category__not_in] => Array
        (
        )

    [category__and] => Array
        (
        )

    [post__in] => Array
        (
        )

    [post__not_in] => Array
        (
        )

    [post_name__in] => Array
        (
        )

    [tag__in] => Array
        (
        )

    [tag__not_in] => Array
        (
        )

    [tag__and] => Array
        (
        )

    [tag_slug__in] => Array
        (
        )

    [tag_slug__and] => Array
        (
        )

    [post_parent__in] => Array
        (
        )

    [post_parent__not_in] => Array
        (
        )

    [author__in] => Array
        (
        )

    [author__not_in] => Array
        (
        )

    [search_columns] => Array
        (
        )

)

[2025-11-09 13:26:10] [06a1c0e4728c14f361ea9c993491f767] お問い合わせページのクエリ変数:
[2025-11-09 13:26:10] [06a1c0e4728c14f361ea9c993491f767] Array
(
    [numberposts] => 5
    [category] => 0
    [orderby] => menu_order title
    [order] => ASC
    [include] => Array
        (
        )

    [exclude] => Array
        (
        )

    [meta_key] => 
    [meta_value] => 
    [post_type] => acf-field
    [suppress_filters] => 
    [posts_per_page] => 1
    [cache_results] => 1
    [update_post_meta_cache] => 
    [update_post_term_cache] => 
    [acf_field_key] => field_61fb796ce7404
    [post_status] => publish
    [ignore_sticky_posts] => 1
    [no_found_rows] => 1
    [error] => 
    [m] => 
    [p] => 0
    [post_parent] => 
    [subpost] => 
    [subpost_id] => 
    [attachment] => 
    [attachment_id] => 0
    [name] => 
    [pagename] => 
    [page_id] => 0
    [second] => 
    [minute] => 
    [hour] => 
    [day] => 0
    [monthnum] => 0
    [year] => 0
    [w] => 0
    [category_name] => 
    [tag] => 
    [cat] => 
    [tag_id] => 
    [author] => 
    [author_name] => 
    [feed] => 
    [tb] => 
    [paged] => 0
    [preview] => 
    [s] => 
    [sentence] => 
    [title] => 
    [fields] => 
    [menu_order] => 
    [embed] => 
    [category__in] => Array
        (
        )

    [category__not_in] => Array
        (
        )

    [category__and] => Array
        (
        )

    [post__in] => Array
        (
        )

    [post__not_in] => Array
        (
        )

    [post_name__in] => Array
        (
        )

    [tag__in] => Array
        (
        )

    [tag__not_in] => Array
        (
        )

    [tag__and] => Array
        (
        )

    [tag_slug__in] => Array
        (
        )

    [tag_slug__and] => Array
        (
        )

    [post_parent__in] => Array
        (
        )

    [post_parent__not_in] => Array
        (
        )

    [author__in] => Array
        (
        )

    [author__not_in] => Array
        (
        )

    [search_columns] => Array
        (
        )

)

[2025-11-09 13:26:10] [06a1c0e4728c14f361ea9c993491f767] お問い合わせページのクエリ変数:
[2025-11-09 13:26:10] [06a1c0e4728c14f361ea9c993491f767] Array
(
    [numberposts] => 5
    [category] => 0
    [orderby] => menu_order title
    [order] => ASC
    [include] => Array
        (
        )

    [exclude] => Array
        (
        )

    [meta_key] => 
    [meta_value] => 
    [post_type] => acf-field
    [suppress_filters] => 
    [posts_per_page] => 1
    [cache_results] => 1
    [update_post_meta_cache] => 
    [update_post_term_cache] => 
    [acf_field_key] => field_61fb7982e7405
    [post_status] => publish
    [ignore_sticky_posts] => 1
    [no_found_rows] => 1
    [error] => 
    [m] => 
    [p] => 0
    [post_parent] => 
    [subpost] => 
    [subpost_id] => 
    [attachment] => 
    [attachment_id] => 0
    [name] => 
    [pagename] => 
    [page_id] => 0
    [second] => 
    [minute] => 
    [hour] => 
    [day] => 0
    [monthnum] => 0
    [year] => 0
    [w] => 0
    [category_name] => 
    [tag] => 
    [cat] => 
    [tag_id] => 
    [author] => 
    [author_name] => 
    [feed] => 
    [tb] => 
    [paged] => 0
    [preview] => 
    [s] => 
    [sentence] => 
    [title] => 
    [fields] => 
    [menu_order] => 
    [embed] => 
    [category__in] => Array
        (
        )

    [category__not_in] => Array
        (
        )

    [category__and] => Array
        (
        )

    [post__in] => Array
        (
        )

    [post__not_in] => Array
        (
        )

    [post_name__in] => Array
        (
        )

    [tag__in] => Array
        (
        )

    [tag__not_in] => Array
        (
        )

    [tag__and] => Array
        (
        )

    [tag_slug__in] => Array
        (
        )

    [tag_slug__and] => Array
        (
        )

    [post_parent__in] => Array
        (
        )

    [post_parent__not_in] => Array
        (
        )

    [author__in] => Array
        (
        )

    [author__not_in] => Array
        (
        )

    [search_columns] => Array
        (
        )

)

[2025-11-09 13:26:10] [06a1c0e4728c14f361ea9c993491f767] お問い合わせページのクエリ変数:
[2025-11-09 13:26:10] [06a1c0e4728c14f361ea9c993491f767] Array
(
    [numberposts] => 5
    [category] => 0
    [orderby] => menu_order title
    [order] => ASC
    [include] => Array
        (
        )

    [exclude] => Array
        (
        )

    [meta_key] => 
    [meta_value] => 
    [post_type] => acf-field
    [suppress_filters] => 
    [posts_per_page] => 1
    [cache_results] => 1
    [update_post_meta_cache] => 
    [update_post_term_cache] => 
    [acf_field_key] => field_61fb7a915504b
    [post_status] => publish
    [ignore_sticky_posts] => 1
    [no_found_rows] => 1
    [error] => 
    [m] => 
    [p] => 0
    [post_parent] => 
    [subpost] => 
    [subpost_id] => 
    [attachment] => 
    [attachment_id] => 0
    [name] => 
    [pagename] => 
    [page_id] => 0
    [second] => 
    [minute] => 
    [hour] => 
    [day] => 0
    [monthnum] => 0
    [year] => 0
    [w] => 0
    [category_name] => 
    [tag] => 
    [cat] => 
    [tag_id] => 
    [author] => 
    [author_name] => 
    [feed] => 
    [tb] => 
    [paged] => 0
    [preview] => 
    [s] => 
    [sentence] => 
    [title] => 
    [fields] => 
    [menu_order] => 
    [embed] => 
    [category__in] => Array
        (
        )

    [category__not_in] => Array
        (
        )

    [category__and] => Array
        (
        )

    [post__in] => Array
        (
        )

    [post__not_in] => Array
        (
        )

    [post_name__in] => Array
        (
        )

    [tag__in] => Array
        (
        )

    [tag__not_in] => Array
        (
        )

    [tag__and] => Array
        (
        )

    [tag_slug__in] => Array
        (
        )

    [tag_slug__and] => Array
        (
        )

    [post_parent__in] => Array
        (
        )

    [post_parent__not_in] => Array
        (
        )

    [author__in] => Array
        (
        )

    [author__not_in] => Array
        (
        )

    [search_columns] => Array
        (
        )

)

[2025-11-09 13:26:10] [06a1c0e4728c14f361ea9c993491f767] お問い合わせページのクエリ変数:
[2025-11-09 13:26:10] [06a1c0e4728c14f361ea9c993491f767] Array
(
    [numberposts] => 5
    [category] => 0
    [orderby] => menu_order title
    [order] => ASC
    [include] => Array
        (
        )

    [exclude] => Array
        (
        )

    [meta_key] => 
    [meta_value] => 
    [post_type] => acf-field
    [suppress_filters] => 
    [posts_per_page] => 1
    [cache_results] => 1
    [update_post_meta_cache] => 
    [update_post_term_cache] => 
    [acf_field_key] => field_62e9e0c758e1c
    [post_status] => publish
    [ignore_sticky_posts] => 1
    [no_found_rows] => 1
    [error] => 
    [m] => 
    [p] => 0
    [post_parent] => 
    [subpost] => 
    [subpost_id] => 
    [attachment] => 
    [attachment_id] => 0
    [name] => 
    [pagename] => 
    [page_id] => 0
    [second] => 
    [minute] => 
    [hour] => 
    [day] => 0
    [monthnum] => 0
    [year] => 0
    [w] => 0
    [category_name] => 
    [tag] => 
    [cat] => 
    [tag_id] => 
    [author] => 
    [author_name] => 
    [feed] => 
    [tb] => 
    [paged] => 0
    [preview] => 
    [s] => 
    [sentence] => 
    [title] => 
    [fields] => 
    [menu_order] => 
    [embed] => 
    [category__in] => Array
        (
        )

    [category__not_in] => Array
        (
        )

    [category__and] => Array
        (
        )

    [post__in] => Array
        (
        )

    [post__not_in] => Array
        (
        )

    [post_name__in] => Array
        (
        )

    [tag__in] => Array
        (
        )

    [tag__not_in] => Array
        (
        )

    [tag__and] => Array
        (
        )

    [tag_slug__in] => Array
        (
        )

    [tag_slug__and] => Array
        (
        )

    [post_parent__in] => Array
        (
        )

    [post_parent__not_in] => Array
        (
        )

    [author__in] => Array
        (
        )

    [author__not_in] => Array
        (
        )

    [search_columns] => Array
        (
        )

)

[2025-11-09 13:26:10] [06a1c0e4728c14f361ea9c993491f767] お問い合わせページのクエリ変数:
[2025-11-09 13:26:10] [06a1c0e4728c14f361ea9c993491f767] Array
(
    [numberposts] => 5
    [category] => 0
    [orderby] => menu_order title
    [order] => ASC
    [include] => Array
        (
        )

    [exclude] => Array
        (
        )

    [meta_key] => 
    [meta_value] => 
    [post_type] => acf-field
    [suppress_filters] => 
    [posts_per_page] => 1
    [cache_results] => 1
    [update_post_meta_cache] => 
    [update_post_term_cache] => 
    [acf_field_key] => field_62e9e0ad58e1b
    [post_status] => publish
    [ignore_sticky_posts] => 1
    [no_found_rows] => 1
    [error] => 
    [m] => 
    [p] => 0
    [post_parent] => 
    [subpost] => 
    [subpost_id] => 
    [attachment] => 
    [attachment_id] => 0
    [name] => 
    [pagename] => 
    [page_id] => 0
    [second] => 
    [minute] => 
    [hour] => 
    [day] => 0
    [monthnum] => 0
    [year] => 0
    [w] => 0
    [category_name] => 
    [tag] => 
    [cat] => 
    [tag_id] => 
    [author] => 
    [author_name] => 
    [feed] => 
    [tb] => 
    [paged] => 0
    [preview] => 
    [s] => 
    [sentence] => 
    [title] => 
    [fields] => 
    [menu_order] => 
    [embed] => 
    [category__in] => Array
        (
        )

    [category__not_in] => Array
        (
        )

    [category__and] => Array
        (
        )

    [post__in] => Array
        (
        )

    [post__not_in] => Array
        (
        )

    [post_name__in] => Array
        (
        )

    [tag__in] => Array
        (
        )

    [tag__not_in] => Array
        (
        )

    [tag__and] => Array
        (
        )

    [tag_slug__in] => Array
        (
        )

    [tag_slug__and] => Array
        (
        )

    [post_parent__in] => Array
        (
        )

    [post_parent__not_in] => Array
        (
        )

    [author__in] => Array
        (
        )

    [author__not_in] => Array
        (
        )

    [search_columns] => Array
        (
        )

)

[2025-11-09 13:26:10] [06a1c0e4728c14f361ea9c993491f767] お問い合わせページのクエリ変数:
[2025-11-09 13:26:10] [06a1c0e4728c14f361ea9c993491f767] Array
(
    [numberposts] => 5
    [category] => 0
    [orderby] => menu_order title
    [order] => ASC
    [include] => Array
        (
        )

    [exclude] => Array
        (
        )

    [meta_key] => 
    [meta_value] => 
    [post_type] => acf-field
    [suppress_filters] => 
    [posts_per_page] => 1
    [cache_results] => 1
    [update_post_meta_cache] => 
    [update_post_term_cache] => 
    [acf_field_key] => field_62e9e0d058e1d
    [post_status] => publish
    [ignore_sticky_posts] => 1
    [no_found_rows] => 1
    [error] => 
    [m] => 
    [p] => 0
    [post_parent] => 
    [subpost] => 
    [subpost_id] => 
    [attachment] => 
    [attachment_id] => 0
    [name] => 
    [pagename] => 
    [page_id] => 0
    [second] => 
    [minute] => 
    [hour] => 
    [day] => 0
    [monthnum] => 0
    [year] => 0
    [w] => 0
    [category_name] => 
    [tag] => 
    [cat] => 
    [tag_id] => 
    [author] => 
    [author_name] => 
    [feed] => 
    [tb] => 
    [paged] => 0
    [preview] => 
    [s] => 
    [sentence] => 
    [title] => 
    [fields] => 
    [menu_order] => 
    [embed] => 
    [category__in] => Array
        (
        )

    [category__not_in] => Array
        (
        )

    [category__and] => Array
        (
        )

    [post__in] => Array
        (
        )

    [post__not_in] => Array
        (
        )

    [post_name__in] => Array
        (
        )

    [tag__in] => Array
        (
        )

    [tag__not_in] => Array
        (
        )

    [tag__and] => Array
        (
        )

    [tag_slug__in] => Array
        (
        )

    [tag_slug__and] => Array
        (
        )

    [post_parent__in] => Array
        (
        )

    [post_parent__not_in] => Array
        (
        )

    [author__in] => Array
        (
        )

    [author__not_in] => Array
        (
        )

    [search_columns] => Array
        (
        )

)

[2025-11-09 13:26:10] [06a1c0e4728c14f361ea9c993491f767] お問い合わせページのクエリ変数:
[2025-11-09 13:26:10] [06a1c0e4728c14f361ea9c993491f767] Array
(
    [numberposts] => 5
    [category] => 0
    [orderby] => menu_order title
    [order] => ASC
    [include] => Array
        (
        )

    [exclude] => Array
        (
        )

    [meta_key] => 
    [meta_value] => 
    [post_type] => acf-field
    [suppress_filters] => 
    [posts_per_page] => 1
    [cache_results] => 1
    [update_post_meta_cache] => 
    [update_post_term_cache] => 
    [acf_field_key] => field_62e9e0d858e1e
    [post_status] => publish
    [ignore_sticky_posts] => 1
    [no_found_rows] => 1
    [error] => 
    [m] => 
    [p] => 0
    [post_parent] => 
    [subpost] => 
    [subpost_id] => 
    [attachment] => 
    [attachment_id] => 0
    [name] => 
    [pagename] => 
    [page_id] => 0
    [second] => 
    [minute] => 
    [hour] => 
    [day] => 0
    [monthnum] => 0
    [year] => 0
    [w] => 0
    [category_name] => 
    [tag] => 
    [cat] => 
    [tag_id] => 
    [author] => 
    [author_name] => 
    [feed] => 
    [tb] => 
    [paged] => 0
    [preview] => 
    [s] => 
    [sentence] => 
    [title] => 
    [fields] => 
    [menu_order] => 
    [embed] => 
    [category__in] => Array
        (
        )

    [category__not_in] => Array
        (
        )

    [category__and] => Array
        (
        )

    [post__in] => Array
        (
        )

    [post__not_in] => Array
        (
        )

    [post_name__in] => Array
        (
        )

    [tag__in] => Array
        (
        )

    [tag__not_in] => Array
        (
        )

    [tag__and] => Array
        (
        )

    [tag_slug__in] => Array
        (
        )

    [tag_slug__and] => Array
        (
        )

    [post_parent__in] => Array
        (
        )

    [post_parent__not_in] => Array
        (
        )

    [author__in] => Array
        (
        )

    [author__not_in] => Array
        (
        )

    [search_columns] => Array
        (
        )

)

[2025-11-09 13:26:10] [06a1c0e4728c14f361ea9c993491f767] お問い合わせページのクエリ変数:
[2025-11-09 13:26:10] [06a1c0e4728c14f361ea9c993491f767] Array
(
    [numberposts] => 5
    [category] => 0
    [orderby] => menu_order title
    [order] => ASC
    [include] => Array
        (
        )

    [exclude] => Array
        (
        )

    [meta_key] => 
    [meta_value] => 
    [post_type] => acf-field
    [suppress_filters] => 
    [posts_per_page] => 1
    [cache_results] => 1
    [update_post_meta_cache] => 
    [update_post_term_cache] => 
    [acf_field_key] => field_62e9e11758e21
    [post_status] => publish
    [ignore_sticky_posts] => 1
    [no_found_rows] => 1
    [error] => 
    [m] => 
    [p] => 0
    [post_parent] => 
    [subpost] => 
    [subpost_id] => 
    [attachment] => 
    [attachment_id] => 0
    [name] => 
    [pagename] => 
    [page_id] => 0
    [second] => 
    [minute] => 
    [hour] => 
    [day] => 0
    [monthnum] => 0
    [year] => 0
    [w] => 0
    [category_name] => 
    [tag] => 
    [cat] => 
    [tag_id] => 
    [author] => 
    [author_name] => 
    [feed] => 
    [tb] => 
    [paged] => 0
    [preview] => 
    [s] => 
    [sentence] => 
    [title] => 
    [fields] => 
    [menu_order] => 
    [embed] => 
    [category__in] => Array
        (
        )

    [category__not_in] => Array
        (
        )

    [category__and] => Array
        (
        )

    [post__in] => Array
        (
        )

    [post__not_in] => Array
        (
        )

    [post_name__in] => Array
        (
        )

    [tag__in] => Array
        (
        )

    [tag__not_in] => Array
        (
        )

    [tag__and] => Array
        (
        )

    [tag_slug__in] => Array
        (
        )

    [tag_slug__and] => Array
        (
        )

    [post_parent__in] => Array
        (
        )

    [post_parent__not_in] => Array
        (
        )

    [author__in] => Array
        (
        )

    [author__not_in] => Array
        (
        )

    [search_columns] => Array
        (
        )

)

[2025-11-09 13:26:10] [06a1c0e4728c14f361ea9c993491f767] お問い合わせページのクエリ変数:
[2025-11-09 13:26:10] [06a1c0e4728c14f361ea9c993491f767] Array
(
    [numberposts] => 5
    [category] => 0
    [orderby] => menu_order title
    [order] => ASC
    [include] => Array
        (
        )

    [exclude] => Array
        (
        )

    [meta_key] => 
    [meta_value] => 
    [post_type] => acf-field
    [suppress_filters] => 
    [posts_per_page] => 1
    [cache_results] => 1
    [update_post_meta_cache] => 
    [update_post_term_cache] => 
    [acf_field_key] => field_62e9e10458e20
    [post_status] => publish
    [ignore_sticky_posts] => 1
    [no_found_rows] => 1
    [error] => 
    [m] => 
    [p] => 0
    [post_parent] => 
    [subpost] => 
    [subpost_id] => 
    [attachment] => 
    [attachment_id] => 0
    [name] => 
    [pagename] => 
    [page_id] => 0
    [second] => 
    [minute] => 
    [hour] => 
    [day] => 0
    [monthnum] => 0
    [year] => 0
    [w] => 0
    [category_name] => 
    [tag] => 
    [cat] => 
    [tag_id] => 
    [author] => 
    [author_name] => 
    [feed] => 
    [tb] => 
    [paged] => 0
    [preview] => 
    [s] => 
    [sentence] => 
    [title] => 
    [fields] => 
    [menu_order] => 
    [embed] => 
    [category__in] => Array
        (
        )

    [category__not_in] => Array
        (
        )

    [category__and] => Array
        (
        )

    [post__in] => Array
        (
        )

    [post__not_in] => Array
        (
        )

    [post_name__in] => Array
        (
        )

    [tag__in] => Array
        (
        )

    [tag__not_in] => Array
        (
        )

    [tag__and] => Array
        (
        )

    [tag_slug__in] => Array
        (
        )

    [tag_slug__and] => Array
        (
        )

    [post_parent__in] => Array
        (
        )

    [post_parent__not_in] => Array
        (
        )

    [author__in] => Array
        (
        )

    [author__not_in] => Array
        (
        )

    [search_columns] => Array
        (
        )

)

[2025-11-09 13:26:10] [06a1c0e4728c14f361ea9c993491f767] お問い合わせページのクエリ変数:
[2025-11-09 13:26:10] [06a1c0e4728c14f361ea9c993491f767] Array
(
    [numberposts] => 5
    [category] => 0
    [orderby] => menu_order title
    [order] => ASC
    [include] => Array
        (
        )

    [exclude] => Array
        (
        )

    [meta_key] => 
    [meta_value] => 
    [post_type] => acf-field
    [suppress_filters] => 
    [posts_per_page] => 1
    [cache_results] => 1
    [update_post_meta_cache] => 
    [update_post_term_cache] => 
    [acf_field_key] => field_62e9e12158e22
    [post_status] => publish
    [ignore_sticky_posts] => 1
    [no_found_rows] => 1
    [error] => 
    [m] => 
    [p] => 0
    [post_parent] => 
    [subpost] => 
    [subpost_id] => 
    [attachment] => 
    [attachment_id] => 0
    [name] => 
    [pagename] => 
    [page_id] => 0
    [second] => 
    [minute] => 
    [hour] => 
    [day] => 0
    [monthnum] => 0
    [year] => 0
    [w] => 0
    [category_name] => 
    [tag] => 
    [cat] => 
    [tag_id] => 
    [author] => 
    [author_name] => 
    [feed] => 
    [tb] => 
    [paged] => 0
    [preview] => 
    [s] => 
    [sentence] => 
    [title] => 
    [fields] => 
    [menu_order] => 
    [embed] => 
    [category__in] => Array
        (
        )

    [category__not_in] => Array
        (
        )

    [category__and] => Array
        (
        )

    [post__in] => Array
        (
        )

    [post__not_in] => Array
        (
        )

    [post_name__in] => Array
        (
        )

    [tag__in] => Array
        (
        )

    [tag__not_in] => Array
        (
        )

    [tag__and] => Array
        (
        )

    [tag_slug__in] => Array
        (
        )

    [tag_slug__and] => Array
        (
        )

    [post_parent__in] => Array
        (
        )

    [post_parent__not_in] => Array
        (
        )

    [author__in] => Array
        (
        )

    [author__not_in] => Array
        (
        )

    [search_columns] => Array
        (
        )

)

[2025-11-09 13:26:10] [06a1c0e4728c14f361ea9c993491f767] お問い合わせページのクエリ変数:
[2025-11-09 13:26:10] [06a1c0e4728c14f361ea9c993491f767] Array
(
    [numberposts] => 5
    [category] => 0
    [orderby] => menu_order title
    [order] => ASC
    [include] => Array
        (
        )

    [exclude] => Array
        (
        )

    [meta_key] => 
    [meta_value] => 
    [post_type] => acf-field
    [suppress_filters] => 
    [posts_per_page] => 1
    [cache_results] => 1
    [update_post_meta_cache] => 
    [update_post_term_cache] => 
    [acf_field_key] => field_62e9e12c58e23
    [post_status] => publish
    [ignore_sticky_posts] => 1
    [no_found_rows] => 1
    [error] => 
    [m] => 
    [p] => 0
    [post_parent] => 
    [subpost] => 
    [subpost_id] => 
    [attachment] => 
    [attachment_id] => 0
    [name] => 
    [pagename] => 
    [page_id] => 0
    [second] => 
    [minute] => 
    [hour] => 
    [day] => 0
    [monthnum] => 0
    [year] => 0
    [w] => 0
    [category_name] => 
    [tag] => 
    [cat] => 
    [tag_id] => 
    [author] => 
    [author_name] => 
    [feed] => 
    [tb] => 
    [paged] => 0
    [preview] => 
    [s] => 
    [sentence] => 
    [title] => 
    [fields] => 
    [menu_order] => 
    [embed] => 
    [category__in] => Array
        (
        )

    [category__not_in] => Array
        (
        )

    [category__and] => Array
        (
        )

    [post__in] => Array
        (
        )

    [post__not_in] => Array
        (
        )

    [post_name__in] => Array
        (
        )

    [tag__in] => Array
        (
        )

    [tag__not_in] => Array
        (
        )

    [tag__and] => Array
        (
        )

    [tag_slug__in] => Array
        (
        )

    [tag_slug__and] => Array
        (
        )

    [post_parent__in] => Array
        (
        )

    [post_parent__not_in] => Array
        (
        )

    [author__in] => Array
        (
        )

    [author__not_in] => Array
        (
        )

    [search_columns] => Array
        (
        )

)

[2025-11-09 13:26:13] [06a1c0e4728c14f361ea9c993491f767] 選択されたテンプレート: /var/www/html/wp-content/themes/landi_renewal/page-service-landi.php
[2025-11-09 13:27:14] [06a1c0e4728c14f361ea9c993491f767] 選択されたテンプレート: /var/www/html/wp-content/themes/landi_renewal/page-service-landi.php
[2025-11-09 13:27:17] [06a1c0e4728c14f361ea9c993491f767] 選択されたテンプレート: /var/www/html/wp-content/themes/landi_renewal/page-service-landi.php
[2025-11-09 13:27:33] [06a1c0e4728c14f361ea9c993491f767] 選択されたテンプレート: /var/www/html/wp-content/themes/landi_renewal/page-service-landi.php
[2025-11-09 13:27:49] [06a1c0e4728c14f361ea9c993491f767] 選択されたテンプレート: /var/www/html/wp-content/themes/landi_renewal/page-service-landi.php
[2025-11-09 13:27:51] [06a1c0e4728c14f361ea9c993491f767] 選択されたテンプレート: /var/www/html/wp-content/themes/landi_renewal/page-service-landi.php
[2025-11-09 13:28:08] [06a1c0e4728c14f361ea9c993491f767] 選択されたテンプレート: /var/www/html/wp-content/themes/landi_renewal/page-service-landi.php
[2025-11-09 13:42:41] [06a1c0e4728c14f361ea9c993491f767] 選択されたテンプレート: /var/www/html/wp-content/themes/landi_renewal/page-service-landi.php
[2025-11-09 13:42:46] [06a1c0e4728c14f361ea9c993491f767] 選択されたテンプレート: /var/www/html/wp-content/themes/landi_renewal/page-service-landi.php
[2025-11-09 13:42:56] [06a1c0e4728c14f361ea9c993491f767] 選択されたテンプレート: /var/www/html/wp-content/themes/landi_renewal/page-service-landi.php
[2025-11-09 13:43:01] [06a1c0e4728c14f361ea9c993491f767] 選択されたテンプレート: /var/www/html/wp-content/themes/landi_renewal/page-service-landi.php
[2025-11-09 13:43:04] [06a1c0e4728c14f361ea9c993491f767] 選択されたテンプレート: /var/www/html/wp-content/themes/landi_renewal/page-service-landi.php
[2025-11-09 13:43:30] [06a1c0e4728c14f361ea9c993491f767] 選択されたテンプレート: /var/www/html/wp-content/themes/landi_renewal/page-service-landi.php
[2025-11-09 13:44:00] [06a1c0e4728c14f361ea9c993491f767] 選択されたテンプレート: /var/www/html/wp-content/themes/landi_renewal/page-service-landi.php
[2025-11-09 13:47:28] [06a1c0e4728c14f361ea9c993491f767] 選択されたテンプレート: /var/www/html/wp-content/themes/landi_renewal/page-service-landi.php
[2025-11-09 13:47:32] [06a1c0e4728c14f361ea9c993491f767] 選択されたテンプレート: /var/www/html/wp-content/themes/landi_renewal/page-service-landi.php
[2025-11-09 13:47:35] [06a1c0e4728c14f361ea9c993491f767] 選択されたテンプレート: /var/www/html/wp-content/themes/landi_renewal/page-service-landi.php
[2025-11-09 13:47:39] [06a1c0e4728c14f361ea9c993491f767] 選択されたテンプレート: /var/www/html/wp-content/themes/landi_renewal/page-service-landi.php
[2025-11-09 13:47:44] [06a1c0e4728c14f361ea9c993491f767] 選択されたテンプレート: /var/www/html/wp-content/themes/landi_renewal/page-service-landi.php
[2025-11-09 13:47:47] [06a1c0e4728c14f361ea9c993491f767] 選択されたテンプレート: /var/www/html/wp-content/themes/landi_renewal/page-service-landi.php
[2025-11-09 13:47:50] [06a1c0e4728c14f361ea9c993491f767] 選択されたテンプレート: /var/www/html/wp-content/themes/landi_renewal/page-service-landi.php
[2025-11-09 13:47:55] [06a1c0e4728c14f361ea9c993491f767] 選択されたテンプレート: /var/www/html/wp-content/themes/landi_renewal/page-service-landi.php
[2025-11-09 13:48:00] [06a1c0e4728c14f361ea9c993491f767] 選択されたテンプレート: /var/www/html/wp-content/themes/landi_renewal/page-service-landi.php
[2025-11-09 13:48:13] [06a1c0e4728c14f361ea9c993491f767] 選択されたテンプレート: /var/www/html/wp-content/themes/landi_renewal/page-service-landi.php
[2025-11-09 13:48:25] [06a1c0e4728c14f361ea9c993491f767] 選択されたテンプレート: /var/www/html/wp-content/themes/landi_renewal/page-service-landi.php
[2025-11-09 13:48:29] [06a1c0e4728c14f361ea9c993491f767] 選択されたテンプレート: /var/www/html/wp-content/themes/landi_renewal/page-service-landi.php
[2025-11-09 13:48:49] [06a1c0e4728c14f361ea9c993491f767] 選択されたテンプレート: /var/www/html/wp-content/themes/landi_renewal/page-service-landi.php
[2025-11-09 13:48:56] [06a1c0e4728c14f361ea9c993491f767] 選択されたテンプレート: /var/www/html/wp-content/themes/landi_renewal/page-service-landi.php
[2025-11-09 13:49:03] [06a1c0e4728c14f361ea9c993491f767] 選択されたテンプレート: /var/www/html/wp-content/themes/landi_renewal/page-service-landi.php
[2025-11-09 13:49:09] [06a1c0e4728c14f361ea9c993491f767] 選択されたテンプレート: /var/www/html/wp-content/themes/landi_renewal/page-service-landi-case.php
[2025-11-09 13:49:38] [06a1c0e4728c14f361ea9c993491f767] 選択されたテンプレート: /var/www/html/wp-content/themes/landi_renewal/page-service-landi-case.php
[2025-11-09 13:49:44] [06a1c0e4728c14f361ea9c993491f767] 選択されたテンプレート: /var/www/html/wp-content/themes/landi_renewal/page-service-landi-case.php
[2025-11-09 13:49:48] [06a1c0e4728c14f361ea9c993491f767] 選択されたテンプレート: /var/www/html/wp-content/themes/landi_renewal/page-service-landi-case.php
[2025-11-09 13:50:19] [06a1c0e4728c14f361ea9c993491f767] 選択されたテンプレート: /var/www/html/wp-content/themes/landi_renewal/page-service-landi-case.php
[2025-11-09 13:50:24] [06a1c0e4728c14f361ea9c993491f767] 選択されたテンプレート: /var/www/html/wp-content/themes/landi_renewal/page-service-landi-case.php
[2025-11-09 13:50:25] [06a1c0e4728c14f361ea9c993491f767] 選択されたテンプレート: /var/www/html/wp-content/themes/landi_renewal/page-service-landi.php
[2025-11-09 13:50:26] [06a1c0e4728c14f361ea9c993491f767] 選択されたテンプレート: /var/www/html/wp-content/themes/landi_renewal/page-service-landi-case.php
[2025-11-09 13:50:33] [06a1c0e4728c14f361ea9c993491f767] 選択されたテンプレート: /var/www/html/wp-content/themes/landi_renewal/archive-case_study.php
[2025-11-09 13:50:48] [06a1c0e4728c14f361ea9c993491f767] 選択されたテンプレート: /var/www/html/wp-content/themes/landi_renewal/archive-case_study.php
[2025-11-09 13:50:51] [06a1c0e4728c14f361ea9c993491f767] 選択されたテンプレート: /var/www/html/wp-content/themes/landi_renewal/page-service-landi.php
[2025-11-09 13:50:54] [06a1c0e4728c14f361ea9c993491f767] 選択されたテンプレート: /var/www/html/wp-content/themes/landi_renewal/page-service.php
[2025-11-09 13:50:58] [06a1c0e4728c14f361ea9c993491f767] 選択されたテンプレート: /var/www/html/wp-content/themes/landi_renewal/page-service-tateteku.php
[2025-11-09 13:51:14] [06a1c0e4728c14f361ea9c993491f767] 選択されたテンプレート: /var/www/html/wp-content/themes/landi_renewal/page-service.php
[2025-11-09 13:51:22] [06a1c0e4728c14f361ea9c993491f767] 選択されたテンプレート: /var/www/html/wp-content/themes/landi_renewal/page-service-tateteku.php
[2025-11-09 13:51:31] [06a1c0e4728c14f361ea9c993491f767] 選択されたテンプレート: /var/www/html/wp-content/themes/landi_renewal/page-service.php
[2025-11-09 13:51:32] [06a1c0e4728c14f361ea9c993491f767] 選択されたテンプレート: /var/www/html/wp-content/themes/landi_renewal/page-service-landi.php
[2025-11-09 13:51:34] [06a1c0e4728c14f361ea9c993491f767] 選択されたテンプレート: /var/www/html/wp-content/themes/landi_renewal/page-service-landi.php
[2025-11-09 13:51:35] [06a1c0e4728c14f361ea9c993491f767] 選択されたテンプレート: /var/www/html/wp-content/themes/landi_renewal/page-service.php
[2025-11-09 13:51:43] [06a1c0e4728c14f361ea9c993491f767] 選択されたテンプレート: /var/www/html/wp-content/themes/landi_renewal/page-service-landi.php
[2025-11-09 13:51:48] [06a1c0e4728c14f361ea9c993491f767] 選択されたテンプレート: /var/www/html/wp-content/themes/landi_renewal/page-service-landi.php
[2025-11-09 13:52:26] [06a1c0e4728c14f361ea9c993491f767] 404エラー検出: /.well-known/appspecific/com.chrome.devtools.json
[2025-11-09 13:52:26] [06a1c0e4728c14f361ea9c993491f767] 選択されたテンプレート: /var/www/html/wp-content/themes/landi_renewal/404.php
[2025-11-09 13:52:26] [06a1c0e4728c14f361ea9c993491f767] 404エラー検出: /wp-content/themes/landi_renewal/src/css/style-corp.css.map
[2025-11-09 13:52:26] [06a1c0e4728c14f361ea9c993491f767] 選択されたテンプレート: /var/www/html/wp-content/themes/landi_renewal/404.php
[2025-11-09 13:52:26] [06a1c0e4728c14f361ea9c993491f767] 404エラー検出: /wp-content/themes/landi_renewal/src/css/style.css.map
[2025-11-09 13:52:26] [06a1c0e4728c14f361ea9c993491f767] 選択されたテンプレート: /var/www/html/wp-content/themes/landi_renewal/404.php
[2025-11-09 13:52:26] [06a1c0e4728c14f361ea9c993491f767] 404エラー検出: /wp-content/themes/landi_renewal/src/css/layout.css.map
[2025-11-09 13:52:26] [06a1c0e4728c14f361ea9c993491f767] 選択されたテンプレート: /var/www/html/wp-content/themes/landi_renewal/404.php
[2025-11-09 13:52:27] [06a1c0e4728c14f361ea9c993491f767] 選択されたテンプレート: /var/www/html/wp-content/themes/landi_renewal/front-page.php
[2025-11-09 13:52:27] [06a1c0e4728c14f361ea9c993491f767] 選択されたテンプレート: /var/www/html/wp-content/themes/landi_renewal/front-page.php
[2025-11-09 13:52:27] [06a1c0e4728c14f361ea9c993491f767] 選択されたテンプレート: /var/www/html/wp-content/themes/landi_renewal/front-page.php
[2025-11-09 13:52:27] [06a1c0e4728c14f361ea9c993491f767] 選択されたテンプレート: /var/www/html/wp-content/themes/landi_renewal/front-page.php
[2025-11-09 13:53:03] [06a1c0e4728c14f361ea9c993491f767] 選択されたテンプレート: /var/www/html/wp-content/themes/landi_renewal/page-service-landi.php
[2025-11-09 13:53:04] [06a1c0e4728c14f361ea9c993491f767] 404エラー検出: /.well-known/appspecific/com.chrome.devtools.json
[2025-11-09 13:53:04] [06a1c0e4728c14f361ea9c993491f767] 選択されたテンプレート: /var/www/html/wp-content/themes/landi_renewal/404.php
[2025-11-09 13:53:04] [06a1c0e4728c14f361ea9c993491f767] 404エラー検出: /wp-content/themes/landi_renewal/src/css/style.css.map
[2025-11-09 13:53:04] [06a1c0e4728c14f361ea9c993491f767] 選択されたテンプレート: /var/www/html/wp-content/themes/landi_renewal/404.php
[2025-11-09 13:53:04] [06a1c0e4728c14f361ea9c993491f767] 404エラー検出: /wp-content/themes/landi_renewal/src/css/layout.css.map
[2025-11-09 13:53:04] [06a1c0e4728c14f361ea9c993491f767] 選択されたテンプレート: /var/www/html/wp-content/themes/landi_renewal/404.php
[2025-11-09 13:53:04] [06a1c0e4728c14f361ea9c993491f767] 選択されたテンプレート: /var/www/html/wp-content/themes/landi_renewal/front-page.php
[2025-11-09 13:53:04] [06a1c0e4728c14f361ea9c993491f767] 選択されたテンプレート: /var/www/html/wp-content/themes/landi_renewal/front-page.php
[2025-11-09 13:53:04] [06a1c0e4728c14f361ea9c993491f767] 選択されたテンプレート: /var/www/html/wp-content/themes/landi_renewal/front-page.php
[2025-11-09 13:53:04] [06a1c0e4728c14f361ea9c993491f767] 404エラー検出: /wp-content/themes/landi_renewal/src/css/style-corp.css.map
[2025-11-09 13:53:04] [06a1c0e4728c14f361ea9c993491f767] 選択されたテンプレート: /var/www/html/wp-content/themes/landi_renewal/404.php
[2025-11-09 13:53:05] [06a1c0e4728c14f361ea9c993491f767] 選択されたテンプレート: /var/www/html/wp-content/themes/landi_renewal/front-page.php
[2025-11-09 13:53:06] [06a1c0e4728c14f361ea9c993491f767] 404エラー検出: /wp-content/themes/landi_renewal/src/css/style.css.map
[2025-11-09 13:53:06] [06a1c0e4728c14f361ea9c993491f767] 選択されたテンプレート: /var/www/html/wp-content/themes/landi_renewal/404.php
[2025-11-09 13:53:06] [06a1c0e4728c14f361ea9c993491f767] 404エラー検出: /wp-content/themes/landi_renewal/src/css/layout.css.map
[2025-11-09 13:53:06] [06a1c0e4728c14f361ea9c993491f767] 選択されたテンプレート: /var/www/html/wp-content/themes/landi_renewal/404.php
[2025-11-09 13:53:06] [06a1c0e4728c14f361ea9c993491f767] 404エラー検出: /wp-content/themes/landi_renewal/src/css/style-corp.css.map
[2025-11-09 13:53:06] [06a1c0e4728c14f361ea9c993491f767] 選択されたテンプレート: /var/www/html/wp-content/themes/landi_renewal/404.php
[2025-11-09 13:53:06] [06a1c0e4728c14f361ea9c993491f767] 選択されたテンプレート: /var/www/html/wp-content/themes/landi_renewal/front-page.php
[2025-11-09 13:53:06] [06a1c0e4728c14f361ea9c993491f767] 選択されたテンプレート: /var/www/html/wp-content/themes/landi_renewal/front-page.php
[2025-11-09 13:53:06] [06a1c0e4728c14f361ea9c993491f767] 選択されたテンプレート: /var/www/html/wp-content/themes/landi_renewal/front-page.php
[2025-11-09 13:53:07] [06a1c0e4728c14f361ea9c993491f767] 選択されたテンプレート: /var/www/html/wp-content/themes/landi_renewal/page-service-landi-case.php
[2025-11-09 13:53:07] [06a1c0e4728c14f361ea9c993491f767] 404エラー検出: /.well-known/appspecific/com.chrome.devtools.json
[2025-11-09 13:53:07] [06a1c0e4728c14f361ea9c993491f767] 選択されたテンプレート: /var/www/html/wp-content/themes/landi_renewal/404.php
[2025-11-09 13:53:07] [06a1c0e4728c14f361ea9c993491f767] 404エラー検出: /wp-content/themes/landi_renewal/src/css/layout.css.map
[2025-11-09 13:53:07] [06a1c0e4728c14f361ea9c993491f767] 選択されたテンプレート: /var/www/html/wp-content/themes/landi_renewal/404.php
[2025-11-09 13:53:07] [06a1c0e4728c14f361ea9c993491f767] 404エラー検出: /wp-content/themes/landi_renewal/src/css/style.css.map
[2025-11-09 13:53:07] [06a1c0e4728c14f361ea9c993491f767] 選択されたテンプレート: /var/www/html/wp-content/themes/landi_renewal/404.php
[2025-11-09 13:53:07] [06a1c0e4728c14f361ea9c993491f767] 404エラー検出: /wp-content/themes/landi_renewal/src/css/style-corp.css.map
[2025-11-09 13:53:07] [06a1c0e4728c14f361ea9c993491f767] 選択されたテンプレート: /var/www/html/wp-content/themes/landi_renewal/404.php
[2025-11-09 13:53:08] [06a1c0e4728c14f361ea9c993491f767] 選択されたテンプレート: /var/www/html/wp-content/themes/landi_renewal/front-page.php
[2025-11-09 13:53:08] [06a1c0e4728c14f361ea9c993491f767] 選択されたテンプレート: /var/www/html/wp-content/themes/landi_renewal/front-page.php
[2025-11-09 13:53:08] [06a1c0e4728c14f361ea9c993491f767] 選択されたテンプレート: /var/www/html/wp-content/themes/landi_renewal/front-page.php
[2025-11-09 13:53:08] [06a1c0e4728c14f361ea9c993491f767] 選択されたテンプレート: /var/www/html/wp-content/themes/landi_renewal/front-page.php
[2025-11-09 13:53:08] [06a1c0e4728c14f361ea9c993491f767] 選択されたテンプレート: /var/www/html/wp-content/themes/landi_renewal/page-service-landi.php
[2025-11-09 13:53:08] [06a1c0e4728c14f361ea9c993491f767] 404エラー検出: /.well-known/appspecific/com.chrome.devtools.json
[2025-11-09 13:53:08] [06a1c0e4728c14f361ea9c993491f767] 選択されたテンプレート: /var/www/html/wp-content/themes/landi_renewal/404.php
[2025-11-09 13:53:09] [06a1c0e4728c14f361ea9c993491f767] 404エラー検出: /wp-content/themes/landi_renewal/src/css/style.css.map
[2025-11-09 13:53:09] [06a1c0e4728c14f361ea9c993491f767] 選択されたテンプレート: /var/www/html/wp-content/themes/landi_renewal/404.php
[2025-11-09 13:53:09] [06a1c0e4728c14f361ea9c993491f767] 404エラー検出: /wp-content/themes/landi_renewal/src/css/layout.css.map
[2025-11-09 13:53:09] [06a1c0e4728c14f361ea9c993491f767] 選択されたテンプレート: /var/www/html/wp-content/themes/landi_renewal/404.php
[2025-11-09 13:53:09] [06a1c0e4728c14f361ea9c993491f767] 選択されたテンプレート: /var/www/html/wp-content/themes/landi_renewal/front-page.php
[2025-11-09 13:53:09] [06a1c0e4728c14f361ea9c993491f767] 404エラー検出: /wp-content/themes/landi_renewal/src/css/style-corp.css.map
[2025-11-09 13:53:09] [06a1c0e4728c14f361ea9c993491f767] 選択されたテンプレート: /var/www/html/wp-content/themes/landi_renewal/404.php
[2025-11-09 13:53:09] [06a1c0e4728c14f361ea9c993491f767] 選択されたテンプレート: /var/www/html/wp-content/themes/landi_renewal/front-page.php
[2025-11-09 13:53:09] [06a1c0e4728c14f361ea9c993491f767] 選択されたテンプレート: /var/www/html/wp-content/themes/landi_renewal/front-page.php
[2025-11-09 13:53:10] [06a1c0e4728c14f361ea9c993491f767] 選択されたテンプレート: /var/www/html/wp-content/themes/landi_renewal/front-page.php
[2025-11-09 13:53:10] [06a1c0e4728c14f361ea9c993491f767] 選択されたテンプレート: /var/www/html/wp-content/themes/landi_renewal/front-page.php
[2025-11-09 13:53:11] [06a1c0e4728c14f361ea9c993491f767] 404エラー検出: /.well-known/appspecific/com.chrome.devtools.json
[2025-11-09 13:53:11] [06a1c0e4728c14f361ea9c993491f767] 選択されたテンプレート: /var/www/html/wp-content/themes/landi_renewal/404.php
[2025-11-09 13:53:11] [06a1c0e4728c14f361ea9c993491f767] 404エラー検出: /wp-content/themes/landi_renewal/src/css/layout.css.map
[2025-11-09 13:53:11] [06a1c0e4728c14f361ea9c993491f767] 選択されたテンプレート: /var/www/html/wp-content/themes/landi_renewal/404.php
[2025-11-09 13:53:11] [06a1c0e4728c14f361ea9c993491f767] 404エラー検出: /wp-content/themes/landi_renewal/src/css/style.css.map
[2025-11-09 13:53:11] [06a1c0e4728c14f361ea9c993491f767] 選択されたテンプレート: /var/www/html/wp-content/themes/landi_renewal/404.php
[2025-11-09 13:53:11] [06a1c0e4728c14f361ea9c993491f767] 404エラー検出: /assets/images/top/fv.webp
[2025-11-09 13:53:11] [06a1c0e4728c14f361ea9c993491f767] 選択されたテンプレート: /var/www/html/wp-content/themes/landi_renewal/404.php
[2025-11-09 13:53:11] [06a1c0e4728c14f361ea9c993491f767] 404エラー検出: /wp-content/themes/landi_renewal/src/css/style-corp.css.map
[2025-11-09 13:53:11] [06a1c0e4728c14f361ea9c993491f767] 選択されたテンプレート: /var/www/html/wp-content/themes/landi_renewal/404.php
[2025-11-09 13:53:11] [06a1c0e4728c14f361ea9c993491f767] 選択されたテンプレート: /var/www/html/wp-content/themes/landi_renewal/front-page.php
[2025-11-09 13:53:11] [06a1c0e4728c14f361ea9c993491f767] 選択されたテンプレート: /var/www/html/wp-content/themes/landi_renewal/front-page.php
[2025-11-09 13:53:12] [06a1c0e4728c14f361ea9c993491f767] 選択されたテンプレート: /var/www/html/wp-content/themes/landi_renewal/front-page.php
[2025-11-09 13:53:12] [06a1c0e4728c14f361ea9c993491f767] 選択されたテンプレート: /var/www/html/wp-content/themes/landi_renewal/front-page.php
[2025-11-09 13:53:12] [06a1c0e4728c14f361ea9c993491f767] 選択されたテンプレート: /var/www/html/wp-content/themes/landi_renewal/front-page.php
[2025-11-09 13:53:13] [06a1c0e4728c14f361ea9c993491f767] 選択されたテンプレート: /var/www/html/wp-content/themes/landi_renewal/page-service-landi.php
[2025-11-09 13:53:13] [06a1c0e4728c14f361ea9c993491f767] 404エラー検出: /.well-known/appspecific/com.chrome.devtools.json
[2025-11-09 13:53:13] [06a1c0e4728c14f361ea9c993491f767] 選択されたテンプレート: /var/www/html/wp-content/themes/landi_renewal/404.php
[2025-11-09 13:53:14] [06a1c0e4728c14f361ea9c993491f767] 404エラー検出: /wp-content/themes/landi_renewal/src/css/style.css.map
[2025-11-09 13:53:14] [06a1c0e4728c14f361ea9c993491f767] 選択されたテンプレート: /var/www/html/wp-content/themes/landi_renewal/404.php
[2025-11-09 13:53:14] [06a1c0e4728c14f361ea9c993491f767] 404エラー検出: /wp-content/themes/landi_renewal/src/css/layout.css.map
[2025-11-09 13:53:14] [06a1c0e4728c14f361ea9c993491f767] 選択されたテンプレート: /var/www/html/wp-content/themes/landi_renewal/404.php
[2025-11-09 13:53:14] [06a1c0e4728c14f361ea9c993491f767] 選択されたテンプレート: /var/www/html/wp-content/themes/landi_renewal/front-page.php
[2025-11-09 13:53:14] [06a1c0e4728c14f361ea9c993491f767] 404エラー検出: /wp-content/themes/landi_renewal/src/css/style-corp.css.map
[2025-11-09 13:53:14] [06a1c0e4728c14f361ea9c993491f767] 選択されたテンプレート: /var/www/html/wp-content/themes/landi_renewal/404.php
[2025-11-09 13:53:14] [06a1c0e4728c14f361ea9c993491f767] 選択されたテンプレート: /var/www/html/wp-content/themes/landi_renewal/front-page.php
[2025-11-09 13:53:14] [06a1c0e4728c14f361ea9c993491f767] 選択されたテンプレート: /var/www/html/wp-content/themes/landi_renewal/front-page.php
[2025-11-09 13:53:14] [06a1c0e4728c14f361ea9c993491f767] 選択されたテンプレート: /var/www/html/wp-content/themes/landi_renewal/front-page.php
[2025-11-09 13:54:56] [06a1c0e4728c14f361ea9c993491f767] 選択されたテンプレート: /var/www/html/wp-content/themes/landi_renewal/page-service-landi.php
[2025-11-09 13:54:57] [06a1c0e4728c14f361ea9c993491f767] 404エラー検出: /.well-known/appspecific/com.chrome.devtools.json
[2025-11-09 13:54:57] [06a1c0e4728c14f361ea9c993491f767] 選択されたテンプレート: /var/www/html/wp-content/themes/landi_renewal/404.php
[2025-11-09 13:54:57] [06a1c0e4728c14f361ea9c993491f767] 404エラー検出: /wp-content/themes/landi_renewal/src/css/layout.css.map
[2025-11-09 13:54:57] [06a1c0e4728c14f361ea9c993491f767] 選択されたテンプレート: /var/www/html/wp-content/themes/landi_renewal/404.php
[2025-11-09 13:54:57] [06a1c0e4728c14f361ea9c993491f767] 404エラー検出: /wp-content/themes/landi_renewal/src/css/style.css.map
[2025-11-09 13:54:57] [06a1c0e4728c14f361ea9c993491f767] 選択されたテンプレート: /var/www/html/wp-content/themes/landi_renewal/404.php
[2025-11-09 13:54:57] [06a1c0e4728c14f361ea9c993491f767] 404エラー検出: /wp-content/themes/landi_renewal/src/css/style-corp.css.map
[2025-11-09 13:54:57] [06a1c0e4728c14f361ea9c993491f767] 選択されたテンプレート: /var/www/html/wp-content/themes/landi_renewal/404.php
[2025-11-09 13:54:57] [06a1c0e4728c14f361ea9c993491f767] 選択されたテンプレート: /var/www/html/wp-content/themes/landi_renewal/front-page.php
[2025-11-09 13:54:57] [06a1c0e4728c14f361ea9c993491f767] 選択されたテンプレート: /var/www/html/wp-content/themes/landi_renewal/front-page.php
[2025-11-09 13:54:58] [06a1c0e4728c14f361ea9c993491f767] 選択されたテンプレート: /var/www/html/wp-content/themes/landi_renewal/front-page.php
[2025-11-09 13:54:58] [06a1c0e4728c14f361ea9c993491f767] 選択されたテンプレート: /var/www/html/wp-content/themes/landi_renewal/front-page.php
[2025-11-09 13:55:42] [06a1c0e4728c14f361ea9c993491f767] 選択されたテンプレート: /var/www/html/wp-content/themes/landi_renewal/page-service-landi.php
[2025-11-09 13:55:43] [06a1c0e4728c14f361ea9c993491f767] 404エラー検出: /.well-known/appspecific/com.chrome.devtools.json
[2025-11-09 13:55:43] [06a1c0e4728c14f361ea9c993491f767] 選択されたテンプレート: /var/www/html/wp-content/themes/landi_renewal/404.php
[2025-11-09 13:55:43] [06a1c0e4728c14f361ea9c993491f767] 404エラー検出: /wp-content/themes/landi_renewal/src/css/style.css.map
[2025-11-09 13:55:43] [06a1c0e4728c14f361ea9c993491f767] 選択されたテンプレート: /var/www/html/wp-content/themes/landi_renewal/404.php
[2025-11-09 13:55:43] [06a1c0e4728c14f361ea9c993491f767] 404エラー検出: /wp-content/themes/landi_renewal/src/css/layout.css.map
[2025-11-09 13:55:43] [06a1c0e4728c14f361ea9c993491f767] 選択されたテンプレート: /var/www/html/wp-content/themes/landi_renewal/404.php
[2025-11-09 13:55:43] [06a1c0e4728c14f361ea9c993491f767] 404エラー検出: /wp-content/themes/landi_renewal/src/css/style-corp.css.map
[2025-11-09 13:55:43] [06a1c0e4728c14f361ea9c993491f767] 選択されたテンプレート: /var/www/html/wp-content/themes/landi_renewal/404.php
[2025-11-09 13:55:43] [06a1c0e4728c14f361ea9c993491f767] 選択されたテンプレート: /var/www/html/wp-content/themes/landi_renewal/front-page.php
[2025-11-09 13:55:43] [06a1c0e4728c14f361ea9c993491f767] 選択されたテンプレート: /var/www/html/wp-content/themes/landi_renewal/front-page.php
[2025-11-09 13:55:43] [06a1c0e4728c14f361ea9c993491f767] 選択されたテンプレート: /var/www/html/wp-content/themes/landi_renewal/front-page.php
[2025-11-09 13:55:44] [06a1c0e4728c14f361ea9c993491f767] 選択されたテンプレート: /var/www/html/wp-content/themes/landi_renewal/front-page.php
