[2025-10-22 03:58:17] [b9a5815fb1c07d25803dca937a636157] 選択されたテンプレート: /var/www/html/wp-content/themes/landi_renewal/front-page.php
[2025-10-22 03:58:17] [b9a5815fb1c07d25803dca937a636157] 404エラー検出: /assets/images/top/fv.webp
[2025-10-22 03:58:17] [b9a5815fb1c07d25803dca937a636157] 選択されたテンプレート: /var/www/html/wp-content/themes/landi_renewal/404.php
[2025-10-22 03:58:18] [b9a5815fb1c07d25803dca937a636157] 選択されたテンプレート: /var/www/html/wp-content/themes/landi_renewal/front-page.php
[2025-10-22 03:59:04] [b9a5815fb1c07d25803dca937a636157] 選択されたテンプレート: /var/www/html/wp-content/themes/landi_renewal/page-service.php
[2025-10-22 03:59:12] [b9a5815fb1c07d25803dca937a636157] 選択されたテンプレート: /var/www/html/wp-content/themes/landi_renewal/page-service-landi-case.php
[2025-10-22 03:59:33] [b9a5815fb1c07d25803dca937a636157] 404エラー検出: /.well-known/appspecific/com.chrome.devtools.json
[2025-10-22 03:59:33] [b9a5815fb1c07d25803dca937a636157] 選択されたテンプレート: /var/www/html/wp-content/themes/landi_renewal/404.php
[2025-10-22 03:59:33] [b9a5815fb1c07d25803dca937a636157] 選択されたテンプレート: /var/www/html/wp-content/themes/landi_renewal/front-page.php
[2025-10-22 03:59:33] [b9a5815fb1c07d25803dca937a636157] 404エラー検出: /wp-content/themes/landi_renewal/src/css/layout.css.map
[2025-10-22 03:59:33] [b9a5815fb1c07d25803dca937a636157] 選択されたテンプレート: /var/www/html/wp-content/themes/landi_renewal/404.php
[2025-10-22 03:59:33] [b9a5815fb1c07d25803dca937a636157] 404エラー検出: /wp-content/themes/landi_renewal/src/css/style.css.map
[2025-10-22 03:59:33] [b9a5815fb1c07d25803dca937a636157] 選択されたテンプレート: /var/www/html/wp-content/themes/landi_renewal/404.php
[2025-10-22 03:59:33] [b9a5815fb1c07d25803dca937a636157] 404エラー検出: /wp-content/themes/landi_renewal/src/css/style-corp.css.map
[2025-10-22 03:59:33] [b9a5815fb1c07d25803dca937a636157] 選択されたテンプレート: /var/www/html/wp-content/themes/landi_renewal/404.php
[2025-10-22 03:59:33] [b9a5815fb1c07d25803dca937a636157] 選択されたテンプレート: /var/www/html/wp-content/themes/landi_renewal/front-page.php
[2025-10-22 03:59:34] [b9a5815fb1c07d25803dca937a636157] 選択されたテンプレート: /var/www/html/wp-content/themes/landi_renewal/front-page.php
[2025-10-22 03:59:34] [b9a5815fb1c07d25803dca937a636157] 選択されたテンプレート: /var/www/html/wp-content/themes/landi_renewal/front-page.php
[2025-10-22 04:10:34] [b9a5815fb1c07d25803dca937a636157] 404エラー検出: /wp-content/themes/landi_renewal/src/css/layout.css.map
[2025-10-22 04:10:34] [b9a5815fb1c07d25803dca937a636157] 選択されたテンプレート: /var/www/html/wp-content/themes/landi_renewal/404.php
[2025-10-22 04:10:34] [b9a5815fb1c07d25803dca937a636157] 404エラー検出: /wp-content/themes/landi_renewal/src/css/style.css.map
[2025-10-22 04:10:34] [b9a5815fb1c07d25803dca937a636157] 選択されたテンプレート: /var/www/html/wp-content/themes/landi_renewal/404.php
[2025-10-22 04:10:35] [b9a5815fb1c07d25803dca937a636157] 404エラー検出: /wp-content/themes/landi_renewal/src/css/style-corp.css.map
[2025-10-22 04:10:35] [b9a5815fb1c07d25803dca937a636157] 選択されたテンプレート: /var/www/html/wp-content/themes/landi_renewal/404.php
[2025-10-22 04:10:35] [b9a5815fb1c07d25803dca937a636157] 選択されたテンプレート: /var/www/html/wp-content/themes/landi_renewal/front-page.php
[2025-10-22 04:10:35] [b9a5815fb1c07d25803dca937a636157] 選択されたテンプレート: /var/www/html/wp-content/themes/landi_renewal/front-page.php
[2025-10-22 04:10:35] [b9a5815fb1c07d25803dca937a636157] 選択されたテンプレート: /var/www/html/wp-content/themes/landi_renewal/front-page.php
[2025-10-22 04:10:38] [b9a5815fb1c07d25803dca937a636157] 404エラー検出: /wp-content/themes/landi_renewal/src/css/style.css.map
[2025-10-22 04:10:38] [b9a5815fb1c07d25803dca937a636157] 選択されたテンプレート: /var/www/html/wp-content/themes/landi_renewal/404.php
[2025-10-22 04:10:38] [b9a5815fb1c07d25803dca937a636157] 404エラー検出: /wp-content/themes/landi_renewal/src/css/layout.css.map
[2025-10-22 04:10:38] [b9a5815fb1c07d25803dca937a636157] 選択されたテンプレート: /var/www/html/wp-content/themes/landi_renewal/404.php
[2025-10-22 04:10:38] [b9a5815fb1c07d25803dca937a636157] 404エラー検出: /wp-content/themes/landi_renewal/src/css/style-corp.css.map
[2025-10-22 04:10:38] [b9a5815fb1c07d25803dca937a636157] 選択されたテンプレート: /var/www/html/wp-content/themes/landi_renewal/404.php
[2025-10-22 04:10:38] [b9a5815fb1c07d25803dca937a636157] 選択されたテンプレート: /var/www/html/wp-content/themes/landi_renewal/front-page.php
[2025-10-22 04:10:38] [b9a5815fb1c07d25803dca937a636157] 選択されたテンプレート: /var/www/html/wp-content/themes/landi_renewal/front-page.php
[2025-10-22 04:10:38] [b9a5815fb1c07d25803dca937a636157] 選択されたテンプレート: /var/www/html/wp-content/themes/landi_renewal/front-page.php
[2025-10-22 04:12:46] [b9a5815fb1c07d25803dca937a636157] 404エラー検出: /wp-content/themes/landi_renewal/src/css/layout.css.map
[2025-10-22 04:12:46] [b9a5815fb1c07d25803dca937a636157] 選択されたテンプレート: /var/www/html/wp-content/themes/landi_renewal/404.php
[2025-10-22 04:12:46] [b9a5815fb1c07d25803dca937a636157] 404エラー検出: /wp-content/themes/landi_renewal/src/css/style.css.map
[2025-10-22 04:12:46] [b9a5815fb1c07d25803dca937a636157] 選択されたテンプレート: /var/www/html/wp-content/themes/landi_renewal/404.php
[2025-10-22 04:12:46] [b9a5815fb1c07d25803dca937a636157] 選択されたテンプレート: /var/www/html/wp-content/themes/landi_renewal/front-page.php
[2025-10-22 04:12:46] [b9a5815fb1c07d25803dca937a636157] 選択されたテンプレート: /var/www/html/wp-content/themes/landi_renewal/front-page.php
[2025-10-22 04:12:46] [b9a5815fb1c07d25803dca937a636157] 404エラー検出: /wp-content/themes/landi_renewal/src/css/style-corp.css.map
[2025-10-22 04:12:46] [b9a5815fb1c07d25803dca937a636157] 選択されたテンプレート: /var/www/html/wp-content/themes/landi_renewal/404.php
[2025-10-22 04:12:46] [b9a5815fb1c07d25803dca937a636157] 選択されたテンプレート: /var/www/html/wp-content/themes/landi_renewal/front-page.php
[2025-10-22 04:12:54] [b9a5815fb1c07d25803dca937a636157] 404エラー検出: /wp-content/themes/landi_renewal/src/css/layout.css.map
[2025-10-22 04:12:54] [b9a5815fb1c07d25803dca937a636157] 選択されたテンプレート: /var/www/html/wp-content/themes/landi_renewal/404.php
[2025-10-22 04:12:54] [b9a5815fb1c07d25803dca937a636157] 404エラー検出: /wp-content/themes/landi_renewal/src/css/style.css.map
[2025-10-22 04:12:54] [b9a5815fb1c07d25803dca937a636157] 選択されたテンプレート: /var/www/html/wp-content/themes/landi_renewal/404.php
[2025-10-22 04:12:54] [b9a5815fb1c07d25803dca937a636157] 404エラー検出: /wp-content/themes/landi_renewal/src/css/style-corp.css.map
[2025-10-22 04:12:54] [b9a5815fb1c07d25803dca937a636157] 選択されたテンプレート: /var/www/html/wp-content/themes/landi_renewal/404.php
[2025-10-22 04:12:54] [b9a5815fb1c07d25803dca937a636157] 選択されたテンプレート: /var/www/html/wp-content/themes/landi_renewal/front-page.php
[2025-10-22 04:12:54] [b9a5815fb1c07d25803dca937a636157] 選択されたテンプレート: /var/www/html/wp-content/themes/landi_renewal/front-page.php
[2025-10-22 04:12:54] [b9a5815fb1c07d25803dca937a636157] 選択されたテンプレート: /var/www/html/wp-content/themes/landi_renewal/front-page.php
[2025-10-22 04:15:05] [b9a5815fb1c07d25803dca937a636157] 選択されたテンプレート: /var/www/html/wp-content/themes/landi_renewal/page-service-landi-case.php
[2025-10-22 04:15:06] [b9a5815fb1c07d25803dca937a636157] 404エラー検出: /wp-content/themes/landi_renewal/src/css/layout.css.map
[2025-10-22 04:15:06] [b9a5815fb1c07d25803dca937a636157] 選択されたテンプレート: /var/www/html/wp-content/themes/landi_renewal/404.php
[2025-10-22 04:15:06] [b9a5815fb1c07d25803dca937a636157] 404エラー検出: /.well-known/appspecific/com.chrome.devtools.json
[2025-10-22 04:15:06] [b9a5815fb1c07d25803dca937a636157] 選択されたテンプレート: /var/www/html/wp-content/themes/landi_renewal/404.php
[2025-10-22 04:15:06] [b9a5815fb1c07d25803dca937a636157] 404エラー検出: /wp-content/themes/landi_renewal/src/css/style.css.map
[2025-10-22 04:15:06] [b9a5815fb1c07d25803dca937a636157] 選択されたテンプレート: /var/www/html/wp-content/themes/landi_renewal/404.php
[2025-10-22 04:15:06] [b9a5815fb1c07d25803dca937a636157] 404エラー検出: /wp-content/themes/landi_renewal/src/css/style-corp.css.map
[2025-10-22 04:15:06] [b9a5815fb1c07d25803dca937a636157] 選択されたテンプレート: /var/www/html/wp-content/themes/landi_renewal/404.php
[2025-10-22 04:15:06] [b9a5815fb1c07d25803dca937a636157] 選択されたテンプレート: /var/www/html/wp-content/themes/landi_renewal/front-page.php
[2025-10-22 04:15:06] [b9a5815fb1c07d25803dca937a636157] 選択されたテンプレート: /var/www/html/wp-content/themes/landi_renewal/front-page.php
[2025-10-22 04:15:07] [b9a5815fb1c07d25803dca937a636157] 選択されたテンプレート: /var/www/html/wp-content/themes/landi_renewal/front-page.php
[2025-10-22 04:15:07] [b9a5815fb1c07d25803dca937a636157] 選択されたテンプレート: /var/www/html/wp-content/themes/landi_renewal/front-page.php
[2025-10-22 04:15:11] [b9a5815fb1c07d25803dca937a636157] 選択されたテンプレート: /var/www/html/wp-content/themes/landi_renewal/page-service-landi-case.php
[2025-10-22 04:15:11] [b9a5815fb1c07d25803dca937a636157] 404エラー検出: /.well-known/appspecific/com.chrome.devtools.json
[2025-10-22 04:15:11] [b9a5815fb1c07d25803dca937a636157] 選択されたテンプレート: /var/www/html/wp-content/themes/landi_renewal/404.php
[2025-10-22 04:15:11] [b9a5815fb1c07d25803dca937a636157] 404エラー検出: /wp-content/themes/landi_renewal/src/css/layout.css.map
[2025-10-22 04:15:11] [b9a5815fb1c07d25803dca937a636157] 選択されたテンプレート: /var/www/html/wp-content/themes/landi_renewal/404.php
[2025-10-22 04:15:11] [b9a5815fb1c07d25803dca937a636157] 404エラー検出: /wp-content/themes/landi_renewal/src/css/style.css.map
[2025-10-22 04:15:11] [b9a5815fb1c07d25803dca937a636157] 選択されたテンプレート: /var/www/html/wp-content/themes/landi_renewal/404.php
[2025-10-22 04:15:12] [b9a5815fb1c07d25803dca937a636157] 選択されたテンプレート: /var/www/html/wp-content/themes/landi_renewal/front-page.php
[2025-10-22 04:15:12] [b9a5815fb1c07d25803dca937a636157] 404エラー検出: /wp-content/themes/landi_renewal/src/css/style-corp.css.map
[2025-10-22 04:15:12] [b9a5815fb1c07d25803dca937a636157] 選択されたテンプレート: /var/www/html/wp-content/themes/landi_renewal/404.php
[2025-10-22 04:15:12] [b9a5815fb1c07d25803dca937a636157] 選択されたテンプレート: /var/www/html/wp-content/themes/landi_renewal/front-page.php
[2025-10-22 04:15:12] [b9a5815fb1c07d25803dca937a636157] 選択されたテンプレート: /var/www/html/wp-content/themes/landi_renewal/front-page.php
[2025-10-22 04:15:12] [b9a5815fb1c07d25803dca937a636157] 選択されたテンプレート: /var/www/html/wp-content/themes/landi_renewal/front-page.php
[2025-10-22 04:15:15] [b9a5815fb1c07d25803dca937a636157] 選択されたテンプレート: /var/www/html/wp-content/themes/landi_renewal/page-service-landi-case.php
[2025-10-22 04:15:16] [b9a5815fb1c07d25803dca937a636157] 404エラー検出: /.well-known/appspecific/com.chrome.devtools.json
[2025-10-22 04:15:16] [b9a5815fb1c07d25803dca937a636157] 選択されたテンプレート: /var/www/html/wp-content/themes/landi_renewal/404.php
[2025-10-22 04:15:16] [b9a5815fb1c07d25803dca937a636157] 選択されたテンプレート: /var/www/html/wp-content/themes/landi_renewal/front-page.php
[2025-10-22 04:15:16] [b9a5815fb1c07d25803dca937a636157] 404エラー検出: /wp-content/themes/landi_renewal/src/css/layout.css.map
[2025-10-22 04:15:16] [b9a5815fb1c07d25803dca937a636157] 選択されたテンプレート: /var/www/html/wp-content/themes/landi_renewal/404.php
[2025-10-22 04:15:16] [b9a5815fb1c07d25803dca937a636157] 404エラー検出: /wp-content/themes/landi_renewal/src/css/style.css.map
[2025-10-22 04:15:16] [b9a5815fb1c07d25803dca937a636157] 選択されたテンプレート: /var/www/html/wp-content/themes/landi_renewal/404.php
[2025-10-22 04:15:16] [b9a5815fb1c07d25803dca937a636157] 404エラー検出: /wp-content/themes/landi_renewal/src/css/style-corp.css.map
[2025-10-22 04:15:16] [b9a5815fb1c07d25803dca937a636157] 選択されたテンプレート: /var/www/html/wp-content/themes/landi_renewal/404.php
[2025-10-22 04:15:16] [b9a5815fb1c07d25803dca937a636157] 選択されたテンプレート: /var/www/html/wp-content/themes/landi_renewal/front-page.php
[2025-10-22 04:15:17] [b9a5815fb1c07d25803dca937a636157] 選択されたテンプレート: /var/www/html/wp-content/themes/landi_renewal/front-page.php
[2025-10-22 04:15:17] [b9a5815fb1c07d25803dca937a636157] 選択されたテンプレート: /var/www/html/wp-content/themes/landi_renewal/front-page.php
[2025-10-22 04:15:25] [b9a5815fb1c07d25803dca937a636157] 404エラー検出: /wp-content/themes/landi_renewal/src/css/layout.css.map
[2025-10-22 04:15:25] [b9a5815fb1c07d25803dca937a636157] 選択されたテンプレート: /var/www/html/wp-content/themes/landi_renewal/404.php
[2025-10-22 04:15:25] [b9a5815fb1c07d25803dca937a636157] 404エラー検出: /wp-content/themes/landi_renewal/src/css/style.css.map
[2025-10-22 04:15:25] [b9a5815fb1c07d25803dca937a636157] 選択されたテンプレート: /var/www/html/wp-content/themes/landi_renewal/404.php
[2025-10-22 04:15:25] [b9a5815fb1c07d25803dca937a636157] 404エラー検出: /wp-content/themes/landi_renewal/src/css/style-corp.css.map
[2025-10-22 04:15:25] [b9a5815fb1c07d25803dca937a636157] 選択されたテンプレート: /var/www/html/wp-content/themes/landi_renewal/404.php
[2025-10-22 04:15:26] [b9a5815fb1c07d25803dca937a636157] 選択されたテンプレート: /var/www/html/wp-content/themes/landi_renewal/front-page.php
[2025-10-22 04:15:26] [b9a5815fb1c07d25803dca937a636157] 選択されたテンプレート: /var/www/html/wp-content/themes/landi_renewal/front-page.php
[2025-10-22 04:15:26] [b9a5815fb1c07d25803dca937a636157] 選択されたテンプレート: /var/www/html/wp-content/themes/landi_renewal/front-page.php
[2025-10-22 04:15:31] [b9a5815fb1c07d25803dca937a636157] 404エラー検出: /wp-content/themes/landi_renewal/src/css/layout.css.map
[2025-10-22 04:15:31] [b9a5815fb1c07d25803dca937a636157] 選択されたテンプレート: /var/www/html/wp-content/themes/landi_renewal/404.php
[2025-10-22 04:15:31] [b9a5815fb1c07d25803dca937a636157] 404エラー検出: /wp-content/themes/landi_renewal/src/css/style.css.map
[2025-10-22 04:15:31] [b9a5815fb1c07d25803dca937a636157] 選択されたテンプレート: /var/www/html/wp-content/themes/landi_renewal/404.php
[2025-10-22 04:15:31] [b9a5815fb1c07d25803dca937a636157] 404エラー検出: /wp-content/themes/landi_renewal/src/css/style-corp.css.map
[2025-10-22 04:15:31] [b9a5815fb1c07d25803dca937a636157] 選択されたテンプレート: /var/www/html/wp-content/themes/landi_renewal/404.php
[2025-10-22 04:15:31] [b9a5815fb1c07d25803dca937a636157] 選択されたテンプレート: /var/www/html/wp-content/themes/landi_renewal/front-page.php
[2025-10-22 04:15:31] [b9a5815fb1c07d25803dca937a636157] 選択されたテンプレート: /var/www/html/wp-content/themes/landi_renewal/front-page.php
[2025-10-22 04:15:31] [b9a5815fb1c07d25803dca937a636157] 選択されたテンプレート: /var/www/html/wp-content/themes/landi_renewal/front-page.php
[2025-10-22 04:15:34] [b9a5815fb1c07d25803dca937a636157] 404エラー検出: /wp-content/themes/landi_renewal/src/css/layout.css.map
[2025-10-22 04:15:34] [b9a5815fb1c07d25803dca937a636157] 選択されたテンプレート: /var/www/html/wp-content/themes/landi_renewal/404.php
[2025-10-22 04:15:34] [b9a5815fb1c07d25803dca937a636157] 404エラー検出: /wp-content/themes/landi_renewal/src/css/style.css.map
[2025-10-22 04:15:34] [b9a5815fb1c07d25803dca937a636157] 選択されたテンプレート: /var/www/html/wp-content/themes/landi_renewal/404.php
[2025-10-22 04:15:34] [b9a5815fb1c07d25803dca937a636157] 選択されたテンプレート: /var/www/html/wp-content/themes/landi_renewal/front-page.php
[2025-10-22 04:15:35] [b9a5815fb1c07d25803dca937a636157] 選択されたテンプレート: /var/www/html/wp-content/themes/landi_renewal/front-page.php
[2025-10-22 04:15:35] [b9a5815fb1c07d25803dca937a636157] 404エラー検出: /wp-content/themes/landi_renewal/src/css/style-corp.css.map
[2025-10-22 04:15:35] [b9a5815fb1c07d25803dca937a636157] 選択されたテンプレート: /var/www/html/wp-content/themes/landi_renewal/404.php
[2025-10-22 04:15:35] [b9a5815fb1c07d25803dca937a636157] 選択されたテンプレート: /var/www/html/wp-content/themes/landi_renewal/front-page.php
[2025-10-22 04:15:46] [b9a5815fb1c07d25803dca937a636157] 選択されたテンプレート: /var/www/html/wp-content/themes/landi_renewal/page-service-landi-case.php
[2025-10-22 04:15:46] [b9a5815fb1c07d25803dca937a636157] 404エラー検出: /.well-known/appspecific/com.chrome.devtools.json
[2025-10-22 04:15:46] [b9a5815fb1c07d25803dca937a636157] 選択されたテンプレート: /var/www/html/wp-content/themes/landi_renewal/404.php
[2025-10-22 04:15:46] [b9a5815fb1c07d25803dca937a636157] 404エラー検出: /wp-content/themes/landi_renewal/src/css/layout.css.map
[2025-10-22 04:15:46] [b9a5815fb1c07d25803dca937a636157] 選択されたテンプレート: /var/www/html/wp-content/themes/landi_renewal/404.php
[2025-10-22 04:15:46] [b9a5815fb1c07d25803dca937a636157] 404エラー検出: /wp-content/themes/landi_renewal/src/css/style.css.map
[2025-10-22 04:15:46] [b9a5815fb1c07d25803dca937a636157] 選択されたテンプレート: /var/www/html/wp-content/themes/landi_renewal/404.php
[2025-10-22 04:15:46] [b9a5815fb1c07d25803dca937a636157] 選択されたテンプレート: /var/www/html/wp-content/themes/landi_renewal/front-page.php
[2025-10-22 04:15:47] [b9a5815fb1c07d25803dca937a636157] 404エラー検出: /wp-content/themes/landi_renewal/src/css/style-corp.css.map
[2025-10-22 04:15:47] [b9a5815fb1c07d25803dca937a636157] 選択されたテンプレート: /var/www/html/wp-content/themes/landi_renewal/404.php
[2025-10-22 04:15:47] [b9a5815fb1c07d25803dca937a636157] 選択されたテンプレート: /var/www/html/wp-content/themes/landi_renewal/front-page.php
[2025-10-22 04:15:47] [b9a5815fb1c07d25803dca937a636157] 選択されたテンプレート: /var/www/html/wp-content/themes/landi_renewal/front-page.php
[2025-10-22 04:15:47] [b9a5815fb1c07d25803dca937a636157] 選択されたテンプレート: /var/www/html/wp-content/themes/landi_renewal/front-page.php
[2025-10-22 04:16:05] [b9a5815fb1c07d25803dca937a636157] 選択されたテンプレート: /var/www/html/wp-content/themes/landi_renewal/page-service-landi-case.php
[2025-10-22 04:16:06] [b9a5815fb1c07d25803dca937a636157] 404エラー検出: /.well-known/appspecific/com.chrome.devtools.json
[2025-10-22 04:16:06] [b9a5815fb1c07d25803dca937a636157] 選択されたテンプレート: /var/www/html/wp-content/themes/landi_renewal/404.php
[2025-10-22 04:16:06] [b9a5815fb1c07d25803dca937a636157] 404エラー検出: /wp-content/themes/landi_renewal/src/css/layout.css.map
[2025-10-22 04:16:06] [b9a5815fb1c07d25803dca937a636157] 選択されたテンプレート: /var/www/html/wp-content/themes/landi_renewal/404.php
[2025-10-22 04:16:06] [b9a5815fb1c07d25803dca937a636157] 404エラー検出: /wp-content/themes/landi_renewal/src/css/style.css.map
[2025-10-22 04:16:06] [b9a5815fb1c07d25803dca937a636157] 選択されたテンプレート: /var/www/html/wp-content/themes/landi_renewal/404.php
[2025-10-22 04:16:06] [b9a5815fb1c07d25803dca937a636157] 選択されたテンプレート: /var/www/html/wp-content/themes/landi_renewal/front-page.php
[2025-10-22 04:16:06] [b9a5815fb1c07d25803dca937a636157] 404エラー検出: /wp-content/themes/landi_renewal/src/css/style-corp.css.map
[2025-10-22 04:16:06] [b9a5815fb1c07d25803dca937a636157] 選択されたテンプレート: /var/www/html/wp-content/themes/landi_renewal/404.php
[2025-10-22 04:16:06] [b9a5815fb1c07d25803dca937a636157] 選択されたテンプレート: /var/www/html/wp-content/themes/landi_renewal/front-page.php
[2025-10-22 04:16:06] [b9a5815fb1c07d25803dca937a636157] 選択されたテンプレート: /var/www/html/wp-content/themes/landi_renewal/front-page.php
[2025-10-22 04:16:06] [b9a5815fb1c07d25803dca937a636157] 選択されたテンプレート: /var/www/html/wp-content/themes/landi_renewal/front-page.php
[2025-10-22 04:16:08] [b9a5815fb1c07d25803dca937a636157] 選択されたテンプレート: /var/www/html/wp-content/themes/landi_renewal/page-service-landi-case.php
[2025-10-22 04:16:08] [b9a5815fb1c07d25803dca937a636157] 404エラー検出: /.well-known/appspecific/com.chrome.devtools.json
[2025-10-22 04:16:08] [b9a5815fb1c07d25803dca937a636157] 選択されたテンプレート: /var/www/html/wp-content/themes/landi_renewal/404.php
[2025-10-22 04:16:09] [b9a5815fb1c07d25803dca937a636157] 404エラー検出: /wp-content/themes/landi_renewal/src/css/style.css.map
[2025-10-22 04:16:09] [b9a5815fb1c07d25803dca937a636157] 選択されたテンプレート: /var/www/html/wp-content/themes/landi_renewal/404.php
[2025-10-22 04:16:09] [b9a5815fb1c07d25803dca937a636157] 404エラー検出: /wp-content/themes/landi_renewal/src/css/layout.css.map
[2025-10-22 04:16:09] [b9a5815fb1c07d25803dca937a636157] 選択されたテンプレート: /var/www/html/wp-content/themes/landi_renewal/404.php
[2025-10-22 04:16:09] [b9a5815fb1c07d25803dca937a636157] 選択されたテンプレート: /var/www/html/wp-content/themes/landi_renewal/front-page.php
[2025-10-22 04:16:09] [b9a5815fb1c07d25803dca937a636157] 404エラー検出: /wp-content/themes/landi_renewal/src/css/style-corp.css.map
[2025-10-22 04:16:09] [b9a5815fb1c07d25803dca937a636157] 選択されたテンプレート: /var/www/html/wp-content/themes/landi_renewal/404.php
[2025-10-22 04:16:09] [b9a5815fb1c07d25803dca937a636157] 選択されたテンプレート: /var/www/html/wp-content/themes/landi_renewal/front-page.php
[2025-10-22 04:16:09] [b9a5815fb1c07d25803dca937a636157] 選択されたテンプレート: /var/www/html/wp-content/themes/landi_renewal/front-page.php
[2025-10-22 04:16:09] [b9a5815fb1c07d25803dca937a636157] 選択されたテンプレート: /var/www/html/wp-content/themes/landi_renewal/front-page.php
