======== URLパース診断 ========
時刻: 2025-07-14 06:34:13
リクエストURI: /
WP Request: 
マッチしたルール: なし
変換クエリ: なし
クエリ変数: Array
(
)

============================

======== URLパース診断 ========
時刻: 2025-07-14 06:34:13
リクエストURI: /assets/images/top/fv.webp
WP Request: assets/images/top/fv.webp
マッチしたルール: なし
変換クエリ: なし
クエリ変数: Array
(
    [error] => 404
)

============================

======== URLパース診断 ========
時刻: 2025-07-14 06:34:13
リクエストURI: /
WP Request: 
マッチしたルール: なし
変換クエリ: なし
クエリ変数: Array
(
)

============================

======== URLパース診断 ========
時刻: 2025-07-14 06:34:15
リクエストURI: /.well-known/appspecific/com.chrome.devtools.json
WP Request: .well-known/appspecific/com.chrome.devtools.json
マッチしたルール: なし
変換クエリ: なし
クエリ変数: Array
(
    [error] => 404
)

============================

======== URLパース診断 ========
時刻: 2025-07-14 06:34:15
リクエストURI: /wp-content/themes/landi_renewal/src/css/layout.css.map
WP Request: wp-content/themes/landi_renewal/src/css/layout.css.map
マッチしたルール: なし
変換クエリ: なし
クエリ変数: Array
(
    [error] => 404
)

============================

======== URLパース診断 ========
時刻: 2025-07-14 06:34:15
リクエストURI: /wp-content/themes/landi_renewal/src/css/style-corp.css.map
WP Request: wp-content/themes/landi_renewal/src/css/style-corp.css.map
マッチしたルール: なし
変換クエリ: なし
クエリ変数: Array
(
    [error] => 404
)

============================

======== URLパース診断 ========
時刻: 2025-07-14 06:34:15
リクエストURI: /wp-content/themes/landi_renewal/src/css/style.css.map
WP Request: wp-content/themes/landi_renewal/src/css/style.css.map
マッチしたルール: なし
変換クエリ: なし
クエリ変数: Array
(
    [error] => 404
)

============================

======== URLパース診断 ========
時刻: 2025-07-14 06:34:15
リクエストURI: /
WP Request: 
マッチしたルール: なし
変換クエリ: なし
クエリ変数: Array
(
)

============================

======== URLパース診断 ========
時刻: 2025-07-14 06:34:16
リクエストURI: /
WP Request: 
マッチしたルール: なし
変換クエリ: なし
クエリ変数: Array
(
)

============================

======== URLパース診断 ========
時刻: 2025-07-14 06:34:16
リクエストURI: /
WP Request: 
マッチしたルール: なし
変換クエリ: なし
クエリ変数: Array
(
)

============================

======== URLパース診断 ========
時刻: 2025-07-14 06:34:16
リクエストURI: /
WP Request: 
マッチしたルール: なし
変換クエリ: なし
クエリ変数: Array
(
)

============================

======== URLパース診断 ========
時刻: 2025-07-14 06:34:18
リクエストURI: /
WP Request: 
マッチしたルール: なし
変換クエリ: なし
クエリ変数: Array
(
)

============================

======== URLパース診断 ========
時刻: 2025-07-14 06:34:18
リクエストURI: /assets/images/top/fv.webp
WP Request: assets/images/top/fv.webp
マッチしたルール: なし
変換クエリ: なし
クエリ変数: Array
(
    [error] => 404
)

============================

======== URLパース診断 ========
時刻: 2025-07-14 06:34:19
リクエストURI: /
WP Request: 
マッチしたルール: なし
変換クエリ: なし
クエリ変数: Array
(
)

============================

======== URLパース診断 ========
時刻: 2025-07-14 06:34:46
リクエストURI: /wp-admin/edit.php?post_type=case_study
WP Request: wp-admin/edit.php
マッチしたルール: なし
変換クエリ: なし
クエリ変数: Array
(
    [order] => 
    [orderby] => 
    [post_type] => case_study
    [posts_per_page] => 20
    [post_status] => 
    [perm] => 
)

============================

======== URLパース診断 ========
時刻: 2025-07-14 06:38:29
リクエストURI: /wp-admin/edit.php?post_type=case_study
WP Request: wp-admin/edit.php
マッチしたルール: なし
変換クエリ: なし
クエリ変数: Array
(
    [order] => 
    [orderby] => 
    [post_type] => case_study
    [posts_per_page] => 20
    [post_status] => 
    [perm] => 
)

============================

======== URLパース診断 ========
時刻: 2025-07-14 06:38:48
リクエストURI: /wp-admin/edit.php?post_type=case_study
WP Request: wp-admin/edit.php
マッチしたルール: なし
変換クエリ: なし
クエリ変数: Array
(
    [order] => 
    [orderby] => 
    [post_type] => case_study
    [posts_per_page] => 20
    [post_status] => 
    [perm] => 
)

============================

======== URLパース診断 ========
時刻: 2025-07-14 06:40:25
リクエストURI: /wp-admin/edit.php?post_type=author
WP Request: wp-admin/edit.php
マッチしたルール: なし
変換クエリ: なし
クエリ変数: Array
(
    [order] => 
    [orderby] => 
    [post_type] => author
    [posts_per_page] => 20
    [post_status] => 
    [perm] => 
)

============================

