======== URLパース診断 ========
時刻: 2025-10-22 03:58:17
リクエストURI: /
WP Request: 
マッチしたルール: なし
変換クエリ: なし
クエリ変数: Array
(
)

============================

======== URLパース診断 ========
時刻: 2025-10-22 03:58:17
リクエストURI: /assets/images/top/fv.webp
WP Request: assets/images/top/fv.webp
マッチしたルール: なし
変換クエリ: なし
クエリ変数: Array
(
    [error] => 404
)

============================

======== URLパース診断 ========
時刻: 2025-10-22 03:58:18
リクエストURI: /
WP Request: 
マッチしたルール: なし
変換クエリ: なし
クエリ変数: Array
(
)

============================

======== URLパース診断 ========
時刻: 2025-10-22 03:59:04
リクエストURI: /service
WP Request: service
マッチしたルール: なし
変換クエリ: なし
クエリ変数: Array
(
    [page] => 
    [pagename] => service
)

============================

======== URLパース診断 ========
時刻: 2025-10-22 03:59:12
リクエストURI: /service/landi/case
WP Request: service/landi/case
マッチしたルール: なし
変換クエリ: なし
クエリ変数: Array
(
    [page] => 
    [pagename] => service/landi/case
)

============================

======== URLパース診断 ========
時刻: 2025-10-22 03:59:33
リクエストURI: /.well-known/appspecific/com.chrome.devtools.json
WP Request: .well-known/appspecific/com.chrome.devtools.json
マッチしたルール: なし
変換クエリ: なし
クエリ変数: Array
(
    [error] => 404
)

============================

======== URLパース診断 ========
時刻: 2025-10-22 03:59:33
リクエストURI: /
WP Request: 
マッチしたルール: なし
変換クエリ: なし
クエリ変数: Array
(
)

============================

======== URLパース診断 ========
時刻: 2025-10-22 03:59:33
リクエストURI: /wp-content/themes/landi_renewal/src/css/layout.css.map
WP Request: wp-content/themes/landi_renewal/src/css/layout.css.map
マッチしたルール: なし
変換クエリ: なし
クエリ変数: Array
(
    [error] => 404
)

============================

======== URLパース診断 ========
時刻: 2025-10-22 03:59:33
リクエストURI: /wp-content/themes/landi_renewal/src/css/style.css.map
WP Request: wp-content/themes/landi_renewal/src/css/style.css.map
マッチしたルール: なし
変換クエリ: なし
クエリ変数: Array
(
    [error] => 404
)

============================

======== URLパース診断 ========
時刻: 2025-10-22 03:59:33
リクエストURI: /wp-content/themes/landi_renewal/src/css/style-corp.css.map
WP Request: wp-content/themes/landi_renewal/src/css/style-corp.css.map
マッチしたルール: なし
変換クエリ: なし
クエリ変数: Array
(
    [error] => 404
)

============================

======== URLパース診断 ========
時刻: 2025-10-22 03:59:33
リクエストURI: /
WP Request: 
マッチしたルール: なし
変換クエリ: なし
クエリ変数: Array
(
)

============================

======== URLパース診断 ========
時刻: 2025-10-22 03:59:34
リクエストURI: /
WP Request: 
マッチしたルール: なし
変換クエリ: なし
クエリ変数: Array
(
)

============================

======== URLパース診断 ========
時刻: 2025-10-22 03:59:34
リクエストURI: /
WP Request: 
マッチしたルール: なし
変換クエリ: なし
クエリ変数: Array
(
)

============================

======== URLパース診断 ========
時刻: 2025-10-22 04:10:34
リクエストURI: /wp-content/themes/landi_renewal/src/css/layout.css.map
WP Request: wp-content/themes/landi_renewal/src/css/layout.css.map
マッチしたルール: なし
変換クエリ: なし
クエリ変数: Array
(
    [error] => 404
)

============================

======== URLパース診断 ========
時刻: 2025-10-22 04:10:34
リクエストURI: /wp-content/themes/landi_renewal/src/css/style.css.map
WP Request: wp-content/themes/landi_renewal/src/css/style.css.map
マッチしたルール: なし
変換クエリ: なし
クエリ変数: Array
(
    [error] => 404
)

============================

======== URLパース診断 ========
時刻: 2025-10-22 04:10:35
リクエストURI: /wp-content/themes/landi_renewal/src/css/style-corp.css.map
WP Request: wp-content/themes/landi_renewal/src/css/style-corp.css.map
マッチしたルール: なし
変換クエリ: なし
クエリ変数: Array
(
    [error] => 404
)

============================

======== URLパース診断 ========
時刻: 2025-10-22 04:10:35
リクエストURI: /
WP Request: 
マッチしたルール: なし
変換クエリ: なし
クエリ変数: Array
(
)

============================

======== URLパース診断 ========
時刻: 2025-10-22 04:10:35
リクエストURI: /
WP Request: 
マッチしたルール: なし
変換クエリ: なし
クエリ変数: Array
(
)

============================

======== URLパース診断 ========
時刻: 2025-10-22 04:10:35
リクエストURI: /
WP Request: 
マッチしたルール: なし
変換クエリ: なし
クエリ変数: Array
(
)

============================

======== URLパース診断 ========
時刻: 2025-10-22 04:10:38
リクエストURI: /wp-content/themes/landi_renewal/src/css/style.css.map
WP Request: wp-content/themes/landi_renewal/src/css/style.css.map
マッチしたルール: なし
変換クエリ: なし
クエリ変数: Array
(
    [error] => 404
)

============================

======== URLパース診断 ========
時刻: 2025-10-22 04:10:38
リクエストURI: /wp-content/themes/landi_renewal/src/css/layout.css.map
WP Request: wp-content/themes/landi_renewal/src/css/layout.css.map
マッチしたルール: なし
変換クエリ: なし
クエリ変数: Array
(
    [error] => 404
)

============================

======== URLパース診断 ========
時刻: 2025-10-22 04:10:38
リクエストURI: /wp-content/themes/landi_renewal/src/css/style-corp.css.map
WP Request: wp-content/themes/landi_renewal/src/css/style-corp.css.map
マッチしたルール: なし
変換クエリ: なし
クエリ変数: Array
(
    [error] => 404
)

============================

======== URLパース診断 ========
時刻: 2025-10-22 04:10:38
リクエストURI: /
WP Request: 
マッチしたルール: なし
変換クエリ: なし
クエリ変数: Array
(
)

============================

======== URLパース診断 ========
時刻: 2025-10-22 04:10:38
リクエストURI: /
WP Request: 
マッチしたルール: なし
変換クエリ: なし
クエリ変数: Array
(
)

============================

======== URLパース診断 ========
時刻: 2025-10-22 04:10:38
リクエストURI: /
WP Request: 
マッチしたルール: なし
変換クエリ: なし
クエリ変数: Array
(
)

============================

======== URLパース診断 ========
時刻: 2025-10-22 04:12:46
リクエストURI: /wp-content/themes/landi_renewal/src/css/layout.css.map
WP Request: wp-content/themes/landi_renewal/src/css/layout.css.map
マッチしたルール: なし
変換クエリ: なし
クエリ変数: Array
(
    [error] => 404
)

============================

======== URLパース診断 ========
時刻: 2025-10-22 04:12:46
リクエストURI: /wp-content/themes/landi_renewal/src/css/style.css.map
WP Request: wp-content/themes/landi_renewal/src/css/style.css.map
マッチしたルール: なし
変換クエリ: なし
クエリ変数: Array
(
    [error] => 404
)

============================

======== URLパース診断 ========
時刻: 2025-10-22 04:12:46
リクエストURI: /
WP Request: 
マッチしたルール: なし
変換クエリ: なし
クエリ変数: Array
(
)

============================

======== URLパース診断 ========
時刻: 2025-10-22 04:12:46
リクエストURI: /
WP Request: 
マッチしたルール: なし
変換クエリ: なし
クエリ変数: Array
(
)

============================

======== URLパース診断 ========
時刻: 2025-10-22 04:12:46
リクエストURI: /wp-content/themes/landi_renewal/src/css/style-corp.css.map
WP Request: wp-content/themes/landi_renewal/src/css/style-corp.css.map
マッチしたルール: なし
変換クエリ: なし
クエリ変数: Array
(
    [error] => 404
)

============================

======== URLパース診断 ========
時刻: 2025-10-22 04:12:46
リクエストURI: /
WP Request: 
マッチしたルール: なし
変換クエリ: なし
クエリ変数: Array
(
)

============================

======== URLパース診断 ========
時刻: 2025-10-22 04:12:54
リクエストURI: /wp-content/themes/landi_renewal/src/css/layout.css.map
WP Request: wp-content/themes/landi_renewal/src/css/layout.css.map
マッチしたルール: なし
変換クエリ: なし
クエリ変数: Array
(
    [error] => 404
)

============================

======== URLパース診断 ========
時刻: 2025-10-22 04:12:54
リクエストURI: /wp-content/themes/landi_renewal/src/css/style.css.map
WP Request: wp-content/themes/landi_renewal/src/css/style.css.map
マッチしたルール: なし
変換クエリ: なし
クエリ変数: Array
(
    [error] => 404
)

============================

======== URLパース診断 ========
時刻: 2025-10-22 04:12:54
リクエストURI: /wp-content/themes/landi_renewal/src/css/style-corp.css.map
WP Request: wp-content/themes/landi_renewal/src/css/style-corp.css.map
マッチしたルール: なし
変換クエリ: なし
クエリ変数: Array
(
    [error] => 404
)

============================

======== URLパース診断 ========
時刻: 2025-10-22 04:12:54
リクエストURI: /
WP Request: 
マッチしたルール: なし
変換クエリ: なし
クエリ変数: Array
(
)

============================

======== URLパース診断 ========
時刻: 2025-10-22 04:12:54
リクエストURI: /
WP Request: 
マッチしたルール: なし
変換クエリ: なし
クエリ変数: Array
(
)

============================

======== URLパース診断 ========
時刻: 2025-10-22 04:12:54
リクエストURI: /
WP Request: 
マッチしたルール: なし
変換クエリ: なし
クエリ変数: Array
(
)

============================

======== URLパース診断 ========
時刻: 2025-10-22 04:15:05
リクエストURI: /service/landi/case
WP Request: service/landi/case
マッチしたルール: なし
変換クエリ: なし
クエリ変数: Array
(
    [page] => 
    [pagename] => service/landi/case
)

============================

======== URLパース診断 ========
時刻: 2025-10-22 04:15:06
リクエストURI: /wp-content/themes/landi_renewal/src/css/layout.css.map
WP Request: wp-content/themes/landi_renewal/src/css/layout.css.map
マッチしたルール: なし
変換クエリ: なし
クエリ変数: Array
(
    [error] => 404
)

============================

======== URLパース診断 ========
時刻: 2025-10-22 04:15:06
リクエストURI: /.well-known/appspecific/com.chrome.devtools.json
WP Request: .well-known/appspecific/com.chrome.devtools.json
マッチしたルール: なし
変換クエリ: なし
クエリ変数: Array
(
    [error] => 404
)

============================

======== URLパース診断 ========
時刻: 2025-10-22 04:15:06
リクエストURI: /wp-content/themes/landi_renewal/src/css/style.css.map
WP Request: wp-content/themes/landi_renewal/src/css/style.css.map
マッチしたルール: なし
変換クエリ: なし
クエリ変数: Array
(
    [error] => 404
)

============================

======== URLパース診断 ========
時刻: 2025-10-22 04:15:06
リクエストURI: /wp-content/themes/landi_renewal/src/css/style-corp.css.map
WP Request: wp-content/themes/landi_renewal/src/css/style-corp.css.map
マッチしたルール: なし
変換クエリ: なし
クエリ変数: Array
(
    [error] => 404
)

============================

======== URLパース診断 ========
時刻: 2025-10-22 04:15:06
リクエストURI: /
WP Request: 
マッチしたルール: なし
変換クエリ: なし
クエリ変数: Array
(
)

============================

======== URLパース診断 ========
時刻: 2025-10-22 04:15:06
リクエストURI: /
WP Request: 
マッチしたルール: なし
変換クエリ: なし
クエリ変数: Array
(
)

============================

======== URLパース診断 ========
時刻: 2025-10-22 04:15:07
リクエストURI: /
WP Request: 
マッチしたルール: なし
変換クエリ: なし
クエリ変数: Array
(
)

============================

======== URLパース診断 ========
時刻: 2025-10-22 04:15:07
リクエストURI: /
WP Request: 
マッチしたルール: なし
変換クエリ: なし
クエリ変数: Array
(
)

============================

======== URLパース診断 ========
時刻: 2025-10-22 04:15:11
リクエストURI: /service/landi/case
WP Request: service/landi/case
マッチしたルール: なし
変換クエリ: なし
クエリ変数: Array
(
    [page] => 
    [pagename] => service/landi/case
)

============================

======== URLパース診断 ========
時刻: 2025-10-22 04:15:11
リクエストURI: /.well-known/appspecific/com.chrome.devtools.json
WP Request: .well-known/appspecific/com.chrome.devtools.json
マッチしたルール: なし
変換クエリ: なし
クエリ変数: Array
(
    [error] => 404
)

============================

======== URLパース診断 ========
時刻: 2025-10-22 04:15:11
リクエストURI: /wp-content/themes/landi_renewal/src/css/layout.css.map
WP Request: wp-content/themes/landi_renewal/src/css/layout.css.map
マッチしたルール: なし
変換クエリ: なし
クエリ変数: Array
(
    [error] => 404
)

============================

======== URLパース診断 ========
時刻: 2025-10-22 04:15:11
リクエストURI: /wp-content/themes/landi_renewal/src/css/style.css.map
WP Request: wp-content/themes/landi_renewal/src/css/style.css.map
マッチしたルール: なし
変換クエリ: なし
クエリ変数: Array
(
    [error] => 404
)

============================

======== URLパース診断 ========
時刻: 2025-10-22 04:15:12
リクエストURI: /
WP Request: 
マッチしたルール: なし
変換クエリ: なし
クエリ変数: Array
(
)

============================

======== URLパース診断 ========
時刻: 2025-10-22 04:15:12
リクエストURI: /wp-content/themes/landi_renewal/src/css/style-corp.css.map
WP Request: wp-content/themes/landi_renewal/src/css/style-corp.css.map
マッチしたルール: なし
変換クエリ: なし
クエリ変数: Array
(
    [error] => 404
)

============================

======== URLパース診断 ========
時刻: 2025-10-22 04:15:12
リクエストURI: /
WP Request: 
マッチしたルール: なし
変換クエリ: なし
クエリ変数: Array
(
)

============================

======== URLパース診断 ========
時刻: 2025-10-22 04:15:12
リクエストURI: /
WP Request: 
マッチしたルール: なし
変換クエリ: なし
クエリ変数: Array
(
)

============================

======== URLパース診断 ========
時刻: 2025-10-22 04:15:12
リクエストURI: /
WP Request: 
マッチしたルール: なし
変換クエリ: なし
クエリ変数: Array
(
)

============================

======== URLパース診断 ========
時刻: 2025-10-22 04:15:15
リクエストURI: /service/landi/case
WP Request: service/landi/case
マッチしたルール: なし
変換クエリ: なし
クエリ変数: Array
(
    [page] => 
    [pagename] => service/landi/case
)

============================

======== URLパース診断 ========
時刻: 2025-10-22 04:15:16
リクエストURI: /.well-known/appspecific/com.chrome.devtools.json
WP Request: .well-known/appspecific/com.chrome.devtools.json
マッチしたルール: なし
変換クエリ: なし
クエリ変数: Array
(
    [error] => 404
)

============================

======== URLパース診断 ========
時刻: 2025-10-22 04:15:16
リクエストURI: /
WP Request: 
マッチしたルール: なし
変換クエリ: なし
クエリ変数: Array
(
)

============================

======== URLパース診断 ========
時刻: 2025-10-22 04:15:16
リクエストURI: /wp-content/themes/landi_renewal/src/css/layout.css.map
WP Request: wp-content/themes/landi_renewal/src/css/layout.css.map
マッチしたルール: なし
変換クエリ: なし
クエリ変数: Array
(
    [error] => 404
)

============================

======== URLパース診断 ========
時刻: 2025-10-22 04:15:16
リクエストURI: /wp-content/themes/landi_renewal/src/css/style.css.map
WP Request: wp-content/themes/landi_renewal/src/css/style.css.map
マッチしたルール: なし
変換クエリ: なし
クエリ変数: Array
(
    [error] => 404
)

============================

======== URLパース診断 ========
時刻: 2025-10-22 04:15:16
リクエストURI: /wp-content/themes/landi_renewal/src/css/style-corp.css.map
WP Request: wp-content/themes/landi_renewal/src/css/style-corp.css.map
マッチしたルール: なし
変換クエリ: なし
クエリ変数: Array
(
    [error] => 404
)

============================

======== URLパース診断 ========
時刻: 2025-10-22 04:15:16
リクエストURI: /
WP Request: 
マッチしたルール: なし
変換クエリ: なし
クエリ変数: Array
(
)

============================

======== URLパース診断 ========
時刻: 2025-10-22 04:15:17
リクエストURI: /
WP Request: 
マッチしたルール: なし
変換クエリ: なし
クエリ変数: Array
(
)

============================

======== URLパース診断 ========
時刻: 2025-10-22 04:15:17
リクエストURI: /
WP Request: 
マッチしたルール: なし
変換クエリ: なし
クエリ変数: Array
(
)

============================

======== URLパース診断 ========
時刻: 2025-10-22 04:15:25
リクエストURI: /wp-content/themes/landi_renewal/src/css/layout.css.map
WP Request: wp-content/themes/landi_renewal/src/css/layout.css.map
マッチしたルール: なし
変換クエリ: なし
クエリ変数: Array
(
    [error] => 404
)

============================

======== URLパース診断 ========
時刻: 2025-10-22 04:15:25
リクエストURI: /wp-content/themes/landi_renewal/src/css/style.css.map
WP Request: wp-content/themes/landi_renewal/src/css/style.css.map
マッチしたルール: なし
変換クエリ: なし
クエリ変数: Array
(
    [error] => 404
)

============================

======== URLパース診断 ========
時刻: 2025-10-22 04:15:25
リクエストURI: /wp-content/themes/landi_renewal/src/css/style-corp.css.map
WP Request: wp-content/themes/landi_renewal/src/css/style-corp.css.map
マッチしたルール: なし
変換クエリ: なし
クエリ変数: Array
(
    [error] => 404
)

============================

======== URLパース診断 ========
時刻: 2025-10-22 04:15:26
リクエストURI: /
WP Request: 
マッチしたルール: なし
変換クエリ: なし
クエリ変数: Array
(
)

============================

======== URLパース診断 ========
時刻: 2025-10-22 04:15:26
リクエストURI: /
WP Request: 
マッチしたルール: なし
変換クエリ: なし
クエリ変数: Array
(
)

============================

======== URLパース診断 ========
時刻: 2025-10-22 04:15:26
リクエストURI: /
WP Request: 
マッチしたルール: なし
変換クエリ: なし
クエリ変数: Array
(
)

============================

======== URLパース診断 ========
時刻: 2025-10-22 04:15:31
リクエストURI: /wp-content/themes/landi_renewal/src/css/layout.css.map
WP Request: wp-content/themes/landi_renewal/src/css/layout.css.map
マッチしたルール: なし
変換クエリ: なし
クエリ変数: Array
(
    [error] => 404
)

============================

======== URLパース診断 ========
時刻: 2025-10-22 04:15:31
リクエストURI: /wp-content/themes/landi_renewal/src/css/style.css.map
WP Request: wp-content/themes/landi_renewal/src/css/style.css.map
マッチしたルール: なし
変換クエリ: なし
クエリ変数: Array
(
    [error] => 404
)

============================

======== URLパース診断 ========
時刻: 2025-10-22 04:15:31
リクエストURI: /wp-content/themes/landi_renewal/src/css/style-corp.css.map
WP Request: wp-content/themes/landi_renewal/src/css/style-corp.css.map
マッチしたルール: なし
変換クエリ: なし
クエリ変数: Array
(
    [error] => 404
)

============================

======== URLパース診断 ========
時刻: 2025-10-22 04:15:31
リクエストURI: /
WP Request: 
マッチしたルール: なし
変換クエリ: なし
クエリ変数: Array
(
)

============================

======== URLパース診断 ========
時刻: 2025-10-22 04:15:31
リクエストURI: /
WP Request: 
マッチしたルール: なし
変換クエリ: なし
クエリ変数: Array
(
)

============================

======== URLパース診断 ========
時刻: 2025-10-22 04:15:31
リクエストURI: /
WP Request: 
マッチしたルール: なし
変換クエリ: なし
クエリ変数: Array
(
)

============================

======== URLパース診断 ========
時刻: 2025-10-22 04:15:34
リクエストURI: /wp-content/themes/landi_renewal/src/css/layout.css.map
WP Request: wp-content/themes/landi_renewal/src/css/layout.css.map
マッチしたルール: なし
変換クエリ: なし
クエリ変数: Array
(
    [error] => 404
)

============================

======== URLパース診断 ========
時刻: 2025-10-22 04:15:34
リクエストURI: /wp-content/themes/landi_renewal/src/css/style.css.map
WP Request: wp-content/themes/landi_renewal/src/css/style.css.map
マッチしたルール: なし
変換クエリ: なし
クエリ変数: Array
(
    [error] => 404
)

============================

======== URLパース診断 ========
時刻: 2025-10-22 04:15:34
リクエストURI: /
WP Request: 
マッチしたルール: なし
変換クエリ: なし
クエリ変数: Array
(
)

============================

======== URLパース診断 ========
時刻: 2025-10-22 04:15:34
リクエストURI: /
WP Request: 
マッチしたルール: なし
変換クエリ: なし
クエリ変数: Array
(
)

============================

======== URLパース診断 ========
時刻: 2025-10-22 04:15:35
リクエストURI: /wp-content/themes/landi_renewal/src/css/style-corp.css.map
WP Request: wp-content/themes/landi_renewal/src/css/style-corp.css.map
マッチしたルール: なし
変換クエリ: なし
クエリ変数: Array
(
    [error] => 404
)

============================

======== URLパース診断 ========
時刻: 2025-10-22 04:15:35
リクエストURI: /
WP Request: 
マッチしたルール: なし
変換クエリ: なし
クエリ変数: Array
(
)

============================

======== URLパース診断 ========
時刻: 2025-10-22 04:15:46
リクエストURI: /service/landi/case
WP Request: service/landi/case
マッチしたルール: なし
変換クエリ: なし
クエリ変数: Array
(
    [page] => 
    [pagename] => service/landi/case
)

============================

======== URLパース診断 ========
時刻: 2025-10-22 04:15:46
リクエストURI: /.well-known/appspecific/com.chrome.devtools.json
WP Request: .well-known/appspecific/com.chrome.devtools.json
マッチしたルール: なし
変換クエリ: なし
クエリ変数: Array
(
    [error] => 404
)

============================

======== URLパース診断 ========
時刻: 2025-10-22 04:15:46
リクエストURI: /wp-content/themes/landi_renewal/src/css/layout.css.map
WP Request: wp-content/themes/landi_renewal/src/css/layout.css.map
マッチしたルール: なし
変換クエリ: なし
クエリ変数: Array
(
    [error] => 404
)

============================

======== URLパース診断 ========
時刻: 2025-10-22 04:15:46
リクエストURI: /wp-content/themes/landi_renewal/src/css/style.css.map
WP Request: wp-content/themes/landi_renewal/src/css/style.css.map
マッチしたルール: なし
変換クエリ: なし
クエリ変数: Array
(
    [error] => 404
)

============================

======== URLパース診断 ========
時刻: 2025-10-22 04:15:46
リクエストURI: /
WP Request: 
マッチしたルール: なし
変換クエリ: なし
クエリ変数: Array
(
)

============================

======== URLパース診断 ========
時刻: 2025-10-22 04:15:47
リクエストURI: /wp-content/themes/landi_renewal/src/css/style-corp.css.map
WP Request: wp-content/themes/landi_renewal/src/css/style-corp.css.map
マッチしたルール: なし
変換クエリ: なし
クエリ変数: Array
(
    [error] => 404
)

============================

======== URLパース診断 ========
時刻: 2025-10-22 04:15:47
リクエストURI: /
WP Request: 
マッチしたルール: なし
変換クエリ: なし
クエリ変数: Array
(
)

============================

======== URLパース診断 ========
時刻: 2025-10-22 04:15:47
リクエストURI: /
WP Request: 
マッチしたルール: なし
変換クエリ: なし
クエリ変数: Array
(
)

============================

======== URLパース診断 ========
時刻: 2025-10-22 04:15:47
リクエストURI: /
WP Request: 
マッチしたルール: なし
変換クエリ: なし
クエリ変数: Array
(
)

============================

======== URLパース診断 ========
時刻: 2025-10-22 04:16:05
リクエストURI: /service/landi/case
WP Request: service/landi/case
マッチしたルール: なし
変換クエリ: なし
クエリ変数: Array
(
    [page] => 
    [pagename] => service/landi/case
)

============================

======== URLパース診断 ========
時刻: 2025-10-22 04:16:06
リクエストURI: /.well-known/appspecific/com.chrome.devtools.json
WP Request: .well-known/appspecific/com.chrome.devtools.json
マッチしたルール: なし
変換クエリ: なし
クエリ変数: Array
(
    [error] => 404
)

============================

======== URLパース診断 ========
時刻: 2025-10-22 04:16:06
リクエストURI: /wp-content/themes/landi_renewal/src/css/layout.css.map
WP Request: wp-content/themes/landi_renewal/src/css/layout.css.map
マッチしたルール: なし
変換クエリ: なし
クエリ変数: Array
(
    [error] => 404
)

============================

======== URLパース診断 ========
時刻: 2025-10-22 04:16:06
リクエストURI: /wp-content/themes/landi_renewal/src/css/style.css.map
WP Request: wp-content/themes/landi_renewal/src/css/style.css.map
マッチしたルール: なし
変換クエリ: なし
クエリ変数: Array
(
    [error] => 404
)

============================

======== URLパース診断 ========
時刻: 2025-10-22 04:16:06
リクエストURI: /
WP Request: 
マッチしたルール: なし
変換クエリ: なし
クエリ変数: Array
(
)

============================

======== URLパース診断 ========
時刻: 2025-10-22 04:16:06
リクエストURI: /wp-content/themes/landi_renewal/src/css/style-corp.css.map
WP Request: wp-content/themes/landi_renewal/src/css/style-corp.css.map
マッチしたルール: なし
変換クエリ: なし
クエリ変数: Array
(
    [error] => 404
)

============================

======== URLパース診断 ========
時刻: 2025-10-22 04:16:06
リクエストURI: /
WP Request: 
マッチしたルール: なし
変換クエリ: なし
クエリ変数: Array
(
)

============================

======== URLパース診断 ========
時刻: 2025-10-22 04:16:06
リクエストURI: /
WP Request: 
マッチしたルール: なし
変換クエリ: なし
クエリ変数: Array
(
)

============================

======== URLパース診断 ========
時刻: 2025-10-22 04:16:06
リクエストURI: /
WP Request: 
マッチしたルール: なし
変換クエリ: なし
クエリ変数: Array
(
)

============================

======== URLパース診断 ========
時刻: 2025-10-22 04:16:08
リクエストURI: /service/landi/case
WP Request: service/landi/case
マッチしたルール: なし
変換クエリ: なし
クエリ変数: Array
(
    [page] => 
    [pagename] => service/landi/case
)

============================

======== URLパース診断 ========
時刻: 2025-10-22 04:16:08
リクエストURI: /.well-known/appspecific/com.chrome.devtools.json
WP Request: .well-known/appspecific/com.chrome.devtools.json
マッチしたルール: なし
変換クエリ: なし
クエリ変数: Array
(
    [error] => 404
)

============================

======== URLパース診断 ========
時刻: 2025-10-22 04:16:09
リクエストURI: /wp-content/themes/landi_renewal/src/css/style.css.map
WP Request: wp-content/themes/landi_renewal/src/css/style.css.map
マッチしたルール: なし
変換クエリ: なし
クエリ変数: Array
(
    [error] => 404
)

============================

======== URLパース診断 ========
時刻: 2025-10-22 04:16:09
リクエストURI: /wp-content/themes/landi_renewal/src/css/layout.css.map
WP Request: wp-content/themes/landi_renewal/src/css/layout.css.map
マッチしたルール: なし
変換クエリ: なし
クエリ変数: Array
(
    [error] => 404
)

============================

======== URLパース診断 ========
時刻: 2025-10-22 04:16:09
リクエストURI: /
WP Request: 
マッチしたルール: なし
変換クエリ: なし
クエリ変数: Array
(
)

============================

======== URLパース診断 ========
時刻: 2025-10-22 04:16:09
リクエストURI: /wp-content/themes/landi_renewal/src/css/style-corp.css.map
WP Request: wp-content/themes/landi_renewal/src/css/style-corp.css.map
マッチしたルール: なし
変換クエリ: なし
クエリ変数: Array
(
    [error] => 404
)

============================

======== URLパース診断 ========
時刻: 2025-10-22 04:16:09
リクエストURI: /
WP Request: 
マッチしたルール: なし
変換クエリ: なし
クエリ変数: Array
(
)

============================

======== URLパース診断 ========
時刻: 2025-10-22 04:16:09
リクエストURI: /
WP Request: 
マッチしたルール: なし
変換クエリ: なし
クエリ変数: Array
(
)

============================

======== URLパース診断 ========
時刻: 2025-10-22 04:16:09
リクエストURI: /
WP Request: 
マッチしたルール: なし
変換クエリ: なし
クエリ変数: Array
(
)

============================

