======== URLパース診断 ========
時刻: 2025-10-03 04:55:32
リクエストURI: /
WP Request: 
マッチしたルール: なし
変換クエリ: なし
クエリ変数: Array
(
)

============================

======== URLパース診断 ========
時刻: 2025-10-03 04:55:33
リクエストURI: /assets/images/top/fv.webp
WP Request: assets/images/top/fv.webp
マッチしたルール: なし
変換クエリ: なし
クエリ変数: Array
(
    [error] => 404
)

============================

======== URLパース診断 ========
時刻: 2025-10-03 04:55:33
リクエストURI: /
WP Request: 
マッチしたルール: なし
変換クエリ: なし
クエリ変数: Array
(
)

============================

======== URLパース診断 ========
時刻: 2025-10-03 04:56:24
リクエストURI: /
WP Request: 
マッチしたルール: なし
変換クエリ: なし
クエリ変数: Array
(
)

============================

======== URLパース診断 ========
時刻: 2025-10-03 04:56:24
リクエストURI: /assets/images/top/fv.webp
WP Request: assets/images/top/fv.webp
マッチしたルール: なし
変換クエリ: なし
クエリ変数: Array
(
    [error] => 404
)

============================

======== URLパース診断 ========
時刻: 2025-10-03 04:56:25
リクエストURI: /
WP Request: 
マッチしたルール: なし
変換クエリ: なし
クエリ変数: Array
(
)

============================

======== URLパース診断 ========
時刻: 2025-10-03 04:56:27
リクエストURI: /recruit
WP Request: recruit
マッチしたルール: なし
変換クエリ: なし
クエリ変数: Array
(
    [post_type] => recruit
)

============================

======== URLパース診断 ========
時刻: 2025-10-03 04:56:34
リクエストURI: /recruit/recruit-5767-2-3-2
WP Request: recruit/recruit-5767-2-3-2
マッチしたルール: なし
変換クエリ: なし
クエリ変数: Array
(
    [page] => 
    [post_type] => recruit
    [recruit] => recruit-5767-2-3-2
    [name] => recruit-5767-2-3-2
)

============================

======== URLパース診断 ========
時刻: 2025-10-03 04:56:40
リクエストURI: /recruit/recruit_contact/?post_id=7875
WP Request: recruit/recruit_contact
マッチしたルール: なし
変換クエリ: なし
クエリ変数: Array
(
    [page] => 
    [post_type] => recruit
    [recruit] => recruit_contact
    [name] => recruit_contact
)

============================

======== URLパース診断 ========
時刻: 2025-10-03 04:56:40
リクエストURI: /recruit/recruit_contact?post_id=7875
WP Request: recruit/recruit_contact
マッチしたルール: なし
変換クエリ: なし
クエリ変数: Array
(
    [page] => 
    [post_type] => recruit
    [recruit] => recruit_contact
    [name] => recruit_contact
)

============================

======== URLパース診断 ========
時刻: 2025-10-03 04:56:45
リクエストURI: /recruit/recruit_contact?post_id=7875
WP Request: recruit/recruit_contact
マッチしたルール: なし
変換クエリ: なし
クエリ変数: Array
(
    [page] => 
    [post_type] => recruit
    [recruit] => recruit_contact
    [name] => recruit_contact
)

============================

======== URLパース診断 ========
時刻: 2025-10-03 04:56:46
リクエストURI: /recruit/recruit_contact?post_id=7875
WP Request: recruit/recruit_contact
マッチしたルール: なし
変換クエリ: なし
クエリ変数: Array
(
    [page] => 
    [post_type] => recruit
    [recruit] => recruit_contact
    [name] => recruit_contact
)

============================

======== URLパース診断 ========
時刻: 2025-10-03 04:56:51
リクエストURI: /alliance
WP Request: alliance
マッチしたルール: なし
変換クエリ: なし
クエリ変数: Array
(
    [page] => 
    [pagename] => alliance
)

============================

======== URLパース診断 ========
時刻: 2025-10-03 04:56:58
リクエストURI: /recruit
WP Request: recruit
マッチしたルール: なし
変換クエリ: なし
クエリ変数: Array
(
    [post_type] => recruit
)

============================

======== URLパース診断 ========
時刻: 2025-10-03 04:57:15
リクエストURI: /
WP Request: 
マッチしたルール: なし
変換クエリ: なし
クエリ変数: Array
(
)

============================

======== URLパース診断 ========
時刻: 2025-10-03 04:57:15
リクエストURI: /assets/images/top/fv.webp
WP Request: assets/images/top/fv.webp
マッチしたルール: なし
変換クエリ: なし
クエリ変数: Array
(
    [error] => 404
)

============================

======== URLパース診断 ========
時刻: 2025-10-03 04:57:16
リクエストURI: /
WP Request: 
マッチしたルール: なし
変換クエリ: なし
クエリ変数: Array
(
)

============================

======== URLパース診断 ========
時刻: 2025-10-03 04:58:32
リクエストURI: /wp-admin/edit.php?post_type=page
WP Request: wp-admin/edit.php
マッチしたルール: なし
変換クエリ: なし
クエリ変数: Array
(
    [order] => asc
    [orderby] => menu_order title
    [posts_per_page] => -1
    [posts_per_archive_page] => -1
    [post_type] => page
    [post_status] => 
    [perm] => 
    [fields] => id=>parent
)

============================

======== URLパース診断 ========
時刻: 2025-10-03 04:59:04
リクエストURI: /contact
WP Request: contact
マッチしたルール: なし
変換クエリ: なし
クエリ変数: Array
(
    [page] => 
    [pagename] => contact
)

============================

======== URLパース診断 ========
時刻: 2025-10-03 04:59:06
リクエストURI: /alliance
WP Request: alliance
マッチしたルール: なし
変換クエリ: なし
クエリ変数: Array
(
    [page] => 
    [pagename] => alliance
)

============================

======== URLパース診断 ========
時刻: 2025-10-03 04:59:11
リクエストURI: /newslist
WP Request: newslist
マッチしたルール: なし
変換クエリ: なし
クエリ変数: Array
(
    [post_type] => news
)

============================

======== URLパース診断 ========
時刻: 2025-10-03 04:59:13
リクエストURI: /recruit
WP Request: recruit
マッチしたルール: なし
変換クエリ: なし
クエリ変数: Array
(
    [post_type] => recruit
)

============================

======== URLパース診断 ========
時刻: 2025-10-03 04:59:23
リクエストURI: /company
WP Request: company
マッチしたルール: なし
変換クエリ: なし
クエリ変数: Array
(
    [page] => 
    [pagename] => company
)

============================

======== URLパース診断 ========
時刻: 2025-10-03 04:59:28
リクエストURI: /alliance
WP Request: alliance
マッチしたルール: なし
変換クエリ: なし
クエリ変数: Array
(
    [page] => 
    [pagename] => alliance
)

============================

======== URLパース診断 ========
時刻: 2025-10-03 05:26:10
リクエストURI: /
WP Request: 
マッチしたルール: なし
変換クエリ: なし
クエリ変数: Array
(
)

============================

======== URLパース診断 ========
時刻: 2025-10-03 05:26:10
リクエストURI: /assets/images/top/fv.webp
WP Request: assets/images/top/fv.webp
マッチしたルール: なし
変換クエリ: なし
クエリ変数: Array
(
    [error] => 404
)

============================

======== URLパース診断 ========
時刻: 2025-10-03 05:26:10
リクエストURI: /
WP Request: 
マッチしたルール: なし
変換クエリ: なし
クエリ変数: Array
(
)

============================

======== URLパース診断 ========
時刻: 2025-10-03 05:26:19
リクエストURI: /landi/app
WP Request: landi/app
マッチしたルール: なし
変換クエリ: なし
クエリ変数: Array
(
    [page] => 
    [pagename] => landi/app
)

============================

======== URLパース診断 ========
時刻: 2025-10-03 05:27:52
リクエストURI: /magazine
WP Request: magazine
マッチしたルール: なし
変換クエリ: なし
クエリ変数: Array
(
    [post_type] => magazine
)

============================

======== URLパース診断 ========
時刻: 2025-10-03 05:27:54
リクエストURI: /landi/app
WP Request: landi/app
マッチしたルール: なし
変換クエリ: なし
クエリ変数: Array
(
    [page] => 
    [pagename] => landi/app
)

============================

======== URLパース診断 ========
時刻: 2025-10-03 05:28:59
リクエストURI: /magazine
WP Request: magazine
マッチしたルール: なし
変換クエリ: なし
クエリ変数: Array
(
    [post_type] => magazine
)

============================

