======== URLパース診断 ========
時刻: 2025-10-07 08:06:35
リクエストURI: /
WP Request: 
マッチしたルール: なし
変換クエリ: なし
クエリ変数: Array
(
)

============================

======== URLパース診断 ========
時刻: 2025-10-07 08:06:36
リクエストURI: /assets/images/top/fv.webp
WP Request: assets/images/top/fv.webp
マッチしたルール: なし
変換クエリ: なし
クエリ変数: Array
(
    [error] => 404
)

============================

======== URLパース診断 ========
時刻: 2025-10-07 08:06:36
リクエストURI: /
WP Request: 
マッチしたルール: なし
変換クエリ: なし
クエリ変数: Array
(
)

============================

======== URLパース診断 ========
時刻: 2025-10-07 08:06:39
リクエストURI: /feature
WP Request: feature
マッチしたルール: なし
変換クエリ: なし
クエリ変数: Array
(
    [page] => 
    [pagename] => feature
)

============================

======== URLパース診断 ========
時刻: 2025-10-07 08:06:52
リクエストURI: /case_study
WP Request: case_study
マッチしたルール: なし
変換クエリ: なし
クエリ変数: Array
(
    [post_type] => case_study
)

============================

======== URLパース診断 ========
時刻: 2025-10-07 08:07:06
リクエストURI: /case_study/page/2
WP Request: case_study/page/2
マッチしたルール: なし
変換クエリ: なし
クエリ変数: Array
(
    [paged] => 2
    [post_type] => case_study
)

============================

======== URLパース診断 ========
時刻: 2025-10-07 08:07:11
リクエストURI: /case_study
WP Request: case_study
マッチしたルール: なし
変換クエリ: なし
クエリ変数: Array
(
    [post_type] => case_study
)

============================

======== URLパース診断 ========
時刻: 2025-10-07 08:07:45
リクエストURI: /
WP Request: 
マッチしたルール: なし
変換クエリ: なし
クエリ変数: Array
(
)

============================

======== URLパース診断 ========
時刻: 2025-10-07 08:07:46
リクエストURI: /assets/images/top/fv.webp
WP Request: assets/images/top/fv.webp
マッチしたルール: なし
変換クエリ: なし
クエリ変数: Array
(
    [error] => 404
)

============================

======== URLパース診断 ========
時刻: 2025-10-07 08:07:46
リクエストURI: /
WP Request: 
マッチしたルール: なし
変換クエリ: なし
クエリ変数: Array
(
)

============================

======== URLパース診断 ========
時刻: 2025-10-07 08:13:17
リクエストURI: /wp-admin/edit.php?post_type=case_study
WP Request: wp-admin/edit.php
マッチしたルール: なし
変換クエリ: なし
クエリ変数: Array
(
    [order] => 
    [orderby] => 
    [post_type] => case_study
    [posts_per_page] => 20
    [post_status] => 
    [perm] => 
)

============================

======== URLパース診断 ========
時刻: 2025-10-07 08:14:59
リクエストURI: /case_study/overtime-pay-control
WP Request: case_study/overtime-pay-control
マッチしたルール: なし
変換クエリ: なし
クエリ変数: Array
(
    [taxonomy_case_study] => overtime-pay-control
)

============================

======== URLパース診断 ========
時刻: 2025-10-07 08:15:03
リクエストURI: /case_study/increase-customer-attraction
WP Request: case_study/increase-customer-attraction
マッチしたルール: なし
変換クエリ: なし
クエリ変数: Array
(
    [taxonomy_case_study] => increase-customer-attraction
)

============================

======== URLパース診断 ========
時刻: 2025-10-07 08:17:08
リクエストURI: /materials
WP Request: materials
マッチしたルール: なし
変換クエリ: なし
クエリ変数: Array
(
    [post_type] => materials
)

============================

======== URLパース診断 ========
時刻: 2025-10-07 08:17:11
リクエストURI: /materials/materials-5922
WP Request: materials/materials-5922
マッチしたルール: なし
変換クエリ: なし
クエリ変数: Array
(
    [page] => 
    [post_type] => materials
    [materials] => materials-5922
    [name] => materials-5922
)

============================

======== URLパース診断 ========
時刻: 2025-10-07 08:17:11
リクエストURI: /favicon.ico
WP Request: favicon.ico
マッチしたルール: なし
変換クエリ: なし
クエリ変数: Array
(
    [favicon] => 1
)

============================

======== URLパース診断 ========
時刻: 2025-10-07 08:26:28
リクエストURI: /wp-admin/edit.php?post_type=materials
WP Request: wp-admin/edit.php
マッチしたルール: なし
変換クエリ: なし
クエリ変数: Array
(
    [order] => asc
    [orderby] => menu_order title
    [post_type] => materials
    [posts_per_page] => -1
    [posts_per_archive_page] => -1
    [post_status] => 
    [perm] => 
    [fields] => id=>parent
)

============================

======== URLパース診断 ========
時刻: 2025-10-07 08:45:29
リクエストURI: /materials/
WP Request: materials
マッチしたルール: なし
変換クエリ: なし
クエリ変数: Array
(
    [post_type] => materials
)

============================

======== URLパース診断 ========
時刻: 2025-10-07 08:45:30
リクエストURI: /materials
WP Request: materials
マッチしたルール: なし
変換クエリ: なし
クエリ変数: Array
(
    [post_type] => materials
)

============================

======== URLパース診断 ========
時刻: 2025-10-07 08:46:24
リクエストURI: /company
WP Request: company
マッチしたルール: なし
変換クエリ: なし
クエリ変数: Array
(
    [page] => 
    [pagename] => company
)

============================

======== URLパース診断 ========
時刻: 2025-10-07 09:05:29
リクエストURI: /wp-admin/edit.php?post_type=case_study
WP Request: wp-admin/edit.php
マッチしたルール: なし
変換クエリ: なし
クエリ変数: Array
(
    [order] => 
    [orderby] => 
    [post_type] => case_study
    [posts_per_page] => 20
    [post_status] => 
    [perm] => 
)

============================

======== URLパース診断 ========
時刻: 2025-10-07 09:05:33
リクエストURI: /wp-admin/edit.php?s=%E5%9C%9F%E5%9C%B0%E3%81%AA%E3%81%97%E5%AE%A2%E3%81%B8%E3%81%AE%E5%85%A8%E5%8A%9B%E3%82%B5%E3%83%9D%E3%83%BC%E3%83%88&post_status=all&post_type=case_study&action=-1&m=0&paged=1&action2=-1
WP Request: wp-admin/edit.php
マッチしたルール: なし
変換クエリ: なし
クエリ変数: Array
(
    [m] => 0
    [s] => 土地なし客への全力サポート
    [paged] => 1
    [order] => 
    [orderby] => 
    [post_type] => case_study
    [posts_per_page] => 20
    [post_status] => 
    [perm] => 
)

============================

======== URLパース診断 ========
時刻: 2025-10-07 09:07:46
リクエストURI: /
WP Request: 
マッチしたルール: なし
変換クエリ: なし
クエリ変数: Array
(
)

============================

======== URLパース診断 ========
時刻: 2025-10-07 09:07:47
リクエストURI: /assets/images/top/fv.webp
WP Request: assets/images/top/fv.webp
マッチしたルール: なし
変換クエリ: なし
クエリ変数: Array
(
    [error] => 404
)

============================

======== URLパース診断 ========
時刻: 2025-10-07 09:07:47
リクエストURI: /
WP Request: 
マッチしたルール: なし
変換クエリ: なし
クエリ変数: Array
(
)

============================

======== URLパース診断 ========
時刻: 2025-10-07 09:07:49
リクエストURI: /case_study
WP Request: case_study
マッチしたルール: なし
変換クエリ: なし
クエリ変数: Array
(
    [post_type] => case_study
)

============================

======== URLパース診断 ========
時刻: 2025-10-07 09:07:52
リクエストURI: /case_study/landi
WP Request: case_study/landi
マッチしたルール: なし
変換クエリ: なし
クエリ変数: Array
(
    [taxonomy_case_study] => landi
)

============================

======== URLパース診断 ========
時刻: 2025-10-07 09:08:01
リクエストURI: /case_study/medium-to-long
WP Request: case_study/medium-to-long
マッチしたルール: なし
変換クエリ: なし
クエリ変数: Array
(
    [taxonomy_case_study] => medium-to-long
)

============================

======== URLパース診断 ========
時刻: 2025-10-07 09:08:06
リクエストURI: /case_study/landi
WP Request: case_study/landi
マッチしたルール: なし
変換クエリ: なし
クエリ変数: Array
(
    [taxonomy_case_study] => landi
)

============================

======== URLパース診断 ========
時刻: 2025-10-07 09:09:09
リクエストURI: /landi
WP Request: landi
マッチしたルール: なし
変換クエリ: なし
クエリ変数: Array
(
    [page] => 
    [pagename] => landi
)

============================

======== URLパース診断 ========
時刻: 2025-10-07 09:12:58
リクエストURI: /landi/app
WP Request: landi/app
マッチしたルール: なし
変換クエリ: なし
クエリ変数: Array
(
    [page] => 
    [pagename] => landi/app
)

============================

======== URLパース診断 ========
時刻: 2025-10-07 09:14:22
リクエストURI: /wp-admin/edit.php?post_type=page
WP Request: wp-admin/edit.php
マッチしたルール: なし
変換クエリ: なし
クエリ変数: Array
(
    [order] => asc
    [orderby] => menu_order title
    [posts_per_page] => -1
    [posts_per_archive_page] => -1
    [post_type] => page
    [post_status] => 
    [perm] => 
    [fields] => id=>parent
)

============================

======== URLパース診断 ========
時刻: 2025-10-07 09:14:35
リクエストURI: /wp-admin/edit.php?post_type=page&trashed=1&ids=9665
WP Request: wp-admin/edit.php
マッチしたルール: なし
変換クエリ: なし
クエリ変数: Array
(
    [order] => asc
    [orderby] => menu_order title
    [posts_per_page] => -1
    [posts_per_archive_page] => -1
    [post_type] => page
    [post_status] => 
    [perm] => 
    [fields] => id=>parent
)

============================

======== URLパース診断 ========
時刻: 2025-10-07 09:14:39
リクエストURI: /wp-admin/edit.php?post_type=page&trashed=1&ids=9589
WP Request: wp-admin/edit.php
マッチしたルール: なし
変換クエリ: なし
クエリ変数: Array
(
    [order] => asc
    [orderby] => menu_order title
    [posts_per_page] => -1
    [posts_per_archive_page] => -1
    [post_type] => page
    [post_status] => 
    [perm] => 
    [fields] => id=>parent
)

============================

======== URLパース診断 ========
時刻: 2025-10-07 09:14:45
リクエストURI: /wp-admin/edit.php?post_type=page&trashed=1&ids=9758
WP Request: wp-admin/edit.php
マッチしたルール: なし
変換クエリ: なし
クエリ変数: Array
(
    [order] => asc
    [orderby] => menu_order title
    [posts_per_page] => -1
    [posts_per_archive_page] => -1
    [post_type] => page
    [post_status] => 
    [perm] => 
    [fields] => id=>parent
)

============================

======== URLパース診断 ========
時刻: 2025-10-07 09:14:50
リクエストURI: /wp-admin/edit.php?post_type=page&trashed=1&ids=9255
WP Request: wp-admin/edit.php
マッチしたルール: なし
変換クエリ: なし
クエリ変数: Array
(
    [order] => asc
    [orderby] => menu_order title
    [posts_per_page] => -1
    [posts_per_archive_page] => -1
    [post_type] => page
    [post_status] => 
    [perm] => 
    [fields] => id=>parent
)

============================

======== URLパース診断 ========
時刻: 2025-10-07 09:15:17
リクエストURI: /privacy
WP Request: privacy
マッチしたルール: なし
変換クエリ: なし
クエリ変数: Array
(
    [page] => 
    [pagename] => privacy
)

============================

======== URLパース診断 ========
時刻: 2025-10-07 09:15:27
リクエストURI: /wp-admin/edit.php?post_type=page
WP Request: wp-admin/edit.php
マッチしたルール: なし
変換クエリ: なし
クエリ変数: Array
(
    [order] => asc
    [orderby] => menu_order title
    [posts_per_page] => -1
    [posts_per_archive_page] => -1
    [post_type] => page
    [post_status] => 
    [perm] => 
    [fields] => id=>parent
)

============================

======== URLパース診断 ========
時刻: 2025-10-07 09:15:32
リクエストURI: /wp-admin/edit.php?post_type=page&trashed=1&ids=50
WP Request: wp-admin/edit.php
マッチしたルール: なし
変換クエリ: なし
クエリ変数: Array
(
    [order] => asc
    [orderby] => menu_order title
    [posts_per_page] => -1
    [posts_per_archive_page] => -1
    [post_type] => page
    [post_status] => 
    [perm] => 
    [fields] => id=>parent
)

============================

======== URLパース診断 ========
時刻: 2025-10-07 09:15:45
リクエストURI: /landi
WP Request: landi
マッチしたルール: なし
変換クエリ: なし
クエリ変数: Array
(
    [page] => 
    [pagename] => landi
)

============================

======== URLパース診断 ========
時刻: 2025-10-07 09:16:48
リクエストURI: /landi
WP Request: landi
マッチしたルール: なし
変換クエリ: なし
クエリ変数: Array
(
    [page] => 
    [pagename] => landi
)

============================

======== URLパース診断 ========
時刻: 2025-10-07 09:16:52
リクエストURI: /.well-known/appspecific/com.chrome.devtools.json
WP Request: .well-known/appspecific/com.chrome.devtools.json
マッチしたルール: なし
変換クエリ: なし
クエリ変数: Array
(
    [error] => 404
)

============================

======== URLパース診断 ========
時刻: 2025-10-07 09:16:52
リクエストURI: /
WP Request: 
マッチしたルール: なし
変換クエリ: なし
クエリ変数: Array
(
)

============================

======== URLパース診断 ========
時刻: 2025-10-07 09:16:53
リクエストURI: /wp-content/themes/landi_renewal/src/css/style.css.map
WP Request: wp-content/themes/landi_renewal/src/css/style.css.map
マッチしたルール: なし
変換クエリ: なし
クエリ変数: Array
(
    [error] => 404
)

============================

======== URLパース診断 ========
時刻: 2025-10-07 09:16:53
リクエストURI: /wp-content/themes/landi_renewal/src/css/style-corp.css.map
WP Request: wp-content/themes/landi_renewal/src/css/style-corp.css.map
マッチしたルール: なし
変換クエリ: なし
クエリ変数: Array
(
    [error] => 404
)

============================

======== URLパース診断 ========
時刻: 2025-10-07 09:16:53
リクエストURI: /wp-content/themes/landi_renewal/src/css/layout.css.map
WP Request: wp-content/themes/landi_renewal/src/css/layout.css.map
マッチしたルール: なし
変換クエリ: なし
クエリ変数: Array
(
    [error] => 404
)

============================

======== URLパース診断 ========
時刻: 2025-10-07 09:16:54
リクエストURI: /
WP Request: 
マッチしたルール: なし
変換クエリ: なし
クエリ変数: Array
(
)

============================

======== URLパース診断 ========
時刻: 2025-10-07 09:16:54
リクエストURI: /
WP Request: 
マッチしたルール: なし
変換クエリ: なし
クエリ変数: Array
(
)

============================

======== URLパース診断 ========
時刻: 2025-10-07 09:16:54
リクエストURI: /
WP Request: 
マッチしたルール: なし
変換クエリ: なし
クエリ変数: Array
(
)

============================

======== URLパース診断 ========
時刻: 2025-10-07 09:22:14
リクエストURI: /wp-content/themes/landi_renewal/src/css/style.css.map
WP Request: wp-content/themes/landi_renewal/src/css/style.css.map
マッチしたルール: なし
変換クエリ: なし
クエリ変数: Array
(
    [error] => 404
)

============================

======== URLパース診断 ========
時刻: 2025-10-07 09:22:14
リクエストURI: /.well-known/appspecific/com.chrome.devtools.json
WP Request: .well-known/appspecific/com.chrome.devtools.json
マッチしたルール: なし
変換クエリ: なし
クエリ変数: Array
(
    [error] => 404
)

============================

======== URLパース診断 ========
時刻: 2025-10-07 09:22:14
リクエストURI: /wp-content/themes/landi_renewal/src/css/layout.css.map
WP Request: wp-content/themes/landi_renewal/src/css/layout.css.map
マッチしたルール: なし
変換クエリ: なし
クエリ変数: Array
(
    [error] => 404
)

============================

======== URLパース診断 ========
時刻: 2025-10-07 09:22:14
リクエストURI: /wp-content/themes/landi_renewal/src/css/style-corp.css.map
WP Request: wp-content/themes/landi_renewal/src/css/style-corp.css.map
マッチしたルール: なし
変換クエリ: なし
クエリ変数: Array
(
    [error] => 404
)

============================

======== URLパース診断 ========
時刻: 2025-10-07 09:22:14
リクエストURI: /
WP Request: 
マッチしたルール: なし
変換クエリ: なし
クエリ変数: Array
(
)

============================

======== URLパース診断 ========
時刻: 2025-10-07 09:22:14
リクエストURI: /
WP Request: 
マッチしたルール: なし
変換クエリ: なし
クエリ変数: Array
(
)

============================

======== URLパース診断 ========
時刻: 2025-10-07 09:22:15
リクエストURI: /
WP Request: 
マッチしたルール: なし
変換クエリ: なし
クエリ変数: Array
(
)

============================

======== URLパース診断 ========
時刻: 2025-10-07 09:22:15
リクエストURI: /
WP Request: 
マッチしたルール: なし
変換クエリ: なし
クエリ変数: Array
(
)

============================

======== URLパース診断 ========
時刻: 2025-10-07 09:26:21
リクエストURI: /magazine
WP Request: magazine
マッチしたルール: なし
変換クエリ: なし
クエリ変数: Array
(
    [post_type] => magazine
)

============================

======== URLパース診断 ========
時刻: 2025-10-07 09:29:11
リクエストURI: /landi/landi_area
WP Request: landi/landi_area
マッチしたルール: なし
変換クエリ: なし
クエリ変数: Array
(
    [post_type] => landi_area
)

============================

======== URLパース診断 ========
時刻: 2025-10-07 09:29:16
リクエストURI: /landi/landi_area/kumamoto
WP Request: landi/landi_area/kumamoto
マッチしたルール: なし
変換クエリ: なし
クエリ変数: Array
(
    [taxonomy_landi_area] => kumamoto
)

============================

======== URLパース診断 ========
時刻: 2025-10-07 09:35:27
リクエストURI: /landi_area/kumamoto
WP Request: landi_area/kumamoto
マッチしたルール: なし
変換クエリ: なし
クエリ変数: Array
(
    [page] => 
    [post_type] => landi_area
    [landi_area] => kumamoto
    [name] => kumamoto
)

============================

======== URLパース診断 ========
時刻: 2025-10-07 09:35:28
リクエストURI: /
WP Request: 
マッチしたルール: なし
変換クエリ: なし
クエリ変数: Array
(
)

============================

======== URLパース診断 ========
時刻: 2025-10-07 09:35:30
リクエストURI: /.well-known/appspecific/com.chrome.devtools.json
WP Request: .well-known/appspecific/com.chrome.devtools.json
マッチしたルール: なし
変換クエリ: なし
クエリ変数: Array
(
    [error] => 404
)

============================

======== URLパース診断 ========
時刻: 2025-10-07 09:35:30
リクエストURI: /assets/images/top/fv.webp
WP Request: assets/images/top/fv.webp
マッチしたルール: なし
変換クエリ: なし
クエリ変数: Array
(
    [error] => 404
)

============================

======== URLパース診断 ========
時刻: 2025-10-07 09:35:30
リクエストURI: /wp-content/themes/landi_renewal/src/css/layout.css.map
WP Request: wp-content/themes/landi_renewal/src/css/layout.css.map
マッチしたルール: なし
変換クエリ: なし
クエリ変数: Array
(
    [error] => 404
)

============================

======== URLパース診断 ========
時刻: 2025-10-07 09:35:30
リクエストURI: /wp-content/themes/landi_renewal/src/css/style.css.map
WP Request: wp-content/themes/landi_renewal/src/css/style.css.map
マッチしたルール: なし
変換クエリ: なし
クエリ変数: Array
(
    [error] => 404
)

============================

======== URLパース診断 ========
時刻: 2025-10-07 09:35:30
リクエストURI: /wp-content/themes/landi_renewal/src/css/style-corp.css.map
WP Request: wp-content/themes/landi_renewal/src/css/style-corp.css.map
マッチしたルール: なし
変換クエリ: なし
クエリ変数: Array
(
    [error] => 404
)

============================

======== URLパース診断 ========
時刻: 2025-10-07 09:35:31
リクエストURI: /
WP Request: 
マッチしたルール: なし
変換クエリ: なし
クエリ変数: Array
(
)

============================

======== URLパース診断 ========
時刻: 2025-10-07 09:35:31
リクエストURI: /
WP Request: 
マッチしたルール: なし
変換クエリ: なし
クエリ変数: Array
(
)

============================

======== URLパース診断 ========
時刻: 2025-10-07 09:35:32
リクエストURI: /
WP Request: 
マッチしたルール: なし
変換クエリ: なし
クエリ変数: Array
(
)

============================

======== URLパース診断 ========
時刻: 2025-10-07 09:35:32
リクエストURI: /
WP Request: 
マッチしたルール: なし
変換クエリ: なし
クエリ変数: Array
(
)

============================

======== URLパース診断 ========
時刻: 2025-10-07 09:35:33
リクエストURI: /
WP Request: 
マッチしたルール: なし
変換クエリ: なし
クエリ変数: Array
(
)

============================

======== URLパース診断 ========
時刻: 2025-10-07 09:35:34
リクエストURI: /landi_area/kumamoto
WP Request: landi_area/kumamoto
マッチしたルール: なし
変換クエリ: なし
クエリ変数: Array
(
    [page] => 
    [post_type] => landi_area
    [landi_area] => kumamoto
    [name] => kumamoto
)

============================

======== URLパース診断 ========
時刻: 2025-10-07 09:35:34
リクエストURI: /
WP Request: 
マッチしたルール: なし
変換クエリ: なし
クエリ変数: Array
(
)

============================

======== URLパース診断 ========
時刻: 2025-10-07 09:35:36
リクエストURI: /.well-known/appspecific/com.chrome.devtools.json
WP Request: .well-known/appspecific/com.chrome.devtools.json
マッチしたルール: なし
変換クエリ: なし
クエリ変数: Array
(
    [error] => 404
)

============================

======== URLパース診断 ========
時刻: 2025-10-07 09:35:36
リクエストURI: /assets/images/top/fv.webp
WP Request: assets/images/top/fv.webp
マッチしたルール: なし
変換クエリ: なし
クエリ変数: Array
(
    [error] => 404
)

============================

======== URLパース診断 ========
時刻: 2025-10-07 09:35:37
リクエストURI: /wp-content/themes/landi_renewal/src/css/style.css.map
WP Request: wp-content/themes/landi_renewal/src/css/style.css.map
マッチしたルール: なし
変換クエリ: なし
クエリ変数: Array
(
    [error] => 404
)

============================

======== URLパース診断 ========
時刻: 2025-10-07 09:35:37
リクエストURI: /wp-content/themes/landi_renewal/src/css/layout.css.map
WP Request: wp-content/themes/landi_renewal/src/css/layout.css.map
マッチしたルール: なし
変換クエリ: なし
クエリ変数: Array
(
    [error] => 404
)

============================

======== URLパース診断 ========
時刻: 2025-10-07 09:35:37
リクエストURI: /wp-content/themes/landi_renewal/src/css/style-corp.css.map
WP Request: wp-content/themes/landi_renewal/src/css/style-corp.css.map
マッチしたルール: なし
変換クエリ: なし
クエリ変数: Array
(
    [error] => 404
)

============================

======== URLパース診断 ========
時刻: 2025-10-07 09:35:37
リクエストURI: /
WP Request: 
マッチしたルール: なし
変換クエリ: なし
クエリ変数: Array
(
)

============================

======== URLパース診断 ========
時刻: 2025-10-07 09:35:38
リクエストURI: /
WP Request: 
マッチしたルール: なし
変換クエリ: なし
クエリ変数: Array
(
)

============================

======== URLパース診断 ========
時刻: 2025-10-07 09:35:39
リクエストURI: /
WP Request: 
マッチしたルール: なし
変換クエリ: なし
クエリ変数: Array
(
)

============================

======== URLパース診断 ========
時刻: 2025-10-07 09:35:39
リクエストURI: /
WP Request: 
マッチしたルール: なし
変換クエリ: なし
クエリ変数: Array
(
)

============================

======== URLパース診断 ========
時刻: 2025-10-07 09:35:39
リクエストURI: /
WP Request: 
マッチしたルール: なし
変換クエリ: なし
クエリ変数: Array
(
)

============================

======== URLパース診断 ========
時刻: 2025-10-07 09:35:49
リクエストURI: /landi/landi_area/kumamoto
WP Request: landi/landi_area/kumamoto
マッチしたルール: なし
変換クエリ: なし
クエリ変数: Array
(
    [taxonomy_landi_area] => kumamoto
)

============================

======== URLパース診断 ========
時刻: 2025-10-07 09:35:50
リクエストURI: /.well-known/appspecific/com.chrome.devtools.json
WP Request: .well-known/appspecific/com.chrome.devtools.json
マッチしたルール: なし
変換クエリ: なし
クエリ変数: Array
(
    [error] => 404
)

============================

======== URLパース診断 ========
時刻: 2025-10-07 09:35:51
リクエストURI: /wp-content/themes/landi_renewal/src/css/layout.css.map
WP Request: wp-content/themes/landi_renewal/src/css/layout.css.map
マッチしたルール: なし
変換クエリ: なし
クエリ変数: Array
(
    [error] => 404
)

============================

======== URLパース診断 ========
時刻: 2025-10-07 09:35:51
リクエストURI: /wp-content/themes/landi_renewal/src/css/style.css.map
WP Request: wp-content/themes/landi_renewal/src/css/style.css.map
マッチしたルール: なし
変換クエリ: なし
クエリ変数: Array
(
    [error] => 404
)

============================

======== URLパース診断 ========
時刻: 2025-10-07 09:35:51
リクエストURI: /wp-content/themes/landi_renewal/src/css/style-corp.css.map
WP Request: wp-content/themes/landi_renewal/src/css/style-corp.css.map
マッチしたルール: なし
変換クエリ: なし
クエリ変数: Array
(
    [error] => 404
)

============================

======== URLパース診断 ========
時刻: 2025-10-07 09:35:51
リクエストURI: /
WP Request: 
マッチしたルール: なし
変換クエリ: なし
クエリ変数: Array
(
)

============================

======== URLパース診断 ========
時刻: 2025-10-07 09:35:51
リクエストURI: /
WP Request: 
マッチしたルール: なし
変換クエリ: なし
クエリ変数: Array
(
)

============================

======== URLパース診断 ========
時刻: 2025-10-07 09:35:52
リクエストURI: /
WP Request: 
マッチしたルール: なし
変換クエリ: なし
クエリ変数: Array
(
)

============================

======== URLパース診断 ========
時刻: 2025-10-07 09:35:52
リクエストURI: /
WP Request: 
マッチしたルール: なし
変換クエリ: なし
クエリ変数: Array
(
)

============================

======== URLパース診断 ========
時刻: 2025-10-07 09:45:51
リクエストURI: /
WP Request: 
マッチしたルール: なし
変換クエリ: なし
クエリ変数: Array
(
)

============================

======== URLパース診断 ========
時刻: 2025-10-07 09:45:53
リクエストURI: /.well-known/appspecific/com.chrome.devtools.json
WP Request: .well-known/appspecific/com.chrome.devtools.json
マッチしたルール: なし
変換クエリ: なし
クエリ変数: Array
(
    [error] => 404
)

============================

======== URLパース診断 ========
時刻: 2025-10-07 09:45:53
リクエストURI: /assets/images/top/fv.webp
WP Request: assets/images/top/fv.webp
マッチしたルール: なし
変換クエリ: なし
クエリ変数: Array
(
    [error] => 404
)

============================

======== URLパース診断 ========
時刻: 2025-10-07 09:45:53
リクエストURI: /wp-content/themes/landi_renewal/src/css/layout.css.map
WP Request: wp-content/themes/landi_renewal/src/css/layout.css.map
マッチしたルール: なし
変換クエリ: なし
クエリ変数: Array
(
    [error] => 404
)

============================

======== URLパース診断 ========
時刻: 2025-10-07 09:45:53
リクエストURI: /wp-content/themes/landi_renewal/src/css/style.css.map
WP Request: wp-content/themes/landi_renewal/src/css/style.css.map
マッチしたルール: なし
変換クエリ: なし
クエリ変数: Array
(
    [error] => 404
)

============================

======== URLパース診断 ========
時刻: 2025-10-07 09:45:53
リクエストURI: /wp-content/themes/landi_renewal/src/css/style-corp.css.map
WP Request: wp-content/themes/landi_renewal/src/css/style-corp.css.map
マッチしたルール: なし
変換クエリ: なし
クエリ変数: Array
(
    [error] => 404
)

============================

======== URLパース診断 ========
時刻: 2025-10-07 09:45:54
リクエストURI: /
WP Request: 
マッチしたルール: なし
変換クエリ: なし
クエリ変数: Array
(
)

============================

======== URLパース診断 ========
時刻: 2025-10-07 09:45:54
リクエストURI: /
WP Request: 
マッチしたルール: なし
変換クエリ: なし
クエリ変数: Array
(
)

============================

======== URLパース診断 ========
時刻: 2025-10-07 09:45:55
リクエストURI: /
WP Request: 
マッチしたルール: なし
変換クエリ: なし
クエリ変数: Array
(
)

============================

======== URLパース診断 ========
時刻: 2025-10-07 09:45:55
リクエストURI: /
WP Request: 
マッチしたルール: なし
変換クエリ: なし
クエリ変数: Array
(
)

============================

======== URLパース診断 ========
時刻: 2025-10-07 09:45:56
リクエストURI: /
WP Request: 
マッチしたルール: なし
変換クエリ: なし
クエリ変数: Array
(
)

============================

======== URLパース診断 ========
時刻: 2025-10-07 09:45:56
リクエストURI: /alliance
WP Request: alliance
マッチしたルール: なし
変換クエリ: なし
クエリ変数: Array
(
    [page] => 
    [pagename] => alliance
)

============================

======== URLパース診断 ========
時刻: 2025-10-07 09:45:58
リクエストURI: /.well-known/appspecific/com.chrome.devtools.json
WP Request: .well-known/appspecific/com.chrome.devtools.json
マッチしたルール: なし
変換クエリ: なし
クエリ変数: Array
(
    [error] => 404
)

============================

======== URLパース診断 ========
時刻: 2025-10-07 09:45:58
リクエストURI: /wp-content/themes/landi_renewal/src/css/layout.css.map
WP Request: wp-content/themes/landi_renewal/src/css/layout.css.map
マッチしたルール: なし
変換クエリ: なし
クエリ変数: Array
(
    [error] => 404
)

============================

======== URLパース診断 ========
時刻: 2025-10-07 09:45:58
リクエストURI: /wp-content/themes/landi_renewal/src/css/style.css.map
WP Request: wp-content/themes/landi_renewal/src/css/style.css.map
マッチしたルール: なし
変換クエリ: なし
クエリ変数: Array
(
    [error] => 404
)

============================

======== URLパース診断 ========
時刻: 2025-10-07 09:45:58
リクエストURI: /wp-content/themes/landi_renewal/src/css/style-corp.css.map
WP Request: wp-content/themes/landi_renewal/src/css/style-corp.css.map
マッチしたルール: なし
変換クエリ: なし
クエリ変数: Array
(
    [error] => 404
)

============================

======== URLパース診断 ========
時刻: 2025-10-07 09:45:58
リクエストURI: /
WP Request: 
マッチしたルール: なし
変換クエリ: なし
クエリ変数: Array
(
)

============================

======== URLパース診断 ========
時刻: 2025-10-07 09:45:59
リクエストURI: /
WP Request: 
マッチしたルール: なし
変換クエリ: なし
クエリ変数: Array
(
)

============================

======== URLパース診断 ========
時刻: 2025-10-07 09:45:59
リクエストURI: /
WP Request: 
マッチしたルール: なし
変換クエリ: なし
クエリ変数: Array
(
)

============================

======== URLパース診断 ========
時刻: 2025-10-07 09:46:00
リクエストURI: /
WP Request: 
マッチしたルール: なし
変換クエリ: なし
クエリ変数: Array
(
)

============================

