======== URLパース診断 ========
時刻: 2025-05-11 06:37:57
リクエストURI: /contact
WP Request: contact
マッチしたルール: なし
変換クエリ: なし
クエリ変数: Array
(
    [page] => 
    [pagename] => contact
)

============================

======== URLパース診断 ========
時刻: 2025-05-11 06:37:58
リクエストURI: /.well-known/appspecific/com.chrome.devtools.json
WP Request: .well-known/appspecific/com.chrome.devtools.json
マッチしたルール: なし
変換クエリ: なし
クエリ変数: Array
(
    [error] => 404
)

============================

======== URLパース診断 ========
時刻: 2025-05-11 06:37:58
リクエストURI: /wp-content/themes/landi_renewal/src/css/style.css.map
WP Request: wp-content/themes/landi_renewal/src/css/style.css.map
マッチしたルール: なし
変換クエリ: なし
クエリ変数: Array
(
    [error] => 404
)

============================

======== URLパース診断 ========
時刻: 2025-05-11 06:37:58
リクエストURI: /wp-content/themes/landi_renewal/src/css/layout.css.map
WP Request: wp-content/themes/landi_renewal/src/css/layout.css.map
マッチしたルール: なし
変換クエリ: なし
クエリ変数: Array
(
    [error] => 404
)

============================

======== URLパース診断 ========
時刻: 2025-05-11 06:37:58
リクエストURI: /wp-content/themes/landi_renewal/src/css/style-corp.css.map
WP Request: wp-content/themes/landi_renewal/src/css/style-corp.css.map
マッチしたルール: なし
変換クエリ: なし
クエリ変数: Array
(
    [error] => 404
)

============================

======== URLパース診断 ========
時刻: 2025-05-11 06:37:58
リクエストURI: /
WP Request: 
マッチしたルール: なし
変換クエリ: なし
クエリ変数: Array
(
)

============================

======== URLパース診断 ========
時刻: 2025-05-11 06:37:58
リクエストURI: /
WP Request: 
マッチしたルール: なし
変換クエリ: なし
クエリ変数: Array
(
)

============================

======== URLパース診断 ========
時刻: 2025-05-11 06:37:58
リクエストURI: /
WP Request: 
マッチしたルール: なし
変換クエリ: なし
クエリ変数: Array
(
)

============================

======== URLパース診断 ========
時刻: 2025-05-11 06:37:58
リクエストURI: /
WP Request: 
マッチしたルール: なし
変換クエリ: なし
クエリ変数: Array
(
)

============================

======== URLパース診断 ========
時刻: 2025-05-11 06:38:05
リクエストURI: /contact/confirm
WP Request: contact/confirm
マッチしたルール: なし
変換クエリ: なし
クエリ変数: Array
(
    [name] => こんゆうき
    [pagename] => contact
    [form_mode] => confirm
)

============================

======== URLパース診断 ========
時刻: 2025-05-11 06:38:05
リクエストURI: /
WP Request: 
マッチしたルール: なし
変換クエリ: なし
クエリ変数: Array
(
)

============================

======== URLパース診断 ========
時刻: 2025-05-11 06:38:06
リクエストURI: /assets/images/top/fv.webp
WP Request: assets/images/top/fv.webp
マッチしたルール: なし
変換クエリ: なし
クエリ変数: Array
(
    [error] => 404
)

============================

======== URLパース診断 ========
時刻: 2025-05-11 06:38:06
リクエストURI: /.well-known/appspecific/com.chrome.devtools.json
WP Request: .well-known/appspecific/com.chrome.devtools.json
マッチしたルール: なし
変換クエリ: なし
クエリ変数: Array
(
    [error] => 404
)

============================

======== URLパース診断 ========
時刻: 2025-05-11 06:38:06
リクエストURI: /wp-content/themes/landi_renewal/src/css/style.css.map
WP Request: wp-content/themes/landi_renewal/src/css/style.css.map
マッチしたルール: なし
変換クエリ: なし
クエリ変数: Array
(
    [error] => 404
)

============================

======== URLパース診断 ========
時刻: 2025-05-11 06:38:06
リクエストURI: /wp-content/themes/landi_renewal/src/css/layout.css.map
WP Request: wp-content/themes/landi_renewal/src/css/layout.css.map
マッチしたルール: なし
変換クエリ: なし
クエリ変数: Array
(
    [error] => 404
)

============================

======== URLパース診断 ========
時刻: 2025-05-11 06:38:06
リクエストURI: /wp-content/themes/landi_renewal/src/css/style-corp.css.map
WP Request: wp-content/themes/landi_renewal/src/css/style-corp.css.map
マッチしたルール: なし
変換クエリ: なし
クエリ変数: Array
(
    [error] => 404
)

============================

======== URLパース診断 ========
時刻: 2025-05-11 06:38:07
リクエストURI: /
WP Request: 
マッチしたルール: なし
変換クエリ: なし
クエリ変数: Array
(
)

============================

======== URLパース診断 ========
時刻: 2025-05-11 06:38:07
リクエストURI: /
WP Request: 
マッチしたルール: なし
変換クエリ: なし
クエリ変数: Array
(
)

============================

======== URLパース診断 ========
時刻: 2025-05-11 06:38:07
リクエストURI: /
WP Request: 
マッチしたルール: なし
変換クエリ: なし
クエリ変数: Array
(
)

============================

======== URLパース診断 ========
時刻: 2025-05-11 06:38:07
リクエストURI: /
WP Request: 
マッチしたルール: なし
変換クエリ: なし
クエリ変数: Array
(
)

============================

======== URLパース診断 ========
時刻: 2025-05-11 06:38:07
リクエストURI: /
WP Request: 
マッチしたルール: なし
変換クエリ: なし
クエリ変数: Array
(
)

============================

======== URLパース診断 ========
時刻: 2025-05-11 06:41:28
リクエストURI: /materials/materials-5922/confirm
WP Request: materials/materials-5922/confirm
マッチしたルール: なし
変換クエリ: なし
クエリ変数: Array
(
    [name] => materials-5922
    [materials] => materials-5922
    [post_type] => materials
    [form_mode] => confirm
)

============================

======== URLパース診断 ========
時刻: 2025-05-11 06:41:28
リクエストURI: /
WP Request: 
マッチしたルール: なし
変換クエリ: なし
クエリ変数: Array
(
)

============================

======== URLパース診断 ========
時刻: 2025-05-11 06:41:29
リクエストURI: /.well-known/appspecific/com.chrome.devtools.json
WP Request: .well-known/appspecific/com.chrome.devtools.json
マッチしたルール: なし
変換クエリ: なし
クエリ変数: Array
(
    [error] => 404
)

============================

======== URLパース診断 ========
時刻: 2025-05-11 06:41:29
リクエストURI: /wp-content/themes/landi_renewal/src/css/style.css.map
WP Request: wp-content/themes/landi_renewal/src/css/style.css.map
マッチしたルール: なし
変換クエリ: なし
クエリ変数: Array
(
    [error] => 404
)

============================

======== URLパース診断 ========
時刻: 2025-05-11 06:41:29
リクエストURI: /wp-content/themes/landi_renewal/src/css/layout.css.map
WP Request: wp-content/themes/landi_renewal/src/css/layout.css.map
マッチしたルール: なし
変換クエリ: なし
クエリ変数: Array
(
    [error] => 404
)

============================

======== URLパース診断 ========
時刻: 2025-05-11 06:41:29
リクエストURI: /wp-content/themes/landi_renewal/src/css/style-corp.css.map
WP Request: wp-content/themes/landi_renewal/src/css/style-corp.css.map
マッチしたルール: なし
変換クエリ: なし
クエリ変数: Array
(
    [error] => 404
)

============================

======== URLパース診断 ========
時刻: 2025-05-11 06:41:29
リクエストURI: /.well-known/appspecific/com.chrome.devtools.json
WP Request: .well-known/appspecific/com.chrome.devtools.json
マッチしたルール: なし
変換クエリ: なし
クエリ変数: Array
(
    [error] => 404
)

============================

======== URLパース診断 ========
時刻: 2025-05-11 06:41:30
リクエストURI: /assets/images/top/fv.webp
WP Request: assets/images/top/fv.webp
マッチしたルール: なし
変換クエリ: なし
クエリ変数: Array
(
    [error] => 404
)

============================

======== URLパース診断 ========
時刻: 2025-05-11 06:41:30
リクエストURI: /wp-content/themes/landi_renewal/src/css/style.css.map
WP Request: wp-content/themes/landi_renewal/src/css/style.css.map
マッチしたルール: なし
変換クエリ: なし
クエリ変数: Array
(
    [error] => 404
)

============================

======== URLパース診断 ========
時刻: 2025-05-11 06:41:30
リクエストURI: /wp-content/themes/landi_renewal/src/css/layout.css.map
WP Request: wp-content/themes/landi_renewal/src/css/layout.css.map
マッチしたルール: なし
変換クエリ: なし
クエリ変数: Array
(
    [error] => 404
)

============================

======== URLパース診断 ========
時刻: 2025-05-11 06:41:30
リクエストURI: /
WP Request: 
マッチしたルール: なし
変換クエリ: なし
クエリ変数: Array
(
)

============================

======== URLパース診断 ========
時刻: 2025-05-11 06:41:30
リクエストURI: /
WP Request: 
マッチしたルール: なし
変換クエリ: なし
クエリ変数: Array
(
)

============================

======== URLパース診断 ========
時刻: 2025-05-11 06:41:30
リクエストURI: /
WP Request: 
マッチしたルール: なし
変換クエリ: なし
クエリ変数: Array
(
)

============================

======== URLパース診断 ========
時刻: 2025-05-11 06:41:31
リクエストURI: /wp-content/themes/landi_renewal/src/css/style-corp.css.map
WP Request: wp-content/themes/landi_renewal/src/css/style-corp.css.map
マッチしたルール: なし
変換クエリ: なし
クエリ変数: Array
(
    [error] => 404
)

============================

======== URLパース診断 ========
時刻: 2025-05-11 06:41:31
リクエストURI: /
WP Request: 
マッチしたルール: なし
変換クエリ: なし
クエリ変数: Array
(
)

============================

======== URLパース診断 ========
時刻: 2025-05-11 06:41:31
リクエストURI: /
WP Request: 
マッチしたルール: なし
変換クエリ: なし
クエリ変数: Array
(
)

============================

======== URLパース診断 ========
時刻: 2025-05-11 06:41:31
リクエストURI: /
WP Request: 
マッチしたルール: なし
変換クエリ: なし
クエリ変数: Array
(
)

============================

======== URLパース診断 ========
時刻: 2025-05-11 06:41:31
リクエストURI: /
WP Request: 
マッチしたルール: なし
変換クエリ: なし
クエリ変数: Array
(
)

============================

======== URLパース診断 ========
時刻: 2025-05-11 06:41:31
リクエストURI: /
WP Request: 
マッチしたルール: なし
変換クエリ: なし
クエリ変数: Array
(
)

============================

======== URLパース診断 ========
時刻: 2025-05-11 06:41:31
リクエストURI: /
WP Request: 
マッチしたルール: なし
変換クエリ: なし
クエリ変数: Array
(
)

============================

======== URLパース診断 ========
時刻: 2025-05-11 06:42:22
リクエストURI: /
WP Request: 
マッチしたルール: なし
変換クエリ: なし
クエリ変数: Array
(
)

============================

======== URLパース診断 ========
時刻: 2025-05-11 06:42:23
リクエストURI: /materials/materials-5922/confirm
WP Request: materials/materials-5922/confirm
マッチしたルール: なし
変換クエリ: なし
クエリ変数: Array
(
    [name] => materials-5922
    [materials] => materials-5922
    [post_type] => materials
    [form_mode] => confirm
)

============================

======== URLパース診断 ========
時刻: 2025-05-11 06:42:23
リクエストURI: /.well-known/appspecific/com.chrome.devtools.json
WP Request: .well-known/appspecific/com.chrome.devtools.json
マッチしたルール: なし
変換クエリ: なし
クエリ変数: Array
(
    [error] => 404
)

============================

======== URLパース診断 ========
時刻: 2025-05-11 06:42:23
リクエストURI: /assets/images/top/fv.webp
WP Request: assets/images/top/fv.webp
マッチしたルール: なし
変換クエリ: なし
クエリ変数: Array
(
    [error] => 404
)

============================

======== URLパース診断 ========
時刻: 2025-05-11 06:42:23
リクエストURI: /wp-content/themes/landi_renewal/src/css/style.css.map
WP Request: wp-content/themes/landi_renewal/src/css/style.css.map
マッチしたルール: なし
変換クエリ: なし
クエリ変数: Array
(
    [error] => 404
)

============================

======== URLパース診断 ========
時刻: 2025-05-11 06:42:24
リクエストURI: /wp-content/themes/landi_renewal/src/css/layout.css.map
WP Request: wp-content/themes/landi_renewal/src/css/layout.css.map
マッチしたルール: なし
変換クエリ: なし
クエリ変数: Array
(
    [error] => 404
)

============================

======== URLパース診断 ========
時刻: 2025-05-11 06:42:24
リクエストURI: /wp-content/themes/landi_renewal/src/css/style-corp.css.map
WP Request: wp-content/themes/landi_renewal/src/css/style-corp.css.map
マッチしたルール: なし
変換クエリ: なし
クエリ変数: Array
(
    [error] => 404
)

============================

======== URLパース診断 ========
時刻: 2025-05-11 06:42:24
リクエストURI: /.well-known/appspecific/com.chrome.devtools.json
WP Request: .well-known/appspecific/com.chrome.devtools.json
マッチしたルール: なし
変換クエリ: なし
クエリ変数: Array
(
    [error] => 404
)

============================

======== URLパース診断 ========
時刻: 2025-05-11 06:42:24
リクエストURI: /
WP Request: 
マッチしたルール: なし
変換クエリ: なし
クエリ変数: Array
(
)

============================

======== URLパース診断 ========
時刻: 2025-05-11 06:42:24
リクエストURI: /
WP Request: 
マッチしたルール: なし
変換クエリ: なし
クエリ変数: Array
(
)

============================

======== URLパース診断 ========
時刻: 2025-05-11 06:42:24
リクエストURI: /wp-content/themes/landi_renewal/src/css/layout.css.map
WP Request: wp-content/themes/landi_renewal/src/css/layout.css.map
マッチしたルール: なし
変換クエリ: なし
クエリ変数: Array
(
    [error] => 404
)

============================

======== URLパース診断 ========
時刻: 2025-05-11 06:42:24
リクエストURI: /wp-content/themes/landi_renewal/src/css/style.css.map
WP Request: wp-content/themes/landi_renewal/src/css/style.css.map
マッチしたルール: なし
変換クエリ: なし
クエリ変数: Array
(
    [error] => 404
)

============================

======== URLパース診断 ========
時刻: 2025-05-11 06:42:24
リクエストURI: /wp-content/themes/landi_renewal/src/css/style-corp.css.map
WP Request: wp-content/themes/landi_renewal/src/css/style-corp.css.map
マッチしたルール: なし
変換クエリ: なし
クエリ変数: Array
(
    [error] => 404
)

============================

======== URLパース診断 ========
時刻: 2025-05-11 06:42:25
リクエストURI: /
WP Request: 
マッチしたルール: なし
変換クエリ: なし
クエリ変数: Array
(
)

============================

======== URLパース診断 ========
時刻: 2025-05-11 06:42:25
リクエストURI: /
WP Request: 
マッチしたルール: なし
変換クエリ: なし
クエリ変数: Array
(
)

============================

======== URLパース診断 ========
時刻: 2025-05-11 06:42:25
リクエストURI: /
WP Request: 
マッチしたルール: なし
変換クエリ: なし
クエリ変数: Array
(
)

============================

======== URLパース診断 ========
時刻: 2025-05-11 06:42:25
リクエストURI: /
WP Request: 
マッチしたルール: なし
変換クエリ: なし
クエリ変数: Array
(
)

============================

======== URLパース診断 ========
時刻: 2025-05-11 06:42:25
リクエストURI: /
WP Request: 
マッチしたルール: なし
変換クエリ: なし
クエリ変数: Array
(
)

============================

======== URLパース診断 ========
時刻: 2025-05-11 06:42:25
リクエストURI: /
WP Request: 
マッチしたルール: なし
変換クエリ: なし
クエリ変数: Array
(
)

============================

======== URLパース診断 ========
時刻: 2025-05-11 06:42:25
リクエストURI: /
WP Request: 
マッチしたルール: なし
変換クエリ: なし
クエリ変数: Array
(
)

============================

======== URLパース診断 ========
時刻: 2025-05-11 06:43:12
リクエストURI: /contact
WP Request: contact
マッチしたルール: なし
変換クエリ: なし
クエリ変数: Array
(
    [page] => 
    [pagename] => contact
)

============================

======== URLパース診断 ========
時刻: 2025-05-11 06:43:13
リクエストURI: /.well-known/appspecific/com.chrome.devtools.json
WP Request: .well-known/appspecific/com.chrome.devtools.json
マッチしたルール: なし
変換クエリ: なし
クエリ変数: Array
(
    [error] => 404
)

============================

======== URLパース診断 ========
時刻: 2025-05-11 06:43:13
リクエストURI: /wp-content/themes/landi_renewal/src/css/style.css.map
WP Request: wp-content/themes/landi_renewal/src/css/style.css.map
マッチしたルール: なし
変換クエリ: なし
クエリ変数: Array
(
    [error] => 404
)

============================

======== URLパース診断 ========
時刻: 2025-05-11 06:43:13
リクエストURI: /wp-content/themes/landi_renewal/src/css/layout.css.map
WP Request: wp-content/themes/landi_renewal/src/css/layout.css.map
マッチしたルール: なし
変換クエリ: なし
クエリ変数: Array
(
    [error] => 404
)

============================

======== URLパース診断 ========
時刻: 2025-05-11 06:43:13
リクエストURI: /wp-content/themes/landi_renewal/src/css/style-corp.css.map
WP Request: wp-content/themes/landi_renewal/src/css/style-corp.css.map
マッチしたルール: なし
変換クエリ: なし
クエリ変数: Array
(
    [error] => 404
)

============================

======== URLパース診断 ========
時刻: 2025-05-11 06:43:13
リクエストURI: /
WP Request: 
マッチしたルール: なし
変換クエリ: なし
クエリ変数: Array
(
)

============================

======== URLパース診断 ========
時刻: 2025-05-11 06:43:13
リクエストURI: /
WP Request: 
マッチしたルール: なし
変換クエリ: なし
クエリ変数: Array
(
)

============================

======== URLパース診断 ========
時刻: 2025-05-11 06:43:13
リクエストURI: /
WP Request: 
マッチしたルール: なし
変換クエリ: なし
クエリ変数: Array
(
)

============================

======== URLパース診断 ========
時刻: 2025-05-11 06:43:13
リクエストURI: /
WP Request: 
マッチしたルール: なし
変換クエリ: なし
クエリ変数: Array
(
)

============================

======== URLパース診断 ========
時刻: 2025-05-11 06:43:24
リクエストURI: /contact/confirm
WP Request: contact/confirm
マッチしたルール: なし
変換クエリ: なし
クエリ変数: Array
(
    [pagename] => contact
    [form_mode] => confirm
)

============================

======== URLパース診断 ========
時刻: 2025-05-11 06:43:25
リクエストURI: /.well-known/appspecific/com.chrome.devtools.json
WP Request: .well-known/appspecific/com.chrome.devtools.json
マッチしたルール: なし
変換クエリ: なし
クエリ変数: Array
(
    [error] => 404
)

============================

======== URLパース診断 ========
時刻: 2025-05-11 06:43:25
リクエストURI: /wp-content/themes/landi_renewal/src/css/style.css.map
WP Request: wp-content/themes/landi_renewal/src/css/style.css.map
マッチしたルール: なし
変換クエリ: なし
クエリ変数: Array
(
    [error] => 404
)

============================

======== URLパース診断 ========
時刻: 2025-05-11 06:43:25
リクエストURI: /wp-content/themes/landi_renewal/src/css/layout.css.map
WP Request: wp-content/themes/landi_renewal/src/css/layout.css.map
マッチしたルール: なし
変換クエリ: なし
クエリ変数: Array
(
    [error] => 404
)

============================

======== URLパース診断 ========
時刻: 2025-05-11 06:43:25
リクエストURI: /wp-content/themes/landi_renewal/src/css/style-corp.css.map
WP Request: wp-content/themes/landi_renewal/src/css/style-corp.css.map
マッチしたルール: なし
変換クエリ: なし
クエリ変数: Array
(
    [error] => 404
)

============================

======== URLパース診断 ========
時刻: 2025-05-11 06:43:25
リクエストURI: /
WP Request: 
マッチしたルール: なし
変換クエリ: なし
クエリ変数: Array
(
)

============================

======== URLパース診断 ========
時刻: 2025-05-11 06:43:26
リクエストURI: /
WP Request: 
マッチしたルール: なし
変換クエリ: なし
クエリ変数: Array
(
)

============================

======== URLパース診断 ========
時刻: 2025-05-11 06:43:26
リクエストURI: /
WP Request: 
マッチしたルール: なし
変換クエリ: なし
クエリ変数: Array
(
)

============================

======== URLパース診断 ========
時刻: 2025-05-11 06:43:26
リクエストURI: /
WP Request: 
マッチしたルール: なし
変換クエリ: なし
クエリ変数: Array
(
)

============================

======== URLパース診断 ========
時刻: 2025-05-11 06:43:30
リクエストURI: /contact/complete
WP Request: contact/complete
マッチしたルール: なし
変換クエリ: なし
クエリ変数: Array
(
    [pagename] => contact
    [form_mode] => complete
)

============================

======== URLパース診断 ========
時刻: 2025-05-11 06:43:30
リクエストURI: /.well-known/appspecific/com.chrome.devtools.json
WP Request: .well-known/appspecific/com.chrome.devtools.json
マッチしたルール: なし
変換クエリ: なし
クエリ変数: Array
(
    [error] => 404
)

============================

======== URLパース診断 ========
時刻: 2025-05-11 06:43:31
リクエストURI: /wp-content/themes/landi_renewal/src/css/style.css.map
WP Request: wp-content/themes/landi_renewal/src/css/style.css.map
マッチしたルール: なし
変換クエリ: なし
クエリ変数: Array
(
    [error] => 404
)

============================

======== URLパース診断 ========
時刻: 2025-05-11 06:43:31
リクエストURI: /wp-content/themes/landi_renewal/src/css/layout.css.map
WP Request: wp-content/themes/landi_renewal/src/css/layout.css.map
マッチしたルール: なし
変換クエリ: なし
クエリ変数: Array
(
    [error] => 404
)

============================

======== URLパース診断 ========
時刻: 2025-05-11 06:43:31
リクエストURI: /wp-content/themes/landi_renewal/src/css/style-corp.css.map
WP Request: wp-content/themes/landi_renewal/src/css/style-corp.css.map
マッチしたルール: なし
変換クエリ: なし
クエリ変数: Array
(
    [error] => 404
)

============================

======== URLパース診断 ========
時刻: 2025-05-11 06:43:31
リクエストURI: /
WP Request: 
マッチしたルール: なし
変換クエリ: なし
クエリ変数: Array
(
)

============================

======== URLパース診断 ========
時刻: 2025-05-11 06:43:31
リクエストURI: /
WP Request: 
マッチしたルール: なし
変換クエリ: なし
クエリ変数: Array
(
)

============================

======== URLパース診断 ========
時刻: 2025-05-11 06:43:31
リクエストURI: /
WP Request: 
マッチしたルール: なし
変換クエリ: なし
クエリ変数: Array
(
)

============================

======== URLパース診断 ========
時刻: 2025-05-11 06:43:31
リクエストURI: /
WP Request: 
マッチしたルール: なし
変換クエリ: なし
クエリ変数: Array
(
)

============================

======== URLパース診断 ========
時刻: 2025-05-11 06:43:57
リクエストURI: /materials
WP Request: materials
マッチしたルール: なし
変換クエリ: なし
クエリ変数: Array
(
    [post_type] => materials
)

============================

======== URLパース診断 ========
時刻: 2025-05-11 06:43:58
リクエストURI: /.well-known/appspecific/com.chrome.devtools.json
WP Request: .well-known/appspecific/com.chrome.devtools.json
マッチしたルール: なし
変換クエリ: なし
クエリ変数: Array
(
    [error] => 404
)

============================

======== URLパース診断 ========
時刻: 2025-05-11 06:43:58
リクエストURI: /wp-content/themes/landi_renewal/src/css/layout.css.map
WP Request: wp-content/themes/landi_renewal/src/css/layout.css.map
マッチしたルール: なし
変換クエリ: なし
クエリ変数: Array
(
    [error] => 404
)

============================

======== URLパース診断 ========
時刻: 2025-05-11 06:43:58
リクエストURI: /wp-content/themes/landi_renewal/src/css/style.css.map
WP Request: wp-content/themes/landi_renewal/src/css/style.css.map
マッチしたルール: なし
変換クエリ: なし
クエリ変数: Array
(
    [error] => 404
)

============================

======== URLパース診断 ========
時刻: 2025-05-11 06:43:58
リクエストURI: /wp-content/themes/landi_renewal/src/css/style-corp.css.map
WP Request: wp-content/themes/landi_renewal/src/css/style-corp.css.map
マッチしたルール: なし
変換クエリ: なし
クエリ変数: Array
(
    [error] => 404
)

============================

======== URLパース診断 ========
時刻: 2025-05-11 06:43:58
リクエストURI: /
WP Request: 
マッチしたルール: なし
変換クエリ: なし
クエリ変数: Array
(
)

============================

======== URLパース診断 ========
時刻: 2025-05-11 06:43:58
リクエストURI: /
WP Request: 
マッチしたルール: なし
変換クエリ: なし
クエリ変数: Array
(
)

============================

======== URLパース診断 ========
時刻: 2025-05-11 06:43:58
リクエストURI: /
WP Request: 
マッチしたルール: なし
変換クエリ: なし
クエリ変数: Array
(
)

============================

======== URLパース診断 ========
時刻: 2025-05-11 06:43:58
リクエストURI: /
WP Request: 
マッチしたルール: なし
変換クエリ: なし
クエリ変数: Array
(
)

============================

======== URLパース診断 ========
時刻: 2025-05-11 08:11:04
リクエストURI: /contact
WP Request: contact
マッチしたルール: なし
変換クエリ: なし
クエリ変数: Array
(
    [page] => 
    [pagename] => contact
)

============================

======== URLパース診断 ========
時刻: 2025-05-11 08:11:04
リクエストURI: /.well-known/appspecific/com.chrome.devtools.json
WP Request: .well-known/appspecific/com.chrome.devtools.json
マッチしたルール: なし
変換クエリ: なし
クエリ変数: Array
(
    [error] => 404
)

============================

======== URLパース診断 ========
時刻: 2025-05-11 08:11:04
リクエストURI: /wp-content/themes/landi_renewal/src/css/layout.css.map
WP Request: wp-content/themes/landi_renewal/src/css/layout.css.map
マッチしたルール: なし
変換クエリ: なし
クエリ変数: Array
(
    [error] => 404
)

============================

======== URLパース診断 ========
時刻: 2025-05-11 08:11:04
リクエストURI: /wp-content/themes/landi_renewal/src/css/style.css.map
WP Request: wp-content/themes/landi_renewal/src/css/style.css.map
マッチしたルール: なし
変換クエリ: なし
クエリ変数: Array
(
    [error] => 404
)

============================

======== URLパース診断 ========
時刻: 2025-05-11 08:11:04
リクエストURI: /
WP Request: 
マッチしたルール: なし
変換クエリ: なし
クエリ変数: Array
(
)

============================

======== URLパース診断 ========
時刻: 2025-05-11 08:11:05
リクエストURI: /
WP Request: 
マッチしたルール: なし
変換クエリ: なし
クエリ変数: Array
(
)

============================

======== URLパース診断 ========
時刻: 2025-05-11 08:11:05
リクエストURI: /
WP Request: 
マッチしたルール: なし
変換クエリ: なし
クエリ変数: Array
(
)

============================

======== URLパース診断 ========
時刻: 2025-05-11 08:11:05
リクエストURI: /wp-content/themes/landi_renewal/src/css/style-corp.css.map
WP Request: wp-content/themes/landi_renewal/src/css/style-corp.css.map
マッチしたルール: なし
変換クエリ: なし
クエリ変数: Array
(
    [error] => 404
)

============================

======== URLパース診断 ========
時刻: 2025-05-11 08:11:05
リクエストURI: /
WP Request: 
マッチしたルール: なし
変換クエリ: なし
クエリ変数: Array
(
)

============================

======== URLパース診断 ========
時刻: 2025-05-11 08:11:15
リクエストURI: /contact/confirm
WP Request: contact/confirm
マッチしたルール: なし
変換クエリ: なし
クエリ変数: Array
(
    [pagename] => contact
    [form_mode] => confirm
)

============================

======== URLパース診断 ========
時刻: 2025-05-11 08:11:16
リクエストURI: /.well-known/appspecific/com.chrome.devtools.json
WP Request: .well-known/appspecific/com.chrome.devtools.json
マッチしたルール: なし
変換クエリ: なし
クエリ変数: Array
(
    [error] => 404
)

============================

======== URLパース診断 ========
時刻: 2025-05-11 08:11:16
リクエストURI: /wp-content/themes/landi_renewal/src/css/style.css.map
WP Request: wp-content/themes/landi_renewal/src/css/style.css.map
マッチしたルール: なし
変換クエリ: なし
クエリ変数: Array
(
    [error] => 404
)

============================

======== URLパース診断 ========
時刻: 2025-05-11 08:11:16
リクエストURI: /wp-content/themes/landi_renewal/src/css/style-corp.css.map
WP Request: wp-content/themes/landi_renewal/src/css/style-corp.css.map
マッチしたルール: なし
変換クエリ: なし
クエリ変数: Array
(
    [error] => 404
)

============================

======== URLパース診断 ========
時刻: 2025-05-11 08:11:16
リクエストURI: /wp-content/themes/landi_renewal/src/css/layout.css.map
WP Request: wp-content/themes/landi_renewal/src/css/layout.css.map
マッチしたルール: なし
変換クエリ: なし
クエリ変数: Array
(
    [error] => 404
)

============================

======== URLパース診断 ========
時刻: 2025-05-11 08:11:16
リクエストURI: /
WP Request: 
マッチしたルール: なし
変換クエリ: なし
クエリ変数: Array
(
)

============================

======== URLパース診断 ========
時刻: 2025-05-11 08:11:17
リクエストURI: /
WP Request: 
マッチしたルール: なし
変換クエリ: なし
クエリ変数: Array
(
)

============================

======== URLパース診断 ========
時刻: 2025-05-11 08:11:17
リクエストURI: /
WP Request: 
マッチしたルール: なし
変換クエリ: なし
クエリ変数: Array
(
)

============================

======== URLパース診断 ========
時刻: 2025-05-11 08:11:17
リクエストURI: /
WP Request: 
マッチしたルール: なし
変換クエリ: なし
クエリ変数: Array
(
)

============================

======== URLパース診断 ========
時刻: 2025-05-11 08:11:21
リクエストURI: /contact/complete
WP Request: contact/complete
マッチしたルール: なし
変換クエリ: なし
クエリ変数: Array
(
    [pagename] => contact
    [form_mode] => complete
)

============================

======== URLパース診断 ========
時刻: 2025-05-11 08:11:22
リクエストURI: /wp-content/themes/landi_renewal/src/css/style.css.map
WP Request: wp-content/themes/landi_renewal/src/css/style.css.map
マッチしたルール: なし
変換クエリ: なし
クエリ変数: Array
(
    [error] => 404
)

============================

======== URLパース診断 ========
時刻: 2025-05-11 08:11:22
リクエストURI: /.well-known/appspecific/com.chrome.devtools.json
WP Request: .well-known/appspecific/com.chrome.devtools.json
マッチしたルール: なし
変換クエリ: なし
クエリ変数: Array
(
    [error] => 404
)

============================

======== URLパース診断 ========
時刻: 2025-05-11 08:11:22
リクエストURI: /wp-content/themes/landi_renewal/src/css/layout.css.map
WP Request: wp-content/themes/landi_renewal/src/css/layout.css.map
マッチしたルール: なし
変換クエリ: なし
クエリ変数: Array
(
    [error] => 404
)

============================

======== URLパース診断 ========
時刻: 2025-05-11 08:11:22
リクエストURI: /wp-content/themes/landi_renewal/src/css/style-corp.css.map
WP Request: wp-content/themes/landi_renewal/src/css/style-corp.css.map
マッチしたルール: なし
変換クエリ: なし
クエリ変数: Array
(
    [error] => 404
)

============================

======== URLパース診断 ========
時刻: 2025-05-11 08:11:22
リクエストURI: /
WP Request: 
マッチしたルール: なし
変換クエリ: なし
クエリ変数: Array
(
)

============================

======== URLパース診断 ========
時刻: 2025-05-11 08:11:22
リクエストURI: /
WP Request: 
マッチしたルール: なし
変換クエリ: なし
クエリ変数: Array
(
)

============================

======== URLパース診断 ========
時刻: 2025-05-11 08:11:22
リクエストURI: /
WP Request: 
マッチしたルール: なし
変換クエリ: なし
クエリ変数: Array
(
)

============================

======== URLパース診断 ========
時刻: 2025-05-11 08:11:22
リクエストURI: /
WP Request: 
マッチしたルール: なし
変換クエリ: なし
クエリ変数: Array
(
)

============================

======== URLパース診断 ========
時刻: 2025-05-11 08:11:26
リクエストURI: /
WP Request: 
マッチしたルール: なし
変換クエリ: なし
クエリ変数: Array
(
)

============================

======== URLパース診断 ========
時刻: 2025-05-11 08:11:26
リクエストURI: /assets/images/top/fv.webp
WP Request: assets/images/top/fv.webp
マッチしたルール: なし
変換クエリ: なし
クエリ変数: Array
(
    [error] => 404
)

============================

======== URLパース診断 ========
時刻: 2025-05-11 08:11:26
リクエストURI: /wp-content/themes/landi_renewal/src/css/style.css.map
WP Request: wp-content/themes/landi_renewal/src/css/style.css.map
マッチしたルール: なし
変換クエリ: なし
クエリ変数: Array
(
    [error] => 404
)

============================

======== URLパース診断 ========
時刻: 2025-05-11 08:11:26
リクエストURI: /.well-known/appspecific/com.chrome.devtools.json
WP Request: .well-known/appspecific/com.chrome.devtools.json
マッチしたルール: なし
変換クエリ: なし
クエリ変数: Array
(
    [error] => 404
)

============================

======== URLパース診断 ========
時刻: 2025-05-11 08:11:26
リクエストURI: /wp-content/themes/landi_renewal/src/css/layout.css.map
WP Request: wp-content/themes/landi_renewal/src/css/layout.css.map
マッチしたルール: なし
変換クエリ: なし
クエリ変数: Array
(
    [error] => 404
)

============================

======== URLパース診断 ========
時刻: 2025-05-11 08:11:26
リクエストURI: /wp-content/themes/landi_renewal/src/css/style-corp.css.map
WP Request: wp-content/themes/landi_renewal/src/css/style-corp.css.map
マッチしたルール: なし
変換クエリ: なし
クエリ変数: Array
(
    [error] => 404
)

============================

======== URLパース診断 ========
時刻: 2025-05-11 08:11:27
リクエストURI: /
WP Request: 
マッチしたルール: なし
変換クエリ: なし
クエリ変数: Array
(
)

============================

======== URLパース診断 ========
時刻: 2025-05-11 08:11:27
リクエストURI: /
WP Request: 
マッチしたルール: なし
変換クエリ: なし
クエリ変数: Array
(
)

============================

======== URLパース診断 ========
時刻: 2025-05-11 08:11:27
リクエストURI: /
WP Request: 
マッチしたルール: なし
変換クエリ: なし
クエリ変数: Array
(
)

============================

======== URLパース診断 ========
時刻: 2025-05-11 08:11:27
リクエストURI: /
WP Request: 
マッチしたルール: なし
変換クエリ: なし
クエリ変数: Array
(
)

============================

======== URLパース診断 ========
時刻: 2025-05-11 08:11:27
リクエストURI: /
WP Request: 
マッチしたルール: なし
変換クエリ: なし
クエリ変数: Array
(
)

============================

======== URLパース診断 ========
時刻: 2025-05-11 08:11:37
リクエストURI: /materials
WP Request: materials
マッチしたルール: なし
変換クエリ: なし
クエリ変数: Array
(
    [post_type] => materials
)

============================

======== URLパース診断 ========
時刻: 2025-05-11 08:11:37
リクエストURI: /
WP Request: 
マッチしたルール: なし
変換クエリ: なし
クエリ変数: Array
(
)

============================

======== URLパース診断 ========
時刻: 2025-05-11 08:11:38
リクエストURI: /.well-known/appspecific/com.chrome.devtools.json
WP Request: .well-known/appspecific/com.chrome.devtools.json
マッチしたルール: なし
変換クエリ: なし
クエリ変数: Array
(
    [error] => 404
)

============================

======== URLパース診断 ========
時刻: 2025-05-11 08:11:38
リクエストURI: /wp-content/themes/landi_renewal/src/css/layout.css.map
WP Request: wp-content/themes/landi_renewal/src/css/layout.css.map
マッチしたルール: なし
変換クエリ: なし
クエリ変数: Array
(
    [error] => 404
)

============================

======== URLパース診断 ========
時刻: 2025-05-11 08:11:39
リクエストURI: /wp-content/themes/landi_renewal/src/css/style.css.map
WP Request: wp-content/themes/landi_renewal/src/css/style.css.map
マッチしたルール: なし
変換クエリ: なし
クエリ変数: Array
(
    [error] => 404
)

============================

======== URLパース診断 ========
時刻: 2025-05-11 08:11:39
リクエストURI: /wp-content/themes/landi_renewal/src/css/style-corp.css.map
WP Request: wp-content/themes/landi_renewal/src/css/style-corp.css.map
マッチしたルール: なし
変換クエリ: なし
クエリ変数: Array
(
    [error] => 404
)

============================

======== URLパース診断 ========
時刻: 2025-05-11 08:11:39
リクエストURI: /assets/images/top/fv.webp
WP Request: assets/images/top/fv.webp
マッチしたルール: なし
変換クエリ: なし
クエリ変数: Array
(
    [error] => 404
)

============================

======== URLパース診断 ========
時刻: 2025-05-11 08:11:39
リクエストURI: /.well-known/appspecific/com.chrome.devtools.json
WP Request: .well-known/appspecific/com.chrome.devtools.json
マッチしたルール: なし
変換クエリ: なし
クエリ変数: Array
(
    [error] => 404
)

============================

======== URLパース診断 ========
時刻: 2025-05-11 08:11:39
リクエストURI: /wp-content/themes/landi_renewal/src/css/style.css.map
WP Request: wp-content/themes/landi_renewal/src/css/style.css.map
マッチしたルール: なし
変換クエリ: なし
クエリ変数: Array
(
    [error] => 404
)

============================

======== URLパース診断 ========
時刻: 2025-05-11 08:11:39
リクエストURI: /wp-content/themes/landi_renewal/src/css/layout.css.map
WP Request: wp-content/themes/landi_renewal/src/css/layout.css.map
マッチしたルール: なし
変換クエリ: なし
クエリ変数: Array
(
    [error] => 404
)

============================

======== URLパース診断 ========
時刻: 2025-05-11 08:11:39
リクエストURI: /
WP Request: 
マッチしたルール: なし
変換クエリ: なし
クエリ変数: Array
(
)

============================

======== URLパース診断 ========
時刻: 2025-05-11 08:11:39
リクエストURI: /wp-content/themes/landi_renewal/src/css/style-corp.css.map
WP Request: wp-content/themes/landi_renewal/src/css/style-corp.css.map
マッチしたルール: なし
変換クエリ: なし
クエリ変数: Array
(
    [error] => 404
)

============================

======== URLパース診断 ========
時刻: 2025-05-11 08:11:39
リクエストURI: /
WP Request: 
マッチしたルール: なし
変換クエリ: なし
クエリ変数: Array
(
)

============================

======== URLパース診断 ========
時刻: 2025-05-11 08:11:40
リクエストURI: /
WP Request: 
マッチしたルール: なし
変換クエリ: なし
クエリ変数: Array
(
)

============================

======== URLパース診断 ========
時刻: 2025-05-11 08:11:40
リクエストURI: /
WP Request: 
マッチしたルール: なし
変換クエリ: なし
クエリ変数: Array
(
)

============================

======== URLパース診断 ========
時刻: 2025-05-11 08:11:40
リクエストURI: /
WP Request: 
マッチしたルール: なし
変換クエリ: なし
クエリ変数: Array
(
)

============================

======== URLパース診断 ========
時刻: 2025-05-11 08:11:40
リクエストURI: /
WP Request: 
マッチしたルール: なし
変換クエリ: なし
クエリ変数: Array
(
)

============================

======== URLパース診断 ========
時刻: 2025-05-11 08:11:40
リクエストURI: /
WP Request: 
マッチしたルール: なし
変換クエリ: なし
クエリ変数: Array
(
)

============================

======== URLパース診断 ========
時刻: 2025-05-11 08:11:40
リクエストURI: /
WP Request: 
マッチしたルール: なし
変換クエリ: なし
クエリ変数: Array
(
)

============================

======== URLパース診断 ========
時刻: 2025-05-11 08:11:40
リクエストURI: /
WP Request: 
マッチしたルール: なし
変換クエリ: なし
クエリ変数: Array
(
)

============================

======== URLパース診断 ========
時刻: 2025-05-11 08:11:41
リクエストURI: /contact
WP Request: contact
マッチしたルール: なし
変換クエリ: なし
クエリ変数: Array
(
    [page] => 
    [pagename] => contact
)

============================

======== URLパース診断 ========
時刻: 2025-05-11 08:11:41
リクエストURI: /.well-known/appspecific/com.chrome.devtools.json
WP Request: .well-known/appspecific/com.chrome.devtools.json
マッチしたルール: なし
変換クエリ: なし
クエリ変数: Array
(
    [error] => 404
)

============================

======== URLパース診断 ========
時刻: 2025-05-11 08:11:41
リクエストURI: /wp-content/themes/landi_renewal/src/css/layout.css.map
WP Request: wp-content/themes/landi_renewal/src/css/layout.css.map
マッチしたルール: なし
変換クエリ: なし
クエリ変数: Array
(
    [error] => 404
)

============================

======== URLパース診断 ========
時刻: 2025-05-11 08:11:41
リクエストURI: /wp-content/themes/landi_renewal/src/css/style.css.map
WP Request: wp-content/themes/landi_renewal/src/css/style.css.map
マッチしたルール: なし
変換クエリ: なし
クエリ変数: Array
(
    [error] => 404
)

============================

======== URLパース診断 ========
時刻: 2025-05-11 08:11:41
リクエストURI: /wp-content/themes/landi_renewal/src/css/style-corp.css.map
WP Request: wp-content/themes/landi_renewal/src/css/style-corp.css.map
マッチしたルール: なし
変換クエリ: なし
クエリ変数: Array
(
    [error] => 404
)

============================

======== URLパース診断 ========
時刻: 2025-05-11 08:11:41
リクエストURI: /
WP Request: 
マッチしたルール: なし
変換クエリ: なし
クエリ変数: Array
(
)

============================

======== URLパース診断 ========
時刻: 2025-05-11 08:11:42
リクエストURI: /
WP Request: 
マッチしたルール: なし
変換クエリ: なし
クエリ変数: Array
(
)

============================

======== URLパース診断 ========
時刻: 2025-05-11 08:11:42
リクエストURI: /
WP Request: 
マッチしたルール: なし
変換クエリ: なし
クエリ変数: Array
(
)

============================

======== URLパース診断 ========
時刻: 2025-05-11 08:11:42
リクエストURI: /
WP Request: 
マッチしたルール: なし
変換クエリ: なし
クエリ変数: Array
(
)

============================

======== URLパース診断 ========
時刻: 2025-05-11 23:56:58
リクエストURI: /
WP Request: 
マッチしたルール: なし
変換クエリ: なし
クエリ変数: Array
(
)

============================

======== URLパース診断 ========
時刻: 2025-05-11 23:56:58
リクエストURI: /assets/images/top/fv.webp
WP Request: assets/images/top/fv.webp
マッチしたルール: なし
変換クエリ: なし
クエリ変数: Array
(
    [error] => 404
)

============================

======== URLパース診断 ========
時刻: 2025-05-11 23:56:58
リクエストURI: /
WP Request: 
マッチしたルール: なし
変換クエリ: なし
クエリ変数: Array
(
)

============================

======== URLパース診断 ========
時刻: 2025-05-11 23:57:10
リクエストURI: /case_study
WP Request: case_study
マッチしたルール: なし
変換クエリ: なし
クエリ変数: Array
(
    [post_type] => case_study
)

============================

