======== URLパース診断 ========
時刻: 2025-10-08 06:39:36
リクエストURI: /
WP Request: 
マッチしたルール: なし
変換クエリ: なし
クエリ変数: Array
(
)

============================

======== URLパース診断 ========
時刻: 2025-10-08 06:39:36
リクエストURI: /assets/images/top/fv.webp
WP Request: assets/images/top/fv.webp
マッチしたルール: なし
変換クエリ: なし
クエリ変数: Array
(
    [error] => 404
)

============================

======== URLパース診断 ========
時刻: 2025-10-08 06:39:36
リクエストURI: /
WP Request: 
マッチしたルール: なし
変換クエリ: なし
クエリ変数: Array
(
)

============================

======== URLパース診断 ========
時刻: 2025-10-08 06:39:39
リクエストURI: /contact
WP Request: contact
マッチしたルール: なし
変換クエリ: なし
クエリ変数: Array
(
    [page] => 
    [pagename] => contact
)

============================

======== URLパース診断 ========
時刻: 2025-10-08 06:40:08
リクエストURI: /contact
WP Request: contact
マッチしたルール: なし
変換クエリ: なし
クエリ変数: Array
(
    [page] => 
    [pagename] => contact
)

============================

======== URLパース診断 ========
時刻: 2025-10-08 06:41:36
リクエストURI: /contact
WP Request: contact
マッチしたルール: なし
変換クエリ: なし
クエリ変数: Array
(
    [page] => 
    [pagename] => contact
)

============================

======== URLパース診断 ========
時刻: 2025-10-08 06:42:31
リクエストURI: /contact
WP Request: contact
マッチしたルール: なし
変換クエリ: なし
クエリ変数: Array
(
    [page] => 
    [pagename] => contact
)

============================

======== URLパース診断 ========
時刻: 2025-10-08 06:43:29
リクエストURI: /contact
WP Request: contact
マッチしたルール: なし
変換クエリ: なし
クエリ変数: Array
(
    [page] => 
    [pagename] => contact
)

============================

======== URLパース診断 ========
時刻: 2025-10-08 06:44:31
リクエストURI: /contact
WP Request: contact
マッチしたルール: なし
変換クエリ: なし
クエリ変数: Array
(
    [page] => 
    [pagename] => contact
)

============================

======== URLパース診断 ========
時刻: 2025-10-08 06:44:32
リクエストURI: /contact
WP Request: contact
マッチしたルール: なし
変換クエリ: なし
クエリ変数: Array
(
    [page] => 
    [pagename] => contact
)

============================

======== URLパース診断 ========
時刻: 2025-10-08 07:02:11
リクエストURI: /contact/confirm
WP Request: contact/confirm
マッチしたルール: なし
変換クエリ: なし
クエリ変数: Array
(
    [pagename] => contact
    [form_mode] => confirm
)

============================

======== URLパース診断 ========
時刻: 2025-10-08 07:02:16
リクエストURI: /contact/confirm
WP Request: contact/confirm
マッチしたルール: なし
変換クエリ: なし
クエリ変数: Array
(
    [pagename] => contact
    [form_mode] => confirm
)

============================

======== URLパース診断 ========
時刻: 2025-10-08 07:02:20
リクエストURI: /contact/confirm
WP Request: contact/confirm
マッチしたルール: なし
変換クエリ: なし
クエリ変数: Array
(
    [pagename] => contact
    [form_mode] => confirm
)

============================

======== URLパース診断 ========
時刻: 2025-10-08 07:03:07
リクエストURI: /contact/confirm
WP Request: contact/confirm
マッチしたルール: なし
変換クエリ: なし
クエリ変数: Array
(
    [pagename] => contact
    [form_mode] => confirm
)

============================

======== URLパース診断 ========
時刻: 2025-10-08 07:03:11
リクエストURI: /contact/confirm
WP Request: contact/confirm
マッチしたルール: なし
変換クエリ: なし
クエリ変数: Array
(
    [pagename] => contact
    [form_mode] => confirm
)

============================

======== URLパース診断 ========
時刻: 2025-10-08 07:03:18
リクエストURI: /contact/confirm
WP Request: contact/confirm
マッチしたルール: なし
変換クエリ: なし
クエリ変数: Array
(
    [pagename] => contact
    [form_mode] => confirm
)

============================

======== URLパース診断 ========
時刻: 2025-10-08 07:03:29
リクエストURI: /contact/confirm
WP Request: contact/confirm
マッチしたルール: なし
変換クエリ: なし
クエリ変数: Array
(
    [pagename] => contact
    [form_mode] => confirm
)

============================

======== URLパース診断 ========
時刻: 2025-10-08 07:10:57
リクエストURI: /contact/confirm
WP Request: contact/confirm
マッチしたルール: なし
変換クエリ: なし
クエリ変数: Array
(
    [pagename] => contact
    [form_mode] => confirm
)

============================

======== URLパース診断 ========
時刻: 2025-10-08 07:14:36
リクエストURI: /contact/confirm
WP Request: contact/confirm
マッチしたルール: なし
変換クエリ: なし
クエリ変数: Array
(
    [pagename] => contact
    [form_mode] => confirm
)

============================

======== URLパース診断 ========
時刻: 2025-10-08 07:14:46
リクエストURI: /contact/confirm
WP Request: contact/confirm
マッチしたルール: なし
変換クエリ: なし
クエリ変数: Array
(
    [pagename] => contact
    [form_mode] => confirm
)

============================

======== URLパース診断 ========
時刻: 2025-10-08 07:14:49
リクエストURI: /contact/confirm
WP Request: contact/confirm
マッチしたルール: なし
変換クエリ: なし
クエリ変数: Array
(
    [pagename] => contact
    [form_mode] => confirm
)

============================

======== URLパース診断 ========
時刻: 2025-10-08 07:14:54
リクエストURI: /contact
WP Request: contact
マッチしたルール: なし
変換クエリ: なし
クエリ変数: Array
(
    [page] => 
    [pagename] => contact
)

============================

======== URLパース診断 ========
時刻: 2025-10-08 07:14:57
リクエストURI: /contact/confirm
WP Request: contact/confirm
マッチしたルール: なし
変換クエリ: なし
クエリ変数: Array
(
    [pagename] => contact
    [form_mode] => confirm
)

============================

======== URLパース診断 ========
時刻: 2025-10-08 07:15:00
リクエストURI: /contact/complete
WP Request: contact/complete
マッチしたルール: なし
変換クエリ: なし
クエリ変数: Array
(
    [pagename] => contact
    [form_mode] => complete
)

============================

======== URLパース診断 ========
時刻: 2025-10-08 07:15:03
リクエストURI: /contact
WP Request: contact
マッチしたルール: なし
変換クエリ: なし
クエリ変数: Array
(
    [page] => 
    [pagename] => contact
)

============================

======== URLパース診断 ========
時刻: 2025-10-08 07:15:42
リクエストURI: /contact
WP Request: contact
マッチしたルール: なし
変換クエリ: なし
クエリ変数: Array
(
    [page] => 
    [pagename] => contact
)

============================

======== URLパース診断 ========
時刻: 2025-10-08 07:15:45
リクエストURI: /contact
WP Request: contact
マッチしたルール: なし
変換クエリ: なし
クエリ変数: Array
(
    [page] => 
    [pagename] => contact
)

============================

======== URLパース診断 ========
時刻: 2025-10-08 07:15:48
リクエストURI: /contact
WP Request: contact
マッチしたルール: なし
変換クエリ: なし
クエリ変数: Array
(
    [page] => 
    [pagename] => contact
)

============================

======== URLパース診断 ========
時刻: 2025-10-08 07:15:52
リクエストURI: /contact
WP Request: contact
マッチしたルール: なし
変換クエリ: なし
クエリ変数: Array
(
    [page] => 
    [pagename] => contact
)

============================

======== URLパース診断 ========
時刻: 2025-10-08 07:22:47
リクエストURI: /contact/confirm
WP Request: contact/confirm
マッチしたルール: なし
変換クエリ: なし
クエリ変数: Array
(
    [pagename] => contact
    [form_mode] => confirm
)

============================

======== URLパース診断 ========
時刻: 2025-10-08 07:22:51
リクエストURI: /contact
WP Request: contact
マッチしたルール: なし
変換クエリ: なし
クエリ変数: Array
(
    [page] => 
    [pagename] => contact
)

============================

======== URLパース診断 ========
時刻: 2025-10-08 07:22:54
リクエストURI: /contact/confirm
WP Request: contact/confirm
マッチしたルール: なし
変換クエリ: なし
クエリ変数: Array
(
    [pagename] => contact
    [form_mode] => confirm
)

============================

======== URLパース診断 ========
時刻: 2025-10-08 07:22:57
リクエストURI: /contact/complete
WP Request: contact/complete
マッチしたルール: なし
変換クエリ: なし
クエリ変数: Array
(
    [pagename] => contact
    [form_mode] => complete
)

============================

======== URLパース診断 ========
時刻: 2025-10-08 07:22:59
リクエストURI: /contact
WP Request: contact
マッチしたルール: なし
変換クエリ: なし
クエリ変数: Array
(
    [page] => 
    [pagename] => contact
)

============================

======== URLパース診断 ========
時刻: 2025-10-08 07:24:18
リクエストURI: /contact/confirm
WP Request: contact/confirm
マッチしたルール: なし
変換クエリ: なし
クエリ変数: Array
(
    [pagename] => contact
    [form_mode] => confirm
)

============================

======== URLパース診断 ========
時刻: 2025-10-08 07:52:15
リクエストURI: /
WP Request: 
マッチしたルール: なし
変換クエリ: なし
クエリ変数: Array
(
)

============================

======== URLパース診断 ========
時刻: 2025-10-08 07:52:15
リクエストURI: /assets/images/top/fv.webp
WP Request: assets/images/top/fv.webp
マッチしたルール: なし
変換クエリ: なし
クエリ変数: Array
(
    [error] => 404
)

============================

======== URLパース診断 ========
時刻: 2025-10-08 07:52:15
リクエストURI: /
WP Request: 
マッチしたルール: なし
変換クエリ: なし
クエリ変数: Array
(
)

============================

======== URLパース診断 ========
時刻: 2025-10-08 07:52:17
リクエストURI: /contact
WP Request: contact
マッチしたルール: なし
変換クエリ: なし
クエリ変数: Array
(
    [page] => 
    [pagename] => contact
)

============================

======== URLパース診断 ========
時刻: 2025-10-08 07:52:19
リクエストURI: /contact/confirm
WP Request: contact/confirm
マッチしたルール: なし
変換クエリ: なし
クエリ変数: Array
(
    [pagename] => contact
    [form_mode] => confirm
)

============================

======== URLパース診断 ========
時刻: 2025-10-08 07:52:52
リクエストURI: /contact/confirm
WP Request: contact/confirm
マッチしたルール: なし
変換クエリ: なし
クエリ変数: Array
(
    [pagename] => contact
    [form_mode] => confirm
)

============================

