======== URLパース診断 ========
時刻: 2025-06-06 07:30:51
リクエストURI: /
WP Request: 
マッチしたルール: なし
変換クエリ: なし
クエリ変数: Array
(
)

============================

======== URLパース診断 ========
時刻: 2025-06-06 07:30:51
リクエストURI: /assets/images/top/fv.webp
WP Request: assets/images/top/fv.webp
マッチしたルール: なし
変換クエリ: なし
クエリ変数: Array
(
    [error] => 404
)

============================

======== URLパース診断 ========
時刻: 2025-06-06 07:30:51
リクエストURI: /
WP Request: 
マッチしたルール: なし
変換クエリ: なし
クエリ変数: Array
(
)

============================

======== URLパース診断 ========
時刻: 2025-06-06 07:30:56
リクエストURI: /company
WP Request: company
マッチしたルール: なし
変換クエリ: なし
クエリ変数: Array
(
    [page] => 
    [pagename] => company
)

============================

======== URLパース診断 ========
時刻: 2025-06-06 07:30:58
リクエストURI: /.well-known/appspecific/com.chrome.devtools.json
WP Request: .well-known/appspecific/com.chrome.devtools.json
マッチしたルール: なし
変換クエリ: なし
クエリ変数: Array
(
    [error] => 404
)

============================

======== URLパース診断 ========
時刻: 2025-06-06 07:30:58
リクエストURI: /
WP Request: 
マッチしたルール: なし
変換クエリ: なし
クエリ変数: Array
(
)

============================

======== URLパース診断 ========
時刻: 2025-06-06 07:30:58
リクエストURI: /wp-content/themes/landi_renewal/src/css/style.css.map
WP Request: wp-content/themes/landi_renewal/src/css/style.css.map
マッチしたルール: なし
変換クエリ: なし
クエリ変数: Array
(
    [error] => 404
)

============================

======== URLパース診断 ========
時刻: 2025-06-06 07:30:58
リクエストURI: /wp-content/themes/landi_renewal/src/css/layout.css.map
WP Request: wp-content/themes/landi_renewal/src/css/layout.css.map
マッチしたルール: なし
変換クエリ: なし
クエリ変数: Array
(
    [error] => 404
)

============================

======== URLパース診断 ========
時刻: 2025-06-06 07:30:58
リクエストURI: /wp-content/themes/landi_renewal/src/css/style-corp.css.map
WP Request: wp-content/themes/landi_renewal/src/css/style-corp.css.map
マッチしたルール: なし
変換クエリ: なし
クエリ変数: Array
(
    [error] => 404
)

============================

======== URLパース診断 ========
時刻: 2025-06-06 07:30:59
リクエストURI: /
WP Request: 
マッチしたルール: なし
変換クエリ: なし
クエリ変数: Array
(
)

============================

======== URLパース診断 ========
時刻: 2025-06-06 07:30:59
リクエストURI: /
WP Request: 
マッチしたルール: なし
変換クエリ: なし
クエリ変数: Array
(
)

============================

======== URLパース診断 ========
時刻: 2025-06-06 07:30:59
リクエストURI: /
WP Request: 
マッチしたルール: なし
変換クエリ: なし
クエリ変数: Array
(
)

============================

======== URLパース診断 ========
時刻: 2025-06-06 07:42:04
リクエストURI: /wp-content/themes/landi_renewal/src/css/style.css.map
WP Request: wp-content/themes/landi_renewal/src/css/style.css.map
マッチしたルール: なし
変換クエリ: なし
クエリ変数: Array
(
    [error] => 404
)

============================

======== URLパース診断 ========
時刻: 2025-06-06 07:42:05
リクエストURI: /wp-content/themes/landi_renewal/src/css/layout.css.map
WP Request: wp-content/themes/landi_renewal/src/css/layout.css.map
マッチしたルール: なし
変換クエリ: なし
クエリ変数: Array
(
    [error] => 404
)

============================

======== URLパース診断 ========
時刻: 2025-06-06 07:42:05
リクエストURI: /
WP Request: 
マッチしたルール: なし
変換クエリ: なし
クエリ変数: Array
(
)

============================

======== URLパース診断 ========
時刻: 2025-06-06 07:42:05
リクエストURI: /
WP Request: 
マッチしたルール: なし
変換クエリ: なし
クエリ変数: Array
(
)

============================

======== URLパース診断 ========
時刻: 2025-06-06 07:42:05
リクエストURI: /wp-content/themes/landi_renewal/src/css/style-corp.css.map
WP Request: wp-content/themes/landi_renewal/src/css/style-corp.css.map
マッチしたルール: なし
変換クエリ: なし
クエリ変数: Array
(
    [error] => 404
)

============================

======== URLパース診断 ========
時刻: 2025-06-06 07:42:05
リクエストURI: /
WP Request: 
マッチしたルール: なし
変換クエリ: なし
クエリ変数: Array
(
)

============================

======== URLパース診断 ========
時刻: 2025-06-06 07:42:18
リクエストURI: /wp-content/themes/landi_renewal/src/css/layout.css.map
WP Request: wp-content/themes/landi_renewal/src/css/layout.css.map
マッチしたルール: なし
変換クエリ: なし
クエリ変数: Array
(
    [error] => 404
)

============================

======== URLパース診断 ========
時刻: 2025-06-06 07:42:18
リクエストURI: /wp-content/themes/landi_renewal/src/css/style.css.map
WP Request: wp-content/themes/landi_renewal/src/css/style.css.map
マッチしたルール: なし
変換クエリ: なし
クエリ変数: Array
(
    [error] => 404
)

============================

======== URLパース診断 ========
時刻: 2025-06-06 07:42:18
リクエストURI: /
WP Request: 
マッチしたルール: なし
変換クエリ: なし
クエリ変数: Array
(
)

============================

======== URLパース診断 ========
時刻: 2025-06-06 07:42:18
リクエストURI: /
WP Request: 
マッチしたルール: なし
変換クエリ: なし
クエリ変数: Array
(
)

============================

======== URLパース診断 ========
時刻: 2025-06-06 07:42:19
リクエストURI: /wp-content/themes/landi_renewal/src/css/style-corp.css.map
WP Request: wp-content/themes/landi_renewal/src/css/style-corp.css.map
マッチしたルール: なし
変換クエリ: なし
クエリ変数: Array
(
    [error] => 404
)

============================

======== URLパース診断 ========
時刻: 2025-06-06 07:42:19
リクエストURI: /
WP Request: 
マッチしたルール: なし
変換クエリ: なし
クエリ変数: Array
(
)

============================

======== URLパース診断 ========
時刻: 2025-06-06 07:42:48
リクエストURI: /wp-content/themes/landi_renewal/src/css/style.css.map
WP Request: wp-content/themes/landi_renewal/src/css/style.css.map
マッチしたルール: なし
変換クエリ: なし
クエリ変数: Array
(
    [error] => 404
)

============================

======== URLパース診断 ========
時刻: 2025-06-06 07:42:49
リクエストURI: /wp-content/themes/landi_renewal/src/css/layout.css.map
WP Request: wp-content/themes/landi_renewal/src/css/layout.css.map
マッチしたルール: なし
変換クエリ: なし
クエリ変数: Array
(
    [error] => 404
)

============================

======== URLパース診断 ========
時刻: 2025-06-06 07:42:49
リクエストURI: /
WP Request: 
マッチしたルール: なし
変換クエリ: なし
クエリ変数: Array
(
)

============================

======== URLパース診断 ========
時刻: 2025-06-06 07:42:49
リクエストURI: /
WP Request: 
マッチしたルール: なし
変換クエリ: なし
クエリ変数: Array
(
)

============================

======== URLパース診断 ========
時刻: 2025-06-06 07:42:49
リクエストURI: /wp-content/themes/landi_renewal/src/css/style-corp.css.map
WP Request: wp-content/themes/landi_renewal/src/css/style-corp.css.map
マッチしたルール: なし
変換クエリ: なし
クエリ変数: Array
(
    [error] => 404
)

============================

======== URLパース診断 ========
時刻: 2025-06-06 07:42:49
リクエストURI: /
WP Request: 
マッチしたルール: なし
変換クエリ: なし
クエリ変数: Array
(
)

============================

======== URLパース診断 ========
時刻: 2025-06-06 07:43:14
リクエストURI: /company
WP Request: company
マッチしたルール: なし
変換クエリ: なし
クエリ変数: Array
(
    [page] => 
    [pagename] => company
)

============================

======== URLパース診断 ========
時刻: 2025-06-06 07:43:14
リクエストURI: /.well-known/appspecific/com.chrome.devtools.json
WP Request: .well-known/appspecific/com.chrome.devtools.json
マッチしたルール: なし
変換クエリ: なし
クエリ変数: Array
(
    [error] => 404
)

============================

======== URLパース診断 ========
時刻: 2025-06-06 07:43:14
リクエストURI: /wp-content/themes/landi_renewal/src/css/style.css.map
WP Request: wp-content/themes/landi_renewal/src/css/style.css.map
マッチしたルール: なし
変換クエリ: なし
クエリ変数: Array
(
    [error] => 404
)

============================

======== URLパース診断 ========
時刻: 2025-06-06 07:43:14
リクエストURI: /wp-content/themes/landi_renewal/src/css/layout.css.map
WP Request: wp-content/themes/landi_renewal/src/css/layout.css.map
マッチしたルール: なし
変換クエリ: なし
クエリ変数: Array
(
    [error] => 404
)

============================

======== URLパース診断 ========
時刻: 2025-06-06 07:43:15
リクエストURI: /
WP Request: 
マッチしたルール: なし
変換クエリ: なし
クエリ変数: Array
(
)

============================

======== URLパース診断 ========
時刻: 2025-06-06 07:43:15
リクエストURI: /
WP Request: 
マッチしたルール: なし
変換クエリ: なし
クエリ変数: Array
(
)

============================

======== URLパース診断 ========
時刻: 2025-06-06 07:43:15
リクエストURI: /
WP Request: 
マッチしたルール: なし
変換クエリ: なし
クエリ変数: Array
(
)

============================

======== URLパース診断 ========
時刻: 2025-06-06 07:43:17
リクエストURI: /wp-content/themes/landi_renewal/src/css/style-corp.css.map
WP Request: wp-content/themes/landi_renewal/src/css/style-corp.css.map
マッチしたルール: なし
変換クエリ: なし
クエリ変数: Array
(
    [error] => 404
)

============================

======== URLパース診断 ========
時刻: 2025-06-06 07:43:18
リクエストURI: /
WP Request: 
マッチしたルール: なし
変換クエリ: なし
クエリ変数: Array
(
)

============================

======== URLパース診断 ========
時刻: 2025-06-06 07:45:42
リクエストURI: /wp-content/themes/landi_renewal/src/css/layout.css.map
WP Request: wp-content/themes/landi_renewal/src/css/layout.css.map
マッチしたルール: なし
変換クエリ: なし
クエリ変数: Array
(
    [error] => 404
)

============================

======== URLパース診断 ========
時刻: 2025-06-06 07:45:42
リクエストURI: /wp-content/themes/landi_renewal/src/css/style.css.map
WP Request: wp-content/themes/landi_renewal/src/css/style.css.map
マッチしたルール: なし
変換クエリ: なし
クエリ変数: Array
(
    [error] => 404
)

============================

======== URLパース診断 ========
時刻: 2025-06-06 07:45:42
リクエストURI: /
WP Request: 
マッチしたルール: なし
変換クエリ: なし
クエリ変数: Array
(
)

============================

======== URLパース診断 ========
時刻: 2025-06-06 07:45:42
リクエストURI: /
WP Request: 
マッチしたルール: なし
変換クエリ: なし
クエリ変数: Array
(
)

============================

======== URLパース診断 ========
時刻: 2025-06-06 07:45:43
リクエストURI: /wp-content/themes/landi_renewal/src/css/style-corp.css.map
WP Request: wp-content/themes/landi_renewal/src/css/style-corp.css.map
マッチしたルール: なし
変換クエリ: なし
クエリ変数: Array
(
    [error] => 404
)

============================

======== URLパース診断 ========
時刻: 2025-06-06 07:45:44
リクエストURI: /
WP Request: 
マッチしたルール: なし
変換クエリ: なし
クエリ変数: Array
(
)

============================

======== URLパース診断 ========
時刻: 2025-06-06 07:46:14
リクエストURI: /wp-content/themes/landi_renewal/src/css/layout.css.map
WP Request: wp-content/themes/landi_renewal/src/css/layout.css.map
マッチしたルール: なし
変換クエリ: なし
クエリ変数: Array
(
    [error] => 404
)

============================

======== URLパース診断 ========
時刻: 2025-06-06 07:46:14
リクエストURI: /wp-content/themes/landi_renewal/src/css/style.css.map
WP Request: wp-content/themes/landi_renewal/src/css/style.css.map
マッチしたルール: なし
変換クエリ: なし
クエリ変数: Array
(
    [error] => 404
)

============================

======== URLパース診断 ========
時刻: 2025-06-06 07:46:14
リクエストURI: /
WP Request: 
マッチしたルール: なし
変換クエリ: なし
クエリ変数: Array
(
)

============================

======== URLパース診断 ========
時刻: 2025-06-06 07:46:14
リクエストURI: /
WP Request: 
マッチしたルール: なし
変換クエリ: なし
クエリ変数: Array
(
)

============================

======== URLパース診断 ========
時刻: 2025-06-06 07:46:14
リクエストURI: /wp-content/themes/landi_renewal/src/css/style-corp.css.map
WP Request: wp-content/themes/landi_renewal/src/css/style-corp.css.map
マッチしたルール: なし
変換クエリ: なし
クエリ変数: Array
(
    [error] => 404
)

============================

======== URLパース診断 ========
時刻: 2025-06-06 07:46:15
リクエストURI: /
WP Request: 
マッチしたルール: なし
変換クエリ: なし
クエリ変数: Array
(
)

============================

======== URLパース診断 ========
時刻: 2025-06-06 07:47:05
リクエストURI: /wp-content/themes/landi_renewal/src/css/style.css.map
WP Request: wp-content/themes/landi_renewal/src/css/style.css.map
マッチしたルール: なし
変換クエリ: なし
クエリ変数: Array
(
    [error] => 404
)

============================

======== URLパース診断 ========
時刻: 2025-06-06 07:47:05
リクエストURI: /wp-content/themes/landi_renewal/src/css/layout.css.map
WP Request: wp-content/themes/landi_renewal/src/css/layout.css.map
マッチしたルール: なし
変換クエリ: なし
クエリ変数: Array
(
    [error] => 404
)

============================

======== URLパース診断 ========
時刻: 2025-06-06 07:47:06
リクエストURI: /
WP Request: 
マッチしたルール: なし
変換クエリ: なし
クエリ変数: Array
(
)

============================

======== URLパース診断 ========
時刻: 2025-06-06 07:47:06
リクエストURI: /
WP Request: 
マッチしたルール: なし
変換クエリ: なし
クエリ変数: Array
(
)

============================

======== URLパース診断 ========
時刻: 2025-06-06 07:47:06
リクエストURI: /wp-content/themes/landi_renewal/src/css/style-corp.css.map
WP Request: wp-content/themes/landi_renewal/src/css/style-corp.css.map
マッチしたルール: なし
変換クエリ: なし
クエリ変数: Array
(
    [error] => 404
)

============================

======== URLパース診断 ========
時刻: 2025-06-06 07:47:07
リクエストURI: /
WP Request: 
マッチしたルール: なし
変換クエリ: なし
クエリ変数: Array
(
)

============================

======== URLパース診断 ========
時刻: 2025-06-06 07:47:29
リクエストURI: /wp-content/themes/landi_renewal/src/css/layout.css.map
WP Request: wp-content/themes/landi_renewal/src/css/layout.css.map
マッチしたルール: なし
変換クエリ: なし
クエリ変数: Array
(
    [error] => 404
)

============================

======== URLパース診断 ========
時刻: 2025-06-06 07:47:29
リクエストURI: /wp-content/themes/landi_renewal/src/css/style.css.map
WP Request: wp-content/themes/landi_renewal/src/css/style.css.map
マッチしたルール: なし
変換クエリ: なし
クエリ変数: Array
(
    [error] => 404
)

============================

======== URLパース診断 ========
時刻: 2025-06-06 07:47:29
リクエストURI: /wp-content/themes/landi_renewal/src/css/style-corp.css.map
WP Request: wp-content/themes/landi_renewal/src/css/style-corp.css.map
マッチしたルール: なし
変換クエリ: なし
クエリ変数: Array
(
    [error] => 404
)

============================

======== URLパース診断 ========
時刻: 2025-06-06 07:47:30
リクエストURI: /
WP Request: 
マッチしたルール: なし
変換クエリ: なし
クエリ変数: Array
(
)

============================

======== URLパース診断 ========
時刻: 2025-06-06 07:47:30
リクエストURI: /
WP Request: 
マッチしたルール: なし
変換クエリ: なし
クエリ変数: Array
(
)

============================

======== URLパース診断 ========
時刻: 2025-06-06 07:47:30
リクエストURI: /
WP Request: 
マッチしたルール: なし
変換クエリ: なし
クエリ変数: Array
(
)

============================

======== URLパース診断 ========
時刻: 2025-06-06 07:48:05
リクエストURI: /wp-content/themes/landi_renewal/src/css/layout.css.map
WP Request: wp-content/themes/landi_renewal/src/css/layout.css.map
マッチしたルール: なし
変換クエリ: なし
クエリ変数: Array
(
    [error] => 404
)

============================

======== URLパース診断 ========
時刻: 2025-06-06 07:48:06
リクエストURI: /wp-content/themes/landi_renewal/src/css/style.css.map
WP Request: wp-content/themes/landi_renewal/src/css/style.css.map
マッチしたルール: なし
変換クエリ: なし
クエリ変数: Array
(
    [error] => 404
)

============================

======== URLパース診断 ========
時刻: 2025-06-06 07:48:06
リクエストURI: /
WP Request: 
マッチしたルール: なし
変換クエリ: なし
クエリ変数: Array
(
)

============================

======== URLパース診断 ========
時刻: 2025-06-06 07:48:07
リクエストURI: /
WP Request: 
マッチしたルール: なし
変換クエリ: なし
クエリ変数: Array
(
)

============================

======== URLパース診断 ========
時刻: 2025-06-06 07:48:07
リクエストURI: /wp-content/themes/landi_renewal/src/css/style-corp.css.map
WP Request: wp-content/themes/landi_renewal/src/css/style-corp.css.map
マッチしたルール: なし
変換クエリ: なし
クエリ変数: Array
(
    [error] => 404
)

============================

======== URLパース診断 ========
時刻: 2025-06-06 07:48:07
リクエストURI: /
WP Request: 
マッチしたルール: なし
変換クエリ: なし
クエリ変数: Array
(
)

============================

======== URLパース診断 ========
時刻: 2025-06-06 07:48:08
リクエストURI: /wp-content/themes/landi_renewal/src/css/layout.css.map
WP Request: wp-content/themes/landi_renewal/src/css/layout.css.map
マッチしたルール: なし
変換クエリ: なし
クエリ変数: Array
(
    [error] => 404
)

============================

======== URLパース診断 ========
時刻: 2025-06-06 07:48:08
リクエストURI: /wp-content/themes/landi_renewal/src/css/style.css.map
WP Request: wp-content/themes/landi_renewal/src/css/style.css.map
マッチしたルール: なし
変換クエリ: なし
クエリ変数: Array
(
    [error] => 404
)

============================

======== URLパース診断 ========
時刻: 2025-06-06 07:48:08
リクエストURI: /
WP Request: 
マッチしたルール: なし
変換クエリ: なし
クエリ変数: Array
(
)

============================

======== URLパース診断 ========
時刻: 2025-06-06 07:48:08
リクエストURI: /
WP Request: 
マッチしたルール: なし
変換クエリ: なし
クエリ変数: Array
(
)

============================

======== URLパース診断 ========
時刻: 2025-06-06 07:48:10
リクエストURI: /wp-content/themes/landi_renewal/src/css/style-corp.css.map
WP Request: wp-content/themes/landi_renewal/src/css/style-corp.css.map
マッチしたルール: なし
変換クエリ: なし
クエリ変数: Array
(
    [error] => 404
)

============================

======== URLパース診断 ========
時刻: 2025-06-06 07:48:10
リクエストURI: /
WP Request: 
マッチしたルール: なし
変換クエリ: なし
クエリ変数: Array
(
)

============================

======== URLパース診断 ========
時刻: 2025-06-06 07:52:44
リクエストURI: /company
WP Request: company
マッチしたルール: なし
変換クエリ: なし
クエリ変数: Array
(
    [page] => 
    [pagename] => company
)

============================

======== URLパース診断 ========
時刻: 2025-06-06 07:52:45
リクエストURI: /.well-known/appspecific/com.chrome.devtools.json
WP Request: .well-known/appspecific/com.chrome.devtools.json
マッチしたルール: なし
変換クエリ: なし
クエリ変数: Array
(
    [error] => 404
)

============================

======== URLパース診断 ========
時刻: 2025-06-06 07:52:45
リクエストURI: /wp-content/themes/landi_renewal/src/css/style.css.map
WP Request: wp-content/themes/landi_renewal/src/css/style.css.map
マッチしたルール: なし
変換クエリ: なし
クエリ変数: Array
(
    [error] => 404
)

============================

======== URLパース診断 ========
時刻: 2025-06-06 07:52:45
リクエストURI: /wp-content/themes/landi_renewal/src/css/layout.css.map
WP Request: wp-content/themes/landi_renewal/src/css/layout.css.map
マッチしたルール: なし
変換クエリ: なし
クエリ変数: Array
(
    [error] => 404
)

============================

======== URLパース診断 ========
時刻: 2025-06-06 07:52:45
リクエストURI: /
WP Request: 
マッチしたルール: なし
変換クエリ: なし
クエリ変数: Array
(
)

============================

======== URLパース診断 ========
時刻: 2025-06-06 07:52:45
リクエストURI: /
WP Request: 
マッチしたルール: なし
変換クエリ: なし
クエリ変数: Array
(
)

============================

======== URLパース診断 ========
時刻: 2025-06-06 07:52:46
リクエストURI: /
WP Request: 
マッチしたルール: なし
変換クエリ: なし
クエリ変数: Array
(
)

============================

======== URLパース診断 ========
時刻: 2025-06-06 07:52:47
リクエストURI: /wp-content/themes/landi_renewal/src/css/style-corp.css.map
WP Request: wp-content/themes/landi_renewal/src/css/style-corp.css.map
マッチしたルール: なし
変換クエリ: なし
クエリ変数: Array
(
    [error] => 404
)

============================

======== URLパース診断 ========
時刻: 2025-06-06 07:52:47
リクエストURI: /
WP Request: 
マッチしたルール: なし
変換クエリ: なし
クエリ変数: Array
(
)

============================

======== URLパース診断 ========
時刻: 2025-06-06 07:52:48
リクエストURI: /company
WP Request: company
マッチしたルール: なし
変換クエリ: なし
クエリ変数: Array
(
    [page] => 
    [pagename] => company
)

============================

======== URLパース診断 ========
時刻: 2025-06-06 07:52:48
リクエストURI: /.well-known/appspecific/com.chrome.devtools.json
WP Request: .well-known/appspecific/com.chrome.devtools.json
マッチしたルール: なし
変換クエリ: なし
クエリ変数: Array
(
    [error] => 404
)

============================

======== URLパース診断 ========
時刻: 2025-06-06 07:52:48
リクエストURI: /wp-content/themes/landi_renewal/src/css/style.css.map
WP Request: wp-content/themes/landi_renewal/src/css/style.css.map
マッチしたルール: なし
変換クエリ: なし
クエリ変数: Array
(
    [error] => 404
)

============================

======== URLパース診断 ========
時刻: 2025-06-06 07:52:49
リクエストURI: /wp-content/themes/landi_renewal/src/css/layout.css.map
WP Request: wp-content/themes/landi_renewal/src/css/layout.css.map
マッチしたルール: なし
変換クエリ: なし
クエリ変数: Array
(
    [error] => 404
)

============================

======== URLパース診断 ========
時刻: 2025-06-06 07:52:49
リクエストURI: /
WP Request: 
マッチしたルール: なし
変換クエリ: なし
クエリ変数: Array
(
)

============================

======== URLパース診断 ========
時刻: 2025-06-06 07:52:49
リクエストURI: /
WP Request: 
マッチしたルール: なし
変換クエリ: なし
クエリ変数: Array
(
)

============================

======== URLパース診断 ========
時刻: 2025-06-06 07:52:49
リクエストURI: /
WP Request: 
マッチしたルール: なし
変換クエリ: なし
クエリ変数: Array
(
)

============================

======== URLパース診断 ========
時刻: 2025-06-06 07:52:52
リクエストURI: /wp-content/themes/landi_renewal/src/css/style-corp.css.map
WP Request: wp-content/themes/landi_renewal/src/css/style-corp.css.map
マッチしたルール: なし
変換クエリ: なし
クエリ変数: Array
(
    [error] => 404
)

============================

======== URLパース診断 ========
時刻: 2025-06-06 07:52:52
リクエストURI: /
WP Request: 
マッチしたルール: なし
変換クエリ: なし
クエリ変数: Array
(
)

============================

======== URLパース診断 ========
時刻: 2025-06-06 07:54:22
リクエストURI: /wp-content/themes/landi_renewal/src/css/layout.css.map
WP Request: wp-content/themes/landi_renewal/src/css/layout.css.map
マッチしたルール: なし
変換クエリ: なし
クエリ変数: Array
(
    [error] => 404
)

============================

======== URLパース診断 ========
時刻: 2025-06-06 07:54:23
リクエストURI: /wp-content/themes/landi_renewal/src/css/style.css.map
WP Request: wp-content/themes/landi_renewal/src/css/style.css.map
マッチしたルール: なし
変換クエリ: なし
クエリ変数: Array
(
    [error] => 404
)

============================

======== URLパース診断 ========
時刻: 2025-06-06 07:54:23
リクエストURI: /
WP Request: 
マッチしたルール: なし
変換クエリ: なし
クエリ変数: Array
(
)

============================

======== URLパース診断 ========
時刻: 2025-06-06 07:54:23
リクエストURI: /
WP Request: 
マッチしたルール: なし
変換クエリ: なし
クエリ変数: Array
(
)

============================

======== URLパース診断 ========
時刻: 2025-06-06 07:54:23
リクエストURI: /wp-content/themes/landi_renewal/src/css/style-corp.css.map
WP Request: wp-content/themes/landi_renewal/src/css/style-corp.css.map
マッチしたルール: なし
変換クエリ: なし
クエリ変数: Array
(
    [error] => 404
)

============================

======== URLパース診断 ========
時刻: 2025-06-06 07:54:23
リクエストURI: /
WP Request: 
マッチしたルール: なし
変換クエリ: なし
クエリ変数: Array
(
)

============================

======== URLパース診断 ========
時刻: 2025-06-06 07:55:18
リクエストURI: /wp-content/themes/landi_renewal/src/css/style.css.map
WP Request: wp-content/themes/landi_renewal/src/css/style.css.map
マッチしたルール: なし
変換クエリ: なし
クエリ変数: Array
(
    [error] => 404
)

============================

======== URLパース診断 ========
時刻: 2025-06-06 07:55:18
リクエストURI: /wp-content/themes/landi_renewal/src/css/layout.css.map
WP Request: wp-content/themes/landi_renewal/src/css/layout.css.map
マッチしたルール: なし
変換クエリ: なし
クエリ変数: Array
(
    [error] => 404
)

============================

======== URLパース診断 ========
時刻: 2025-06-06 07:55:18
リクエストURI: /
WP Request: 
マッチしたルール: なし
変換クエリ: なし
クエリ変数: Array
(
)

============================

======== URLパース診断 ========
時刻: 2025-06-06 07:55:19
リクエストURI: /
WP Request: 
マッチしたルール: なし
変換クエリ: なし
クエリ変数: Array
(
)

============================

======== URLパース診断 ========
時刻: 2025-06-06 07:55:19
リクエストURI: /wp-content/themes/landi_renewal/src/css/style-corp.css.map
WP Request: wp-content/themes/landi_renewal/src/css/style-corp.css.map
マッチしたルール: なし
変換クエリ: なし
クエリ変数: Array
(
    [error] => 404
)

============================

======== URLパース診断 ========
時刻: 2025-06-06 07:55:20
リクエストURI: /
WP Request: 
マッチしたルール: なし
変換クエリ: なし
クエリ変数: Array
(
)

============================

======== URLパース診断 ========
時刻: 2025-06-06 07:55:23
リクエストURI: /company
WP Request: company
マッチしたルール: なし
変換クエリ: なし
クエリ変数: Array
(
    [page] => 
    [pagename] => company
)

============================

======== URLパース診断 ========
時刻: 2025-06-06 07:55:24
リクエストURI: /.well-known/appspecific/com.chrome.devtools.json
WP Request: .well-known/appspecific/com.chrome.devtools.json
マッチしたルール: なし
変換クエリ: なし
クエリ変数: Array
(
    [error] => 404
)

============================

======== URLパース診断 ========
時刻: 2025-06-06 07:55:24
リクエストURI: /wp-content/themes/landi_renewal/src/css/layout.css.map
WP Request: wp-content/themes/landi_renewal/src/css/layout.css.map
マッチしたルール: なし
変換クエリ: なし
クエリ変数: Array
(
    [error] => 404
)

============================

======== URLパース診断 ========
時刻: 2025-06-06 07:55:24
リクエストURI: /wp-content/themes/landi_renewal/src/css/style.css.map
WP Request: wp-content/themes/landi_renewal/src/css/style.css.map
マッチしたルール: なし
変換クエリ: なし
クエリ変数: Array
(
    [error] => 404
)

============================

======== URLパース診断 ========
時刻: 2025-06-06 07:55:24
リクエストURI: /
WP Request: 
マッチしたルール: なし
変換クエリ: なし
クエリ変数: Array
(
)

============================

======== URLパース診断 ========
時刻: 2025-06-06 07:55:24
リクエストURI: /
WP Request: 
マッチしたルール: なし
変換クエリ: なし
クエリ変数: Array
(
)

============================

======== URLパース診断 ========
時刻: 2025-06-06 07:55:25
リクエストURI: /
WP Request: 
マッチしたルール: なし
変換クエリ: なし
クエリ変数: Array
(
)

============================

======== URLパース診断 ========
時刻: 2025-06-06 07:55:25
リクエストURI: /wp-content/themes/landi_renewal/src/css/style-corp.css.map
WP Request: wp-content/themes/landi_renewal/src/css/style-corp.css.map
マッチしたルール: なし
変換クエリ: なし
クエリ変数: Array
(
    [error] => 404
)

============================

======== URLパース診断 ========
時刻: 2025-06-06 07:55:25
リクエストURI: /
WP Request: 
マッチしたルール: なし
変換クエリ: なし
クエリ変数: Array
(
)

============================

======== URLパース診断 ========
時刻: 2025-06-06 07:56:27
リクエストURI: /wp-content/themes/landi_renewal/src/css/style.css.map
WP Request: wp-content/themes/landi_renewal/src/css/style.css.map
マッチしたルール: なし
変換クエリ: なし
クエリ変数: Array
(
    [error] => 404
)

============================

======== URLパース診断 ========
時刻: 2025-06-06 07:56:27
リクエストURI: /wp-content/themes/landi_renewal/src/css/layout.css.map
WP Request: wp-content/themes/landi_renewal/src/css/layout.css.map
マッチしたルール: なし
変換クエリ: なし
クエリ変数: Array
(
    [error] => 404
)

============================

======== URLパース診断 ========
時刻: 2025-06-06 07:56:27
リクエストURI: /
WP Request: 
マッチしたルール: なし
変換クエリ: なし
クエリ変数: Array
(
)

============================

======== URLパース診断 ========
時刻: 2025-06-06 07:56:27
リクエストURI: /
WP Request: 
マッチしたルール: なし
変換クエリ: なし
クエリ変数: Array
(
)

============================

======== URLパース診断 ========
時刻: 2025-06-06 07:56:29
リクエストURI: /wp-content/themes/landi_renewal/src/css/style-corp.css.map
WP Request: wp-content/themes/landi_renewal/src/css/style-corp.css.map
マッチしたルール: なし
変換クエリ: なし
クエリ変数: Array
(
    [error] => 404
)

============================

======== URLパース診断 ========
時刻: 2025-06-06 07:56:29
リクエストURI: /
WP Request: 
マッチしたルール: なし
変換クエリ: なし
クエリ変数: Array
(
)

============================

======== URLパース診断 ========
時刻: 2025-06-06 07:59:54
リクエストURI: /wp-content/themes/landi_renewal/src/css/style.css.map
WP Request: wp-content/themes/landi_renewal/src/css/style.css.map
マッチしたルール: なし
変換クエリ: なし
クエリ変数: Array
(
    [error] => 404
)

============================

======== URLパース診断 ========
時刻: 2025-06-06 07:59:54
リクエストURI: /wp-content/themes/landi_renewal/src/css/layout.css.map
WP Request: wp-content/themes/landi_renewal/src/css/layout.css.map
マッチしたルール: なし
変換クエリ: なし
クエリ変数: Array
(
    [error] => 404
)

============================

======== URLパース診断 ========
時刻: 2025-06-06 07:59:54
リクエストURI: /
WP Request: 
マッチしたルール: なし
変換クエリ: なし
クエリ変数: Array
(
)

============================

======== URLパース診断 ========
時刻: 2025-06-06 07:59:54
リクエストURI: /
WP Request: 
マッチしたルール: なし
変換クエリ: なし
クエリ変数: Array
(
)

============================

======== URLパース診断 ========
時刻: 2025-06-06 07:59:54
リクエストURI: /wp-content/themes/landi_renewal/src/css/style-corp.css.map
WP Request: wp-content/themes/landi_renewal/src/css/style-corp.css.map
マッチしたルール: なし
変換クエリ: なし
クエリ変数: Array
(
    [error] => 404
)

============================

======== URLパース診断 ========
時刻: 2025-06-06 07:59:54
リクエストURI: /
WP Request: 
マッチしたルール: なし
変換クエリ: なし
クエリ変数: Array
(
)

============================

======== URLパース診断 ========
時刻: 2025-06-06 07:59:56
リクエストURI: /wp-content/themes/landi_renewal/src/css/layout.css.map
WP Request: wp-content/themes/landi_renewal/src/css/layout.css.map
マッチしたルール: なし
変換クエリ: なし
クエリ変数: Array
(
    [error] => 404
)

============================

======== URLパース診断 ========
時刻: 2025-06-06 07:59:56
リクエストURI: /wp-content/themes/landi_renewal/src/css/style.css.map
WP Request: wp-content/themes/landi_renewal/src/css/style.css.map
マッチしたルール: なし
変換クエリ: なし
クエリ変数: Array
(
    [error] => 404
)

============================

======== URLパース診断 ========
時刻: 2025-06-06 07:59:56
リクエストURI: /wp-content/themes/landi_renewal/src/css/style-corp.css.map
WP Request: wp-content/themes/landi_renewal/src/css/style-corp.css.map
マッチしたルール: なし
変換クエリ: なし
クエリ変数: Array
(
    [error] => 404
)

============================

======== URLパース診断 ========
時刻: 2025-06-06 07:59:56
リクエストURI: /
WP Request: 
マッチしたルール: なし
変換クエリ: なし
クエリ変数: Array
(
)

============================

======== URLパース診断 ========
時刻: 2025-06-06 07:59:56
リクエストURI: /
WP Request: 
マッチしたルール: なし
変換クエリ: なし
クエリ変数: Array
(
)

============================

======== URLパース診断 ========
時刻: 2025-06-06 07:59:56
リクエストURI: /
WP Request: 
マッチしたルール: なし
変換クエリ: なし
クエリ変数: Array
(
)

============================

======== URLパース診断 ========
時刻: 2025-06-06 08:00:47
リクエストURI: /wp-content/themes/landi_renewal/src/css/layout.css.map
WP Request: wp-content/themes/landi_renewal/src/css/layout.css.map
マッチしたルール: なし
変換クエリ: なし
クエリ変数: Array
(
    [error] => 404
)

============================

======== URLパース診断 ========
時刻: 2025-06-06 08:00:48
リクエストURI: /wp-content/themes/landi_renewal/src/css/style.css.map
WP Request: wp-content/themes/landi_renewal/src/css/style.css.map
マッチしたルール: なし
変換クエリ: なし
クエリ変数: Array
(
    [error] => 404
)

============================

======== URLパース診断 ========
時刻: 2025-06-06 08:00:48
リクエストURI: /
WP Request: 
マッチしたルール: なし
変換クエリ: なし
クエリ変数: Array
(
)

============================

======== URLパース診断 ========
時刻: 2025-06-06 08:00:48
リクエストURI: /
WP Request: 
マッチしたルール: なし
変換クエリ: なし
クエリ変数: Array
(
)

============================

======== URLパース診断 ========
時刻: 2025-06-06 08:00:48
リクエストURI: /wp-content/themes/landi_renewal/src/css/style-corp.css.map
WP Request: wp-content/themes/landi_renewal/src/css/style-corp.css.map
マッチしたルール: なし
変換クエリ: なし
クエリ変数: Array
(
    [error] => 404
)

============================

======== URLパース診断 ========
時刻: 2025-06-06 08:00:49
リクエストURI: /
WP Request: 
マッチしたルール: なし
変換クエリ: なし
クエリ変数: Array
(
)

============================

======== URLパース診断 ========
時刻: 2025-06-06 08:00:59
リクエストURI: /wp-content/themes/landi_renewal/src/css/layout.css.map
WP Request: wp-content/themes/landi_renewal/src/css/layout.css.map
マッチしたルール: なし
変換クエリ: なし
クエリ変数: Array
(
    [error] => 404
)

============================

======== URLパース診断 ========
時刻: 2025-06-06 08:00:59
リクエストURI: /wp-content/themes/landi_renewal/src/css/style.css.map
WP Request: wp-content/themes/landi_renewal/src/css/style.css.map
マッチしたルール: なし
変換クエリ: なし
クエリ変数: Array
(
    [error] => 404
)

============================

======== URLパース診断 ========
時刻: 2025-06-06 08:00:59
リクエストURI: /
WP Request: 
マッチしたルール: なし
変換クエリ: なし
クエリ変数: Array
(
)

============================

======== URLパース診断 ========
時刻: 2025-06-06 08:01:00
リクエストURI: /
WP Request: 
マッチしたルール: なし
変換クエリ: なし
クエリ変数: Array
(
)

============================

======== URLパース診断 ========
時刻: 2025-06-06 08:01:01
リクエストURI: /wp-content/themes/landi_renewal/src/css/style-corp.css.map
WP Request: wp-content/themes/landi_renewal/src/css/style-corp.css.map
マッチしたルール: なし
変換クエリ: なし
クエリ変数: Array
(
    [error] => 404
)

============================

======== URLパース診断 ========
時刻: 2025-06-06 08:01:01
リクエストURI: /
WP Request: 
マッチしたルール: なし
変換クエリ: なし
クエリ変数: Array
(
)

============================

======== URLパース診断 ========
時刻: 2025-06-06 08:01:38
リクエストURI: /wp-content/themes/landi_renewal/src/css/layout.css.map
WP Request: wp-content/themes/landi_renewal/src/css/layout.css.map
マッチしたルール: なし
変換クエリ: なし
クエリ変数: Array
(
    [error] => 404
)

============================

======== URLパース診断 ========
時刻: 2025-06-06 08:01:38
リクエストURI: /wp-content/themes/landi_renewal/src/css/style.css.map
WP Request: wp-content/themes/landi_renewal/src/css/style.css.map
マッチしたルール: なし
変換クエリ: なし
クエリ変数: Array
(
    [error] => 404
)

============================

======== URLパース診断 ========
時刻: 2025-06-06 08:01:38
リクエストURI: /
WP Request: 
マッチしたルール: なし
変換クエリ: なし
クエリ変数: Array
(
)

============================

======== URLパース診断 ========
時刻: 2025-06-06 08:01:38
リクエストURI: /
WP Request: 
マッチしたルール: なし
変換クエリ: なし
クエリ変数: Array
(
)

============================

======== URLパース診断 ========
時刻: 2025-06-06 08:01:38
リクエストURI: /wp-content/themes/landi_renewal/src/css/style-corp.css.map
WP Request: wp-content/themes/landi_renewal/src/css/style-corp.css.map
マッチしたルール: なし
変換クエリ: なし
クエリ変数: Array
(
    [error] => 404
)

============================

======== URLパース診断 ========
時刻: 2025-06-06 08:01:38
リクエストURI: /
WP Request: 
マッチしたルール: なし
変換クエリ: なし
クエリ変数: Array
(
)

============================

======== URLパース診断 ========
時刻: 2025-06-06 08:05:32
リクエストURI: /wp-content/themes/landi_renewal/src/css/style.css.map
WP Request: wp-content/themes/landi_renewal/src/css/style.css.map
マッチしたルール: なし
変換クエリ: なし
クエリ変数: Array
(
    [error] => 404
)

============================

======== URLパース診断 ========
時刻: 2025-06-06 08:05:32
リクエストURI: /wp-content/themes/landi_renewal/src/css/layout.css.map
WP Request: wp-content/themes/landi_renewal/src/css/layout.css.map
マッチしたルール: なし
変換クエリ: なし
クエリ変数: Array
(
    [error] => 404
)

============================

======== URLパース診断 ========
時刻: 2025-06-06 08:05:32
リクエストURI: /
WP Request: 
マッチしたルール: なし
変換クエリ: なし
クエリ変数: Array
(
)

============================

======== URLパース診断 ========
時刻: 2025-06-06 08:05:33
リクエストURI: /
WP Request: 
マッチしたルール: なし
変換クエリ: なし
クエリ変数: Array
(
)

============================

======== URLパース診断 ========
時刻: 2025-06-06 08:05:33
リクエストURI: /wp-content/themes/landi_renewal/src/css/style-corp.css.map
WP Request: wp-content/themes/landi_renewal/src/css/style-corp.css.map
マッチしたルール: なし
変換クエリ: なし
クエリ変数: Array
(
    [error] => 404
)

============================

======== URLパース診断 ========
時刻: 2025-06-06 08:05:33
リクエストURI: /
WP Request: 
マッチしたルール: なし
変換クエリ: なし
クエリ変数: Array
(
)

============================

======== URLパース診断 ========
時刻: 2025-06-06 08:05:38
リクエストURI: /wp-content/themes/landi_renewal/src/css/layout.css.map
WP Request: wp-content/themes/landi_renewal/src/css/layout.css.map
マッチしたルール: なし
変換クエリ: なし
クエリ変数: Array
(
    [error] => 404
)

============================

======== URLパース診断 ========
時刻: 2025-06-06 08:05:38
リクエストURI: /wp-content/themes/landi_renewal/src/css/style.css.map
WP Request: wp-content/themes/landi_renewal/src/css/style.css.map
マッチしたルール: なし
変換クエリ: なし
クエリ変数: Array
(
    [error] => 404
)

============================

======== URLパース診断 ========
時刻: 2025-06-06 08:05:39
リクエストURI: /
WP Request: 
マッチしたルール: なし
変換クエリ: なし
クエリ変数: Array
(
)

============================

======== URLパース診断 ========
時刻: 2025-06-06 08:05:39
リクエストURI: /
WP Request: 
マッチしたルール: なし
変換クエリ: なし
クエリ変数: Array
(
)

============================

======== URLパース診断 ========
時刻: 2025-06-06 08:05:39
リクエストURI: /wp-content/themes/landi_renewal/src/css/style-corp.css.map
WP Request: wp-content/themes/landi_renewal/src/css/style-corp.css.map
マッチしたルール: なし
変換クエリ: なし
クエリ変数: Array
(
    [error] => 404
)

============================

======== URLパース診断 ========
時刻: 2025-06-06 08:05:39
リクエストURI: /
WP Request: 
マッチしたルール: なし
変換クエリ: なし
クエリ変数: Array
(
)

============================

