======== URLパース診断 ========
時刻: 2025-11-09 07:21:18
リクエストURI: /
WP Request: 
マッチしたルール: なし
変換クエリ: なし
クエリ変数: Array
(
)

============================

======== URLパース診断 ========
時刻: 2025-11-09 07:21:18
リクエストURI: /assets/images/top/fv.webp
WP Request: assets/images/top/fv.webp
マッチしたルール: なし
変換クエリ: なし
クエリ変数: Array
(
    [error] => 404
)

============================

======== URLパース診断 ========
時刻: 2025-11-09 07:21:19
リクエストURI: /
WP Request: 
マッチしたルール: なし
変換クエリ: なし
クエリ変数: Array
(
)

============================

======== URLパース診断 ========
時刻: 2025-11-09 08:19:17
リクエストURI: /
WP Request: 
マッチしたルール: なし
変換クエリ: なし
クエリ変数: Array
(
)

============================

======== URLパース診断 ========
時刻: 2025-11-09 08:19:17
リクエストURI: /assets/images/top/fv.webp
WP Request: assets/images/top/fv.webp
マッチしたルール: なし
変換クエリ: なし
クエリ変数: Array
(
    [error] => 404
)

============================

======== URLパース診断 ========
時刻: 2025-11-09 08:19:17
リクエストURI: /
WP Request: 
マッチしたルール: なし
変換クエリ: なし
クエリ変数: Array
(
)

============================

======== URLパース診断 ========
時刻: 2025-11-09 08:19:20
リクエストURI: /
WP Request: 
マッチしたルール: なし
変換クエリ: なし
クエリ変数: Array
(
)

============================

======== URLパース診断 ========
時刻: 2025-11-09 08:19:20
リクエストURI: /assets/images/top/fv.webp
WP Request: assets/images/top/fv.webp
マッチしたルール: なし
変換クエリ: なし
クエリ変数: Array
(
    [error] => 404
)

============================

======== URLパース診断 ========
時刻: 2025-11-09 08:19:20
リクエストURI: /
WP Request: 
マッチしたルール: なし
変換クエリ: なし
クエリ変数: Array
(
)

============================

======== URLパース診断 ========
時刻: 2025-11-09 08:19:24
リクエストURI: /service/landi
WP Request: service/landi
マッチしたルール: なし
変換クエリ: なし
クエリ変数: Array
(
    [page] => 
    [pagename] => service/landi
)

============================

======== URLパース診断 ========
時刻: 2025-11-09 13:14:53
リクエストURI: /service/landi
WP Request: service/landi
マッチしたルール: なし
変換クエリ: なし
クエリ変数: Array
(
    [page] => 
    [pagename] => service/landi
)

============================

======== URLパース診断 ========
時刻: 2025-11-09 13:15:02
リクエストURI: /service/landi
WP Request: service/landi
マッチしたルール: なし
変換クエリ: なし
クエリ変数: Array
(
    [page] => 
    [pagename] => service/landi
)

============================

======== URLパース診断 ========
時刻: 2025-11-09 13:15:07
リクエストURI: /service/landi
WP Request: service/landi
マッチしたルール: なし
変換クエリ: なし
クエリ変数: Array
(
    [page] => 
    [pagename] => service/landi
)

============================

======== URLパース診断 ========
時刻: 2025-11-09 13:15:10
リクエストURI: /service/landi
WP Request: service/landi
マッチしたルール: なし
変換クエリ: なし
クエリ変数: Array
(
    [page] => 
    [pagename] => service/landi
)

============================

======== URLパース診断 ========
時刻: 2025-11-09 13:15:35
リクエストURI: /service/landi
WP Request: service/landi
マッチしたルール: なし
変換クエリ: なし
クエリ変数: Array
(
    [page] => 
    [pagename] => service/landi
)

============================

======== URLパース診断 ========
時刻: 2025-11-09 13:15:38
リクエストURI: /service/landi
WP Request: service/landi
マッチしたルール: なし
変換クエリ: なし
クエリ変数: Array
(
    [page] => 
    [pagename] => service/landi
)

============================

======== URLパース診断 ========
時刻: 2025-11-09 13:15:47
リクエストURI: /service/landi
WP Request: service/landi
マッチしたルール: なし
変換クエリ: なし
クエリ変数: Array
(
    [page] => 
    [pagename] => service/landi
)

============================

======== URLパース診断 ========
時刻: 2025-11-09 13:15:57
リクエストURI: /service/landi
WP Request: service/landi
マッチしたルール: なし
変換クエリ: なし
クエリ変数: Array
(
    [page] => 
    [pagename] => service/landi
)

============================

======== URLパース診断 ========
時刻: 2025-11-09 13:16:01
リクエストURI: /service/landi
WP Request: service/landi
マッチしたルール: なし
変換クエリ: なし
クエリ変数: Array
(
    [page] => 
    [pagename] => service/landi
)

============================

======== URLパース診断 ========
時刻: 2025-11-09 13:16:04
リクエストURI: /service/landi
WP Request: service/landi
マッチしたルール: なし
変換クエリ: なし
クエリ変数: Array
(
    [page] => 
    [pagename] => service/landi
)

============================

======== URLパース診断 ========
時刻: 2025-11-09 13:16:07
リクエストURI: /service/landi
WP Request: service/landi
マッチしたルール: なし
変換クエリ: なし
クエリ変数: Array
(
    [page] => 
    [pagename] => service/landi
)

============================

======== URLパース診断 ========
時刻: 2025-11-09 13:16:11
リクエストURI: /service/landi
WP Request: service/landi
マッチしたルール: なし
変換クエリ: なし
クエリ変数: Array
(
    [page] => 
    [pagename] => service/landi
)

============================

======== URLパース診断 ========
時刻: 2025-11-09 13:16:15
リクエストURI: /service/landi
WP Request: service/landi
マッチしたルール: なし
変換クエリ: なし
クエリ変数: Array
(
    [page] => 
    [pagename] => service/landi
)

============================

======== URLパース診断 ========
時刻: 2025-11-09 13:16:18
リクエストURI: /service/landi
WP Request: service/landi
マッチしたルール: なし
変換クエリ: なし
クエリ変数: Array
(
    [page] => 
    [pagename] => service/landi
)

============================

======== URLパース診断 ========
時刻: 2025-11-09 13:16:21
リクエストURI: /service/landi
WP Request: service/landi
マッチしたルール: なし
変換クエリ: なし
クエリ変数: Array
(
    [page] => 
    [pagename] => service/landi
)

============================

======== URLパース診断 ========
時刻: 2025-11-09 13:16:35
リクエストURI: /service/landi
WP Request: service/landi
マッチしたルール: なし
変換クエリ: なし
クエリ変数: Array
(
    [page] => 
    [pagename] => service/landi
)

============================

======== URLパース診断 ========
時刻: 2025-11-09 13:16:41
リクエストURI: /service/landi
WP Request: service/landi
マッチしたルール: なし
変換クエリ: なし
クエリ変数: Array
(
    [page] => 
    [pagename] => service/landi
)

============================

======== URLパース診断 ========
時刻: 2025-11-09 13:16:46
リクエストURI: /service/landi
WP Request: service/landi
マッチしたルール: なし
変換クエリ: なし
クエリ変数: Array
(
    [page] => 
    [pagename] => service/landi
)

============================

======== URLパース診断 ========
時刻: 2025-11-09 13:16:51
リクエストURI: /service/landi
WP Request: service/landi
マッチしたルール: なし
変換クエリ: なし
クエリ変数: Array
(
    [page] => 
    [pagename] => service/landi
)

============================

======== URLパース診断 ========
時刻: 2025-11-09 13:24:43
リクエストURI: /case_study
WP Request: case_study
マッチしたルール: なし
変換クエリ: なし
クエリ変数: Array
(
    [post_type] => case_study
)

============================

======== URLパース診断 ========
時刻: 2025-11-09 13:24:52
リクエストURI: /case_study
WP Request: case_study
マッチしたルール: なし
変換クエリ: なし
クエリ変数: Array
(
    [post_type] => case_study
)

============================

======== URLパース診断 ========
時刻: 2025-11-09 13:24:57
リクエストURI: /service/landi
WP Request: service/landi
マッチしたルール: なし
変換クエリ: なし
クエリ変数: Array
(
    [page] => 
    [pagename] => service/landi
)

============================

======== URLパース診断 ========
時刻: 2025-11-09 13:24:58
リクエストURI: /service/landi
WP Request: service/landi
マッチしたルール: なし
変換クエリ: なし
クエリ変数: Array
(
    [page] => 
    [pagename] => service/landi
)

============================

======== URLパース診断 ========
時刻: 2025-11-09 13:25:02
リクエストURI: /company
WP Request: company
マッチしたルール: なし
変換クエリ: なし
クエリ変数: Array
(
    [page] => 
    [pagename] => company
)

============================

======== URLパース診断 ========
時刻: 2025-11-09 13:25:12
リクエストURI: /company
WP Request: company
マッチしたルール: なし
変換クエリ: なし
クエリ変数: Array
(
    [page] => 
    [pagename] => company
)

============================

======== URLパース診断 ========
時刻: 2025-11-09 13:25:31
リクエストURI: /newslist
WP Request: newslist
マッチしたルール: なし
変換クエリ: なし
クエリ変数: Array
(
    [post_type] => news
)

============================

======== URLパース診断 ========
時刻: 2025-11-09 13:25:38
リクエストURI: /alliance
WP Request: alliance
マッチしたルール: なし
変換クエリ: なし
クエリ変数: Array
(
    [page] => 
    [pagename] => alliance
)

============================

======== URLパース診断 ========
時刻: 2025-11-09 13:25:39
リクエストURI: /alliance
WP Request: alliance
マッチしたルール: なし
変換クエリ: なし
クエリ変数: Array
(
    [page] => 
    [pagename] => alliance
)

============================

======== URLパース診断 ========
時刻: 2025-11-09 13:25:47
リクエストURI: /alliance
WP Request: alliance
マッチしたルール: なし
変換クエリ: なし
クエリ変数: Array
(
    [page] => 
    [pagename] => alliance
)

============================

======== URLパース診断 ========
時刻: 2025-11-09 13:25:49
リクエストURI: /materials
WP Request: materials
マッチしたルール: なし
変換クエリ: なし
クエリ変数: Array
(
    [post_type] => materials
)

============================

======== URLパース診断 ========
時刻: 2025-11-09 13:26:00
リクエストURI: /contact
WP Request: contact
マッチしたルール: なし
変換クエリ: なし
クエリ変数: Array
(
    [page] => 
    [pagename] => contact
)

============================

======== URLパース診断 ========
時刻: 2025-11-09 13:26:10
リクエストURI: /contact
WP Request: contact
マッチしたルール: なし
変換クエリ: なし
クエリ変数: Array
(
    [page] => 
    [pagename] => contact
)

============================

======== URLパース診断 ========
時刻: 2025-11-09 13:26:13
リクエストURI: /service/landi
WP Request: service/landi
マッチしたルール: なし
変換クエリ: なし
クエリ変数: Array
(
    [page] => 
    [pagename] => service/landi
)

============================

======== URLパース診断 ========
時刻: 2025-11-09 13:27:14
リクエストURI: /service/landi
WP Request: service/landi
マッチしたルール: なし
変換クエリ: なし
クエリ変数: Array
(
    [page] => 
    [pagename] => service/landi
)

============================

======== URLパース診断 ========
時刻: 2025-11-09 13:27:17
リクエストURI: /service/landi
WP Request: service/landi
マッチしたルール: なし
変換クエリ: なし
クエリ変数: Array
(
    [page] => 
    [pagename] => service/landi
)

============================

======== URLパース診断 ========
時刻: 2025-11-09 13:27:33
リクエストURI: /service/landi
WP Request: service/landi
マッチしたルール: なし
変換クエリ: なし
クエリ変数: Array
(
    [page] => 
    [pagename] => service/landi
)

============================

======== URLパース診断 ========
時刻: 2025-11-09 13:27:49
リクエストURI: /service/landi
WP Request: service/landi
マッチしたルール: なし
変換クエリ: なし
クエリ変数: Array
(
    [page] => 
    [pagename] => service/landi
)

============================

======== URLパース診断 ========
時刻: 2025-11-09 13:27:51
リクエストURI: /service/landi
WP Request: service/landi
マッチしたルール: なし
変換クエリ: なし
クエリ変数: Array
(
    [page] => 
    [pagename] => service/landi
)

============================

======== URLパース診断 ========
時刻: 2025-11-09 13:28:08
リクエストURI: /service/landi
WP Request: service/landi
マッチしたルール: なし
変換クエリ: なし
クエリ変数: Array
(
    [page] => 
    [pagename] => service/landi
)

============================

======== URLパース診断 ========
時刻: 2025-11-09 13:42:41
リクエストURI: /service/landi
WP Request: service/landi
マッチしたルール: なし
変換クエリ: なし
クエリ変数: Array
(
    [page] => 
    [pagename] => service/landi
)

============================

======== URLパース診断 ========
時刻: 2025-11-09 13:42:46
リクエストURI: /service/landi
WP Request: service/landi
マッチしたルール: なし
変換クエリ: なし
クエリ変数: Array
(
    [page] => 
    [pagename] => service/landi
)

============================

======== URLパース診断 ========
時刻: 2025-11-09 13:42:56
リクエストURI: /service/landi
WP Request: service/landi
マッチしたルール: なし
変換クエリ: なし
クエリ変数: Array
(
    [page] => 
    [pagename] => service/landi
)

============================

======== URLパース診断 ========
時刻: 2025-11-09 13:43:01
リクエストURI: /service/landi
WP Request: service/landi
マッチしたルール: なし
変換クエリ: なし
クエリ変数: Array
(
    [page] => 
    [pagename] => service/landi
)

============================

======== URLパース診断 ========
時刻: 2025-11-09 13:43:04
リクエストURI: /service/landi
WP Request: service/landi
マッチしたルール: なし
変換クエリ: なし
クエリ変数: Array
(
    [page] => 
    [pagename] => service/landi
)

============================

======== URLパース診断 ========
時刻: 2025-11-09 13:43:30
リクエストURI: /service/landi
WP Request: service/landi
マッチしたルール: なし
変換クエリ: なし
クエリ変数: Array
(
    [page] => 
    [pagename] => service/landi
)

============================

======== URLパース診断 ========
時刻: 2025-11-09 13:44:00
リクエストURI: /service/landi
WP Request: service/landi
マッチしたルール: なし
変換クエリ: なし
クエリ変数: Array
(
    [page] => 
    [pagename] => service/landi
)

============================

======== URLパース診断 ========
時刻: 2025-11-09 13:47:28
リクエストURI: /service/landi
WP Request: service/landi
マッチしたルール: なし
変換クエリ: なし
クエリ変数: Array
(
    [page] => 
    [pagename] => service/landi
)

============================

======== URLパース診断 ========
時刻: 2025-11-09 13:47:32
リクエストURI: /service/landi
WP Request: service/landi
マッチしたルール: なし
変換クエリ: なし
クエリ変数: Array
(
    [page] => 
    [pagename] => service/landi
)

============================

======== URLパース診断 ========
時刻: 2025-11-09 13:47:35
リクエストURI: /service/landi
WP Request: service/landi
マッチしたルール: なし
変換クエリ: なし
クエリ変数: Array
(
    [page] => 
    [pagename] => service/landi
)

============================

======== URLパース診断 ========
時刻: 2025-11-09 13:47:39
リクエストURI: /service/landi
WP Request: service/landi
マッチしたルール: なし
変換クエリ: なし
クエリ変数: Array
(
    [page] => 
    [pagename] => service/landi
)

============================

======== URLパース診断 ========
時刻: 2025-11-09 13:47:44
リクエストURI: /service/landi
WP Request: service/landi
マッチしたルール: なし
変換クエリ: なし
クエリ変数: Array
(
    [page] => 
    [pagename] => service/landi
)

============================

======== URLパース診断 ========
時刻: 2025-11-09 13:47:47
リクエストURI: /service/landi
WP Request: service/landi
マッチしたルール: なし
変換クエリ: なし
クエリ変数: Array
(
    [page] => 
    [pagename] => service/landi
)

============================

======== URLパース診断 ========
時刻: 2025-11-09 13:47:50
リクエストURI: /service/landi
WP Request: service/landi
マッチしたルール: なし
変換クエリ: なし
クエリ変数: Array
(
    [page] => 
    [pagename] => service/landi
)

============================

======== URLパース診断 ========
時刻: 2025-11-09 13:47:55
リクエストURI: /service/landi
WP Request: service/landi
マッチしたルール: なし
変換クエリ: なし
クエリ変数: Array
(
    [page] => 
    [pagename] => service/landi
)

============================

======== URLパース診断 ========
時刻: 2025-11-09 13:48:00
リクエストURI: /service/landi
WP Request: service/landi
マッチしたルール: なし
変換クエリ: なし
クエリ変数: Array
(
    [page] => 
    [pagename] => service/landi
)

============================

======== URLパース診断 ========
時刻: 2025-11-09 13:48:13
リクエストURI: /service/landi
WP Request: service/landi
マッチしたルール: なし
変換クエリ: なし
クエリ変数: Array
(
    [page] => 
    [pagename] => service/landi
)

============================

======== URLパース診断 ========
時刻: 2025-11-09 13:48:25
リクエストURI: /service/landi
WP Request: service/landi
マッチしたルール: なし
変換クエリ: なし
クエリ変数: Array
(
    [page] => 
    [pagename] => service/landi
)

============================

======== URLパース診断 ========
時刻: 2025-11-09 13:48:29
リクエストURI: /service/landi
WP Request: service/landi
マッチしたルール: なし
変換クエリ: なし
クエリ変数: Array
(
    [page] => 
    [pagename] => service/landi
)

============================

======== URLパース診断 ========
時刻: 2025-11-09 13:48:49
リクエストURI: /service/landi
WP Request: service/landi
マッチしたルール: なし
変換クエリ: なし
クエリ変数: Array
(
    [page] => 
    [pagename] => service/landi
)

============================

======== URLパース診断 ========
時刻: 2025-11-09 13:48:56
リクエストURI: /service/landi
WP Request: service/landi
マッチしたルール: なし
変換クエリ: なし
クエリ変数: Array
(
    [page] => 
    [pagename] => service/landi
)

============================

======== URLパース診断 ========
時刻: 2025-11-09 13:49:03
リクエストURI: /service/landi
WP Request: service/landi
マッチしたルール: なし
変換クエリ: なし
クエリ変数: Array
(
    [page] => 
    [pagename] => service/landi
)

============================

======== URLパース診断 ========
時刻: 2025-11-09 13:49:09
リクエストURI: /service/landi/case
WP Request: service/landi/case
マッチしたルール: なし
変換クエリ: なし
クエリ変数: Array
(
    [page] => 
    [pagename] => service/landi/case
)

============================

======== URLパース診断 ========
時刻: 2025-11-09 13:49:38
リクエストURI: /service/landi/case
WP Request: service/landi/case
マッチしたルール: なし
変換クエリ: なし
クエリ変数: Array
(
    [page] => 
    [pagename] => service/landi/case
)

============================

======== URLパース診断 ========
時刻: 2025-11-09 13:49:44
リクエストURI: /service/landi/case
WP Request: service/landi/case
マッチしたルール: なし
変換クエリ: なし
クエリ変数: Array
(
    [page] => 
    [pagename] => service/landi/case
)

============================

======== URLパース診断 ========
時刻: 2025-11-09 13:49:48
リクエストURI: /service/landi/case
WP Request: service/landi/case
マッチしたルール: なし
変換クエリ: なし
クエリ変数: Array
(
    [page] => 
    [pagename] => service/landi/case
)

============================

======== URLパース診断 ========
時刻: 2025-11-09 13:50:19
リクエストURI: /service/landi/case
WP Request: service/landi/case
マッチしたルール: なし
変換クエリ: なし
クエリ変数: Array
(
    [page] => 
    [pagename] => service/landi/case
)

============================

======== URLパース診断 ========
時刻: 2025-11-09 13:50:24
リクエストURI: /service/landi/case
WP Request: service/landi/case
マッチしたルール: なし
変換クエリ: なし
クエリ変数: Array
(
    [page] => 
    [pagename] => service/landi/case
)

============================

======== URLパース診断 ========
時刻: 2025-11-09 13:50:25
リクエストURI: /service/landi
WP Request: service/landi
マッチしたルール: なし
変換クエリ: なし
クエリ変数: Array
(
    [page] => 
    [pagename] => service/landi
)

============================

======== URLパース診断 ========
時刻: 2025-11-09 13:50:26
リクエストURI: /service/landi/case
WP Request: service/landi/case
マッチしたルール: なし
変換クエリ: なし
クエリ変数: Array
(
    [page] => 
    [pagename] => service/landi/case
)

============================

======== URLパース診断 ========
時刻: 2025-11-09 13:50:33
リクエストURI: /case_study
WP Request: case_study
マッチしたルール: なし
変換クエリ: なし
クエリ変数: Array
(
    [post_type] => case_study
)

============================

======== URLパース診断 ========
時刻: 2025-11-09 13:50:48
リクエストURI: /case_study
WP Request: case_study
マッチしたルール: なし
変換クエリ: なし
クエリ変数: Array
(
    [post_type] => case_study
)

============================

======== URLパース診断 ========
時刻: 2025-11-09 13:50:51
リクエストURI: /service/landi
WP Request: service/landi
マッチしたルール: なし
変換クエリ: なし
クエリ変数: Array
(
    [page] => 
    [pagename] => service/landi
)

============================

======== URLパース診断 ========
時刻: 2025-11-09 13:50:54
リクエストURI: /service
WP Request: service
マッチしたルール: なし
変換クエリ: なし
クエリ変数: Array
(
    [page] => 
    [pagename] => service
)

============================

======== URLパース診断 ========
時刻: 2025-11-09 13:50:58
リクエストURI: /service/tateteku
WP Request: service/tateteku
マッチしたルール: なし
変換クエリ: なし
クエリ変数: Array
(
    [page] => 
    [pagename] => service/tateteku
)

============================

======== URLパース診断 ========
時刻: 2025-11-09 13:51:14
リクエストURI: /service
WP Request: service
マッチしたルール: なし
変換クエリ: なし
クエリ変数: Array
(
    [page] => 
    [pagename] => service
)

============================

======== URLパース診断 ========
時刻: 2025-11-09 13:51:22
リクエストURI: /service/tateteku
WP Request: service/tateteku
マッチしたルール: なし
変換クエリ: なし
クエリ変数: Array
(
    [page] => 
    [pagename] => service/tateteku
)

============================

======== URLパース診断 ========
時刻: 2025-11-09 13:51:31
リクエストURI: /service
WP Request: service
マッチしたルール: なし
変換クエリ: なし
クエリ変数: Array
(
    [page] => 
    [pagename] => service
)

============================

======== URLパース診断 ========
時刻: 2025-11-09 13:51:32
リクエストURI: /service/landi
WP Request: service/landi
マッチしたルール: なし
変換クエリ: なし
クエリ変数: Array
(
    [page] => 
    [pagename] => service/landi
)

============================

======== URLパース診断 ========
時刻: 2025-11-09 13:51:34
リクエストURI: /service/landi
WP Request: service/landi
マッチしたルール: なし
変換クエリ: なし
クエリ変数: Array
(
    [page] => 
    [pagename] => service/landi
)

============================

======== URLパース診断 ========
時刻: 2025-11-09 13:51:35
リクエストURI: /service
WP Request: service
マッチしたルール: なし
変換クエリ: なし
クエリ変数: Array
(
    [page] => 
    [pagename] => service
)

============================

======== URLパース診断 ========
時刻: 2025-11-09 13:51:43
リクエストURI: /service/landi/
WP Request: service/landi
マッチしたルール: なし
変換クエリ: なし
クエリ変数: Array
(
    [page] => 
    [pagename] => service/landi
)

============================

======== URLパース診断 ========
時刻: 2025-11-09 13:51:43
リクエストURI: /service/landi
WP Request: service/landi
マッチしたルール: なし
変換クエリ: なし
クエリ変数: Array
(
    [page] => 
    [pagename] => service/landi
)

============================

======== URLパース診断 ========
時刻: 2025-11-09 13:51:48
リクエストURI: /service/landi
WP Request: service/landi
マッチしたルール: なし
変換クエリ: なし
クエリ変数: Array
(
    [page] => 
    [pagename] => service/landi
)

============================

======== URLパース診断 ========
時刻: 2025-11-09 13:52:26
リクエストURI: /.well-known/appspecific/com.chrome.devtools.json
WP Request: .well-known/appspecific/com.chrome.devtools.json
マッチしたルール: なし
変換クエリ: なし
クエリ変数: Array
(
    [error] => 404
)

============================

======== URLパース診断 ========
時刻: 2025-11-09 13:52:26
リクエストURI: /wp-content/themes/landi_renewal/src/css/style-corp.css.map
WP Request: wp-content/themes/landi_renewal/src/css/style-corp.css.map
マッチしたルール: なし
変換クエリ: なし
クエリ変数: Array
(
    [error] => 404
)

============================

======== URLパース診断 ========
時刻: 2025-11-09 13:52:26
リクエストURI: /wp-content/themes/landi_renewal/src/css/style.css.map
WP Request: wp-content/themes/landi_renewal/src/css/style.css.map
マッチしたルール: なし
変換クエリ: なし
クエリ変数: Array
(
    [error] => 404
)

============================

======== URLパース診断 ========
時刻: 2025-11-09 13:52:26
リクエストURI: /wp-content/themes/landi_renewal/src/css/layout.css.map
WP Request: wp-content/themes/landi_renewal/src/css/layout.css.map
マッチしたルール: なし
変換クエリ: なし
クエリ変数: Array
(
    [error] => 404
)

============================

======== URLパース診断 ========
時刻: 2025-11-09 13:52:27
リクエストURI: /
WP Request: 
マッチしたルール: なし
変換クエリ: なし
クエリ変数: Array
(
)

============================

======== URLパース診断 ========
時刻: 2025-11-09 13:52:27
リクエストURI: /
WP Request: 
マッチしたルール: なし
変換クエリ: なし
クエリ変数: Array
(
)

============================

======== URLパース診断 ========
時刻: 2025-11-09 13:52:27
リクエストURI: /
WP Request: 
マッチしたルール: なし
変換クエリ: なし
クエリ変数: Array
(
)

============================

======== URLパース診断 ========
時刻: 2025-11-09 13:52:27
リクエストURI: /
WP Request: 
マッチしたルール: なし
変換クエリ: なし
クエリ変数: Array
(
)

============================

======== URLパース診断 ========
時刻: 2025-11-09 13:53:03
リクエストURI: /service/landi
WP Request: service/landi
マッチしたルール: なし
変換クエリ: なし
クエリ変数: Array
(
    [page] => 
    [pagename] => service/landi
)

============================

======== URLパース診断 ========
時刻: 2025-11-09 13:53:04
リクエストURI: /.well-known/appspecific/com.chrome.devtools.json
WP Request: .well-known/appspecific/com.chrome.devtools.json
マッチしたルール: なし
変換クエリ: なし
クエリ変数: Array
(
    [error] => 404
)

============================

======== URLパース診断 ========
時刻: 2025-11-09 13:53:04
リクエストURI: /wp-content/themes/landi_renewal/src/css/style.css.map
WP Request: wp-content/themes/landi_renewal/src/css/style.css.map
マッチしたルール: なし
変換クエリ: なし
クエリ変数: Array
(
    [error] => 404
)

============================

======== URLパース診断 ========
時刻: 2025-11-09 13:53:04
リクエストURI: /wp-content/themes/landi_renewal/src/css/layout.css.map
WP Request: wp-content/themes/landi_renewal/src/css/layout.css.map
マッチしたルール: なし
変換クエリ: なし
クエリ変数: Array
(
    [error] => 404
)

============================

======== URLパース診断 ========
時刻: 2025-11-09 13:53:04
リクエストURI: /
WP Request: 
マッチしたルール: なし
変換クエリ: なし
クエリ変数: Array
(
)

============================

======== URLパース診断 ========
時刻: 2025-11-09 13:53:04
リクエストURI: /
WP Request: 
マッチしたルール: なし
変換クエリ: なし
クエリ変数: Array
(
)

============================

======== URLパース診断 ========
時刻: 2025-11-09 13:53:04
リクエストURI: /
WP Request: 
マッチしたルール: なし
変換クエリ: なし
クエリ変数: Array
(
)

============================

======== URLパース診断 ========
時刻: 2025-11-09 13:53:04
リクエストURI: /wp-content/themes/landi_renewal/src/css/style-corp.css.map
WP Request: wp-content/themes/landi_renewal/src/css/style-corp.css.map
マッチしたルール: なし
変換クエリ: なし
クエリ変数: Array
(
    [error] => 404
)

============================

======== URLパース診断 ========
時刻: 2025-11-09 13:53:05
リクエストURI: /
WP Request: 
マッチしたルール: なし
変換クエリ: なし
クエリ変数: Array
(
)

============================

======== URLパース診断 ========
時刻: 2025-11-09 13:53:06
リクエストURI: /wp-content/themes/landi_renewal/src/css/style.css.map
WP Request: wp-content/themes/landi_renewal/src/css/style.css.map
マッチしたルール: なし
変換クエリ: なし
クエリ変数: Array
(
    [error] => 404
)

============================

======== URLパース診断 ========
時刻: 2025-11-09 13:53:06
リクエストURI: /wp-content/themes/landi_renewal/src/css/layout.css.map
WP Request: wp-content/themes/landi_renewal/src/css/layout.css.map
マッチしたルール: なし
変換クエリ: なし
クエリ変数: Array
(
    [error] => 404
)

============================

======== URLパース診断 ========
時刻: 2025-11-09 13:53:06
リクエストURI: /wp-content/themes/landi_renewal/src/css/style-corp.css.map
WP Request: wp-content/themes/landi_renewal/src/css/style-corp.css.map
マッチしたルール: なし
変換クエリ: なし
クエリ変数: Array
(
    [error] => 404
)

============================

======== URLパース診断 ========
時刻: 2025-11-09 13:53:06
リクエストURI: /
WP Request: 
マッチしたルール: なし
変換クエリ: なし
クエリ変数: Array
(
)

============================

======== URLパース診断 ========
時刻: 2025-11-09 13:53:06
リクエストURI: /
WP Request: 
マッチしたルール: なし
変換クエリ: なし
クエリ変数: Array
(
)

============================

======== URLパース診断 ========
時刻: 2025-11-09 13:53:06
リクエストURI: /
WP Request: 
マッチしたルール: なし
変換クエリ: なし
クエリ変数: Array
(
)

============================

======== URLパース診断 ========
時刻: 2025-11-09 13:53:07
リクエストURI: /service/landi/case
WP Request: service/landi/case
マッチしたルール: なし
変換クエリ: なし
クエリ変数: Array
(
    [page] => 
    [pagename] => service/landi/case
)

============================

======== URLパース診断 ========
時刻: 2025-11-09 13:53:07
リクエストURI: /.well-known/appspecific/com.chrome.devtools.json
WP Request: .well-known/appspecific/com.chrome.devtools.json
マッチしたルール: なし
変換クエリ: なし
クエリ変数: Array
(
    [error] => 404
)

============================

======== URLパース診断 ========
時刻: 2025-11-09 13:53:07
リクエストURI: /wp-content/themes/landi_renewal/src/css/layout.css.map
WP Request: wp-content/themes/landi_renewal/src/css/layout.css.map
マッチしたルール: なし
変換クエリ: なし
クエリ変数: Array
(
    [error] => 404
)

============================

======== URLパース診断 ========
時刻: 2025-11-09 13:53:07
リクエストURI: /wp-content/themes/landi_renewal/src/css/style.css.map
WP Request: wp-content/themes/landi_renewal/src/css/style.css.map
マッチしたルール: なし
変換クエリ: なし
クエリ変数: Array
(
    [error] => 404
)

============================

======== URLパース診断 ========
時刻: 2025-11-09 13:53:07
リクエストURI: /wp-content/themes/landi_renewal/src/css/style-corp.css.map
WP Request: wp-content/themes/landi_renewal/src/css/style-corp.css.map
マッチしたルール: なし
変換クエリ: なし
クエリ変数: Array
(
    [error] => 404
)

============================

======== URLパース診断 ========
時刻: 2025-11-09 13:53:08
リクエストURI: /
WP Request: 
マッチしたルール: なし
変換クエリ: なし
クエリ変数: Array
(
)

============================

======== URLパース診断 ========
時刻: 2025-11-09 13:53:08
リクエストURI: /
WP Request: 
マッチしたルール: なし
変換クエリ: なし
クエリ変数: Array
(
)

============================

======== URLパース診断 ========
時刻: 2025-11-09 13:53:08
リクエストURI: /
WP Request: 
マッチしたルール: なし
変換クエリ: なし
クエリ変数: Array
(
)

============================

======== URLパース診断 ========
時刻: 2025-11-09 13:53:08
リクエストURI: /
WP Request: 
マッチしたルール: なし
変換クエリ: なし
クエリ変数: Array
(
)

============================

======== URLパース診断 ========
時刻: 2025-11-09 13:53:08
リクエストURI: /service/landi
WP Request: service/landi
マッチしたルール: なし
変換クエリ: なし
クエリ変数: Array
(
    [page] => 
    [pagename] => service/landi
)

============================

======== URLパース診断 ========
時刻: 2025-11-09 13:53:08
リクエストURI: /.well-known/appspecific/com.chrome.devtools.json
WP Request: .well-known/appspecific/com.chrome.devtools.json
マッチしたルール: なし
変換クエリ: なし
クエリ変数: Array
(
    [error] => 404
)

============================

======== URLパース診断 ========
時刻: 2025-11-09 13:53:09
リクエストURI: /wp-content/themes/landi_renewal/src/css/style.css.map
WP Request: wp-content/themes/landi_renewal/src/css/style.css.map
マッチしたルール: なし
変換クエリ: なし
クエリ変数: Array
(
    [error] => 404
)

============================

======== URLパース診断 ========
時刻: 2025-11-09 13:53:09
リクエストURI: /wp-content/themes/landi_renewal/src/css/layout.css.map
WP Request: wp-content/themes/landi_renewal/src/css/layout.css.map
マッチしたルール: なし
変換クエリ: なし
クエリ変数: Array
(
    [error] => 404
)

============================

======== URLパース診断 ========
時刻: 2025-11-09 13:53:09
リクエストURI: /
WP Request: 
マッチしたルール: なし
変換クエリ: なし
クエリ変数: Array
(
)

============================

======== URLパース診断 ========
時刻: 2025-11-09 13:53:09
リクエストURI: /wp-content/themes/landi_renewal/src/css/style-corp.css.map
WP Request: wp-content/themes/landi_renewal/src/css/style-corp.css.map
マッチしたルール: なし
変換クエリ: なし
クエリ変数: Array
(
    [error] => 404
)

============================

======== URLパース診断 ========
時刻: 2025-11-09 13:53:09
リクエストURI: /
WP Request: 
マッチしたルール: なし
変換クエリ: なし
クエリ変数: Array
(
)

============================

======== URLパース診断 ========
時刻: 2025-11-09 13:53:09
リクエストURI: /
WP Request: 
マッチしたルール: なし
変換クエリ: なし
クエリ変数: Array
(
)

============================

======== URLパース診断 ========
時刻: 2025-11-09 13:53:09
リクエストURI: /
WP Request: 
マッチしたルール: なし
変換クエリ: なし
クエリ変数: Array
(
)

============================

======== URLパース診断 ========
時刻: 2025-11-09 13:53:10
リクエストURI: /
WP Request: 
マッチしたルール: なし
変換クエリ: なし
クエリ変数: Array
(
)

============================

======== URLパース診断 ========
時刻: 2025-11-09 13:53:11
リクエストURI: /.well-known/appspecific/com.chrome.devtools.json
WP Request: .well-known/appspecific/com.chrome.devtools.json
マッチしたルール: なし
変換クエリ: なし
クエリ変数: Array
(
    [error] => 404
)

============================

======== URLパース診断 ========
時刻: 2025-11-09 13:53:11
リクエストURI: /wp-content/themes/landi_renewal/src/css/layout.css.map
WP Request: wp-content/themes/landi_renewal/src/css/layout.css.map
マッチしたルール: なし
変換クエリ: なし
クエリ変数: Array
(
    [error] => 404
)

============================

======== URLパース診断 ========
時刻: 2025-11-09 13:53:11
リクエストURI: /wp-content/themes/landi_renewal/src/css/style.css.map
WP Request: wp-content/themes/landi_renewal/src/css/style.css.map
マッチしたルール: なし
変換クエリ: なし
クエリ変数: Array
(
    [error] => 404
)

============================

======== URLパース診断 ========
時刻: 2025-11-09 13:53:11
リクエストURI: /assets/images/top/fv.webp
WP Request: assets/images/top/fv.webp
マッチしたルール: なし
変換クエリ: なし
クエリ変数: Array
(
    [error] => 404
)

============================

======== URLパース診断 ========
時刻: 2025-11-09 13:53:11
リクエストURI: /wp-content/themes/landi_renewal/src/css/style-corp.css.map
WP Request: wp-content/themes/landi_renewal/src/css/style-corp.css.map
マッチしたルール: なし
変換クエリ: なし
クエリ変数: Array
(
    [error] => 404
)

============================

======== URLパース診断 ========
時刻: 2025-11-09 13:53:11
リクエストURI: /
WP Request: 
マッチしたルール: なし
変換クエリ: なし
クエリ変数: Array
(
)

============================

======== URLパース診断 ========
時刻: 2025-11-09 13:53:11
リクエストURI: /
WP Request: 
マッチしたルール: なし
変換クエリ: なし
クエリ変数: Array
(
)

============================

======== URLパース診断 ========
時刻: 2025-11-09 13:53:12
リクエストURI: /
WP Request: 
マッチしたルール: なし
変換クエリ: なし
クエリ変数: Array
(
)

============================

======== URLパース診断 ========
時刻: 2025-11-09 13:53:12
リクエストURI: /
WP Request: 
マッチしたルール: なし
変換クエリ: なし
クエリ変数: Array
(
)

============================

======== URLパース診断 ========
時刻: 2025-11-09 13:53:12
リクエストURI: /
WP Request: 
マッチしたルール: なし
変換クエリ: なし
クエリ変数: Array
(
)

============================

======== URLパース診断 ========
時刻: 2025-11-09 13:53:13
リクエストURI: /service/landi
WP Request: service/landi
マッチしたルール: なし
変換クエリ: なし
クエリ変数: Array
(
    [page] => 
    [pagename] => service/landi
)

============================

======== URLパース診断 ========
時刻: 2025-11-09 13:53:13
リクエストURI: /.well-known/appspecific/com.chrome.devtools.json
WP Request: .well-known/appspecific/com.chrome.devtools.json
マッチしたルール: なし
変換クエリ: なし
クエリ変数: Array
(
    [error] => 404
)

============================

======== URLパース診断 ========
時刻: 2025-11-09 13:53:14
リクエストURI: /wp-content/themes/landi_renewal/src/css/style.css.map
WP Request: wp-content/themes/landi_renewal/src/css/style.css.map
マッチしたルール: なし
変換クエリ: なし
クエリ変数: Array
(
    [error] => 404
)

============================

======== URLパース診断 ========
時刻: 2025-11-09 13:53:14
リクエストURI: /wp-content/themes/landi_renewal/src/css/layout.css.map
WP Request: wp-content/themes/landi_renewal/src/css/layout.css.map
マッチしたルール: なし
変換クエリ: なし
クエリ変数: Array
(
    [error] => 404
)

============================

======== URLパース診断 ========
時刻: 2025-11-09 13:53:14
リクエストURI: /
WP Request: 
マッチしたルール: なし
変換クエリ: なし
クエリ変数: Array
(
)

============================

======== URLパース診断 ========
時刻: 2025-11-09 13:53:14
リクエストURI: /wp-content/themes/landi_renewal/src/css/style-corp.css.map
WP Request: wp-content/themes/landi_renewal/src/css/style-corp.css.map
マッチしたルール: なし
変換クエリ: なし
クエリ変数: Array
(
    [error] => 404
)

============================

======== URLパース診断 ========
時刻: 2025-11-09 13:53:14
リクエストURI: /
WP Request: 
マッチしたルール: なし
変換クエリ: なし
クエリ変数: Array
(
)

============================

======== URLパース診断 ========
時刻: 2025-11-09 13:53:14
リクエストURI: /
WP Request: 
マッチしたルール: なし
変換クエリ: なし
クエリ変数: Array
(
)

============================

======== URLパース診断 ========
時刻: 2025-11-09 13:53:14
リクエストURI: /
WP Request: 
マッチしたルール: なし
変換クエリ: なし
クエリ変数: Array
(
)

============================

======== URLパース診断 ========
時刻: 2025-11-09 13:54:56
リクエストURI: /service/landi
WP Request: service/landi
マッチしたルール: なし
変換クエリ: なし
クエリ変数: Array
(
    [page] => 
    [pagename] => service/landi
)

============================

======== URLパース診断 ========
時刻: 2025-11-09 13:54:57
リクエストURI: /.well-known/appspecific/com.chrome.devtools.json
WP Request: .well-known/appspecific/com.chrome.devtools.json
マッチしたルール: なし
変換クエリ: なし
クエリ変数: Array
(
    [error] => 404
)

============================

======== URLパース診断 ========
時刻: 2025-11-09 13:54:57
リクエストURI: /wp-content/themes/landi_renewal/src/css/layout.css.map
WP Request: wp-content/themes/landi_renewal/src/css/layout.css.map
マッチしたルール: なし
変換クエリ: なし
クエリ変数: Array
(
    [error] => 404
)

============================

======== URLパース診断 ========
時刻: 2025-11-09 13:54:57
リクエストURI: /wp-content/themes/landi_renewal/src/css/style.css.map
WP Request: wp-content/themes/landi_renewal/src/css/style.css.map
マッチしたルール: なし
変換クエリ: なし
クエリ変数: Array
(
    [error] => 404
)

============================

======== URLパース診断 ========
時刻: 2025-11-09 13:54:57
リクエストURI: /wp-content/themes/landi_renewal/src/css/style-corp.css.map
WP Request: wp-content/themes/landi_renewal/src/css/style-corp.css.map
マッチしたルール: なし
変換クエリ: なし
クエリ変数: Array
(
    [error] => 404
)

============================

======== URLパース診断 ========
時刻: 2025-11-09 13:54:57
リクエストURI: /
WP Request: 
マッチしたルール: なし
変換クエリ: なし
クエリ変数: Array
(
)

============================

======== URLパース診断 ========
時刻: 2025-11-09 13:54:57
リクエストURI: /
WP Request: 
マッチしたルール: なし
変換クエリ: なし
クエリ変数: Array
(
)

============================

======== URLパース診断 ========
時刻: 2025-11-09 13:54:58
リクエストURI: /
WP Request: 
マッチしたルール: なし
変換クエリ: なし
クエリ変数: Array
(
)

============================

======== URLパース診断 ========
時刻: 2025-11-09 13:54:58
リクエストURI: /
WP Request: 
マッチしたルール: なし
変換クエリ: なし
クエリ変数: Array
(
)

============================

======== URLパース診断 ========
時刻: 2025-11-09 13:55:42
リクエストURI: /service/landi
WP Request: service/landi
マッチしたルール: なし
変換クエリ: なし
クエリ変数: Array
(
    [page] => 
    [pagename] => service/landi
)

============================

======== URLパース診断 ========
時刻: 2025-11-09 13:55:43
リクエストURI: /.well-known/appspecific/com.chrome.devtools.json
WP Request: .well-known/appspecific/com.chrome.devtools.json
マッチしたルール: なし
変換クエリ: なし
クエリ変数: Array
(
    [error] => 404
)

============================

======== URLパース診断 ========
時刻: 2025-11-09 13:55:43
リクエストURI: /wp-content/themes/landi_renewal/src/css/style.css.map
WP Request: wp-content/themes/landi_renewal/src/css/style.css.map
マッチしたルール: なし
変換クエリ: なし
クエリ変数: Array
(
    [error] => 404
)

============================

======== URLパース診断 ========
時刻: 2025-11-09 13:55:43
リクエストURI: /wp-content/themes/landi_renewal/src/css/layout.css.map
WP Request: wp-content/themes/landi_renewal/src/css/layout.css.map
マッチしたルール: なし
変換クエリ: なし
クエリ変数: Array
(
    [error] => 404
)

============================

======== URLパース診断 ========
時刻: 2025-11-09 13:55:43
リクエストURI: /wp-content/themes/landi_renewal/src/css/style-corp.css.map
WP Request: wp-content/themes/landi_renewal/src/css/style-corp.css.map
マッチしたルール: なし
変換クエリ: なし
クエリ変数: Array
(
    [error] => 404
)

============================

======== URLパース診断 ========
時刻: 2025-11-09 13:55:43
リクエストURI: /
WP Request: 
マッチしたルール: なし
変換クエリ: なし
クエリ変数: Array
(
)

============================

======== URLパース診断 ========
時刻: 2025-11-09 13:55:43
リクエストURI: /
WP Request: 
マッチしたルール: なし
変換クエリ: なし
クエリ変数: Array
(
)

============================

======== URLパース診断 ========
時刻: 2025-11-09 13:55:43
リクエストURI: /
WP Request: 
マッチしたルール: なし
変換クエリ: なし
クエリ変数: Array
(
)

============================

======== URLパース診断 ========
時刻: 2025-11-09 13:55:44
リクエストURI: /
WP Request: 
マッチしたルール: なし
変換クエリ: なし
クエリ変数: Array
(
)

============================

