======== URLパース診断 ========
時刻: 2025-10-19 23:29:17
リクエストURI: /
WP Request: 
マッチしたルール: なし
変換クエリ: なし
クエリ変数: Array
(
)

============================

======== URLパース診断 ========
時刻: 2025-10-19 23:29:17
リクエストURI: /wp-content/themes/landi_renewal/src/renewal/js/main.js?v=2025100901
WP Request: wp-content/themes/landi_renewal/src/renewal/js/main.js
マッチしたルール: なし
変換クエリ: なし
クエリ変数: Array
(
    [error] => 404
)

============================

======== URLパース診断 ========
時刻: 2025-10-19 23:29:18
リクエストURI: /
WP Request: 
マッチしたルール: なし
変換クエリ: なし
クエリ変数: Array
(
)

============================

======== URLパース診断 ========
時刻: 2025-10-19 23:29:18
リクエストURI: /assets/images/top/fv.webp
WP Request: assets/images/top/fv.webp
マッチしたルール: なし
変換クエリ: なし
クエリ変数: Array
(
    [error] => 404
)

============================

======== URLパース診断 ========
時刻: 2025-10-19 23:29:18
リクエストURI: /
WP Request: 
マッチしたルール: なし
変換クエリ: なし
クエリ変数: Array
(
)

============================

======== URLパース診断 ========
時刻: 2025-10-19 23:29:22
リクエストURI: /
WP Request: 
マッチしたルール: なし
変換クエリ: なし
クエリ変数: Array
(
)

============================

======== URLパース診断 ========
時刻: 2025-10-19 23:29:22
リクエストURI: /assets/images/top/fv.webp
WP Request: assets/images/top/fv.webp
マッチしたルール: なし
変換クエリ: なし
クエリ変数: Array
(
    [error] => 404
)

============================

======== URLパース診断 ========
時刻: 2025-10-19 23:29:22
リクエストURI: /
WP Request: 
マッチしたルール: なし
変換クエリ: なし
クエリ変数: Array
(
)

============================

======== URLパース診断 ========
時刻: 2025-10-19 23:42:46
リクエストURI: /wp-content/themes/landi_renewal/src/css/layout.css.map
WP Request: wp-content/themes/landi_renewal/src/css/layout.css.map
マッチしたルール: なし
変換クエリ: なし
クエリ変数: Array
(
    [error] => 404
)

============================

======== URLパース診断 ========
時刻: 2025-10-19 23:42:46
リクエストURI: /wp-content/themes/landi_renewal/src/css/style.css.map
WP Request: wp-content/themes/landi_renewal/src/css/style.css.map
マッチしたルール: なし
変換クエリ: なし
クエリ変数: Array
(
    [error] => 404
)

============================

======== URLパース診断 ========
時刻: 2025-10-19 23:42:46
リクエストURI: /.well-known/appspecific/com.chrome.devtools.json
WP Request: .well-known/appspecific/com.chrome.devtools.json
マッチしたルール: なし
変換クエリ: なし
クエリ変数: Array
(
    [error] => 404
)

============================

======== URLパース診断 ========
時刻: 2025-10-19 23:42:46
リクエストURI: /wp-content/themes/landi_renewal/src/css/style-corp.css.map
WP Request: wp-content/themes/landi_renewal/src/css/style-corp.css.map
マッチしたルール: なし
変換クエリ: なし
クエリ変数: Array
(
    [error] => 404
)

============================

======== URLパース診断 ========
時刻: 2025-10-19 23:42:46
リクエストURI: /
WP Request: 
マッチしたルール: なし
変換クエリ: なし
クエリ変数: Array
(
)

============================

======== URLパース診断 ========
時刻: 2025-10-19 23:42:46
リクエストURI: /
WP Request: 
マッチしたルール: なし
変換クエリ: なし
クエリ変数: Array
(
)

============================

======== URLパース診断 ========
時刻: 2025-10-19 23:42:46
リクエストURI: /
WP Request: 
マッチしたルール: なし
変換クエリ: なし
クエリ変数: Array
(
)

============================

======== URLパース診断 ========
時刻: 2025-10-19 23:42:46
リクエストURI: /
WP Request: 
マッチしたルール: なし
変換クエリ: なし
クエリ変数: Array
(
)

============================

======== URLパース診断 ========
時刻: 2025-10-19 23:43:11
リクエストURI: /wp-content/themes/landi_renewal/src/css/layout.css.map
WP Request: wp-content/themes/landi_renewal/src/css/layout.css.map
マッチしたルール: なし
変換クエリ: なし
クエリ変数: Array
(
    [error] => 404
)

============================

======== URLパース診断 ========
時刻: 2025-10-19 23:43:11
リクエストURI: /wp-content/themes/landi_renewal/src/css/style.css.map
WP Request: wp-content/themes/landi_renewal/src/css/style.css.map
マッチしたルール: なし
変換クエリ: なし
クエリ変数: Array
(
    [error] => 404
)

============================

======== URLパース診断 ========
時刻: 2025-10-19 23:43:11
リクエストURI: /
WP Request: 
マッチしたルール: なし
変換クエリ: なし
クエリ変数: Array
(
)

============================

======== URLパース診断 ========
時刻: 2025-10-19 23:43:11
リクエストURI: /
WP Request: 
マッチしたルール: なし
変換クエリ: なし
クエリ変数: Array
(
)

============================

======== URLパース診断 ========
時刻: 2025-10-19 23:43:11
リクエストURI: /wp-content/themes/landi_renewal/src/css/style-corp.css.map
WP Request: wp-content/themes/landi_renewal/src/css/style-corp.css.map
マッチしたルール: なし
変換クエリ: なし
クエリ変数: Array
(
    [error] => 404
)

============================

======== URLパース診断 ========
時刻: 2025-10-19 23:43:11
リクエストURI: /
WP Request: 
マッチしたルール: なし
変換クエリ: なし
クエリ変数: Array
(
)

============================

======== URLパース診断 ========
時刻: 2025-10-19 23:43:14
リクエストURI: /wp-content/themes/landi_renewal/src/css/layout.css.map
WP Request: wp-content/themes/landi_renewal/src/css/layout.css.map
マッチしたルール: なし
変換クエリ: なし
クエリ変数: Array
(
    [error] => 404
)

============================

======== URLパース診断 ========
時刻: 2025-10-19 23:43:14
リクエストURI: /wp-content/themes/landi_renewal/src/css/style.css.map
WP Request: wp-content/themes/landi_renewal/src/css/style.css.map
マッチしたルール: なし
変換クエリ: なし
クエリ変数: Array
(
    [error] => 404
)

============================

======== URLパース診断 ========
時刻: 2025-10-19 23:43:14
リクエストURI: /wp-content/themes/landi_renewal/src/css/style-corp.css.map
WP Request: wp-content/themes/landi_renewal/src/css/style-corp.css.map
マッチしたルール: なし
変換クエリ: なし
クエリ変数: Array
(
    [error] => 404
)

============================

======== URLパース診断 ========
時刻: 2025-10-19 23:43:14
リクエストURI: /
WP Request: 
マッチしたルール: なし
変換クエリ: なし
クエリ変数: Array
(
)

============================

======== URLパース診断 ========
時刻: 2025-10-19 23:43:15
リクエストURI: /
WP Request: 
マッチしたルール: なし
変換クエリ: なし
クエリ変数: Array
(
)

============================

======== URLパース診断 ========
時刻: 2025-10-19 23:43:15
リクエストURI: /
WP Request: 
マッチしたルール: なし
変換クエリ: なし
クエリ変数: Array
(
)

============================

======== URLパース診断 ========
時刻: 2025-10-19 23:43:25
リクエストURI: /wp-content/themes/landi_renewal/src/css/layout.css.map
WP Request: wp-content/themes/landi_renewal/src/css/layout.css.map
マッチしたルール: なし
変換クエリ: なし
クエリ変数: Array
(
    [error] => 404
)

============================

======== URLパース診断 ========
時刻: 2025-10-19 23:43:25
リクエストURI: /wp-content/themes/landi_renewal/src/css/style.css.map
WP Request: wp-content/themes/landi_renewal/src/css/style.css.map
マッチしたルール: なし
変換クエリ: なし
クエリ変数: Array
(
    [error] => 404
)

============================

======== URLパース診断 ========
時刻: 2025-10-19 23:43:25
リクエストURI: /wp-content/themes/landi_renewal/src/css/style-corp.css.map
WP Request: wp-content/themes/landi_renewal/src/css/style-corp.css.map
マッチしたルール: なし
変換クエリ: なし
クエリ変数: Array
(
    [error] => 404
)

============================

======== URLパース診断 ========
時刻: 2025-10-19 23:43:25
リクエストURI: /
WP Request: 
マッチしたルール: なし
変換クエリ: なし
クエリ変数: Array
(
)

============================

======== URLパース診断 ========
時刻: 2025-10-19 23:43:25
リクエストURI: /
WP Request: 
マッチしたルール: なし
変換クエリ: なし
クエリ変数: Array
(
)

============================

======== URLパース診断 ========
時刻: 2025-10-19 23:43:25
リクエストURI: /
WP Request: 
マッチしたルール: なし
変換クエリ: なし
クエリ変数: Array
(
)

============================

======== URLパース診断 ========
時刻: 2025-10-19 23:43:36
リクエストURI: /wp-content/themes/landi_renewal/src/css/layout.css.map
WP Request: wp-content/themes/landi_renewal/src/css/layout.css.map
マッチしたルール: なし
変換クエリ: なし
クエリ変数: Array
(
    [error] => 404
)

============================

======== URLパース診断 ========
時刻: 2025-10-19 23:43:36
リクエストURI: /wp-content/themes/landi_renewal/src/css/style.css.map
WP Request: wp-content/themes/landi_renewal/src/css/style.css.map
マッチしたルール: なし
変換クエリ: なし
クエリ変数: Array
(
    [error] => 404
)

============================

======== URLパース診断 ========
時刻: 2025-10-19 23:43:36
リクエストURI: /wp-content/themes/landi_renewal/src/css/style-corp.css.map
WP Request: wp-content/themes/landi_renewal/src/css/style-corp.css.map
マッチしたルール: なし
変換クエリ: なし
クエリ変数: Array
(
    [error] => 404
)

============================

======== URLパース診断 ========
時刻: 2025-10-19 23:43:37
リクエストURI: /
WP Request: 
マッチしたルール: なし
変換クエリ: なし
クエリ変数: Array
(
)

============================

======== URLパース診断 ========
時刻: 2025-10-19 23:43:37
リクエストURI: /
WP Request: 
マッチしたルール: なし
変換クエリ: なし
クエリ変数: Array
(
)

============================

======== URLパース診断 ========
時刻: 2025-10-19 23:43:37
リクエストURI: /
WP Request: 
マッチしたルール: なし
変換クエリ: なし
クエリ変数: Array
(
)

============================

======== URLパース診断 ========
時刻: 2025-10-19 23:43:47
リクエストURI: /wp-content/themes/landi_renewal/src/css/style-corp.css.map
WP Request: wp-content/themes/landi_renewal/src/css/style-corp.css.map
マッチしたルール: なし
変換クエリ: なし
クエリ変数: Array
(
    [error] => 404
)

============================

======== URLパース診断 ========
時刻: 2025-10-19 23:43:47
リクエストURI: /wp-content/themes/landi_renewal/src/css/layout.css.map
WP Request: wp-content/themes/landi_renewal/src/css/layout.css.map
マッチしたルール: なし
変換クエリ: なし
クエリ変数: Array
(
    [error] => 404
)

============================

======== URLパース診断 ========
時刻: 2025-10-19 23:43:48
リクエストURI: /wp-content/themes/landi_renewal/src/css/style.css.map
WP Request: wp-content/themes/landi_renewal/src/css/style.css.map
マッチしたルール: なし
変換クエリ: なし
クエリ変数: Array
(
    [error] => 404
)

============================

======== URLパース診断 ========
時刻: 2025-10-19 23:43:48
リクエストURI: /
WP Request: 
マッチしたルール: なし
変換クエリ: なし
クエリ変数: Array
(
)

============================

======== URLパース診断 ========
時刻: 2025-10-19 23:43:48
リクエストURI: /
WP Request: 
マッチしたルール: なし
変換クエリ: なし
クエリ変数: Array
(
)

============================

======== URLパース診断 ========
時刻: 2025-10-19 23:43:48
リクエストURI: /
WP Request: 
マッチしたルール: なし
変換クエリ: なし
クエリ変数: Array
(
)

============================

======== URLパース診断 ========
時刻: 2025-10-19 23:43:51
リクエストURI: /wp-content/themes/landi_renewal/src/css/layout.css.map
WP Request: wp-content/themes/landi_renewal/src/css/layout.css.map
マッチしたルール: なし
変換クエリ: なし
クエリ変数: Array
(
    [error] => 404
)

============================

======== URLパース診断 ========
時刻: 2025-10-19 23:43:51
リクエストURI: /wp-content/themes/landi_renewal/src/css/style.css.map
WP Request: wp-content/themes/landi_renewal/src/css/style.css.map
マッチしたルール: なし
変換クエリ: なし
クエリ変数: Array
(
    [error] => 404
)

============================

======== URLパース診断 ========
時刻: 2025-10-19 23:43:51
リクエストURI: /wp-content/themes/landi_renewal/src/css/style-corp.css.map
WP Request: wp-content/themes/landi_renewal/src/css/style-corp.css.map
マッチしたルール: なし
変換クエリ: なし
クエリ変数: Array
(
    [error] => 404
)

============================

======== URLパース診断 ========
時刻: 2025-10-19 23:43:51
リクエストURI: /
WP Request: 
マッチしたルール: なし
変換クエリ: なし
クエリ変数: Array
(
)

============================

======== URLパース診断 ========
時刻: 2025-10-19 23:43:51
リクエストURI: /
WP Request: 
マッチしたルール: なし
変換クエリ: なし
クエリ変数: Array
(
)

============================

======== URLパース診断 ========
時刻: 2025-10-19 23:43:52
リクエストURI: /
WP Request: 
マッチしたルール: なし
変換クエリ: なし
クエリ変数: Array
(
)

============================

======== URLパース診断 ========
時刻: 2025-10-19 23:43:54
リクエストURI: /wp-content/themes/landi_renewal/src/css/layout.css.map
WP Request: wp-content/themes/landi_renewal/src/css/layout.css.map
マッチしたルール: なし
変換クエリ: なし
クエリ変数: Array
(
    [error] => 404
)

============================

======== URLパース診断 ========
時刻: 2025-10-19 23:43:54
リクエストURI: /wp-content/themes/landi_renewal/src/css/style.css.map
WP Request: wp-content/themes/landi_renewal/src/css/style.css.map
マッチしたルール: なし
変換クエリ: なし
クエリ変数: Array
(
    [error] => 404
)

============================

======== URLパース診断 ========
時刻: 2025-10-19 23:43:54
リクエストURI: /wp-content/themes/landi_renewal/src/css/style-corp.css.map
WP Request: wp-content/themes/landi_renewal/src/css/style-corp.css.map
マッチしたルール: なし
変換クエリ: なし
クエリ変数: Array
(
    [error] => 404
)

============================

======== URLパース診断 ========
時刻: 2025-10-19 23:43:55
リクエストURI: /
WP Request: 
マッチしたルール: なし
変換クエリ: なし
クエリ変数: Array
(
)

============================

======== URLパース診断 ========
時刻: 2025-10-19 23:43:55
リクエストURI: /
WP Request: 
マッチしたルール: なし
変換クエリ: なし
クエリ変数: Array
(
)

============================

======== URLパース診断 ========
時刻: 2025-10-19 23:43:55
リクエストURI: /
WP Request: 
マッチしたルール: なし
変換クエリ: なし
クエリ変数: Array
(
)

============================

======== URLパース診断 ========
時刻: 2025-10-19 23:44:08
リクエストURI: /wp-content/themes/landi_renewal/src/css/layout.css.map
WP Request: wp-content/themes/landi_renewal/src/css/layout.css.map
マッチしたルール: なし
変換クエリ: なし
クエリ変数: Array
(
    [error] => 404
)

============================

======== URLパース診断 ========
時刻: 2025-10-19 23:44:08
リクエストURI: /wp-content/themes/landi_renewal/src/css/style.css.map
WP Request: wp-content/themes/landi_renewal/src/css/style.css.map
マッチしたルール: なし
変換クエリ: なし
クエリ変数: Array
(
    [error] => 404
)

============================

======== URLパース診断 ========
時刻: 2025-10-19 23:44:08
リクエストURI: /wp-content/themes/landi_renewal/src/css/style-corp.css.map
WP Request: wp-content/themes/landi_renewal/src/css/style-corp.css.map
マッチしたルール: なし
変換クエリ: なし
クエリ変数: Array
(
    [error] => 404
)

============================

======== URLパース診断 ========
時刻: 2025-10-19 23:44:09
リクエストURI: /
WP Request: 
マッチしたルール: なし
変換クエリ: なし
クエリ変数: Array
(
)

============================

======== URLパース診断 ========
時刻: 2025-10-19 23:44:09
リクエストURI: /
WP Request: 
マッチしたルール: なし
変換クエリ: なし
クエリ変数: Array
(
)

============================

======== URLパース診断 ========
時刻: 2025-10-19 23:44:09
リクエストURI: /
WP Request: 
マッチしたルール: なし
変換クエリ: なし
クエリ変数: Array
(
)

============================

======== URLパース診断 ========
時刻: 2025-10-19 23:44:21
リクエストURI: /wp-content/themes/landi_renewal/src/css/layout.css.map
WP Request: wp-content/themes/landi_renewal/src/css/layout.css.map
マッチしたルール: なし
変換クエリ: なし
クエリ変数: Array
(
    [error] => 404
)

============================

======== URLパース診断 ========
時刻: 2025-10-19 23:44:21
リクエストURI: /wp-content/themes/landi_renewal/src/css/style.css.map
WP Request: wp-content/themes/landi_renewal/src/css/style.css.map
マッチしたルール: なし
変換クエリ: なし
クエリ変数: Array
(
    [error] => 404
)

============================

======== URLパース診断 ========
時刻: 2025-10-19 23:44:21
リクエストURI: /wp-content/themes/landi_renewal/src/css/style-corp.css.map
WP Request: wp-content/themes/landi_renewal/src/css/style-corp.css.map
マッチしたルール: なし
変換クエリ: なし
クエリ変数: Array
(
    [error] => 404
)

============================

======== URLパース診断 ========
時刻: 2025-10-19 23:44:21
リクエストURI: /
WP Request: 
マッチしたルール: なし
変換クエリ: なし
クエリ変数: Array
(
)

============================

======== URLパース診断 ========
時刻: 2025-10-19 23:44:21
リクエストURI: /
WP Request: 
マッチしたルール: なし
変換クエリ: なし
クエリ変数: Array
(
)

============================

======== URLパース診断 ========
時刻: 2025-10-19 23:44:21
リクエストURI: /
WP Request: 
マッチしたルール: なし
変換クエリ: なし
クエリ変数: Array
(
)

============================

======== URLパース診断 ========
時刻: 2025-10-19 23:44:23
リクエストURI: /wp-content/themes/landi_renewal/src/css/layout.css.map
WP Request: wp-content/themes/landi_renewal/src/css/layout.css.map
マッチしたルール: なし
変換クエリ: なし
クエリ変数: Array
(
    [error] => 404
)

============================

======== URLパース診断 ========
時刻: 2025-10-19 23:44:23
リクエストURI: /wp-content/themes/landi_renewal/src/css/style.css.map
WP Request: wp-content/themes/landi_renewal/src/css/style.css.map
マッチしたルール: なし
変換クエリ: なし
クエリ変数: Array
(
    [error] => 404
)

============================

======== URLパース診断 ========
時刻: 2025-10-19 23:44:23
リクエストURI: /wp-content/themes/landi_renewal/src/css/style-corp.css.map
WP Request: wp-content/themes/landi_renewal/src/css/style-corp.css.map
マッチしたルール: なし
変換クエリ: なし
クエリ変数: Array
(
    [error] => 404
)

============================

======== URLパース診断 ========
時刻: 2025-10-19 23:44:23
リクエストURI: /
WP Request: 
マッチしたルール: なし
変換クエリ: なし
クエリ変数: Array
(
)

============================

======== URLパース診断 ========
時刻: 2025-10-19 23:44:23
リクエストURI: /
WP Request: 
マッチしたルール: なし
変換クエリ: なし
クエリ変数: Array
(
)

============================

======== URLパース診断 ========
時刻: 2025-10-19 23:44:23
リクエストURI: /
WP Request: 
マッチしたルール: なし
変換クエリ: なし
クエリ変数: Array
(
)

============================

======== URLパース診断 ========
時刻: 2025-10-19 23:44:33
リクエストURI: /wp-content/themes/landi_renewal/src/css/layout.css.map
WP Request: wp-content/themes/landi_renewal/src/css/layout.css.map
マッチしたルール: なし
変換クエリ: なし
クエリ変数: Array
(
    [error] => 404
)

============================

======== URLパース診断 ========
時刻: 2025-10-19 23:44:33
リクエストURI: /wp-content/themes/landi_renewal/src/css/style.css.map
WP Request: wp-content/themes/landi_renewal/src/css/style.css.map
マッチしたルール: なし
変換クエリ: なし
クエリ変数: Array
(
    [error] => 404
)

============================

======== URLパース診断 ========
時刻: 2025-10-19 23:44:33
リクエストURI: /wp-content/themes/landi_renewal/src/css/style-corp.css.map
WP Request: wp-content/themes/landi_renewal/src/css/style-corp.css.map
マッチしたルール: なし
変換クエリ: なし
クエリ変数: Array
(
    [error] => 404
)

============================

======== URLパース診断 ========
時刻: 2025-10-19 23:44:33
リクエストURI: /
WP Request: 
マッチしたルール: なし
変換クエリ: なし
クエリ変数: Array
(
)

============================

======== URLパース診断 ========
時刻: 2025-10-19 23:44:33
リクエストURI: /
WP Request: 
マッチしたルール: なし
変換クエリ: なし
クエリ変数: Array
(
)

============================

======== URLパース診断 ========
時刻: 2025-10-19 23:44:33
リクエストURI: /
WP Request: 
マッチしたルール: なし
変換クエリ: なし
クエリ変数: Array
(
)

============================

======== URLパース診断 ========
時刻: 2025-10-19 23:44:53
リクエストURI: /wp-content/themes/landi_renewal/src/css/layout.css.map
WP Request: wp-content/themes/landi_renewal/src/css/layout.css.map
マッチしたルール: なし
変換クエリ: なし
クエリ変数: Array
(
    [error] => 404
)

============================

======== URLパース診断 ========
時刻: 2025-10-19 23:44:53
リクエストURI: /wp-content/themes/landi_renewal/src/css/style.css.map
WP Request: wp-content/themes/landi_renewal/src/css/style.css.map
マッチしたルール: なし
変換クエリ: なし
クエリ変数: Array
(
    [error] => 404
)

============================

======== URLパース診断 ========
時刻: 2025-10-19 23:44:53
リクエストURI: /wp-content/themes/landi_renewal/src/css/style-corp.css.map
WP Request: wp-content/themes/landi_renewal/src/css/style-corp.css.map
マッチしたルール: なし
変換クエリ: なし
クエリ変数: Array
(
    [error] => 404
)

============================

======== URLパース診断 ========
時刻: 2025-10-19 23:44:54
リクエストURI: /
WP Request: 
マッチしたルール: なし
変換クエリ: なし
クエリ変数: Array
(
)

============================

======== URLパース診断 ========
時刻: 2025-10-19 23:44:54
リクエストURI: /
WP Request: 
マッチしたルール: なし
変換クエリ: なし
クエリ変数: Array
(
)

============================

======== URLパース診断 ========
時刻: 2025-10-19 23:44:54
リクエストURI: /
WP Request: 
マッチしたルール: なし
変換クエリ: なし
クエリ変数: Array
(
)

============================

======== URLパース診断 ========
時刻: 2025-10-19 23:45:38
リクエストURI: /wp-content/themes/landi_renewal/src/css/layout.css.map
WP Request: wp-content/themes/landi_renewal/src/css/layout.css.map
マッチしたルール: なし
変換クエリ: なし
クエリ変数: Array
(
    [error] => 404
)

============================

======== URLパース診断 ========
時刻: 2025-10-19 23:45:38
リクエストURI: /wp-content/themes/landi_renewal/src/css/style.css.map
WP Request: wp-content/themes/landi_renewal/src/css/style.css.map
マッチしたルール: なし
変換クエリ: なし
クエリ変数: Array
(
    [error] => 404
)

============================

======== URLパース診断 ========
時刻: 2025-10-19 23:45:38
リクエストURI: /wp-content/themes/landi_renewal/src/css/style-corp.css.map
WP Request: wp-content/themes/landi_renewal/src/css/style-corp.css.map
マッチしたルール: なし
変換クエリ: なし
クエリ変数: Array
(
    [error] => 404
)

============================

======== URLパース診断 ========
時刻: 2025-10-19 23:45:38
リクエストURI: /
WP Request: 
マッチしたルール: なし
変換クエリ: なし
クエリ変数: Array
(
)

============================

======== URLパース診断 ========
時刻: 2025-10-19 23:45:38
リクエストURI: /
WP Request: 
マッチしたルール: なし
変換クエリ: なし
クエリ変数: Array
(
)

============================

======== URLパース診断 ========
時刻: 2025-10-19 23:45:38
リクエストURI: /
WP Request: 
マッチしたルール: なし
変換クエリ: なし
クエリ変数: Array
(
)

============================

======== URLパース診断 ========
時刻: 2025-10-19 23:46:03
リクエストURI: /wp-content/themes/landi_renewal/src/css/layout.css.map
WP Request: wp-content/themes/landi_renewal/src/css/layout.css.map
マッチしたルール: なし
変換クエリ: なし
クエリ変数: Array
(
    [error] => 404
)

============================

======== URLパース診断 ========
時刻: 2025-10-19 23:46:03
リクエストURI: /wp-content/themes/landi_renewal/src/css/style.css.map
WP Request: wp-content/themes/landi_renewal/src/css/style.css.map
マッチしたルール: なし
変換クエリ: なし
クエリ変数: Array
(
    [error] => 404
)

============================

======== URLパース診断 ========
時刻: 2025-10-19 23:46:03
リクエストURI: /wp-content/themes/landi_renewal/src/css/style-corp.css.map
WP Request: wp-content/themes/landi_renewal/src/css/style-corp.css.map
マッチしたルール: なし
変換クエリ: なし
クエリ変数: Array
(
    [error] => 404
)

============================

======== URLパース診断 ========
時刻: 2025-10-19 23:46:03
リクエストURI: /
WP Request: 
マッチしたルール: なし
変換クエリ: なし
クエリ変数: Array
(
)

============================

======== URLパース診断 ========
時刻: 2025-10-19 23:46:03
リクエストURI: /
WP Request: 
マッチしたルール: なし
変換クエリ: なし
クエリ変数: Array
(
)

============================

======== URLパース診断 ========
時刻: 2025-10-19 23:46:03
リクエストURI: /
WP Request: 
マッチしたルール: なし
変換クエリ: なし
クエリ変数: Array
(
)

============================

======== URLパース診断 ========
時刻: 2025-10-19 23:46:16
リクエストURI: /wp-content/themes/landi_renewal/src/css/layout.css.map
WP Request: wp-content/themes/landi_renewal/src/css/layout.css.map
マッチしたルール: なし
変換クエリ: なし
クエリ変数: Array
(
    [error] => 404
)

============================

======== URLパース診断 ========
時刻: 2025-10-19 23:46:16
リクエストURI: /wp-content/themes/landi_renewal/src/css/style.css.map
WP Request: wp-content/themes/landi_renewal/src/css/style.css.map
マッチしたルール: なし
変換クエリ: なし
クエリ変数: Array
(
    [error] => 404
)

============================

======== URLパース診断 ========
時刻: 2025-10-19 23:46:16
リクエストURI: /wp-content/themes/landi_renewal/src/css/style-corp.css.map
WP Request: wp-content/themes/landi_renewal/src/css/style-corp.css.map
マッチしたルール: なし
変換クエリ: なし
クエリ変数: Array
(
    [error] => 404
)

============================

======== URLパース診断 ========
時刻: 2025-10-19 23:46:16
リクエストURI: /
WP Request: 
マッチしたルール: なし
変換クエリ: なし
クエリ変数: Array
(
)

============================

======== URLパース診断 ========
時刻: 2025-10-19 23:46:16
リクエストURI: /
WP Request: 
マッチしたルール: なし
変換クエリ: なし
クエリ変数: Array
(
)

============================

======== URLパース診断 ========
時刻: 2025-10-19 23:46:16
リクエストURI: /
WP Request: 
マッチしたルール: なし
変換クエリ: なし
クエリ変数: Array
(
)

============================

======== URLパース診断 ========
時刻: 2025-10-19 23:46:24
リクエストURI: /wp-content/themes/landi_renewal/src/css/layout.css.map
WP Request: wp-content/themes/landi_renewal/src/css/layout.css.map
マッチしたルール: なし
変換クエリ: なし
クエリ変数: Array
(
    [error] => 404
)

============================

======== URLパース診断 ========
時刻: 2025-10-19 23:46:24
リクエストURI: /wp-content/themes/landi_renewal/src/css/style.css.map
WP Request: wp-content/themes/landi_renewal/src/css/style.css.map
マッチしたルール: なし
変換クエリ: なし
クエリ変数: Array
(
    [error] => 404
)

============================

======== URLパース診断 ========
時刻: 2025-10-19 23:46:24
リクエストURI: /wp-content/themes/landi_renewal/src/css/style-corp.css.map
WP Request: wp-content/themes/landi_renewal/src/css/style-corp.css.map
マッチしたルール: なし
変換クエリ: なし
クエリ変数: Array
(
    [error] => 404
)

============================

======== URLパース診断 ========
時刻: 2025-10-19 23:46:24
リクエストURI: /
WP Request: 
マッチしたルール: なし
変換クエリ: なし
クエリ変数: Array
(
)

============================

======== URLパース診断 ========
時刻: 2025-10-19 23:46:24
リクエストURI: /
WP Request: 
マッチしたルール: なし
変換クエリ: なし
クエリ変数: Array
(
)

============================

======== URLパース診断 ========
時刻: 2025-10-19 23:46:24
リクエストURI: /
WP Request: 
マッチしたルール: なし
変換クエリ: なし
クエリ変数: Array
(
)

============================

======== URLパース診断 ========
時刻: 2025-10-19 23:47:01
リクエストURI: /wp-content/themes/landi_renewal/src/css/layout.css.map
WP Request: wp-content/themes/landi_renewal/src/css/layout.css.map
マッチしたルール: なし
変換クエリ: なし
クエリ変数: Array
(
    [error] => 404
)

============================

======== URLパース診断 ========
時刻: 2025-10-19 23:47:01
リクエストURI: /wp-content/themes/landi_renewal/src/css/style.css.map
WP Request: wp-content/themes/landi_renewal/src/css/style.css.map
マッチしたルール: なし
変換クエリ: なし
クエリ変数: Array
(
    [error] => 404
)

============================

======== URLパース診断 ========
時刻: 2025-10-19 23:47:01
リクエストURI: /wp-content/themes/landi_renewal/src/css/style-corp.css.map
WP Request: wp-content/themes/landi_renewal/src/css/style-corp.css.map
マッチしたルール: なし
変換クエリ: なし
クエリ変数: Array
(
    [error] => 404
)

============================

======== URLパース診断 ========
時刻: 2025-10-19 23:47:01
リクエストURI: /
WP Request: 
マッチしたルール: なし
変換クエリ: なし
クエリ変数: Array
(
)

============================

======== URLパース診断 ========
時刻: 2025-10-19 23:47:01
リクエストURI: /
WP Request: 
マッチしたルール: なし
変換クエリ: なし
クエリ変数: Array
(
)

============================

======== URLパース診断 ========
時刻: 2025-10-19 23:47:01
リクエストURI: /
WP Request: 
マッチしたルール: なし
変換クエリ: なし
クエリ変数: Array
(
)

============================

======== URLパース診断 ========
時刻: 2025-10-19 23:47:37
リクエストURI: /wp-content/themes/landi_renewal/src/css/layout.css.map
WP Request: wp-content/themes/landi_renewal/src/css/layout.css.map
マッチしたルール: なし
変換クエリ: なし
クエリ変数: Array
(
    [error] => 404
)

============================

======== URLパース診断 ========
時刻: 2025-10-19 23:47:37
リクエストURI: /wp-content/themes/landi_renewal/src/css/style.css.map
WP Request: wp-content/themes/landi_renewal/src/css/style.css.map
マッチしたルール: なし
変換クエリ: なし
クエリ変数: Array
(
    [error] => 404
)

============================

======== URLパース診断 ========
時刻: 2025-10-19 23:47:37
リクエストURI: /wp-content/themes/landi_renewal/src/css/style-corp.css.map
WP Request: wp-content/themes/landi_renewal/src/css/style-corp.css.map
マッチしたルール: なし
変換クエリ: なし
クエリ変数: Array
(
    [error] => 404
)

============================

======== URLパース診断 ========
時刻: 2025-10-19 23:47:37
リクエストURI: /
WP Request: 
マッチしたルール: なし
変換クエリ: なし
クエリ変数: Array
(
)

============================

======== URLパース診断 ========
時刻: 2025-10-19 23:47:37
リクエストURI: /
WP Request: 
マッチしたルール: なし
変換クエリ: なし
クエリ変数: Array
(
)

============================

======== URLパース診断 ========
時刻: 2025-10-19 23:47:38
リクエストURI: /
WP Request: 
マッチしたルール: なし
変換クエリ: なし
クエリ変数: Array
(
)

============================

======== URLパース診断 ========
時刻: 2025-10-19 23:48:41
リクエストURI: /wp-content/themes/landi_renewal/src/css/layout.css.map
WP Request: wp-content/themes/landi_renewal/src/css/layout.css.map
マッチしたルール: なし
変換クエリ: なし
クエリ変数: Array
(
    [error] => 404
)

============================

======== URLパース診断 ========
時刻: 2025-10-19 23:48:41
リクエストURI: /wp-content/themes/landi_renewal/src/css/style.css.map
WP Request: wp-content/themes/landi_renewal/src/css/style.css.map
マッチしたルール: なし
変換クエリ: なし
クエリ変数: Array
(
    [error] => 404
)

============================

======== URLパース診断 ========
時刻: 2025-10-19 23:48:41
リクエストURI: /wp-content/themes/landi_renewal/src/css/style-corp.css.map
WP Request: wp-content/themes/landi_renewal/src/css/style-corp.css.map
マッチしたルール: なし
変換クエリ: なし
クエリ変数: Array
(
    [error] => 404
)

============================

======== URLパース診断 ========
時刻: 2025-10-19 23:48:41
リクエストURI: /
WP Request: 
マッチしたルール: なし
変換クエリ: なし
クエリ変数: Array
(
)

============================

======== URLパース診断 ========
時刻: 2025-10-19 23:48:41
リクエストURI: /
WP Request: 
マッチしたルール: なし
変換クエリ: なし
クエリ変数: Array
(
)

============================

======== URLパース診断 ========
時刻: 2025-10-19 23:48:41
リクエストURI: /
WP Request: 
マッチしたルール: なし
変換クエリ: なし
クエリ変数: Array
(
)

============================

======== URLパース診断 ========
時刻: 2025-10-19 23:48:55
リクエストURI: /wp-content/themes/landi_renewal/src/css/layout.css.map
WP Request: wp-content/themes/landi_renewal/src/css/layout.css.map
マッチしたルール: なし
変換クエリ: なし
クエリ変数: Array
(
    [error] => 404
)

============================

======== URLパース診断 ========
時刻: 2025-10-19 23:48:55
リクエストURI: /wp-content/themes/landi_renewal/src/css/style.css.map
WP Request: wp-content/themes/landi_renewal/src/css/style.css.map
マッチしたルール: なし
変換クエリ: なし
クエリ変数: Array
(
    [error] => 404
)

============================

======== URLパース診断 ========
時刻: 2025-10-19 23:48:55
リクエストURI: /wp-content/themes/landi_renewal/src/css/style-corp.css.map
WP Request: wp-content/themes/landi_renewal/src/css/style-corp.css.map
マッチしたルール: なし
変換クエリ: なし
クエリ変数: Array
(
    [error] => 404
)

============================

======== URLパース診断 ========
時刻: 2025-10-19 23:48:55
リクエストURI: /
WP Request: 
マッチしたルール: なし
変換クエリ: なし
クエリ変数: Array
(
)

============================

======== URLパース診断 ========
時刻: 2025-10-19 23:48:55
リクエストURI: /
WP Request: 
マッチしたルール: なし
変換クエリ: なし
クエリ変数: Array
(
)

============================

======== URLパース診断 ========
時刻: 2025-10-19 23:48:55
リクエストURI: /
WP Request: 
マッチしたルール: なし
変換クエリ: なし
クエリ変数: Array
(
)

============================

======== URLパース診断 ========
時刻: 2025-10-19 23:49:01
リクエストURI: /wp-content/themes/landi_renewal/src/css/layout.css.map
WP Request: wp-content/themes/landi_renewal/src/css/layout.css.map
マッチしたルール: なし
変換クエリ: なし
クエリ変数: Array
(
    [error] => 404
)

============================

======== URLパース診断 ========
時刻: 2025-10-19 23:49:01
リクエストURI: /wp-content/themes/landi_renewal/src/css/style.css.map
WP Request: wp-content/themes/landi_renewal/src/css/style.css.map
マッチしたルール: なし
変換クエリ: なし
クエリ変数: Array
(
    [error] => 404
)

============================

======== URLパース診断 ========
時刻: 2025-10-19 23:49:01
リクエストURI: /wp-content/themes/landi_renewal/src/css/style-corp.css.map
WP Request: wp-content/themes/landi_renewal/src/css/style-corp.css.map
マッチしたルール: なし
変換クエリ: なし
クエリ変数: Array
(
    [error] => 404
)

============================

======== URLパース診断 ========
時刻: 2025-10-19 23:49:01
リクエストURI: /
WP Request: 
マッチしたルール: なし
変換クエリ: なし
クエリ変数: Array
(
)

============================

======== URLパース診断 ========
時刻: 2025-10-19 23:49:01
リクエストURI: /
WP Request: 
マッチしたルール: なし
変換クエリ: なし
クエリ変数: Array
(
)

============================

======== URLパース診断 ========
時刻: 2025-10-19 23:49:01
リクエストURI: /
WP Request: 
マッチしたルール: なし
変換クエリ: なし
クエリ変数: Array
(
)

============================

======== URLパース診断 ========
時刻: 2025-10-19 23:49:09
リクエストURI: /wp-content/themes/landi_renewal/src/css/style.css.map
WP Request: wp-content/themes/landi_renewal/src/css/style.css.map
マッチしたルール: なし
変換クエリ: なし
クエリ変数: Array
(
    [error] => 404
)

============================

======== URLパース診断 ========
時刻: 2025-10-19 23:49:09
リクエストURI: /wp-content/themes/landi_renewal/src/css/layout.css.map
WP Request: wp-content/themes/landi_renewal/src/css/layout.css.map
マッチしたルール: なし
変換クエリ: なし
クエリ変数: Array
(
    [error] => 404
)

============================

======== URLパース診断 ========
時刻: 2025-10-19 23:49:09
リクエストURI: /wp-content/themes/landi_renewal/src/css/style-corp.css.map
WP Request: wp-content/themes/landi_renewal/src/css/style-corp.css.map
マッチしたルール: なし
変換クエリ: なし
クエリ変数: Array
(
    [error] => 404
)

============================

======== URLパース診断 ========
時刻: 2025-10-19 23:49:09
リクエストURI: /
WP Request: 
マッチしたルール: なし
変換クエリ: なし
クエリ変数: Array
(
)

============================

======== URLパース診断 ========
時刻: 2025-10-19 23:49:09
リクエストURI: /
WP Request: 
マッチしたルール: なし
変換クエリ: なし
クエリ変数: Array
(
)

============================

======== URLパース診断 ========
時刻: 2025-10-19 23:49:09
リクエストURI: /
WP Request: 
マッチしたルール: なし
変換クエリ: なし
クエリ変数: Array
(
)

============================

======== URLパース診断 ========
時刻: 2025-10-19 23:49:48
リクエストURI: /wp-content/themes/landi_renewal/src/css/layout.css.map
WP Request: wp-content/themes/landi_renewal/src/css/layout.css.map
マッチしたルール: なし
変換クエリ: なし
クエリ変数: Array
(
    [error] => 404
)

============================

======== URLパース診断 ========
時刻: 2025-10-19 23:49:48
リクエストURI: /wp-content/themes/landi_renewal/src/css/style-corp.css.map
WP Request: wp-content/themes/landi_renewal/src/css/style-corp.css.map
マッチしたルール: なし
変換クエリ: なし
クエリ変数: Array
(
    [error] => 404
)

============================

======== URLパース診断 ========
時刻: 2025-10-19 23:49:48
リクエストURI: /wp-content/themes/landi_renewal/src/css/style.css.map
WP Request: wp-content/themes/landi_renewal/src/css/style.css.map
マッチしたルール: なし
変換クエリ: なし
クエリ変数: Array
(
    [error] => 404
)

============================

======== URLパース診断 ========
時刻: 2025-10-19 23:49:48
リクエストURI: /
WP Request: 
マッチしたルール: なし
変換クエリ: なし
クエリ変数: Array
(
)

============================

======== URLパース診断 ========
時刻: 2025-10-19 23:49:48
リクエストURI: /
WP Request: 
マッチしたルール: なし
変換クエリ: なし
クエリ変数: Array
(
)

============================

======== URLパース診断 ========
時刻: 2025-10-19 23:49:48
リクエストURI: /
WP Request: 
マッチしたルール: なし
変換クエリ: なし
クエリ変数: Array
(
)

============================

======== URLパース診断 ========
時刻: 2025-10-19 23:50:03
リクエストURI: /wp-content/themes/landi_renewal/src/css/layout.css.map
WP Request: wp-content/themes/landi_renewal/src/css/layout.css.map
マッチしたルール: なし
変換クエリ: なし
クエリ変数: Array
(
    [error] => 404
)

============================

======== URLパース診断 ========
時刻: 2025-10-19 23:50:03
リクエストURI: /wp-content/themes/landi_renewal/src/css/style.css.map
WP Request: wp-content/themes/landi_renewal/src/css/style.css.map
マッチしたルール: なし
変換クエリ: なし
クエリ変数: Array
(
    [error] => 404
)

============================

======== URLパース診断 ========
時刻: 2025-10-19 23:50:03
リクエストURI: /wp-content/themes/landi_renewal/src/css/style-corp.css.map
WP Request: wp-content/themes/landi_renewal/src/css/style-corp.css.map
マッチしたルール: なし
変換クエリ: なし
クエリ変数: Array
(
    [error] => 404
)

============================

======== URLパース診断 ========
時刻: 2025-10-19 23:50:03
リクエストURI: /
WP Request: 
マッチしたルール: なし
変換クエリ: なし
クエリ変数: Array
(
)

============================

======== URLパース診断 ========
時刻: 2025-10-19 23:50:03
リクエストURI: /
WP Request: 
マッチしたルール: なし
変換クエリ: なし
クエリ変数: Array
(
)

============================

======== URLパース診断 ========
時刻: 2025-10-19 23:50:03
リクエストURI: /
WP Request: 
マッチしたルール: なし
変換クエリ: なし
クエリ変数: Array
(
)

============================

======== URLパース診断 ========
時刻: 2025-10-19 23:51:16
リクエストURI: /wp-content/themes/landi_renewal/src/css/layout.css.map
WP Request: wp-content/themes/landi_renewal/src/css/layout.css.map
マッチしたルール: なし
変換クエリ: なし
クエリ変数: Array
(
    [error] => 404
)

============================

======== URLパース診断 ========
時刻: 2025-10-19 23:51:16
リクエストURI: /wp-content/themes/landi_renewal/src/css/style.css.map
WP Request: wp-content/themes/landi_renewal/src/css/style.css.map
マッチしたルール: なし
変換クエリ: なし
クエリ変数: Array
(
    [error] => 404
)

============================

======== URLパース診断 ========
時刻: 2025-10-19 23:51:16
リクエストURI: /wp-content/themes/landi_renewal/src/css/style-corp.css.map
WP Request: wp-content/themes/landi_renewal/src/css/style-corp.css.map
マッチしたルール: なし
変換クエリ: なし
クエリ変数: Array
(
    [error] => 404
)

============================

======== URLパース診断 ========
時刻: 2025-10-19 23:51:16
リクエストURI: /
WP Request: 
マッチしたルール: なし
変換クエリ: なし
クエリ変数: Array
(
)

============================

======== URLパース診断 ========
時刻: 2025-10-19 23:51:16
リクエストURI: /
WP Request: 
マッチしたルール: なし
変換クエリ: なし
クエリ変数: Array
(
)

============================

======== URLパース診断 ========
時刻: 2025-10-19 23:51:16
リクエストURI: /
WP Request: 
マッチしたルール: なし
変換クエリ: なし
クエリ変数: Array
(
)

============================

======== URLパース診断 ========
時刻: 2025-10-19 23:54:30
リクエストURI: /
WP Request: 
マッチしたルール: なし
変換クエリ: なし
クエリ変数: Array
(
)

============================

======== URLパース診断 ========
時刻: 2025-10-19 23:54:30
リクエストURI: /.well-known/appspecific/com.chrome.devtools.json
WP Request: .well-known/appspecific/com.chrome.devtools.json
マッチしたルール: なし
変換クエリ: なし
クエリ変数: Array
(
    [error] => 404
)

============================

======== URLパース診断 ========
時刻: 2025-10-19 23:54:31
リクエストURI: /wp-content/themes/landi_renewal/src/css/style.css.map
WP Request: wp-content/themes/landi_renewal/src/css/style.css.map
マッチしたルール: なし
変換クエリ: なし
クエリ変数: Array
(
    [error] => 404
)

============================

======== URLパース診断 ========
時刻: 2025-10-19 23:54:31
リクエストURI: /wp-content/themes/landi_renewal/src/css/layout.css.map
WP Request: wp-content/themes/landi_renewal/src/css/layout.css.map
マッチしたルール: なし
変換クエリ: なし
クエリ変数: Array
(
    [error] => 404
)

============================

======== URLパース診断 ========
時刻: 2025-10-19 23:54:31
リクエストURI: /assets/images/top/fv.webp
WP Request: assets/images/top/fv.webp
マッチしたルール: なし
変換クエリ: なし
クエリ変数: Array
(
    [error] => 404
)

============================

======== URLパース診断 ========
時刻: 2025-10-19 23:54:31
リクエストURI: /
WP Request: 
マッチしたルール: なし
変換クエリ: なし
クエリ変数: Array
(
)

============================

======== URLパース診断 ========
時刻: 2025-10-19 23:54:31
リクエストURI: /wp-content/themes/landi_renewal/src/css/style-corp.css.map
WP Request: wp-content/themes/landi_renewal/src/css/style-corp.css.map
マッチしたルール: なし
変換クエリ: なし
クエリ変数: Array
(
    [error] => 404
)

============================

======== URLパース診断 ========
時刻: 2025-10-19 23:54:31
リクエストURI: /
WP Request: 
マッチしたルール: なし
変換クエリ: なし
クエリ変数: Array
(
)

============================

======== URLパース診断 ========
時刻: 2025-10-19 23:54:31
リクエストURI: /
WP Request: 
マッチしたルール: なし
変換クエリ: なし
クエリ変数: Array
(
)

============================

======== URLパース診断 ========
時刻: 2025-10-19 23:54:31
リクエストURI: /
WP Request: 
マッチしたルール: なし
変換クエリ: なし
クエリ変数: Array
(
)

============================

======== URLパース診断 ========
時刻: 2025-10-19 23:54:31
リクエストURI: /
WP Request: 
マッチしたルール: なし
変換クエリ: なし
クエリ変数: Array
(
)

============================

======== URLパース診断 ========
時刻: 2025-10-19 23:54:34
リクエストURI: /
WP Request: 
マッチしたルール: なし
変換クエリ: なし
クエリ変数: Array
(
)

============================

======== URLパース診断 ========
時刻: 2025-10-19 23:54:34
リクエストURI: /.well-known/appspecific/com.chrome.devtools.json
WP Request: .well-known/appspecific/com.chrome.devtools.json
マッチしたルール: なし
変換クエリ: なし
クエリ変数: Array
(
    [error] => 404
)

============================

======== URLパース診断 ========
時刻: 2025-10-19 23:54:35
リクエストURI: /assets/images/top/fv.webp
WP Request: assets/images/top/fv.webp
マッチしたルール: なし
変換クエリ: なし
クエリ変数: Array
(
    [error] => 404
)

============================

======== URLパース診断 ========
時刻: 2025-10-19 23:54:35
リクエストURI: /wp-content/themes/landi_renewal/src/css/layout.css.map
WP Request: wp-content/themes/landi_renewal/src/css/layout.css.map
マッチしたルール: なし
変換クエリ: なし
クエリ変数: Array
(
    [error] => 404
)

============================

======== URLパース診断 ========
時刻: 2025-10-19 23:54:35
リクエストURI: /wp-content/themes/landi_renewal/src/css/style.css.map
WP Request: wp-content/themes/landi_renewal/src/css/style.css.map
マッチしたルール: なし
変換クエリ: なし
クエリ変数: Array
(
    [error] => 404
)

============================

======== URLパース診断 ========
時刻: 2025-10-19 23:54:35
リクエストURI: /
WP Request: 
マッチしたルール: なし
変換クエリ: なし
クエリ変数: Array
(
)

============================

======== URLパース診断 ========
時刻: 2025-10-19 23:54:35
リクエストURI: /wp-content/themes/landi_renewal/src/css/style-corp.css.map
WP Request: wp-content/themes/landi_renewal/src/css/style-corp.css.map
マッチしたルール: なし
変換クエリ: なし
クエリ変数: Array
(
    [error] => 404
)

============================

======== URLパース診断 ========
時刻: 2025-10-19 23:54:35
リクエストURI: /
WP Request: 
マッチしたルール: なし
変換クエリ: なし
クエリ変数: Array
(
)

============================

======== URLパース診断 ========
時刻: 2025-10-19 23:54:35
リクエストURI: /
WP Request: 
マッチしたルール: なし
変換クエリ: なし
クエリ変数: Array
(
)

============================

======== URLパース診断 ========
時刻: 2025-10-19 23:54:35
リクエストURI: /
WP Request: 
マッチしたルール: なし
変換クエリ: なし
クエリ変数: Array
(
)

============================

======== URLパース診断 ========
時刻: 2025-10-19 23:54:35
リクエストURI: /
WP Request: 
マッチしたルール: なし
変換クエリ: なし
クエリ変数: Array
(
)

============================

======== URLパース診断 ========
時刻: 2025-10-19 23:54:41
リクエストURI: /
WP Request: 
マッチしたルール: なし
変換クエリ: なし
クエリ変数: Array
(
)

============================

======== URLパース診断 ========
時刻: 2025-10-19 23:54:41
リクエストURI: /.well-known/appspecific/com.chrome.devtools.json
WP Request: .well-known/appspecific/com.chrome.devtools.json
マッチしたルール: なし
変換クエリ: なし
クエリ変数: Array
(
    [error] => 404
)

============================

======== URLパース診断 ========
時刻: 2025-10-19 23:54:41
リクエストURI: /assets/images/top/fv.webp
WP Request: assets/images/top/fv.webp
マッチしたルール: なし
変換クエリ: なし
クエリ変数: Array
(
    [error] => 404
)

============================

======== URLパース診断 ========
時刻: 2025-10-19 23:54:42
リクエストURI: /wp-content/themes/landi_renewal/src/css/layout.css.map
WP Request: wp-content/themes/landi_renewal/src/css/layout.css.map
マッチしたルール: なし
変換クエリ: なし
クエリ変数: Array
(
    [error] => 404
)

============================

======== URLパース診断 ========
時刻: 2025-10-19 23:54:42
リクエストURI: /wp-content/themes/landi_renewal/src/css/style.css.map
WP Request: wp-content/themes/landi_renewal/src/css/style.css.map
マッチしたルール: なし
変換クエリ: なし
クエリ変数: Array
(
    [error] => 404
)

============================

======== URLパース診断 ========
時刻: 2025-10-19 23:54:42
リクエストURI: /wp-content/themes/landi_renewal/src/css/style-corp.css.map
WP Request: wp-content/themes/landi_renewal/src/css/style-corp.css.map
マッチしたルール: なし
変換クエリ: なし
クエリ変数: Array
(
    [error] => 404
)

============================

======== URLパース診断 ========
時刻: 2025-10-19 23:54:42
リクエストURI: /
WP Request: 
マッチしたルール: なし
変換クエリ: なし
クエリ変数: Array
(
)

============================

======== URLパース診断 ========
時刻: 2025-10-19 23:54:42
リクエストURI: /
WP Request: 
マッチしたルール: なし
変換クエリ: なし
クエリ変数: Array
(
)

============================

======== URLパース診断 ========
時刻: 2025-10-19 23:54:42
リクエストURI: /
WP Request: 
マッチしたルール: なし
変換クエリ: なし
クエリ変数: Array
(
)

============================

======== URLパース診断 ========
時刻: 2025-10-19 23:54:42
リクエストURI: /
WP Request: 
マッチしたルール: なし
変換クエリ: なし
クエリ変数: Array
(
)

============================

======== URLパース診断 ========
時刻: 2025-10-19 23:54:42
リクエストURI: /
WP Request: 
マッチしたルール: なし
変換クエリ: なし
クエリ変数: Array
(
)

============================

======== URLパース診断 ========
時刻: 2025-10-19 23:55:43
リクエストURI: /wp-content/themes/landi_renewal/src/css/layout.css.map
WP Request: wp-content/themes/landi_renewal/src/css/layout.css.map
マッチしたルール: なし
変換クエリ: なし
クエリ変数: Array
(
    [error] => 404
)

============================

======== URLパース診断 ========
時刻: 2025-10-19 23:55:43
リクエストURI: /wp-content/themes/landi_renewal/src/css/style.css.map
WP Request: wp-content/themes/landi_renewal/src/css/style.css.map
マッチしたルール: なし
変換クエリ: なし
クエリ変数: Array
(
    [error] => 404
)

============================

======== URLパース診断 ========
時刻: 2025-10-19 23:55:43
リクエストURI: /wp-content/themes/landi_renewal/src/css/style-corp.css.map
WP Request: wp-content/themes/landi_renewal/src/css/style-corp.css.map
マッチしたルール: なし
変換クエリ: なし
クエリ変数: Array
(
    [error] => 404
)

============================

======== URLパース診断 ========
時刻: 2025-10-19 23:55:43
リクエストURI: /
WP Request: 
マッチしたルール: なし
変換クエリ: なし
クエリ変数: Array
(
)

============================

======== URLパース診断 ========
時刻: 2025-10-19 23:55:43
リクエストURI: /
WP Request: 
マッチしたルール: なし
変換クエリ: なし
クエリ変数: Array
(
)

============================

======== URLパース診断 ========
時刻: 2025-10-19 23:55:44
リクエストURI: /
WP Request: 
マッチしたルール: なし
変換クエリ: なし
クエリ変数: Array
(
)

============================

======== URLパース診断 ========
時刻: 2025-10-19 23:56:01
リクエストURI: /wp-content/themes/landi_renewal/src/css/layout.css.map
WP Request: wp-content/themes/landi_renewal/src/css/layout.css.map
マッチしたルール: なし
変換クエリ: なし
クエリ変数: Array
(
    [error] => 404
)

============================

======== URLパース診断 ========
時刻: 2025-10-19 23:56:01
リクエストURI: /wp-content/themes/landi_renewal/src/css/style.css.map
WP Request: wp-content/themes/landi_renewal/src/css/style.css.map
マッチしたルール: なし
変換クエリ: なし
クエリ変数: Array
(
    [error] => 404
)

============================

======== URLパース診断 ========
時刻: 2025-10-19 23:56:01
リクエストURI: /wp-content/themes/landi_renewal/src/css/style-corp.css.map
WP Request: wp-content/themes/landi_renewal/src/css/style-corp.css.map
マッチしたルール: なし
変換クエリ: なし
クエリ変数: Array
(
    [error] => 404
)

============================

======== URLパース診断 ========
時刻: 2025-10-19 23:56:01
リクエストURI: /
WP Request: 
マッチしたルール: なし
変換クエリ: なし
クエリ変数: Array
(
)

============================

======== URLパース診断 ========
時刻: 2025-10-19 23:56:01
リクエストURI: /
WP Request: 
マッチしたルール: なし
変換クエリ: なし
クエリ変数: Array
(
)

============================

======== URLパース診断 ========
時刻: 2025-10-19 23:56:01
リクエストURI: /
WP Request: 
マッチしたルール: なし
変換クエリ: なし
クエリ変数: Array
(
)

============================

======== URLパース診断 ========
時刻: 2025-10-19 23:56:09
リクエストURI: /wp-content/themes/landi_renewal/src/css/layout.css.map
WP Request: wp-content/themes/landi_renewal/src/css/layout.css.map
マッチしたルール: なし
変換クエリ: なし
クエリ変数: Array
(
    [error] => 404
)

============================

======== URLパース診断 ========
時刻: 2025-10-19 23:56:09
リクエストURI: /wp-content/themes/landi_renewal/src/css/style-corp.css.map
WP Request: wp-content/themes/landi_renewal/src/css/style-corp.css.map
マッチしたルール: なし
変換クエリ: なし
クエリ変数: Array
(
    [error] => 404
)

============================

======== URLパース診断 ========
時刻: 2025-10-19 23:56:09
リクエストURI: /wp-content/themes/landi_renewal/src/css/style.css.map
WP Request: wp-content/themes/landi_renewal/src/css/style.css.map
マッチしたルール: なし
変換クエリ: なし
クエリ変数: Array
(
    [error] => 404
)

============================

======== URLパース診断 ========
時刻: 2025-10-19 23:56:10
リクエストURI: /
WP Request: 
マッチしたルール: なし
変換クエリ: なし
クエリ変数: Array
(
)

============================

======== URLパース診断 ========
時刻: 2025-10-19 23:56:10
リクエストURI: /
WP Request: 
マッチしたルール: なし
変換クエリ: なし
クエリ変数: Array
(
)

============================

======== URLパース診断 ========
時刻: 2025-10-19 23:56:10
リクエストURI: /
WP Request: 
マッチしたルール: なし
変換クエリ: なし
クエリ変数: Array
(
)

============================

======== URLパース診断 ========
時刻: 2025-10-19 23:56:18
リクエストURI: /wp-content/themes/landi_renewal/src/css/layout.css.map
WP Request: wp-content/themes/landi_renewal/src/css/layout.css.map
マッチしたルール: なし
変換クエリ: なし
クエリ変数: Array
(
    [error] => 404
)

============================

======== URLパース診断 ========
時刻: 2025-10-19 23:56:18
リクエストURI: /wp-content/themes/landi_renewal/src/css/style.css.map
WP Request: wp-content/themes/landi_renewal/src/css/style.css.map
マッチしたルール: なし
変換クエリ: なし
クエリ変数: Array
(
    [error] => 404
)

============================

======== URLパース診断 ========
時刻: 2025-10-19 23:56:18
リクエストURI: /wp-content/themes/landi_renewal/src/css/style-corp.css.map
WP Request: wp-content/themes/landi_renewal/src/css/style-corp.css.map
マッチしたルール: なし
変換クエリ: なし
クエリ変数: Array
(
    [error] => 404
)

============================

======== URLパース診断 ========
時刻: 2025-10-19 23:56:19
リクエストURI: /
WP Request: 
マッチしたルール: なし
変換クエリ: なし
クエリ変数: Array
(
)

============================

======== URLパース診断 ========
時刻: 2025-10-19 23:56:19
リクエストURI: /
WP Request: 
マッチしたルール: なし
変換クエリ: なし
クエリ変数: Array
(
)

============================

======== URLパース診断 ========
時刻: 2025-10-19 23:56:19
リクエストURI: /
WP Request: 
マッチしたルール: なし
変換クエリ: なし
クエリ変数: Array
(
)

============================

======== URLパース診断 ========
時刻: 2025-10-19 23:56:26
リクエストURI: /wp-content/themes/landi_renewal/src/css/layout.css.map
WP Request: wp-content/themes/landi_renewal/src/css/layout.css.map
マッチしたルール: なし
変換クエリ: なし
クエリ変数: Array
(
    [error] => 404
)

============================

======== URLパース診断 ========
時刻: 2025-10-19 23:56:26
リクエストURI: /wp-content/themes/landi_renewal/src/css/style.css.map
WP Request: wp-content/themes/landi_renewal/src/css/style.css.map
マッチしたルール: なし
変換クエリ: なし
クエリ変数: Array
(
    [error] => 404
)

============================

======== URLパース診断 ========
時刻: 2025-10-19 23:56:26
リクエストURI: /wp-content/themes/landi_renewal/src/css/style-corp.css.map
WP Request: wp-content/themes/landi_renewal/src/css/style-corp.css.map
マッチしたルール: なし
変換クエリ: なし
クエリ変数: Array
(
    [error] => 404
)

============================

======== URLパース診断 ========
時刻: 2025-10-19 23:56:26
リクエストURI: /
WP Request: 
マッチしたルール: なし
変換クエリ: なし
クエリ変数: Array
(
)

============================

======== URLパース診断 ========
時刻: 2025-10-19 23:56:26
リクエストURI: /
WP Request: 
マッチしたルール: なし
変換クエリ: なし
クエリ変数: Array
(
)

============================

======== URLパース診断 ========
時刻: 2025-10-19 23:56:26
リクエストURI: /
WP Request: 
マッチしたルール: なし
変換クエリ: なし
クエリ変数: Array
(
)

============================

======== URLパース診断 ========
時刻: 2025-10-19 23:56:33
リクエストURI: /wp-content/themes/landi_renewal/src/css/layout.css.map
WP Request: wp-content/themes/landi_renewal/src/css/layout.css.map
マッチしたルール: なし
変換クエリ: なし
クエリ変数: Array
(
    [error] => 404
)

============================

======== URLパース診断 ========
時刻: 2025-10-19 23:56:33
リクエストURI: /wp-content/themes/landi_renewal/src/css/style.css.map
WP Request: wp-content/themes/landi_renewal/src/css/style.css.map
マッチしたルール: なし
変換クエリ: なし
クエリ変数: Array
(
    [error] => 404
)

============================

======== URLパース診断 ========
時刻: 2025-10-19 23:56:33
リクエストURI: /wp-content/themes/landi_renewal/src/css/style-corp.css.map
WP Request: wp-content/themes/landi_renewal/src/css/style-corp.css.map
マッチしたルール: なし
変換クエリ: なし
クエリ変数: Array
(
    [error] => 404
)

============================

======== URLパース診断 ========
時刻: 2025-10-19 23:56:33
リクエストURI: /
WP Request: 
マッチしたルール: なし
変換クエリ: なし
クエリ変数: Array
(
)

============================

======== URLパース診断 ========
時刻: 2025-10-19 23:56:33
リクエストURI: /
WP Request: 
マッチしたルール: なし
変換クエリ: なし
クエリ変数: Array
(
)

============================

======== URLパース診断 ========
時刻: 2025-10-19 23:56:33
リクエストURI: /
WP Request: 
マッチしたルール: なし
変換クエリ: なし
クエリ変数: Array
(
)

============================

